[0.038s] Invoking command in '/media/sf_GhostRider/ros2_ws/build/my_robot_interfaces': CMAKE_PREFIX_PATH=${CMAKE_PREFIX_PATH}:/media/sf_GhostRider/ros2_ws/install/my_py_pkg:/opt/ros/jazzy DEBUGINFOD_URLS=https://debuginfod.ubuntu.com /usr/bin/cmake --build /media/sf_GhostRider/ros2_ws/build/my_robot_interfaces -- -j20 -l20
[0.096s] -- Found ament_cmake: 2.5.5 (/opt/ros/jazzy/share/ament_cmake/cmake)
[0.123s] -- Found Python3: /usr/bin/python3 (found version "3.12.3") found components: Interpreter 
[0.198s] -- Found rosidl_default_generators: 1.6.0 (/opt/ros/jazzy/share/rosidl_default_generators/cmake)
[0.220s] -- Using all available rosidl_typesupport_c: rosidl_typesupport_fastrtps_c;rosidl_typesupport_introspection_c
[0.263s] -- Using all available rosidl_typesupport_cpp: rosidl_typesupport_fastrtps_cpp;rosidl_typesupport_introspection_cpp
[0.322s] -- Found rosidl_adapter: 4.6.7 (/opt/ros/jazzy/share/rosidl_adapter/cmake)
[0.736s] -- Found ament_cmake_ros: 0.12.0 (/opt/ros/jazzy/share/ament_cmake_ros/cmake)
[1.049s] -- Using all available rosidl_typesupport_c: rosidl_typesupport_fastrtps_c;rosidl_typesupport_introspection_c
[1.377s] -- Using all available rosidl_typesupport_cpp: rosidl_typesupport_fastrtps_cpp;rosidl_typesupport_introspection_cpp
[1.380s] -- Found python_cmake_module: 0.11.1 (/opt/ros/jazzy/share/python_cmake_module/cmake)
[1.590s] -- Found Python3: /usr/bin/python3 (found version "3.12.3") found components: Interpreter Development NumPy Development.Module Development.Embed 
[1.754s] -- Configuring done (1.7s)
[2.382s] -- Generating done (0.6s)
[2.594s] -- Build files have been written to: /media/sf_GhostRider/ros2_ws/build/my_robot_interfaces
[2.682s] [  1%] [34m[1mGenerating type hashes for ROS interfaces[0m
[2.784s] [  1%] Built target ament_cmake_python_copy_my_robot_interfaces
[2.961s] [  1%] Built target my_robot_interfaces__rosidl_generator_type_description
[3.025s] [  3%] [34m[1mGenerating C code for ROS interfaces[0m
[3.081s] [  4%] [34m[1mGenerating C++ code for ROS interfaces[0m
[3.107s] running egg_info
[3.119s] writing my_robot_interfaces.egg-info/PKG-INFO
[3.121s] writing dependency_links to my_robot_interfaces.egg-info/dependency_links.txt
[3.123s] writing top-level names to my_robot_interfaces.egg-info/top_level.txt
[3.181s] reading manifest file 'my_robot_interfaces.egg-info/SOURCES.txt'
[3.184s] writing manifest file 'my_robot_interfaces.egg-info/SOURCES.txt'
[3.221s] [  4%] Built target ament_cmake_python_build_my_robot_interfaces_egg
[7.178s] [  4%] Built target my_robot_interfaces__cpp
[7.812s] [  6%] [32mBuilding C object CMakeFiles/my_robot_interfaces__rosidl_generator_c.dir/rosidl_generator_c/my_robot_interfaces/msg/detail/hardware_status__description.c.o[0m
[7.966s] [  7%] [32mBuilding C object CMakeFiles/my_robot_interfaces__rosidl_generator_c.dir/rosidl_generator_c/my_robot_interfaces/msg/detail/hardware_status__functions.c.o[0m
[8.105s] [  9%] [32mBuilding C object CMakeFiles/my_robot_interfaces__rosidl_generator_c.dir/rosidl_generator_c/my_robot_interfaces/msg/detail/led_state_array__functions.c.o[0m
[8.148s] [ 12%] [32mBuilding C object CMakeFiles/my_robot_interfaces__rosidl_generator_c.dir/rosidl_generator_c/my_robot_interfaces/srv/detail/compute_rectangle_area__description.c.o[0m
[8.194s] [ 12%] [32mBuilding C object CMakeFiles/my_robot_interfaces__rosidl_generator_c.dir/rosidl_generator_c/my_robot_interfaces/msg/detail/led_state_array__description.c.o[0m
[8.295s] [ 15%] [32mBuilding C object CMakeFiles/my_robot_interfaces__rosidl_generator_c.dir/rosidl_generator_c/my_robot_interfaces/msg/detail/hardware_status__type_support.c.o[0m
[8.326s] [ 15%] [32mBuilding C object CMakeFiles/my_robot_interfaces__rosidl_generator_c.dir/rosidl_generator_c/my_robot_interfaces/srv/detail/compute_rectangle_area__type_support.c.o[0m
[8.442s] [ 17%] [32mBuilding C object CMakeFiles/my_robot_interfaces__rosidl_generator_c.dir/rosidl_generator_c/my_robot_interfaces/srv/detail/set_led__description.c.o[0m
[8.716s] [ 21%] [32mBuilding C object CMakeFiles/my_robot_interfaces__rosidl_generator_c.dir/rosidl_generator_c/my_robot_interfaces/srv/detail/compute_rectangle_area__functions.c.o[0m
[8.779s] [ 23%] [32mBuilding C object CMakeFiles/my_robot_interfaces__rosidl_generator_c.dir/rosidl_generator_c/my_robot_interfaces/msg/detail/led_state_array__type_support.c.o[0m
[8.880s] [ 23%] [32mBuilding C object CMakeFiles/my_robot_interfaces__rosidl_generator_c.dir/rosidl_generator_c/my_robot_interfaces/srv/detail/set_led__type_support.c.o[0m
[8.884s] [ 23%] [32mBuilding C object CMakeFiles/my_robot_interfaces__rosidl_generator_c.dir/rosidl_generator_c/my_robot_interfaces/srv/detail/set_led__functions.c.o[0m
[10.459s] [ 25%] [32m[1mLinking C shared library libmy_robot_interfaces__rosidl_generator_c.so[0m
[10.660s] [ 25%] Built target my_robot_interfaces__rosidl_generator_c
[10.842s] [ 26%] [34m[1mGenerating C type support dispatch for ROS interfaces[0m
[10.902s] [ 32%] [34m[1mGenerating C introspection for ROS interfaces[0m
[10.929s] [ 32%] [34m[1mGenerating C++ type support dispatch for ROS interfaces[0m
[10.959s] [ 34%] [34m[1mGenerating C++ introspection for ROS interfaces[0m
[11.007s] [ 34%] [34m[1mGenerating C++ type support for eProsima Fast-RTPS[0m
[11.030s] [ 34%] [34m[1mGenerating C type support for eProsima Fast-RTPS[0m
[14.401s] [ 35%] [32mBuilding CXX object CMakeFiles/my_robot_interfaces__rosidl_typesupport_c.dir/rosidl_typesupport_c/my_robot_interfaces/msg/hardware_status__type_support.cpp.o[0m
[14.437s] [ 40%] [32mBuilding C object CMakeFiles/my_robot_interfaces__rosidl_typesupport_introspection_c.dir/rosidl_typesupport_introspection_c/my_robot_interfaces/msg/detail/hardware_status__type_support.c.o[0m
[14.451s] [ 40%] [32mBuilding CXX object CMakeFiles/my_robot_interfaces__rosidl_typesupport_c.dir/rosidl_typesupport_c/my_robot_interfaces/msg/led_state_array__type_support.cpp.o[0m
[14.464s] [ 42%] [32mBuilding CXX object CMakeFiles/my_robot_interfaces__rosidl_typesupport_c.dir/rosidl_typesupport_c/my_robot_interfaces/srv/compute_rectangle_area__type_support.cpp.o[0m
[14.536s] [ 46%] [32mBuilding CXX object CMakeFiles/my_robot_interfaces__rosidl_typesupport_c.dir/rosidl_typesupport_c/my_robot_interfaces/srv/set_led__type_support.cpp.o[0m
[14.550s] [ 46%] [32mBuilding C object CMakeFiles/my_robot_interfaces__rosidl_typesupport_introspection_c.dir/rosidl_typesupport_introspection_c/my_robot_interfaces/srv/detail/set_led__type_support.c.o[0m
[14.569s] [ 46%] [32mBuilding C object CMakeFiles/my_robot_interfaces__rosidl_typesupport_introspection_c.dir/rosidl_typesupport_introspection_c/my_robot_interfaces/srv/detail/compute_rectangle_area__type_support.c.o[0m
[14.593s] [ 46%] [32mBuilding C object CMakeFiles/my_robot_interfaces__rosidl_typesupport_introspection_c.dir/rosidl_typesupport_introspection_c/my_robot_interfaces/msg/detail/led_state_array__type_support.c.o[0m
[15.179s] [ 48%] [32m[1mLinking CXX shared library libmy_robot_interfaces__rosidl_typesupport_c.so[0m
[15.399s] [ 50%] [32m[1mLinking C shared library libmy_robot_interfaces__rosidl_typesupport_introspection_c.so[0m
[15.683s] [ 51%] [32mBuilding CXX object CMakeFiles/my_robot_interfaces__rosidl_typesupport_cpp.dir/rosidl_typesupport_cpp/my_robot_interfaces/msg/hardware_status__type_support.cpp.o[0m
[15.713s] [ 56%] [32mBuilding CXX object CMakeFiles/my_robot_interfaces__rosidl_typesupport_cpp.dir/rosidl_typesupport_cpp/my_robot_interfaces/srv/compute_rectangle_area__type_support.cpp.o[0m
[15.719s] [ 56%] [32mBuilding CXX object CMakeFiles/my_robot_interfaces__rosidl_typesupport_cpp.dir/rosidl_typesupport_cpp/my_robot_interfaces/msg/led_state_array__type_support.cpp.o[0m
[15.742s] [ 56%] [32mBuilding CXX object CMakeFiles/my_robot_interfaces__rosidl_typesupport_cpp.dir/rosidl_typesupport_cpp/my_robot_interfaces/srv/set_led__type_support.cpp.o[0m
[16.058s] [ 57%] [32mBuilding CXX object CMakeFiles/my_robot_interfaces__rosidl_typesupport_introspection_cpp.dir/rosidl_typesupport_introspection_cpp/my_robot_interfaces/msg/detail/hardware_status__type_support.cpp.o[0m
[16.122s] [ 60%] [32mBuilding CXX object CMakeFiles/my_robot_interfaces__rosidl_typesupport_introspection_cpp.dir/rosidl_typesupport_introspection_cpp/my_robot_interfaces/srv/detail/compute_rectangle_area__type_support.cpp.o[0m
[16.129s] [ 60%] [32mBuilding CXX object CMakeFiles/my_robot_interfaces__rosidl_typesupport_introspection_cpp.dir/rosidl_typesupport_introspection_cpp/my_robot_interfaces/msg/detail/led_state_array__type_support.cpp.o[0m
[16.137s] [ 62%] [32mBuilding CXX object CMakeFiles/my_robot_interfaces__rosidl_typesupport_introspection_cpp.dir/rosidl_typesupport_introspection_cpp/my_robot_interfaces/srv/detail/set_led__type_support.cpp.o[0m
[16.249s] [ 62%] Built target my_robot_interfaces__rosidl_typesupport_c
[16.825s] [ 62%] Built target my_robot_interfaces__rosidl_typesupport_introspection_c
[17.368s] [ 65%] [32mBuilding CXX object CMakeFiles/my_robot_interfaces__rosidl_typesupport_fastrtps_c.dir/rosidl_typesupport_fastrtps_c/my_robot_interfaces/msg/detail/hardware_status__type_support_c.cpp.o[0m
[17.458s] [ 67%] [32mBuilding CXX object CMakeFiles/my_robot_interfaces__rosidl_typesupport_fastrtps_c.dir/rosidl_typesupport_fastrtps_c/my_robot_interfaces/srv/detail/compute_rectangle_area__type_support_c.cpp.o[0m
[17.470s] [ 68%] [32mBuilding CXX object CMakeFiles/my_robot_interfaces__rosidl_typesupport_fastrtps_c.dir/rosidl_typesupport_fastrtps_c/my_robot_interfaces/msg/detail/led_state_array__type_support_c.cpp.o[0m
[17.500s] [ 68%] [32mBuilding CXX object CMakeFiles/my_robot_interfaces__rosidl_typesupport_fastrtps_c.dir/rosidl_typesupport_fastrtps_c/my_robot_interfaces/srv/detail/set_led__type_support_c.cpp.o[0m
[18.258s] [ 70%] [32mBuilding CXX object CMakeFiles/my_robot_interfaces__rosidl_typesupport_fastrtps_cpp.dir/rosidl_typesupport_fastrtps_cpp/my_robot_interfaces/msg/detail/dds_fastrtps/hardware_status__type_support.cpp.o[0m
[18.301s] [ 71%] [32mBuilding CXX object CMakeFiles/my_robot_interfaces__rosidl_typesupport_fastrtps_cpp.dir/rosidl_typesupport_fastrtps_cpp/my_robot_interfaces/srv/detail/dds_fastrtps/compute_rectangle_area__type_support.cpp.o[0m
[18.438s] [ 73%] [32mBuilding CXX object CMakeFiles/my_robot_interfaces__rosidl_typesupport_fastrtps_cpp.dir/rosidl_typesupport_fastrtps_cpp/my_robot_interfaces/msg/detail/dds_fastrtps/led_state_array__type_support.cpp.o[0m
[18.595s] [ 75%] [32mBuilding CXX object CMakeFiles/my_robot_interfaces__rosidl_typesupport_fastrtps_cpp.dir/rosidl_typesupport_fastrtps_cpp/my_robot_interfaces/srv/detail/dds_fastrtps/set_led__type_support.cpp.o[0m
[20.432s] [ 76%] [32m[1mLinking CXX shared library libmy_robot_interfaces__rosidl_typesupport_cpp.so[0m
[22.429s] [ 78%] [32m[1mLinking CXX shared library libmy_robot_interfaces__rosidl_typesupport_introspection_cpp.so[0m
[23.086s] [ 79%] [32m[1mLinking CXX shared library libmy_robot_interfaces__rosidl_typesupport_fastrtps_c.so[0m
[23.208s] [ 79%] Built target my_robot_interfaces__rosidl_typesupport_cpp
[23.698s] [ 79%] Built target my_robot_interfaces__rosidl_typesupport_fastrtps_c
[23.731s] [ 79%] Built target my_robot_interfaces__rosidl_typesupport_introspection_cpp
[24.056s] [ 81%] [32m[1mLinking CXX shared library libmy_robot_interfaces__rosidl_typesupport_fastrtps_cpp.so[0m
[24.273s] [ 81%] Built target my_robot_interfaces__rosidl_typesupport_fastrtps_cpp
[24.333s] [ 81%] Built target my_robot_interfaces
[24.386s] [ 82%] [34m[1mGenerating Python code for ROS interfaces[0m
[25.582s] [ 82%] Built target my_robot_interfaces__py
[25.814s] [ 84%] [32mBuilding C object CMakeFiles/my_robot_interfaces__rosidl_generator_py.dir/rosidl_generator_py/my_robot_interfaces/msg/_hardware_status_s.c.o[0m
[25.839s] [ 89%] [32mBuilding C object CMakeFiles/my_robot_interfaces__rosidl_generator_py.dir/rosidl_generator_py/my_robot_interfaces/msg/_led_state_array_s.c.o[0m
[25.841s] [ 89%] [32mBuilding C object CMakeFiles/my_robot_interfaces__rosidl_generator_py.dir/rosidl_generator_py/my_robot_interfaces/srv/_compute_rectangle_area_s.c.o[0m
[25.842s] [ 89%] [32mBuilding C object CMakeFiles/my_robot_interfaces__rosidl_generator_py.dir/rosidl_generator_py/my_robot_interfaces/srv/_set_led_s.c.o[0m
[26.114s] [ 90%] [32m[1mLinking C shared library libmy_robot_interfaces__rosidl_generator_py.so[0m
[26.237s] [ 90%] Built target my_robot_interfaces__rosidl_generator_py
[26.493s] [ 93%] [32mBuilding C object CMakeFiles/my_robot_interfaces_s__rosidl_typesupport_fastrtps_c.dir/rosidl_generator_py/my_robot_interfaces/_my_robot_interfaces_s.ep.rosidl_typesupport_fastrtps_c.c.o[0m
[26.494s] [ 93%] [32mBuilding C object CMakeFiles/my_robot_interfaces_s__rosidl_typesupport_c.dir/rosidl_generator_py/my_robot_interfaces/_my_robot_interfaces_s.ep.rosidl_typesupport_c.c.o[0m
[26.496s] [ 95%] [32mBuilding C object CMakeFiles/my_robot_interfaces_s__rosidl_typesupport_introspection_c.dir/rosidl_generator_py/my_robot_interfaces/_my_robot_interfaces_s.ep.rosidl_typesupport_introspection_c.c.o[0m
[26.724s] [ 96%] [32m[1mLinking C shared module rosidl_generator_py/my_robot_interfaces/my_robot_interfaces_s__rosidl_typesupport_c.so[0m
[26.801s] [ 98%] [32m[1mLinking C shared module rosidl_generator_py/my_robot_interfaces/my_robot_interfaces_s__rosidl_typesupport_introspection_c.so[0m
[26.810s] [100%] [32m[1mLinking C shared module rosidl_generator_py/my_robot_interfaces/my_robot_interfaces_s__rosidl_typesupport_fastrtps_c.so[0m
[27.054s] [100%] Built target my_robot_interfaces_s__rosidl_typesupport_introspection_c
[27.104s] [100%] Built target my_robot_interfaces_s__rosidl_typesupport_fastrtps_c
[27.107s] [100%] Built target my_robot_interfaces_s__rosidl_typesupport_c
[27.152s] Invoked command in '/media/sf_GhostRider/ros2_ws/build/my_robot_interfaces' returned '0': CMAKE_PREFIX_PATH=${CMAKE_PREFIX_PATH}:/media/sf_GhostRider/ros2_ws/install/my_py_pkg:/opt/ros/jazzy DEBUGINFOD_URLS=https://debuginfod.ubuntu.com /usr/bin/cmake --build /media/sf_GhostRider/ros2_ws/build/my_robot_interfaces -- -j20 -l20
[27.188s] Invoking command in '/media/sf_GhostRider/ros2_ws/build/my_robot_interfaces': CMAKE_PREFIX_PATH=${CMAKE_PREFIX_PATH}:/media/sf_GhostRider/ros2_ws/install/my_py_pkg:/opt/ros/jazzy DEBUGINFOD_URLS=https://debuginfod.ubuntu.com /usr/bin/cmake --install /media/sf_GhostRider/ros2_ws/build/my_robot_interfaces
[27.205s] -- Install configuration: ""
[27.206s] -- Installing: /media/sf_GhostRider/ros2_ws/install/my_robot_interfaces/share/ament_index/resource_index/rosidl_interfaces/my_robot_interfaces
[27.213s] -- Installing: /media/sf_GhostRider/ros2_ws/install/my_robot_interfaces/share/my_robot_interfaces/msg/HardwareStatus.json
[27.221s] -- Installing: /media/sf_GhostRider/ros2_ws/install/my_robot_interfaces/share/my_robot_interfaces/srv/ComputeRectangleArea.json
[27.226s] -- Installing: /media/sf_GhostRider/ros2_ws/install/my_robot_interfaces/share/my_robot_interfaces/msg/LedStateArray.json
[27.231s] -- Installing: /media/sf_GhostRider/ros2_ws/install/my_robot_interfaces/share/my_robot_interfaces/srv/SetLed.json
[27.237s] -- Up-to-date: /media/sf_GhostRider/ros2_ws/install/my_robot_interfaces/include/my_robot_interfaces/my_robot_interfaces
[27.238s] -- Up-to-date: /media/sf_GhostRider/ros2_ws/install/my_robot_interfaces/include/my_robot_interfaces/my_robot_interfaces/msg
[27.239s] -- Up-to-date: /media/sf_GhostRider/ros2_ws/install/my_robot_interfaces/include/my_robot_interfaces/my_robot_interfaces/msg/detail
[27.241s] -- Installing: /media/sf_GhostRider/ros2_ws/install/my_robot_interfaces/include/my_robot_interfaces/my_robot_interfaces/msg/detail/hardware_status__description.c
[27.246s] -- Installing: /media/sf_GhostRider/ros2_ws/install/my_robot_interfaces/include/my_robot_interfaces/my_robot_interfaces/msg/detail/hardware_status__functions.c
[27.252s] -- Installing: /media/sf_GhostRider/ros2_ws/install/my_robot_interfaces/include/my_robot_interfaces/my_robot_interfaces/msg/detail/hardware_status__functions.h
[27.258s] -- Installing: /media/sf_GhostRider/ros2_ws/install/my_robot_interfaces/include/my_robot_interfaces/my_robot_interfaces/msg/detail/hardware_status__struct.h
[27.269s] -- Installing: /media/sf_GhostRider/ros2_ws/install/my_robot_interfaces/include/my_robot_interfaces/my_robot_interfaces/msg/detail/hardware_status__type_support.c
[27.275s] -- Installing: /media/sf_GhostRider/ros2_ws/install/my_robot_interfaces/include/my_robot_interfaces/my_robot_interfaces/msg/detail/hardware_status__type_support.h
[27.279s] -- Installing: /media/sf_GhostRider/ros2_ws/install/my_robot_interfaces/include/my_robot_interfaces/my_robot_interfaces/msg/detail/led_state_array__description.c
[27.285s] -- Installing: /media/sf_GhostRider/ros2_ws/install/my_robot_interfaces/include/my_robot_interfaces/my_robot_interfaces/msg/detail/led_state_array__functions.c
[27.289s] -- Installing: /media/sf_GhostRider/ros2_ws/install/my_robot_interfaces/include/my_robot_interfaces/my_robot_interfaces/msg/detail/led_state_array__functions.h
[27.295s] -- Installing: /media/sf_GhostRider/ros2_ws/install/my_robot_interfaces/include/my_robot_interfaces/my_robot_interfaces/msg/detail/led_state_array__struct.h
[27.300s] -- Installing: /media/sf_GhostRider/ros2_ws/install/my_robot_interfaces/include/my_robot_interfaces/my_robot_interfaces/msg/detail/led_state_array__type_support.c
[27.305s] -- Installing: /media/sf_GhostRider/ros2_ws/install/my_robot_interfaces/include/my_robot_interfaces/my_robot_interfaces/msg/detail/led_state_array__type_support.h
[27.310s] -- Installing: /media/sf_GhostRider/ros2_ws/install/my_robot_interfaces/include/my_robot_interfaces/my_robot_interfaces/msg/hardware_status.h
[27.315s] -- Installing: /media/sf_GhostRider/ros2_ws/install/my_robot_interfaces/include/my_robot_interfaces/my_robot_interfaces/msg/led_state_array.h
[27.320s] -- Up-to-date: /media/sf_GhostRider/ros2_ws/install/my_robot_interfaces/include/my_robot_interfaces/my_robot_interfaces/msg/rosidl_generator_c__visibility_control.h
[27.320s] -- Up-to-date: /media/sf_GhostRider/ros2_ws/install/my_robot_interfaces/include/my_robot_interfaces/my_robot_interfaces/srv
[27.322s] -- Installing: /media/sf_GhostRider/ros2_ws/install/my_robot_interfaces/include/my_robot_interfaces/my_robot_interfaces/srv/compute_rectangle_area.h
[27.327s] -- Up-to-date: /media/sf_GhostRider/ros2_ws/install/my_robot_interfaces/include/my_robot_interfaces/my_robot_interfaces/srv/detail
[27.329s] -- Installing: /media/sf_GhostRider/ros2_ws/install/my_robot_interfaces/include/my_robot_interfaces/my_robot_interfaces/srv/detail/compute_rectangle_area__description.c
[27.335s] -- Installing: /media/sf_GhostRider/ros2_ws/install/my_robot_interfaces/include/my_robot_interfaces/my_robot_interfaces/srv/detail/compute_rectangle_area__functions.c
[27.341s] -- Installing: /media/sf_GhostRider/ros2_ws/install/my_robot_interfaces/include/my_robot_interfaces/my_robot_interfaces/srv/detail/compute_rectangle_area__functions.h
[27.347s] -- Installing: /media/sf_GhostRider/ros2_ws/install/my_robot_interfaces/include/my_robot_interfaces/my_robot_interfaces/srv/detail/compute_rectangle_area__struct.h
[27.353s] -- Installing: /media/sf_GhostRider/ros2_ws/install/my_robot_interfaces/include/my_robot_interfaces/my_robot_interfaces/srv/detail/compute_rectangle_area__type_support.c
[27.357s] -- Installing: /media/sf_GhostRider/ros2_ws/install/my_robot_interfaces/include/my_robot_interfaces/my_robot_interfaces/srv/detail/compute_rectangle_area__type_support.h
[27.366s] -- Installing: /media/sf_GhostRider/ros2_ws/install/my_robot_interfaces/include/my_robot_interfaces/my_robot_interfaces/srv/detail/set_led__description.c
[27.372s] -- Installing: /media/sf_GhostRider/ros2_ws/install/my_robot_interfaces/include/my_robot_interfaces/my_robot_interfaces/srv/detail/set_led__functions.c
[27.380s] -- Installing: /media/sf_GhostRider/ros2_ws/install/my_robot_interfaces/include/my_robot_interfaces/my_robot_interfaces/srv/detail/set_led__functions.h
[27.386s] -- Installing: /media/sf_GhostRider/ros2_ws/install/my_robot_interfaces/include/my_robot_interfaces/my_robot_interfaces/srv/detail/set_led__struct.h
[27.390s] -- Installing: /media/sf_GhostRider/ros2_ws/install/my_robot_interfaces/include/my_robot_interfaces/my_robot_interfaces/srv/detail/set_led__type_support.c
[27.396s] -- Installing: /media/sf_GhostRider/ros2_ws/install/my_robot_interfaces/include/my_robot_interfaces/my_robot_interfaces/srv/detail/set_led__type_support.h
[27.401s] -- Installing: /media/sf_GhostRider/ros2_ws/install/my_robot_interfaces/include/my_robot_interfaces/my_robot_interfaces/srv/set_led.h
[27.406s] -- Up-to-date: /media/sf_GhostRider/ros2_ws/install/my_robot_interfaces/share/my_robot_interfaces/environment/library_path.sh
[27.407s] -- Up-to-date: /media/sf_GhostRider/ros2_ws/install/my_robot_interfaces/share/my_robot_interfaces/environment/library_path.dsv
[27.416s] -- Installing: /media/sf_GhostRider/ros2_ws/install/my_robot_interfaces/lib/libmy_robot_interfaces__rosidl_generator_c.so
[27.438s] -- Set non-toolchain portion of runtime path of "/media/sf_GhostRider/ros2_ws/install/my_robot_interfaces/lib/libmy_robot_interfaces__rosidl_generator_c.so" to ""
[27.440s] -- Up-to-date: /media/sf_GhostRider/ros2_ws/install/my_robot_interfaces/include/my_robot_interfaces/my_robot_interfaces
[27.441s] -- Up-to-date: /media/sf_GhostRider/ros2_ws/install/my_robot_interfaces/include/my_robot_interfaces/my_robot_interfaces/msg
[27.443s] -- Up-to-date: /media/sf_GhostRider/ros2_ws/install/my_robot_interfaces/include/my_robot_interfaces/my_robot_interfaces/msg/detail
[27.445s] -- Installing: /media/sf_GhostRider/ros2_ws/install/my_robot_interfaces/include/my_robot_interfaces/my_robot_interfaces/msg/detail/hardware_status__rosidl_typesupport_fastrtps_c.h
[27.449s] -- Installing: /media/sf_GhostRider/ros2_ws/install/my_robot_interfaces/include/my_robot_interfaces/my_robot_interfaces/msg/detail/led_state_array__rosidl_typesupport_fastrtps_c.h
[27.454s] -- Up-to-date: /media/sf_GhostRider/ros2_ws/install/my_robot_interfaces/include/my_robot_interfaces/my_robot_interfaces/msg/rosidl_typesupport_fastrtps_c__visibility_control.h
[27.456s] -- Up-to-date: /media/sf_GhostRider/ros2_ws/install/my_robot_interfaces/include/my_robot_interfaces/my_robot_interfaces/srv
[27.456s] -- Up-to-date: /media/sf_GhostRider/ros2_ws/install/my_robot_interfaces/include/my_robot_interfaces/my_robot_interfaces/srv/detail
[27.458s] -- Installing: /media/sf_GhostRider/ros2_ws/install/my_robot_interfaces/include/my_robot_interfaces/my_robot_interfaces/srv/detail/compute_rectangle_area__rosidl_typesupport_fastrtps_c.h
[27.466s] -- Installing: /media/sf_GhostRider/ros2_ws/install/my_robot_interfaces/include/my_robot_interfaces/my_robot_interfaces/srv/detail/set_led__rosidl_typesupport_fastrtps_c.h
[27.481s] -- Installing: /media/sf_GhostRider/ros2_ws/install/my_robot_interfaces/lib/libmy_robot_interfaces__rosidl_typesupport_fastrtps_c.so
[27.509s] -- Set non-toolchain portion of runtime path of "/media/sf_GhostRider/ros2_ws/install/my_robot_interfaces/lib/libmy_robot_interfaces__rosidl_typesupport_fastrtps_c.so" to ""
[27.510s] -- Up-to-date: /media/sf_GhostRider/ros2_ws/install/my_robot_interfaces/include/my_robot_interfaces/my_robot_interfaces
[27.510s] -- Up-to-date: /media/sf_GhostRider/ros2_ws/install/my_robot_interfaces/include/my_robot_interfaces/my_robot_interfaces/msg
[27.512s] -- Up-to-date: /media/sf_GhostRider/ros2_ws/install/my_robot_interfaces/include/my_robot_interfaces/my_robot_interfaces/msg/detail
[27.515s] -- Installing: /media/sf_GhostRider/ros2_ws/install/my_robot_interfaces/include/my_robot_interfaces/my_robot_interfaces/msg/detail/hardware_status__rosidl_typesupport_introspection_c.h
[27.525s] -- Installing: /media/sf_GhostRider/ros2_ws/install/my_robot_interfaces/include/my_robot_interfaces/my_robot_interfaces/msg/detail/hardware_status__type_support.c
[27.530s] -- Installing: /media/sf_GhostRider/ros2_ws/install/my_robot_interfaces/include/my_robot_interfaces/my_robot_interfaces/msg/detail/led_state_array__rosidl_typesupport_introspection_c.h
[27.536s] -- Installing: /media/sf_GhostRider/ros2_ws/install/my_robot_interfaces/include/my_robot_interfaces/my_robot_interfaces/msg/detail/led_state_array__type_support.c
[27.541s] -- Up-to-date: /media/sf_GhostRider/ros2_ws/install/my_robot_interfaces/include/my_robot_interfaces/my_robot_interfaces/msg/rosidl_typesupport_introspection_c__visibility_control.h
[27.542s] -- Up-to-date: /media/sf_GhostRider/ros2_ws/install/my_robot_interfaces/include/my_robot_interfaces/my_robot_interfaces/srv
[27.543s] -- Up-to-date: /media/sf_GhostRider/ros2_ws/install/my_robot_interfaces/include/my_robot_interfaces/my_robot_interfaces/srv/detail
[27.545s] -- Installing: /media/sf_GhostRider/ros2_ws/install/my_robot_interfaces/include/my_robot_interfaces/my_robot_interfaces/srv/detail/compute_rectangle_area__rosidl_typesupport_introspection_c.h
[27.550s] -- Installing: /media/sf_GhostRider/ros2_ws/install/my_robot_interfaces/include/my_robot_interfaces/my_robot_interfaces/srv/detail/compute_rectangle_area__type_support.c
[27.556s] -- Installing: /media/sf_GhostRider/ros2_ws/install/my_robot_interfaces/include/my_robot_interfaces/my_robot_interfaces/srv/detail/set_led__rosidl_typesupport_introspection_c.h
[27.562s] -- Installing: /media/sf_GhostRider/ros2_ws/install/my_robot_interfaces/include/my_robot_interfaces/my_robot_interfaces/srv/detail/set_led__type_support.c
[27.586s] -- Installing: /media/sf_GhostRider/ros2_ws/install/my_robot_interfaces/lib/libmy_robot_interfaces__rosidl_typesupport_introspection_c.so
[27.612s] -- Set non-toolchain portion of runtime path of "/media/sf_GhostRider/ros2_ws/install/my_robot_interfaces/lib/libmy_robot_interfaces__rosidl_typesupport_introspection_c.so" to ""
[27.618s] -- Installing: /media/sf_GhostRider/ros2_ws/install/my_robot_interfaces/lib/libmy_robot_interfaces__rosidl_typesupport_c.so
[27.640s] -- Set non-toolchain portion of runtime path of "/media/sf_GhostRider/ros2_ws/install/my_robot_interfaces/lib/libmy_robot_interfaces__rosidl_typesupport_c.so" to ""
[27.641s] -- Up-to-date: /media/sf_GhostRider/ros2_ws/install/my_robot_interfaces/include/my_robot_interfaces/my_robot_interfaces
[27.642s] -- Up-to-date: /media/sf_GhostRider/ros2_ws/install/my_robot_interfaces/include/my_robot_interfaces/my_robot_interfaces/msg
[27.643s] -- Up-to-date: /media/sf_GhostRider/ros2_ws/install/my_robot_interfaces/include/my_robot_interfaces/my_robot_interfaces/msg/detail
[27.645s] -- Installing: /media/sf_GhostRider/ros2_ws/install/my_robot_interfaces/include/my_robot_interfaces/my_robot_interfaces/msg/detail/hardware_status__builder.hpp
[27.650s] -- Installing: /media/sf_GhostRider/ros2_ws/install/my_robot_interfaces/include/my_robot_interfaces/my_robot_interfaces/msg/detail/hardware_status__struct.hpp
[27.655s] -- Installing: /media/sf_GhostRider/ros2_ws/install/my_robot_interfaces/include/my_robot_interfaces/my_robot_interfaces/msg/detail/hardware_status__traits.hpp
[27.660s] -- Installing: /media/sf_GhostRider/ros2_ws/install/my_robot_interfaces/include/my_robot_interfaces/my_robot_interfaces/msg/detail/hardware_status__type_support.hpp
[27.672s] -- Installing: /media/sf_GhostRider/ros2_ws/install/my_robot_interfaces/include/my_robot_interfaces/my_robot_interfaces/msg/detail/led_state_array__builder.hpp
[27.680s] -- Installing: /media/sf_GhostRider/ros2_ws/install/my_robot_interfaces/include/my_robot_interfaces/my_robot_interfaces/msg/detail/led_state_array__struct.hpp
[27.684s] -- Installing: /media/sf_GhostRider/ros2_ws/install/my_robot_interfaces/include/my_robot_interfaces/my_robot_interfaces/msg/detail/led_state_array__traits.hpp
[27.691s] -- Installing: /media/sf_GhostRider/ros2_ws/install/my_robot_interfaces/include/my_robot_interfaces/my_robot_interfaces/msg/detail/led_state_array__type_support.hpp
[27.696s] -- Installing: /media/sf_GhostRider/ros2_ws/install/my_robot_interfaces/include/my_robot_interfaces/my_robot_interfaces/msg/hardware_status.hpp
[27.701s] -- Installing: /media/sf_GhostRider/ros2_ws/install/my_robot_interfaces/include/my_robot_interfaces/my_robot_interfaces/msg/led_state_array.hpp
[27.706s] -- Installing: /media/sf_GhostRider/ros2_ws/install/my_robot_interfaces/include/my_robot_interfaces/my_robot_interfaces/msg/rosidl_generator_cpp__visibility_control.hpp
[27.711s] -- Up-to-date: /media/sf_GhostRider/ros2_ws/install/my_robot_interfaces/include/my_robot_interfaces/my_robot_interfaces/srv
[27.712s] -- Installing: /media/sf_GhostRider/ros2_ws/install/my_robot_interfaces/include/my_robot_interfaces/my_robot_interfaces/srv/compute_rectangle_area.hpp
[27.717s] -- Up-to-date: /media/sf_GhostRider/ros2_ws/install/my_robot_interfaces/include/my_robot_interfaces/my_robot_interfaces/srv/detail
[27.719s] -- Installing: /media/sf_GhostRider/ros2_ws/install/my_robot_interfaces/include/my_robot_interfaces/my_robot_interfaces/srv/detail/compute_rectangle_area__builder.hpp
[27.724s] -- Installing: /media/sf_GhostRider/ros2_ws/install/my_robot_interfaces/include/my_robot_interfaces/my_robot_interfaces/srv/detail/compute_rectangle_area__struct.hpp
[27.729s] -- Installing: /media/sf_GhostRider/ros2_ws/install/my_robot_interfaces/include/my_robot_interfaces/my_robot_interfaces/srv/detail/compute_rectangle_area__traits.hpp
[27.735s] -- Installing: /media/sf_GhostRider/ros2_ws/install/my_robot_interfaces/include/my_robot_interfaces/my_robot_interfaces/srv/detail/compute_rectangle_area__type_support.hpp
[27.741s] -- Installing: /media/sf_GhostRider/ros2_ws/install/my_robot_interfaces/include/my_robot_interfaces/my_robot_interfaces/srv/detail/set_led__builder.hpp
[27.746s] -- Installing: /media/sf_GhostRider/ros2_ws/install/my_robot_interfaces/include/my_robot_interfaces/my_robot_interfaces/srv/detail/set_led__struct.hpp
[27.752s] -- Installing: /media/sf_GhostRider/ros2_ws/install/my_robot_interfaces/include/my_robot_interfaces/my_robot_interfaces/srv/detail/set_led__traits.hpp
[27.758s] -- Installing: /media/sf_GhostRider/ros2_ws/install/my_robot_interfaces/include/my_robot_interfaces/my_robot_interfaces/srv/detail/set_led__type_support.hpp
[27.763s] -- Installing: /media/sf_GhostRider/ros2_ws/install/my_robot_interfaces/include/my_robot_interfaces/my_robot_interfaces/srv/set_led.hpp
[27.768s] -- Up-to-date: /media/sf_GhostRider/ros2_ws/install/my_robot_interfaces/include/my_robot_interfaces/my_robot_interfaces
[27.782s] -- Up-to-date: /media/sf_GhostRider/ros2_ws/install/my_robot_interfaces/include/my_robot_interfaces/my_robot_interfaces/msg
[27.784s] -- Up-to-date: /media/sf_GhostRider/ros2_ws/install/my_robot_interfaces/include/my_robot_interfaces/my_robot_interfaces/msg/detail
[27.785s] -- Up-to-date: /media/sf_GhostRider/ros2_ws/install/my_robot_interfaces/include/my_robot_interfaces/my_robot_interfaces/msg/detail/dds_fastrtps
[27.787s] -- Installing: /media/sf_GhostRider/ros2_ws/install/my_robot_interfaces/include/my_robot_interfaces/my_robot_interfaces/msg/detail/hardware_status__rosidl_typesupport_fastrtps_cpp.hpp
[27.792s] -- Installing: /media/sf_GhostRider/ros2_ws/install/my_robot_interfaces/include/my_robot_interfaces/my_robot_interfaces/msg/detail/led_state_array__rosidl_typesupport_fastrtps_cpp.hpp
[27.798s] -- Up-to-date: /media/sf_GhostRider/ros2_ws/install/my_robot_interfaces/include/my_robot_interfaces/my_robot_interfaces/msg/rosidl_typesupport_fastrtps_cpp__visibility_control.h
[27.799s] -- Up-to-date: /media/sf_GhostRider/ros2_ws/install/my_robot_interfaces/include/my_robot_interfaces/my_robot_interfaces/srv
[27.800s] -- Up-to-date: /media/sf_GhostRider/ros2_ws/install/my_robot_interfaces/include/my_robot_interfaces/my_robot_interfaces/srv/detail
[27.802s] -- Installing: /media/sf_GhostRider/ros2_ws/install/my_robot_interfaces/include/my_robot_interfaces/my_robot_interfaces/srv/detail/compute_rectangle_area__rosidl_typesupport_fastrtps_cpp.hpp
[27.808s] -- Up-to-date: /media/sf_GhostRider/ros2_ws/install/my_robot_interfaces/include/my_robot_interfaces/my_robot_interfaces/srv/detail/dds_fastrtps
[27.809s] -- Installing: /media/sf_GhostRider/ros2_ws/install/my_robot_interfaces/include/my_robot_interfaces/my_robot_interfaces/srv/detail/set_led__rosidl_typesupport_fastrtps_cpp.hpp
[27.822s] -- Installing: /media/sf_GhostRider/ros2_ws/install/my_robot_interfaces/lib/libmy_robot_interfaces__rosidl_typesupport_fastrtps_cpp.so
[27.856s] -- Set non-toolchain portion of runtime path of "/media/sf_GhostRider/ros2_ws/install/my_robot_interfaces/lib/libmy_robot_interfaces__rosidl_typesupport_fastrtps_cpp.so" to ""
[27.857s] -- Up-to-date: /media/sf_GhostRider/ros2_ws/install/my_robot_interfaces/include/my_robot_interfaces/my_robot_interfaces
[27.859s] -- Up-to-date: /media/sf_GhostRider/ros2_ws/install/my_robot_interfaces/include/my_robot_interfaces/my_robot_interfaces/msg
[27.860s] -- Up-to-date: /media/sf_GhostRider/ros2_ws/install/my_robot_interfaces/include/my_robot_interfaces/my_robot_interfaces/msg/detail
[27.862s] -- Installing: /media/sf_GhostRider/ros2_ws/install/my_robot_interfaces/include/my_robot_interfaces/my_robot_interfaces/msg/detail/hardware_status__rosidl_typesupport_introspection_cpp.hpp
[27.867s] -- Installing: /media/sf_GhostRider/ros2_ws/install/my_robot_interfaces/include/my_robot_interfaces/my_robot_interfaces/msg/detail/hardware_status__type_support.cpp
[27.874s] -- Installing: /media/sf_GhostRider/ros2_ws/install/my_robot_interfaces/include/my_robot_interfaces/my_robot_interfaces/msg/detail/led_state_array__rosidl_typesupport_introspection_cpp.hpp
[27.879s] -- Installing: /media/sf_GhostRider/ros2_ws/install/my_robot_interfaces/include/my_robot_interfaces/my_robot_interfaces/msg/detail/led_state_array__type_support.cpp
[27.886s] -- Up-to-date: /media/sf_GhostRider/ros2_ws/install/my_robot_interfaces/include/my_robot_interfaces/my_robot_interfaces/srv
[27.887s] -- Up-to-date: /media/sf_GhostRider/ros2_ws/install/my_robot_interfaces/include/my_robot_interfaces/my_robot_interfaces/srv/detail
[27.888s] -- Installing: /media/sf_GhostRider/ros2_ws/install/my_robot_interfaces/include/my_robot_interfaces/my_robot_interfaces/srv/detail/compute_rectangle_area__rosidl_typesupport_introspection_cpp.hpp
[27.894s] -- Installing: /media/sf_GhostRider/ros2_ws/install/my_robot_interfaces/include/my_robot_interfaces/my_robot_interfaces/srv/detail/compute_rectangle_area__type_support.cpp
[27.900s] -- Installing: /media/sf_GhostRider/ros2_ws/install/my_robot_interfaces/include/my_robot_interfaces/my_robot_interfaces/srv/detail/set_led__rosidl_typesupport_introspection_cpp.hpp
[27.905s] -- Installing: /media/sf_GhostRider/ros2_ws/install/my_robot_interfaces/include/my_robot_interfaces/my_robot_interfaces/srv/detail/set_led__type_support.cpp
[27.919s] -- Installing: /media/sf_GhostRider/ros2_ws/install/my_robot_interfaces/lib/libmy_robot_interfaces__rosidl_typesupport_introspection_cpp.so
[27.950s] -- Set non-toolchain portion of runtime path of "/media/sf_GhostRider/ros2_ws/install/my_robot_interfaces/lib/libmy_robot_interfaces__rosidl_typesupport_introspection_cpp.so" to ""
[27.958s] -- Installing: /media/sf_GhostRider/ros2_ws/install/my_robot_interfaces/lib/libmy_robot_interfaces__rosidl_typesupport_cpp.so
[27.995s] -- Set non-toolchain portion of runtime path of "/media/sf_GhostRider/ros2_ws/install/my_robot_interfaces/lib/libmy_robot_interfaces__rosidl_typesupport_cpp.so" to ""
[27.996s] -- Up-to-date: /media/sf_GhostRider/ros2_ws/install/my_robot_interfaces/share/my_robot_interfaces/environment/pythonpath.sh
[27.997s] -- Up-to-date: /media/sf_GhostRider/ros2_ws/install/my_robot_interfaces/share/my_robot_interfaces/environment/pythonpath.dsv
[27.999s] -- Up-to-date: /media/sf_GhostRider/ros2_ws/install/my_robot_interfaces/lib/python3.12/site-packages/my_robot_interfaces-0.0.0-py3.12.egg-info
[28.000s] -- Installing: /media/sf_GhostRider/ros2_ws/install/my_robot_interfaces/lib/python3.12/site-packages/my_robot_interfaces-0.0.0-py3.12.egg-info/dependency_links.txt
[28.005s] -- Installing: /media/sf_GhostRider/ros2_ws/install/my_robot_interfaces/lib/python3.12/site-packages/my_robot_interfaces-0.0.0-py3.12.egg-info/PKG-INFO
[28.010s] -- Installing: /media/sf_GhostRider/ros2_ws/install/my_robot_interfaces/lib/python3.12/site-packages/my_robot_interfaces-0.0.0-py3.12.egg-info/SOURCES.txt
[28.016s] -- Installing: /media/sf_GhostRider/ros2_ws/install/my_robot_interfaces/lib/python3.12/site-packages/my_robot_interfaces-0.0.0-py3.12.egg-info/top_level.txt
[28.021s] -- Up-to-date: /media/sf_GhostRider/ros2_ws/install/my_robot_interfaces/lib/python3.12/site-packages/my_robot_interfaces
[28.022s] -- Up-to-date: /media/sf_GhostRider/ros2_ws/install/my_robot_interfaces/lib/python3.12/site-packages/my_robot_interfaces/msg
[28.023s] -- Installing: /media/sf_GhostRider/ros2_ws/install/my_robot_interfaces/lib/python3.12/site-packages/my_robot_interfaces/msg/_hardware_status.py
[28.029s] -- Installing: /media/sf_GhostRider/ros2_ws/install/my_robot_interfaces/lib/python3.12/site-packages/my_robot_interfaces/msg/_hardware_status_s.c
[28.034s] -- Installing: /media/sf_GhostRider/ros2_ws/install/my_robot_interfaces/lib/python3.12/site-packages/my_robot_interfaces/msg/_led_state_array.py
[28.039s] -- Installing: /media/sf_GhostRider/ros2_ws/install/my_robot_interfaces/lib/python3.12/site-packages/my_robot_interfaces/msg/_led_state_array_s.c
[28.045s] -- Installing: /media/sf_GhostRider/ros2_ws/install/my_robot_interfaces/lib/python3.12/site-packages/my_robot_interfaces/msg/__init__.py
[28.049s] -- Installing: /media/sf_GhostRider/ros2_ws/install/my_robot_interfaces/lib/python3.12/site-packages/my_robot_interfaces/my_robot_interfaces_s__rosidl_typesupport_c.so
[28.056s] -- Installing: /media/sf_GhostRider/ros2_ws/install/my_robot_interfaces/lib/python3.12/site-packages/my_robot_interfaces/my_robot_interfaces_s__rosidl_typesupport_fastrtps_c.so
[28.063s] -- Installing: /media/sf_GhostRider/ros2_ws/install/my_robot_interfaces/lib/python3.12/site-packages/my_robot_interfaces/my_robot_interfaces_s__rosidl_typesupport_introspection_c.so
[28.070s] -- Up-to-date: /media/sf_GhostRider/ros2_ws/install/my_robot_interfaces/lib/python3.12/site-packages/my_robot_interfaces/srv
[28.071s] -- Installing: /media/sf_GhostRider/ros2_ws/install/my_robot_interfaces/lib/python3.12/site-packages/my_robot_interfaces/srv/_compute_rectangle_area.py
[28.082s] -- Installing: /media/sf_GhostRider/ros2_ws/install/my_robot_interfaces/lib/python3.12/site-packages/my_robot_interfaces/srv/_compute_rectangle_area_s.c
[28.105s] -- Installing: /media/sf_GhostRider/ros2_ws/install/my_robot_interfaces/lib/python3.12/site-packages/my_robot_interfaces/srv/_set_led.py
[28.111s] -- Installing: /media/sf_GhostRider/ros2_ws/install/my_robot_interfaces/lib/python3.12/site-packages/my_robot_interfaces/srv/_set_led_s.c
[28.117s] -- Installing: /media/sf_GhostRider/ros2_ws/install/my_robot_interfaces/lib/python3.12/site-packages/my_robot_interfaces/srv/__init__.py
[28.123s] -- Installing: /media/sf_GhostRider/ros2_ws/install/my_robot_interfaces/lib/python3.12/site-packages/my_robot_interfaces/_my_robot_interfaces_s.ep.rosidl_typesupport_c.c
[28.134s] -- Installing: /media/sf_GhostRider/ros2_ws/install/my_robot_interfaces/lib/python3.12/site-packages/my_robot_interfaces/_my_robot_interfaces_s.ep.rosidl_typesupport_fastrtps_c.c
[28.141s] -- Installing: /media/sf_GhostRider/ros2_ws/install/my_robot_interfaces/lib/python3.12/site-packages/my_robot_interfaces/_my_robot_interfaces_s.ep.rosidl_typesupport_introspection_c.c
[28.150s] -- Installing: /media/sf_GhostRider/ros2_ws/install/my_robot_interfaces/lib/python3.12/site-packages/my_robot_interfaces/__init__.py
[28.217s] Listing '/media/sf_GhostRider/ros2_ws/install/my_robot_interfaces/lib/python3.12/site-packages/my_robot_interfaces'...
[28.218s] Compiling '/media/sf_GhostRider/ros2_ws/install/my_robot_interfaces/lib/python3.12/site-packages/my_robot_interfaces/__init__.py'...
[28.219s] Listing '/media/sf_GhostRider/ros2_ws/install/my_robot_interfaces/lib/python3.12/site-packages/my_robot_interfaces/msg'...
[28.220s] Compiling '/media/sf_GhostRider/ros2_ws/install/my_robot_interfaces/lib/python3.12/site-packages/my_robot_interfaces/msg/__init__.py'...
[28.220s] Compiling '/media/sf_GhostRider/ros2_ws/install/my_robot_interfaces/lib/python3.12/site-packages/my_robot_interfaces/msg/_hardware_status.py'...
[28.221s] Compiling '/media/sf_GhostRider/ros2_ws/install/my_robot_interfaces/lib/python3.12/site-packages/my_robot_interfaces/msg/_led_state_array.py'...
[28.221s] Listing '/media/sf_GhostRider/ros2_ws/install/my_robot_interfaces/lib/python3.12/site-packages/my_robot_interfaces/srv'...
[28.222s] Compiling '/media/sf_GhostRider/ros2_ws/install/my_robot_interfaces/lib/python3.12/site-packages/my_robot_interfaces/srv/__init__.py'...
[28.222s] Compiling '/media/sf_GhostRider/ros2_ws/install/my_robot_interfaces/lib/python3.12/site-packages/my_robot_interfaces/srv/_compute_rectangle_area.py'...
[28.223s] Compiling '/media/sf_GhostRider/ros2_ws/install/my_robot_interfaces/lib/python3.12/site-packages/my_robot_interfaces/srv/_set_led.py'...
[28.230s] -- Installing: /media/sf_GhostRider/ros2_ws/install/my_robot_interfaces/lib/python3.12/site-packages/my_robot_interfaces/my_robot_interfaces_s__rosidl_typesupport_fastrtps_c.so
[28.255s] -- Set non-toolchain portion of runtime path of "/media/sf_GhostRider/ros2_ws/install/my_robot_interfaces/lib/python3.12/site-packages/my_robot_interfaces/my_robot_interfaces_s__rosidl_typesupport_fastrtps_c.so" to ""
[28.263s] -- Installing: /media/sf_GhostRider/ros2_ws/install/my_robot_interfaces/lib/python3.12/site-packages/my_robot_interfaces/my_robot_interfaces_s__rosidl_typesupport_introspection_c.so
[28.286s] -- Set non-toolchain portion of runtime path of "/media/sf_GhostRider/ros2_ws/install/my_robot_interfaces/lib/python3.12/site-packages/my_robot_interfaces/my_robot_interfaces_s__rosidl_typesupport_introspection_c.so" to ""
[28.300s] -- Installing: /media/sf_GhostRider/ros2_ws/install/my_robot_interfaces/lib/python3.12/site-packages/my_robot_interfaces/my_robot_interfaces_s__rosidl_typesupport_c.so
[28.324s] -- Set non-toolchain portion of runtime path of "/media/sf_GhostRider/ros2_ws/install/my_robot_interfaces/lib/python3.12/site-packages/my_robot_interfaces/my_robot_interfaces_s__rosidl_typesupport_c.so" to ""
[28.331s] -- Installing: /media/sf_GhostRider/ros2_ws/install/my_robot_interfaces/lib/libmy_robot_interfaces__rosidl_generator_py.so
[28.355s] -- Set non-toolchain portion of runtime path of "/media/sf_GhostRider/ros2_ws/install/my_robot_interfaces/lib/libmy_robot_interfaces__rosidl_generator_py.so" to ""
[28.358s] -- Up-to-date: /media/sf_GhostRider/ros2_ws/install/my_robot_interfaces/share/my_robot_interfaces/msg/HardwareStatus.idl
[28.359s] -- Up-to-date: /media/sf_GhostRider/ros2_ws/install/my_robot_interfaces/share/my_robot_interfaces/srv/ComputeRectangleArea.idl
[28.360s] -- Installing: /media/sf_GhostRider/ros2_ws/install/my_robot_interfaces/share/my_robot_interfaces/msg/LedStateArray.idl
[28.365s] -- Installing: /media/sf_GhostRider/ros2_ws/install/my_robot_interfaces/share/my_robot_interfaces/srv/SetLed.idl
[28.370s] -- Up-to-date: /media/sf_GhostRider/ros2_ws/install/my_robot_interfaces/share/my_robot_interfaces/msg/HardwareStatus.msg
[28.371s] -- Up-to-date: /media/sf_GhostRider/ros2_ws/install/my_robot_interfaces/share/my_robot_interfaces/srv/ComputeRectangleArea.srv
[28.373s] -- Installing: /media/sf_GhostRider/ros2_ws/install/my_robot_interfaces/share/my_robot_interfaces/msg/LedStateArray.msg
[28.378s] -- Installing: /media/sf_GhostRider/ros2_ws/install/my_robot_interfaces/share/my_robot_interfaces/srv/SetLed.srv
[28.383s] -- Up-to-date: /media/sf_GhostRider/ros2_ws/install/my_robot_interfaces/share/ament_index/resource_index/package_run_dependencies/my_robot_interfaces
[28.385s] -- Up-to-date: /media/sf_GhostRider/ros2_ws/install/my_robot_interfaces/share/ament_index/resource_index/parent_prefix_path/my_robot_interfaces
[28.386s] -- Up-to-date: /media/sf_GhostRider/ros2_ws/install/my_robot_interfaces/share/my_robot_interfaces/environment/ament_prefix_path.sh
[28.387s] -- Up-to-date: /media/sf_GhostRider/ros2_ws/install/my_robot_interfaces/share/my_robot_interfaces/environment/ament_prefix_path.dsv
[28.388s] -- Up-to-date: /media/sf_GhostRider/ros2_ws/install/my_robot_interfaces/share/my_robot_interfaces/environment/path.sh
[28.388s] -- Up-to-date: /media/sf_GhostRider/ros2_ws/install/my_robot_interfaces/share/my_robot_interfaces/environment/path.dsv
[28.389s] -- Up-to-date: /media/sf_GhostRider/ros2_ws/install/my_robot_interfaces/share/my_robot_interfaces/local_setup.bash
[28.390s] -- Up-to-date: /media/sf_GhostRider/ros2_ws/install/my_robot_interfaces/share/my_robot_interfaces/local_setup.sh
[28.391s] -- Up-to-date: /media/sf_GhostRider/ros2_ws/install/my_robot_interfaces/share/my_robot_interfaces/local_setup.zsh
[28.392s] -- Up-to-date: /media/sf_GhostRider/ros2_ws/install/my_robot_interfaces/share/my_robot_interfaces/local_setup.dsv
[28.393s] -- Installing: /media/sf_GhostRider/ros2_ws/install/my_robot_interfaces/share/my_robot_interfaces/package.dsv
[28.401s] -- Up-to-date: /media/sf_GhostRider/ros2_ws/install/my_robot_interfaces/share/ament_index/resource_index/packages/my_robot_interfaces
[28.403s] -- Up-to-date: /media/sf_GhostRider/ros2_ws/install/my_robot_interfaces/share/my_robot_interfaces/cmake/export_my_robot_interfaces__rosidl_generator_cExport.cmake
[28.404s] -- Up-to-date: /media/sf_GhostRider/ros2_ws/install/my_robot_interfaces/share/my_robot_interfaces/cmake/export_my_robot_interfaces__rosidl_generator_cExport-noconfig.cmake
[28.406s] -- Up-to-date: /media/sf_GhostRider/ros2_ws/install/my_robot_interfaces/share/my_robot_interfaces/cmake/export_my_robot_interfaces__rosidl_typesupport_fastrtps_cExport.cmake
[28.407s] -- Up-to-date: /media/sf_GhostRider/ros2_ws/install/my_robot_interfaces/share/my_robot_interfaces/cmake/export_my_robot_interfaces__rosidl_typesupport_fastrtps_cExport-noconfig.cmake
[28.408s] -- Up-to-date: /media/sf_GhostRider/ros2_ws/install/my_robot_interfaces/share/my_robot_interfaces/cmake/my_robot_interfaces__rosidl_typesupport_introspection_cExport.cmake
[28.410s] -- Up-to-date: /media/sf_GhostRider/ros2_ws/install/my_robot_interfaces/share/my_robot_interfaces/cmake/my_robot_interfaces__rosidl_typesupport_introspection_cExport-noconfig.cmake
[28.412s] -- Up-to-date: /media/sf_GhostRider/ros2_ws/install/my_robot_interfaces/share/my_robot_interfaces/cmake/my_robot_interfaces__rosidl_typesupport_cExport.cmake
[28.413s] -- Up-to-date: /media/sf_GhostRider/ros2_ws/install/my_robot_interfaces/share/my_robot_interfaces/cmake/my_robot_interfaces__rosidl_typesupport_cExport-noconfig.cmake
[28.414s] -- Up-to-date: /media/sf_GhostRider/ros2_ws/install/my_robot_interfaces/share/my_robot_interfaces/cmake/export_my_robot_interfaces__rosidl_generator_cppExport.cmake
[28.416s] -- Up-to-date: /media/sf_GhostRider/ros2_ws/install/my_robot_interfaces/share/my_robot_interfaces/cmake/export_my_robot_interfaces__rosidl_typesupport_fastrtps_cppExport.cmake
[28.417s] -- Up-to-date: /media/sf_GhostRider/ros2_ws/install/my_robot_interfaces/share/my_robot_interfaces/cmake/export_my_robot_interfaces__rosidl_typesupport_fastrtps_cppExport-noconfig.cmake
[28.419s] -- Up-to-date: /media/sf_GhostRider/ros2_ws/install/my_robot_interfaces/share/my_robot_interfaces/cmake/my_robot_interfaces__rosidl_typesupport_introspection_cppExport.cmake
[28.420s] -- Up-to-date: /media/sf_GhostRider/ros2_ws/install/my_robot_interfaces/share/my_robot_interfaces/cmake/my_robot_interfaces__rosidl_typesupport_introspection_cppExport-noconfig.cmake
[28.422s] -- Up-to-date: /media/sf_GhostRider/ros2_ws/install/my_robot_interfaces/share/my_robot_interfaces/cmake/my_robot_interfaces__rosidl_typesupport_cppExport.cmake
[28.423s] -- Up-to-date: /media/sf_GhostRider/ros2_ws/install/my_robot_interfaces/share/my_robot_interfaces/cmake/my_robot_interfaces__rosidl_typesupport_cppExport-noconfig.cmake
[28.425s] -- Up-to-date: /media/sf_GhostRider/ros2_ws/install/my_robot_interfaces/share/my_robot_interfaces/cmake/export_my_robot_interfaces__rosidl_generator_pyExport.cmake
[28.426s] -- Up-to-date: /media/sf_GhostRider/ros2_ws/install/my_robot_interfaces/share/my_robot_interfaces/cmake/export_my_robot_interfaces__rosidl_generator_pyExport-noconfig.cmake
[28.427s] -- Installing: /media/sf_GhostRider/ros2_ws/install/my_robot_interfaces/share/my_robot_interfaces/cmake/rosidl_cmake-extras.cmake
[28.433s] -- Installing: /media/sf_GhostRider/ros2_ws/install/my_robot_interfaces/share/my_robot_interfaces/cmake/ament_cmake_export_dependencies-extras.cmake
[28.438s] -- Up-to-date: /media/sf_GhostRider/ros2_ws/install/my_robot_interfaces/share/my_robot_interfaces/cmake/ament_cmake_export_include_directories-extras.cmake
[28.439s] -- Up-to-date: /media/sf_GhostRider/ros2_ws/install/my_robot_interfaces/share/my_robot_interfaces/cmake/ament_cmake_export_libraries-extras.cmake
[28.440s] -- Up-to-date: /media/sf_GhostRider/ros2_ws/install/my_robot_interfaces/share/my_robot_interfaces/cmake/ament_cmake_export_targets-extras.cmake
[28.441s] -- Up-to-date: /media/sf_GhostRider/ros2_ws/install/my_robot_interfaces/share/my_robot_interfaces/cmake/rosidl_cmake_export_typesupport_targets-extras.cmake
[28.442s] -- Up-to-date: /media/sf_GhostRider/ros2_ws/install/my_robot_interfaces/share/my_robot_interfaces/cmake/rosidl_cmake_export_typesupport_libraries-extras.cmake
[28.443s] -- Up-to-date: /media/sf_GhostRider/ros2_ws/install/my_robot_interfaces/share/my_robot_interfaces/cmake/my_robot_interfacesConfig.cmake
[28.444s] -- Up-to-date: /media/sf_GhostRider/ros2_ws/install/my_robot_interfaces/share/my_robot_interfaces/cmake/my_robot_interfacesConfig-version.cmake
[28.445s] -- Up-to-date: /media/sf_GhostRider/ros2_ws/install/my_robot_interfaces/share/my_robot_interfaces/package.xml
[28.449s] Invoked command in '/media/sf_GhostRider/ros2_ws/build/my_robot_interfaces' returned '0': CMAKE_PREFIX_PATH=${CMAKE_PREFIX_PATH}:/media/sf_GhostRider/ros2_ws/install/my_py_pkg:/opt/ros/jazzy DEBUGINFOD_URLS=https://debuginfod.ubuntu.com /usr/bin/cmake --install /media/sf_GhostRider/ros2_ws/build/my_robot_interfaces
