[0.072s] Invoking command in '/media/sf_GhostRider/ros2_ws/build/my_robot_bringup': AMENT_PREFIX_PATH=/media/sf_GhostRider/ros2_ws/install/my_py_pkg:/media/sf_GhostRider/ros2_ws/install/my_robot_bringup:/media/sf_GhostRider/ros2_ws/install/my_cpp_pkg:/media/sf_GhostRider/ros2_ws/install/my_robot_interfaces:/opt/ros/jazzy CMAKE_PREFIX_PATH=/media/sf_GhostRider/ros2_ws/install/my_cpp_pkg:/media/sf_GhostRider/ros2_ws/install/my_robot_interfaces:/media/sf_GhostRider/ros2_ws/install/my_robot_bringup:/opt/ros/jazzy/opt/gz_math_vendor:/opt/ros/jazzy/opt/gz_utils_vendor:/opt/ros/jazzy/opt/gz_cmake_vendor:/media/sf_GhostRider/ros2_ws/install/my_py_pkg:/opt/ros/jazzy DEBUGINFOD_URLS=https://debuginfod.ubuntu.com /usr/bin/cmake --build /media/sf_GhostRider/ros2_ws/build/my_robot_bringup -- -j20 -l20
[0.085s] [0mCMake Error: The current CMakeCache.txt directory /media/sf_GhostRider/ros2_ws/build/my_robot_bringup/CMakeCache.txt is different than the directory /media/sf_GhostRider/ros2_Ws/build/my_robot_bringup where CMakeCache.txt was created. This may result in binaries being created in the wrong place. If you are not sure, reedit the CMakeCache.txt[0m
[0.160s] Invoked command in '/media/sf_GhostRider/ros2_ws/build/my_robot_bringup' returned '0': AMENT_PREFIX_PATH=/media/sf_GhostRider/ros2_ws/install/my_py_pkg:/media/sf_GhostRider/ros2_ws/install/my_robot_bringup:/media/sf_GhostRider/ros2_ws/install/my_cpp_pkg:/media/sf_GhostRider/ros2_ws/install/my_robot_interfaces:/opt/ros/jazzy CMAKE_PREFIX_PATH=/media/sf_GhostRider/ros2_ws/install/my_cpp_pkg:/media/sf_GhostRider/ros2_ws/install/my_robot_interfaces:/media/sf_GhostRider/ros2_ws/install/my_robot_bringup:/opt/ros/jazzy/opt/gz_math_vendor:/opt/ros/jazzy/opt/gz_utils_vendor:/opt/ros/jazzy/opt/gz_cmake_vendor:/media/sf_GhostRider/ros2_ws/install/my_py_pkg:/opt/ros/jazzy DEBUGINFOD_URLS=https://debuginfod.ubuntu.com /usr/bin/cmake --build /media/sf_GhostRider/ros2_ws/build/my_robot_bringup -- -j20 -l20
[0.181s] Invoking command in '/media/sf_GhostRider/ros2_ws/build/my_robot_bringup': AMENT_PREFIX_PATH=/media/sf_GhostRider/ros2_ws/install/my_py_pkg:/media/sf_GhostRider/ros2_ws/install/my_robot_bringup:/media/sf_GhostRider/ros2_ws/install/my_cpp_pkg:/media/sf_GhostRider/ros2_ws/install/my_robot_interfaces:/opt/ros/jazzy CMAKE_PREFIX_PATH=/media/sf_GhostRider/ros2_ws/install/my_cpp_pkg:/media/sf_GhostRider/ros2_ws/install/my_robot_interfaces:/media/sf_GhostRider/ros2_ws/install/my_robot_bringup:/opt/ros/jazzy/opt/gz_math_vendor:/opt/ros/jazzy/opt/gz_utils_vendor:/opt/ros/jazzy/opt/gz_cmake_vendor:/media/sf_GhostRider/ros2_ws/install/my_py_pkg:/opt/ros/jazzy DEBUGINFOD_URLS=https://debuginfod.ubuntu.com /usr/bin/cmake --install /media/sf_GhostRider/ros2_ws/build/my_robot_bringup
[0.196s] -- Install configuration: ""
[0.198s] -- Up-to-date: /media/sf_GhostRider/ros2_Ws/install/my_robot_bringup/share/my_robot_bringup//launch
[0.200s] -- Installing: /media/sf_GhostRider/ros2_Ws/install/my_robot_bringup/share/my_robot_bringup//launch/number_app.launch.xml
[0.207s] -- Up-to-date: /media/sf_GhostRider/ros2_Ws/install/my_robot_bringup/share/my_robot_bringup//launch/radio.launch.xml
[0.208s] -- Up-to-date: /media/sf_GhostRider/ros2_Ws/install/my_robot_bringup/share/my_robot_bringup//config
[0.210s] -- Installing: /media/sf_GhostRider/ros2_Ws/install/my_robot_bringup/share/my_robot_bringup//config/radio_config.yaml
[0.244s] -- Up-to-date: /media/sf_GhostRider/ros2_Ws/install/my_robot_bringup/share/ament_index/resource_index/package_run_dependencies/my_robot_bringup
[0.250s] -- Up-to-date: /media/sf_GhostRider/ros2_Ws/install/my_robot_bringup/share/ament_index/resource_index/parent_prefix_path/my_robot_bringup
[0.251s] -- Up-to-date: /media/sf_GhostRider/ros2_Ws/install/my_robot_bringup/share/my_robot_bringup/environment/ament_prefix_path.sh
[0.252s] -- Up-to-date: /media/sf_GhostRider/ros2_Ws/install/my_robot_bringup/share/my_robot_bringup/environment/ament_prefix_path.dsv
[0.254s] -- Up-to-date: /media/sf_GhostRider/ros2_Ws/install/my_robot_bringup/share/my_robot_bringup/environment/path.sh
[0.255s] -- Up-to-date: /media/sf_GhostRider/ros2_Ws/install/my_robot_bringup/share/my_robot_bringup/environment/path.dsv
[0.256s] -- Up-to-date: /media/sf_GhostRider/ros2_Ws/install/my_robot_bringup/share/my_robot_bringup/local_setup.bash
[0.256s] -- Up-to-date: /media/sf_GhostRider/ros2_Ws/install/my_robot_bringup/share/my_robot_bringup/local_setup.sh
[0.258s] -- Up-to-date: /media/sf_GhostRider/ros2_Ws/install/my_robot_bringup/share/my_robot_bringup/local_setup.zsh
[0.259s] -- Up-to-date: /media/sf_GhostRider/ros2_Ws/install/my_robot_bringup/share/my_robot_bringup/local_setup.dsv
[0.261s] -- Installing: /media/sf_GhostRider/ros2_Ws/install/my_robot_bringup/share/my_robot_bringup/package.dsv
[0.267s] -- Up-to-date: /media/sf_GhostRider/ros2_Ws/install/my_robot_bringup/share/ament_index/resource_index/packages/my_robot_bringup
[0.268s] -- Up-to-date: /media/sf_GhostRider/ros2_Ws/install/my_robot_bringup/share/my_robot_bringup/cmake/my_robot_bringupConfig.cmake
[0.269s] -- Up-to-date: /media/sf_GhostRider/ros2_Ws/install/my_robot_bringup/share/my_robot_bringup/cmake/my_robot_bringupConfig-version.cmake
[0.270s] -- Up-to-date: /media/sf_GhostRider/ros2_Ws/install/my_robot_bringup/share/my_robot_bringup/package.xml
[0.273s] Invoked command in '/media/sf_GhostRider/ros2_ws/build/my_robot_bringup' returned '0': AMENT_PREFIX_PATH=/media/sf_GhostRider/ros2_ws/install/my_py_pkg:/media/sf_GhostRider/ros2_ws/install/my_robot_bringup:/media/sf_GhostRider/ros2_ws/install/my_cpp_pkg:/media/sf_GhostRider/ros2_ws/install/my_robot_interfaces:/opt/ros/jazzy CMAKE_PREFIX_PATH=/media/sf_GhostRider/ros2_ws/install/my_cpp_pkg:/media/sf_GhostRider/ros2_ws/install/my_robot_interfaces:/media/sf_GhostRider/ros2_ws/install/my_robot_bringup:/opt/ros/jazzy/opt/gz_math_vendor:/opt/ros/jazzy/opt/gz_utils_vendor:/opt/ros/jazzy/opt/gz_cmake_vendor:/media/sf_GhostRider/ros2_ws/install/my_py_pkg:/opt/ros/jazzy DEBUGINFOD_URLS=https://debuginfod.ubuntu.com /usr/bin/cmake --install /media/sf_GhostRider/ros2_ws/build/my_robot_bringup
