[0.093s] Invoking command in '/media/sf_GhostRider/ros2_ws/build/turtle_mine_bringup': AMENT_PREFIX_PATH=/media/sf_GhostRider/ros2_ws/install/turtlesim_catch_them_all:/media/sf_GhostRider/ros2_ws/install/turtle_mine_bringup:/media/sf_GhostRider/ros2_ws/install/turtle_catch_all_interfaces:/media/sf_GhostRider/ros2_ws/install/my_robot_bringup:/media/sf_GhostRider/ros2_ws/install/my_py_pkg:/media/sf_GhostRider/ros2_ws/install/my_cpp_pkg:/media/sf_GhostRider/ros2_ws/install/my_robot_interfaces:/opt/ros/jazzy CMAKE_PREFIX_PATH=/media/sf_GhostRider/ros2_ws/install/turtle_catch_all_interfaces:/media/sf_GhostRider/ros2_ws/install/turtle_mine_bringup:/media/sf_GhostRider/ros2_ws/install/my_robot_bringup:/media/sf_GhostRider/ros2_ws/install/my_cpp_pkg:/media/sf_GhostRider/ros2_ws/install/my_robot_interfaces:/opt/ros/jazzy/opt/gz_math_vendor:/opt/ros/jazzy/opt/gz_utils_vendor:/opt/ros/jazzy/opt/gz_cmake_vendor:/media/sf_GhostRider/ros2_ws/install/turtlesim_catch_them_all:/media/sf_GhostRider/ros2_ws/install/my_py_pkg:/opt/ros/jazzy DEBUGINFOD_URLS=https://debuginfod.ubuntu.com /usr/bin/cmake /media/sf_GhostRider/ros2_ws/src/turtle_mine_bringup -DCMAKE_INSTALL_PREFIX=/media/sf_GhostRider/ros2_ws/install/turtle_mine_bringup
[0.284s] -- The C compiler identification is GNU 13.3.0
[0.490s] -- The CXX compiler identification is GNU 13.3.0
[0.534s] -- Detecting C compiler ABI info
[1.177s] -- Detecting C compiler ABI info - done
[1.284s] -- Check for working C compiler: /usr/bin/cc - skipped
[1.285s] -- Detecting C compile features
[1.285s] -- Detecting C compile features - done
[1.308s] -- Detecting CXX compiler ABI info
[1.858s] -- Detecting CXX compiler ABI info - done
[1.890s] -- Check for working CXX compiler: /usr/bin/c++ - skipped
[1.902s] -- Detecting CXX compile features
[1.905s] -- Detecting CXX compile features - done
[1.948s] -- Found ament_cmake: 2.5.5 (/opt/ros/jazzy/share/ament_cmake/cmake)
[2.175s] -- Found Python3: /usr/bin/python3 (found version "3.12.3") found components: Interpreter 
[2.859s] -- Configuring done (2.7s)
[2.914s] -- Generating done (0.0s)
[2.954s] -- Build files have been written to: /media/sf_GhostRider/ros2_ws/build/turtle_mine_bringup
[2.962s] Invoked command in '/media/sf_GhostRider/ros2_ws/build/turtle_mine_bringup' returned '0': AMENT_PREFIX_PATH=/media/sf_GhostRider/ros2_ws/install/turtlesim_catch_them_all:/media/sf_GhostRider/ros2_ws/install/turtle_mine_bringup:/media/sf_GhostRider/ros2_ws/install/turtle_catch_all_interfaces:/media/sf_GhostRider/ros2_ws/install/my_robot_bringup:/media/sf_GhostRider/ros2_ws/install/my_py_pkg:/media/sf_GhostRider/ros2_ws/install/my_cpp_pkg:/media/sf_GhostRider/ros2_ws/install/my_robot_interfaces:/opt/ros/jazzy CMAKE_PREFIX_PATH=/media/sf_GhostRider/ros2_ws/install/turtle_catch_all_interfaces:/media/sf_GhostRider/ros2_ws/install/turtle_mine_bringup:/media/sf_GhostRider/ros2_ws/install/my_robot_bringup:/media/sf_GhostRider/ros2_ws/install/my_cpp_pkg:/media/sf_GhostRider/ros2_ws/install/my_robot_interfaces:/opt/ros/jazzy/opt/gz_math_vendor:/opt/ros/jazzy/opt/gz_utils_vendor:/opt/ros/jazzy/opt/gz_cmake_vendor:/media/sf_GhostRider/ros2_ws/install/turtlesim_catch_them_all:/media/sf_GhostRider/ros2_ws/install/my_py_pkg:/opt/ros/jazzy DEBUGINFOD_URLS=https://debuginfod.ubuntu.com /usr/bin/cmake /media/sf_GhostRider/ros2_ws/src/turtle_mine_bringup -DCMAKE_INSTALL_PREFIX=/media/sf_GhostRider/ros2_ws/install/turtle_mine_bringup
[2.964s] Invoking command in '/media/sf_GhostRider/ros2_ws/build/turtle_mine_bringup': AMENT_PREFIX_PATH=/media/sf_GhostRider/ros2_ws/install/turtlesim_catch_them_all:/media/sf_GhostRider/ros2_ws/install/turtle_mine_bringup:/media/sf_GhostRider/ros2_ws/install/turtle_catch_all_interfaces:/media/sf_GhostRider/ros2_ws/install/my_robot_bringup:/media/sf_GhostRider/ros2_ws/install/my_py_pkg:/media/sf_GhostRider/ros2_ws/install/my_cpp_pkg:/media/sf_GhostRider/ros2_ws/install/my_robot_interfaces:/opt/ros/jazzy CMAKE_PREFIX_PATH=/media/sf_GhostRider/ros2_ws/install/turtle_catch_all_interfaces:/media/sf_GhostRider/ros2_ws/install/turtle_mine_bringup:/media/sf_GhostRider/ros2_ws/install/my_robot_bringup:/media/sf_GhostRider/ros2_ws/install/my_cpp_pkg:/media/sf_GhostRider/ros2_ws/install/my_robot_interfaces:/opt/ros/jazzy/opt/gz_math_vendor:/opt/ros/jazzy/opt/gz_utils_vendor:/opt/ros/jazzy/opt/gz_cmake_vendor:/media/sf_GhostRider/ros2_ws/install/turtlesim_catch_them_all:/media/sf_GhostRider/ros2_ws/install/my_py_pkg:/opt/ros/jazzy DEBUGINFOD_URLS=https://debuginfod.ubuntu.com /usr/bin/cmake --build /media/sf_GhostRider/ros2_ws/build/turtle_mine_bringup -- -j20 -l20
[3.006s] gmake: Warning: File 'Makefile' has modification time 0.35 s in the future
[3.095s] gmake[1]: Warning: File 'CMakeFiles/Makefile2' has modification time 0.28 s in the future
[3.096s] gmake[1]: warning:  Clock skew detected.  Your build may be incomplete.
[3.158s] gmake: warning:  Clock skew detected.  Your build may be incomplete.
[3.160s] Invoked command in '/media/sf_GhostRider/ros2_ws/build/turtle_mine_bringup' returned '0': AMENT_PREFIX_PATH=/media/sf_GhostRider/ros2_ws/install/turtlesim_catch_them_all:/media/sf_GhostRider/ros2_ws/install/turtle_mine_bringup:/media/sf_GhostRider/ros2_ws/install/turtle_catch_all_interfaces:/media/sf_GhostRider/ros2_ws/install/my_robot_bringup:/media/sf_GhostRider/ros2_ws/install/my_py_pkg:/media/sf_GhostRider/ros2_ws/install/my_cpp_pkg:/media/sf_GhostRider/ros2_ws/install/my_robot_interfaces:/opt/ros/jazzy CMAKE_PREFIX_PATH=/media/sf_GhostRider/ros2_ws/install/turtle_catch_all_interfaces:/media/sf_GhostRider/ros2_ws/install/turtle_mine_bringup:/media/sf_GhostRider/ros2_ws/install/my_robot_bringup:/media/sf_GhostRider/ros2_ws/install/my_cpp_pkg:/media/sf_GhostRider/ros2_ws/install/my_robot_interfaces:/opt/ros/jazzy/opt/gz_math_vendor:/opt/ros/jazzy/opt/gz_utils_vendor:/opt/ros/jazzy/opt/gz_cmake_vendor:/media/sf_GhostRider/ros2_ws/install/turtlesim_catch_them_all:/media/sf_GhostRider/ros2_ws/install/my_py_pkg:/opt/ros/jazzy DEBUGINFOD_URLS=https://debuginfod.ubuntu.com /usr/bin/cmake --build /media/sf_GhostRider/ros2_ws/build/turtle_mine_bringup -- -j20 -l20
[3.167s] Invoking command in '/media/sf_GhostRider/ros2_ws/build/turtle_mine_bringup': AMENT_PREFIX_PATH=/media/sf_GhostRider/ros2_ws/install/turtlesim_catch_them_all:/media/sf_GhostRider/ros2_ws/install/turtle_mine_bringup:/media/sf_GhostRider/ros2_ws/install/turtle_catch_all_interfaces:/media/sf_GhostRider/ros2_ws/install/my_robot_bringup:/media/sf_GhostRider/ros2_ws/install/my_py_pkg:/media/sf_GhostRider/ros2_ws/install/my_cpp_pkg:/media/sf_GhostRider/ros2_ws/install/my_robot_interfaces:/opt/ros/jazzy CMAKE_PREFIX_PATH=/media/sf_GhostRider/ros2_ws/install/turtle_catch_all_interfaces:/media/sf_GhostRider/ros2_ws/install/turtle_mine_bringup:/media/sf_GhostRider/ros2_ws/install/my_robot_bringup:/media/sf_GhostRider/ros2_ws/install/my_cpp_pkg:/media/sf_GhostRider/ros2_ws/install/my_robot_interfaces:/opt/ros/jazzy/opt/gz_math_vendor:/opt/ros/jazzy/opt/gz_utils_vendor:/opt/ros/jazzy/opt/gz_cmake_vendor:/media/sf_GhostRider/ros2_ws/install/turtlesim_catch_them_all:/media/sf_GhostRider/ros2_ws/install/my_py_pkg:/opt/ros/jazzy DEBUGINFOD_URLS=https://debuginfod.ubuntu.com /usr/bin/cmake --install /media/sf_GhostRider/ros2_ws/build/turtle_mine_bringup
[3.189s] -- Install configuration: ""
[3.192s] -- Installing: /media/sf_GhostRider/ros2_ws/install/turtle_mine_bringup/share/ament_index/resource_index/package_run_dependencies/turtle_mine_bringup
[3.198s] -- Installing: /media/sf_GhostRider/ros2_ws/install/turtle_mine_bringup/share/ament_index/resource_index/parent_prefix_path/turtle_mine_bringup
[3.203s] -- Installing: /media/sf_GhostRider/ros2_ws/install/turtle_mine_bringup/share/turtle_mine_bringup/environment/ament_prefix_path.sh
[3.207s] -- Installing: /media/sf_GhostRider/ros2_ws/install/turtle_mine_bringup/share/turtle_mine_bringup/environment/ament_prefix_path.dsv
[3.253s] -- Installing: /media/sf_GhostRider/ros2_ws/install/turtle_mine_bringup/share/turtle_mine_bringup/environment/path.sh
[3.256s] -- Installing: /media/sf_GhostRider/ros2_ws/install/turtle_mine_bringup/share/turtle_mine_bringup/environment/path.dsv
[3.261s] -- Installing: /media/sf_GhostRider/ros2_ws/install/turtle_mine_bringup/share/turtle_mine_bringup/local_setup.bash
[3.266s] -- Installing: /media/sf_GhostRider/ros2_ws/install/turtle_mine_bringup/share/turtle_mine_bringup/local_setup.sh
[3.270s] -- Installing: /media/sf_GhostRider/ros2_ws/install/turtle_mine_bringup/share/turtle_mine_bringup/local_setup.zsh
[3.276s] -- Installing: /media/sf_GhostRider/ros2_ws/install/turtle_mine_bringup/share/turtle_mine_bringup/local_setup.dsv
[3.280s] -- Installing: /media/sf_GhostRider/ros2_ws/install/turtle_mine_bringup/share/turtle_mine_bringup/package.dsv
[3.285s] -- Installing: /media/sf_GhostRider/ros2_ws/install/turtle_mine_bringup/share/ament_index/resource_index/packages/turtle_mine_bringup
[3.290s] -- Installing: /media/sf_GhostRider/ros2_ws/install/turtle_mine_bringup/share/turtle_mine_bringup/cmake/turtle_mine_bringupConfig.cmake
[3.294s] -- Installing: /media/sf_GhostRider/ros2_ws/install/turtle_mine_bringup/share/turtle_mine_bringup/cmake/turtle_mine_bringupConfig-version.cmake
[3.301s] -- Installing: /media/sf_GhostRider/ros2_ws/install/turtle_mine_bringup/share/turtle_mine_bringup/package.xml
[3.309s] Invoked command in '/media/sf_GhostRider/ros2_ws/build/turtle_mine_bringup' returned '0': AMENT_PREFIX_PATH=/media/sf_GhostRider/ros2_ws/install/turtlesim_catch_them_all:/media/sf_GhostRider/ros2_ws/install/turtle_mine_bringup:/media/sf_GhostRider/ros2_ws/install/turtle_catch_all_interfaces:/media/sf_GhostRider/ros2_ws/install/my_robot_bringup:/media/sf_GhostRider/ros2_ws/install/my_py_pkg:/media/sf_GhostRider/ros2_ws/install/my_cpp_pkg:/media/sf_GhostRider/ros2_ws/install/my_robot_interfaces:/opt/ros/jazzy CMAKE_PREFIX_PATH=/media/sf_GhostRider/ros2_ws/install/turtle_catch_all_interfaces:/media/sf_GhostRider/ros2_ws/install/turtle_mine_bringup:/media/sf_GhostRider/ros2_ws/install/my_robot_bringup:/media/sf_GhostRider/ros2_ws/install/my_cpp_pkg:/media/sf_GhostRider/ros2_ws/install/my_robot_interfaces:/opt/ros/jazzy/opt/gz_math_vendor:/opt/ros/jazzy/opt/gz_utils_vendor:/opt/ros/jazzy/opt/gz_cmake_vendor:/media/sf_GhostRider/ros2_ws/install/turtlesim_catch_them_all:/media/sf_GhostRider/ros2_ws/install/my_py_pkg:/opt/ros/jazzy DEBUGINFOD_URLS=https://debuginfod.ubuntu.com /usr/bin/cmake --install /media/sf_GhostRider/ros2_ws/build/turtle_mine_bringup
