[0.666s] Invoking command in '/media/sf_GhostRider/ros2_ws/src/my_py_pkg': DEBUGINFOD_URLS=https://debuginfod.ubuntu.com PYTHONPATH=/media/sf_GhostRider/ros2_ws/build/my_py_pkg/prefix_override:/usr/lib/python3/dist-packages/colcon_core/task/python/colcon_distutils_commands:/media/sf_GhostRider/ros2_ws/install/my_py_pkg/lib/python3.12/site-packages:${PYTHONPATH} /usr/bin/python3 -W ignore:setup.py install is deprecated -W ignore:easy_install command is deprecated setup.py egg_info --egg-base ../../build/my_py_pkg build --build-base /media/sf_GhostRider/ros2_ws/build/my_py_pkg/build install --record /media/sf_GhostRider/ros2_ws/build/my_py_pkg/install.log --single-version-externally-managed install_data
[0.889s] running egg_info
[0.907s] writing ../../build/my_py_pkg/my_py_pkg.egg-info/PKG-INFO
[0.918s] writing dependency_links to ../../build/my_py_pkg/my_py_pkg.egg-info/dependency_links.txt
[0.921s] writing entry points to ../../build/my_py_pkg/my_py_pkg.egg-info/entry_points.txt
[0.926s] writing requirements to ../../build/my_py_pkg/my_py_pkg.egg-info/requires.txt
[0.935s] writing top-level names to ../../build/my_py_pkg/my_py_pkg.egg-info/top_level.txt
[0.992s] reading manifest file '../../build/my_py_pkg/my_py_pkg.egg-info/SOURCES.txt'
[0.996s] writing manifest file '../../build/my_py_pkg/my_py_pkg.egg-info/SOURCES.txt'
[0.997s] running build
[0.998s] running build_py
[1.001s] running install
[1.015s] running install_lib
[1.041s] running install_data
[1.043s] running install_egg_info
[1.055s] removing '/media/sf_GhostRider/ros2_ws/install/my_py_pkg/lib/python3.12/site-packages/my_py_pkg-0.0.0-py3.12.egg-info' (and everything under it)
[1.059s] Copying ../../build/my_py_pkg/my_py_pkg.egg-info to /media/sf_GhostRider/ros2_ws/install/my_py_pkg/lib/python3.12/site-packages/my_py_pkg-0.0.0-py3.12.egg-info
[1.098s] running install_scripts
[1.221s] Installing number_counter script to /media/sf_GhostRider/ros2_ws/install/my_py_pkg/lib/my_py_pkg
[1.489s] Installing number_publisher script to /media/sf_GhostRider/ros2_ws/install/my_py_pkg/lib/my_py_pkg
[1.529s] Installing py_node script to /media/sf_GhostRider/ros2_ws/install/my_py_pkg/lib/my_py_pkg
[1.642s] Installing robot_news_station script to /media/sf_GhostRider/ros2_ws/install/my_py_pkg/lib/my_py_pkg
[1.703s] Installing smartphone script to /media/sf_GhostRider/ros2_ws/install/my_py_pkg/lib/my_py_pkg
[1.768s] writing list of installed files to '/media/sf_GhostRider/ros2_ws/build/my_py_pkg/install.log'
[1.938s] Invoked command in '/media/sf_GhostRider/ros2_ws/src/my_py_pkg' returned '0': DEBUGINFOD_URLS=https://debuginfod.ubuntu.com PYTHONPATH=/media/sf_GhostRider/ros2_ws/build/my_py_pkg/prefix_override:/usr/lib/python3/dist-packages/colcon_core/task/python/colcon_distutils_commands:/media/sf_GhostRider/ros2_ws/install/my_py_pkg/lib/python3.12/site-packages:${PYTHONPATH} /usr/bin/python3 -W ignore:setup.py install is deprecated -W ignore:easy_install command is deprecated setup.py egg_info --egg-base ../../build/my_py_pkg build --build-base /media/sf_GhostRider/ros2_ws/build/my_py_pkg/build install --record /media/sf_GhostRider/ros2_ws/build/my_py_pkg/install.log --single-version-externally-managed install_data
