[0.061s] DEBUG:colcon:Command line arguments: ['/usr/bin/colcon', 'build']
[0.062s] DEBUG:colcon:Parsed command line arguments: Namespace(log_base=None, log_level=None, verb_name='build', build_base='build', install_base='install', merge_install=False, symlink_install=False, test_result_base=None, continue_on_error=False, executor='parallel', parallel_workers=20, event_handlers=None, ignore_user_meta=False, metas=['./colcon.meta'], base_paths=['.'], packages_ignore=None, packages_ignore_regex=None, paths=None, packages_up_to=None, packages_up_to_regex=None, packages_above=None, packages_above_and_dependencies=None, packages_above_depth=None, packages_select_by_dep=None, packages_skip_by_dep=None, packages_skip_up_to=None, packages_select_build_failed=False, packages_skip_build_finished=False, packages_select_test_failures=False, packages_skip_test_passed=False, packages_select=None, packages_skip=None, packages_select_regex=None, packages_skip_regex=None, packages_start=None, packages_end=None, allow_overriding=[], cmake_args=None, cmake_target=None, cmake_target_skip_unavailable=False, cmake_clean_cache=False, cmake_clean_first=False, cmake_force_configure=False, ament_cmake_args=None, catkin_cmake_args=None, catkin_skip_building_tests=False, mixin_files=None, mixin=None, verb_parser=<colcon_mixin.mixin.mixin_argument.MixinArgumentDecorator object at 0x726fabb1fcb0>, verb_extension=<colcon_core.verb.build.BuildVerb object at 0x726fabb1ef60>, main=<bound method BuildVerb.main of <colcon_core.verb.build.BuildVerb object at 0x726fabb1ef60>>, mixin_verb=('build',))
[0.092s] Level 1:colcon.colcon_core.package_discovery:discover_packages(colcon_meta) check parameters
[0.092s] Level 1:colcon.colcon_core.package_discovery:discover_packages(recursive) check parameters
[0.092s] Level 1:colcon.colcon_core.package_discovery:discover_packages(ignore) check parameters
[0.092s] Level 1:colcon.colcon_core.package_discovery:discover_packages(path) check parameters
[0.092s] Level 1:colcon.colcon_core.package_discovery:discover_packages(colcon_meta) discover
[0.092s] Level 1:colcon.colcon_core.package_discovery:discover_packages(recursive) discover
[0.093s] INFO:colcon.colcon_core.package_discovery:Crawling recursively for packages in '/media/sf_GhostRider/ros2_ws'
[0.093s] Level 1:colcon.colcon_core.package_identification:_identify(.) by extensions ['ignore', 'ignore_ament_install']
[0.094s] Level 1:colcon.colcon_core.package_identification:_identify(.) by extension 'ignore'
[0.094s] Level 1:colcon.colcon_core.package_identification:_identify(.) by extension 'ignore_ament_install'
[0.094s] Level 1:colcon.colcon_core.package_identification:_identify(.) by extensions ['colcon_pkg']
[0.095s] Level 1:colcon.colcon_core.package_identification:_identify(.) by extension 'colcon_pkg'
[0.095s] Level 1:colcon.colcon_core.package_identification:_identify(.) by extensions ['colcon_meta']
[0.095s] Level 1:colcon.colcon_core.package_identification:_identify(.) by extension 'colcon_meta'
[0.095s] Level 1:colcon.colcon_core.package_identification:_identify(.) by extensions ['ros']
[0.095s] Level 1:colcon.colcon_core.package_identification:_identify(.) by extension 'ros'
[0.110s] Level 1:colcon.colcon_core.package_identification:_identify(.) by extensions ['cmake', 'python']
[0.110s] Level 1:colcon.colcon_core.package_identification:_identify(.) by extension 'cmake'
[0.110s] Level 1:colcon.colcon_core.package_identification:_identify(.) by extension 'python'
[0.110s] Level 1:colcon.colcon_core.package_identification:_identify(.) by extensions ['python_setup_py']
[0.111s] Level 1:colcon.colcon_core.package_identification:_identify(.) by extension 'python_setup_py'
[0.111s] Level 1:colcon.colcon_core.package_identification:_identify(build) by extensions ['ignore', 'ignore_ament_install']
[0.112s] Level 1:colcon.colcon_core.package_identification:_identify(build) by extension 'ignore'
[0.112s] Level 1:colcon.colcon_core.package_identification:_identify(build) ignored
[0.112s] Level 1:colcon.colcon_core.package_identification:_identify(install) by extensions ['ignore', 'ignore_ament_install']
[0.113s] Level 1:colcon.colcon_core.package_identification:_identify(install) by extension 'ignore'
[0.113s] Level 1:colcon.colcon_core.package_identification:_identify(install) ignored
[0.114s] Level 1:colcon.colcon_core.package_identification:_identify(log) by extensions ['ignore', 'ignore_ament_install']
[0.114s] Level 1:colcon.colcon_core.package_identification:_identify(log) by extension 'ignore'
[0.114s] Level 1:colcon.colcon_core.package_identification:_identify(log) ignored
[0.114s] Level 1:colcon.colcon_core.package_identification:_identify(src) by extensions ['ignore', 'ignore_ament_install']
[0.115s] Level 1:colcon.colcon_core.package_identification:_identify(src) by extension 'ignore'
[0.115s] Level 1:colcon.colcon_core.package_identification:_identify(src) by extension 'ignore_ament_install'
[0.116s] Level 1:colcon.colcon_core.package_identification:_identify(src) by extensions ['colcon_pkg']
[0.116s] Level 1:colcon.colcon_core.package_identification:_identify(src) by extension 'colcon_pkg'
[0.116s] Level 1:colcon.colcon_core.package_identification:_identify(src) by extensions ['colcon_meta']
[0.116s] Level 1:colcon.colcon_core.package_identification:_identify(src) by extension 'colcon_meta'
[0.116s] Level 1:colcon.colcon_core.package_identification:_identify(src) by extensions ['ros']
[0.117s] Level 1:colcon.colcon_core.package_identification:_identify(src) by extension 'ros'
[0.117s] Level 1:colcon.colcon_core.package_identification:_identify(src) by extensions ['cmake', 'python']
[0.117s] Level 1:colcon.colcon_core.package_identification:_identify(src) by extension 'cmake'
[0.117s] Level 1:colcon.colcon_core.package_identification:_identify(src) by extension 'python'
[0.118s] Level 1:colcon.colcon_core.package_identification:_identify(src) by extensions ['python_setup_py']
[0.118s] Level 1:colcon.colcon_core.package_identification:_identify(src) by extension 'python_setup_py'
[0.119s] Level 1:colcon.colcon_core.package_identification:_identify(src/build) by extensions ['ignore', 'ignore_ament_install']
[0.119s] Level 1:colcon.colcon_core.package_identification:_identify(src/build) by extension 'ignore'
[0.120s] Level 1:colcon.colcon_core.package_identification:_identify(src/build) by extension 'ignore_ament_install'
[0.120s] Level 1:colcon.colcon_core.package_identification:_identify(src/build) by extensions ['colcon_pkg']
[0.120s] Level 1:colcon.colcon_core.package_identification:_identify(src/build) by extension 'colcon_pkg'
[0.121s] Level 1:colcon.colcon_core.package_identification:_identify(src/build) by extensions ['colcon_meta']
[0.121s] Level 1:colcon.colcon_core.package_identification:_identify(src/build) by extension 'colcon_meta'
[0.121s] Level 1:colcon.colcon_core.package_identification:_identify(src/build) by extensions ['ros']
[0.121s] Level 1:colcon.colcon_core.package_identification:_identify(src/build) by extension 'ros'
[0.122s] Level 1:colcon.colcon_core.package_identification:_identify(src/build) by extensions ['cmake', 'python']
[0.122s] Level 1:colcon.colcon_core.package_identification:_identify(src/build) by extension 'cmake'
[0.122s] Level 1:colcon.colcon_core.package_identification:_identify(src/build) by extension 'python'
[0.123s] Level 1:colcon.colcon_core.package_identification:_identify(src/build) by extensions ['python_setup_py']
[0.123s] Level 1:colcon.colcon_core.package_identification:_identify(src/build) by extension 'python_setup_py'
[0.124s] Level 1:colcon.colcon_core.package_identification:_identify(src/build/CMakeFiles) by extensions ['ignore', 'ignore_ament_install']
[0.124s] Level 1:colcon.colcon_core.package_identification:_identify(src/build/CMakeFiles) by extension 'ignore'
[0.124s] Level 1:colcon.colcon_core.package_identification:_identify(src/build/CMakeFiles) by extension 'ignore_ament_install'
[0.125s] Level 1:colcon.colcon_core.package_identification:_identify(src/build/CMakeFiles) by extensions ['colcon_pkg']
[0.125s] Level 1:colcon.colcon_core.package_identification:_identify(src/build/CMakeFiles) by extension 'colcon_pkg'
[0.125s] Level 1:colcon.colcon_core.package_identification:_identify(src/build/CMakeFiles) by extensions ['colcon_meta']
[0.125s] Level 1:colcon.colcon_core.package_identification:_identify(src/build/CMakeFiles) by extension 'colcon_meta'
[0.126s] Level 1:colcon.colcon_core.package_identification:_identify(src/build/CMakeFiles) by extensions ['ros']
[0.126s] Level 1:colcon.colcon_core.package_identification:_identify(src/build/CMakeFiles) by extension 'ros'
[0.126s] Level 1:colcon.colcon_core.package_identification:_identify(src/build/CMakeFiles) by extensions ['cmake', 'python']
[0.127s] Level 1:colcon.colcon_core.package_identification:_identify(src/build/CMakeFiles) by extension 'cmake'
[0.127s] Level 1:colcon.colcon_core.package_identification:_identify(src/build/CMakeFiles) by extension 'python'
[0.127s] Level 1:colcon.colcon_core.package_identification:_identify(src/build/CMakeFiles) by extensions ['python_setup_py']
[0.127s] Level 1:colcon.colcon_core.package_identification:_identify(src/build/CMakeFiles) by extension 'python_setup_py'
[0.128s] Level 1:colcon.colcon_core.package_identification:_identify(src/build/CMakeFiles/4.1.2-msvc8) by extensions ['ignore', 'ignore_ament_install']
[0.129s] Level 1:colcon.colcon_core.package_identification:_identify(src/build/CMakeFiles/4.1.2-msvc8) by extension 'ignore'
[0.129s] Level 1:colcon.colcon_core.package_identification:_identify(src/build/CMakeFiles/4.1.2-msvc8) by extension 'ignore_ament_install'
[0.129s] Level 1:colcon.colcon_core.package_identification:_identify(src/build/CMakeFiles/4.1.2-msvc8) by extensions ['colcon_pkg']
[0.130s] Level 1:colcon.colcon_core.package_identification:_identify(src/build/CMakeFiles/4.1.2-msvc8) by extension 'colcon_pkg'
[0.130s] Level 1:colcon.colcon_core.package_identification:_identify(src/build/CMakeFiles/4.1.2-msvc8) by extensions ['colcon_meta']
[0.130s] Level 1:colcon.colcon_core.package_identification:_identify(src/build/CMakeFiles/4.1.2-msvc8) by extension 'colcon_meta'
[0.130s] Level 1:colcon.colcon_core.package_identification:_identify(src/build/CMakeFiles/4.1.2-msvc8) by extensions ['ros']
[0.130s] Level 1:colcon.colcon_core.package_identification:_identify(src/build/CMakeFiles/4.1.2-msvc8) by extension 'ros'
[0.131s] Level 1:colcon.colcon_core.package_identification:_identify(src/build/CMakeFiles/4.1.2-msvc8) by extensions ['cmake', 'python']
[0.131s] Level 1:colcon.colcon_core.package_identification:_identify(src/build/CMakeFiles/4.1.2-msvc8) by extension 'cmake'
[0.131s] Level 1:colcon.colcon_core.package_identification:_identify(src/build/CMakeFiles/4.1.2-msvc8) by extension 'python'
[0.132s] Level 1:colcon.colcon_core.package_identification:_identify(src/build/CMakeFiles/4.1.2-msvc8) by extensions ['python_setup_py']
[0.132s] Level 1:colcon.colcon_core.package_identification:_identify(src/build/CMakeFiles/4.1.2-msvc8) by extension 'python_setup_py'
[0.133s] Level 1:colcon.colcon_core.package_identification:_identify(src/build/CMakeFiles/4.1.2-msvc8/CompilerIdC) by extensions ['ignore', 'ignore_ament_install']
[0.133s] Level 1:colcon.colcon_core.package_identification:_identify(src/build/CMakeFiles/4.1.2-msvc8/CompilerIdC) by extension 'ignore'
[0.134s] Level 1:colcon.colcon_core.package_identification:_identify(src/build/CMakeFiles/4.1.2-msvc8/CompilerIdC) by extension 'ignore_ament_install'
[0.134s] Level 1:colcon.colcon_core.package_identification:_identify(src/build/CMakeFiles/4.1.2-msvc8/CompilerIdC) by extensions ['colcon_pkg']
[0.134s] Level 1:colcon.colcon_core.package_identification:_identify(src/build/CMakeFiles/4.1.2-msvc8/CompilerIdC) by extension 'colcon_pkg'
[0.134s] Level 1:colcon.colcon_core.package_identification:_identify(src/build/CMakeFiles/4.1.2-msvc8/CompilerIdC) by extensions ['colcon_meta']
[0.135s] Level 1:colcon.colcon_core.package_identification:_identify(src/build/CMakeFiles/4.1.2-msvc8/CompilerIdC) by extension 'colcon_meta'
[0.135s] Level 1:colcon.colcon_core.package_identification:_identify(src/build/CMakeFiles/4.1.2-msvc8/CompilerIdC) by extensions ['ros']
[0.135s] Level 1:colcon.colcon_core.package_identification:_identify(src/build/CMakeFiles/4.1.2-msvc8/CompilerIdC) by extension 'ros'
[0.135s] Level 1:colcon.colcon_core.package_identification:_identify(src/build/CMakeFiles/4.1.2-msvc8/CompilerIdC) by extensions ['cmake', 'python']
[0.135s] Level 1:colcon.colcon_core.package_identification:_identify(src/build/CMakeFiles/4.1.2-msvc8/CompilerIdC) by extension 'cmake'
[0.136s] Level 1:colcon.colcon_core.package_identification:_identify(src/build/CMakeFiles/4.1.2-msvc8/CompilerIdC) by extension 'python'
[0.136s] Level 1:colcon.colcon_core.package_identification:_identify(src/build/CMakeFiles/4.1.2-msvc8/CompilerIdC) by extensions ['python_setup_py']
[0.136s] Level 1:colcon.colcon_core.package_identification:_identify(src/build/CMakeFiles/4.1.2-msvc8/CompilerIdC) by extension 'python_setup_py'
[0.137s] Level 1:colcon.colcon_core.package_identification:_identify(src/build/CMakeFiles/4.1.2-msvc8/CompilerIdC/tmp) by extensions ['ignore', 'ignore_ament_install']
[0.137s] Level 1:colcon.colcon_core.package_identification:_identify(src/build/CMakeFiles/4.1.2-msvc8/CompilerIdC/tmp) by extension 'ignore'
[0.137s] Level 1:colcon.colcon_core.package_identification:_identify(src/build/CMakeFiles/4.1.2-msvc8/CompilerIdC/tmp) by extension 'ignore_ament_install'
[0.138s] Level 1:colcon.colcon_core.package_identification:_identify(src/build/CMakeFiles/4.1.2-msvc8/CompilerIdC/tmp) by extensions ['colcon_pkg']
[0.138s] Level 1:colcon.colcon_core.package_identification:_identify(src/build/CMakeFiles/4.1.2-msvc8/CompilerIdC/tmp) by extension 'colcon_pkg'
[0.138s] Level 1:colcon.colcon_core.package_identification:_identify(src/build/CMakeFiles/4.1.2-msvc8/CompilerIdC/tmp) by extensions ['colcon_meta']
[0.139s] Level 1:colcon.colcon_core.package_identification:_identify(src/build/CMakeFiles/4.1.2-msvc8/CompilerIdC/tmp) by extension 'colcon_meta'
[0.139s] Level 1:colcon.colcon_core.package_identification:_identify(src/build/CMakeFiles/4.1.2-msvc8/CompilerIdC/tmp) by extensions ['ros']
[0.139s] Level 1:colcon.colcon_core.package_identification:_identify(src/build/CMakeFiles/4.1.2-msvc8/CompilerIdC/tmp) by extension 'ros'
[0.139s] Level 1:colcon.colcon_core.package_identification:_identify(src/build/CMakeFiles/4.1.2-msvc8/CompilerIdC/tmp) by extensions ['cmake', 'python']
[0.139s] Level 1:colcon.colcon_core.package_identification:_identify(src/build/CMakeFiles/4.1.2-msvc8/CompilerIdC/tmp) by extension 'cmake'
[0.140s] Level 1:colcon.colcon_core.package_identification:_identify(src/build/CMakeFiles/4.1.2-msvc8/CompilerIdC/tmp) by extension 'python'
[0.140s] Level 1:colcon.colcon_core.package_identification:_identify(src/build/CMakeFiles/4.1.2-msvc8/CompilerIdC/tmp) by extensions ['python_setup_py']
[0.140s] Level 1:colcon.colcon_core.package_identification:_identify(src/build/CMakeFiles/4.1.2-msvc8/CompilerIdC/tmp) by extension 'python_setup_py'
[0.141s] Level 1:colcon.colcon_core.package_identification:_identify(src/build/CMakeFiles/4.1.2-msvc8/CompilerIdCXX) by extensions ['ignore', 'ignore_ament_install']
[0.141s] Level 1:colcon.colcon_core.package_identification:_identify(src/build/CMakeFiles/4.1.2-msvc8/CompilerIdCXX) by extension 'ignore'
[0.142s] Level 1:colcon.colcon_core.package_identification:_identify(src/build/CMakeFiles/4.1.2-msvc8/CompilerIdCXX) by extension 'ignore_ament_install'
[0.142s] Level 1:colcon.colcon_core.package_identification:_identify(src/build/CMakeFiles/4.1.2-msvc8/CompilerIdCXX) by extensions ['colcon_pkg']
[0.142s] Level 1:colcon.colcon_core.package_identification:_identify(src/build/CMakeFiles/4.1.2-msvc8/CompilerIdCXX) by extension 'colcon_pkg'
[0.143s] Level 1:colcon.colcon_core.package_identification:_identify(src/build/CMakeFiles/4.1.2-msvc8/CompilerIdCXX) by extensions ['colcon_meta']
[0.143s] Level 1:colcon.colcon_core.package_identification:_identify(src/build/CMakeFiles/4.1.2-msvc8/CompilerIdCXX) by extension 'colcon_meta'
[0.143s] Level 1:colcon.colcon_core.package_identification:_identify(src/build/CMakeFiles/4.1.2-msvc8/CompilerIdCXX) by extensions ['ros']
[0.143s] Level 1:colcon.colcon_core.package_identification:_identify(src/build/CMakeFiles/4.1.2-msvc8/CompilerIdCXX) by extension 'ros'
[0.144s] Level 1:colcon.colcon_core.package_identification:_identify(src/build/CMakeFiles/4.1.2-msvc8/CompilerIdCXX) by extensions ['cmake', 'python']
[0.144s] Level 1:colcon.colcon_core.package_identification:_identify(src/build/CMakeFiles/4.1.2-msvc8/CompilerIdCXX) by extension 'cmake'
[0.144s] Level 1:colcon.colcon_core.package_identification:_identify(src/build/CMakeFiles/4.1.2-msvc8/CompilerIdCXX) by extension 'python'
[0.144s] Level 1:colcon.colcon_core.package_identification:_identify(src/build/CMakeFiles/4.1.2-msvc8/CompilerIdCXX) by extensions ['python_setup_py']
[0.144s] Level 1:colcon.colcon_core.package_identification:_identify(src/build/CMakeFiles/4.1.2-msvc8/CompilerIdCXX) by extension 'python_setup_py'
[0.145s] Level 1:colcon.colcon_core.package_identification:_identify(src/build/CMakeFiles/4.1.2-msvc8/CompilerIdCXX/tmp) by extensions ['ignore', 'ignore_ament_install']
[0.146s] Level 1:colcon.colcon_core.package_identification:_identify(src/build/CMakeFiles/4.1.2-msvc8/CompilerIdCXX/tmp) by extension 'ignore'
[0.146s] Level 1:colcon.colcon_core.package_identification:_identify(src/build/CMakeFiles/4.1.2-msvc8/CompilerIdCXX/tmp) by extension 'ignore_ament_install'
[0.147s] Level 1:colcon.colcon_core.package_identification:_identify(src/build/CMakeFiles/4.1.2-msvc8/CompilerIdCXX/tmp) by extensions ['colcon_pkg']
[0.147s] Level 1:colcon.colcon_core.package_identification:_identify(src/build/CMakeFiles/4.1.2-msvc8/CompilerIdCXX/tmp) by extension 'colcon_pkg'
[0.147s] Level 1:colcon.colcon_core.package_identification:_identify(src/build/CMakeFiles/4.1.2-msvc8/CompilerIdCXX/tmp) by extensions ['colcon_meta']
[0.147s] Level 1:colcon.colcon_core.package_identification:_identify(src/build/CMakeFiles/4.1.2-msvc8/CompilerIdCXX/tmp) by extension 'colcon_meta'
[0.147s] Level 1:colcon.colcon_core.package_identification:_identify(src/build/CMakeFiles/4.1.2-msvc8/CompilerIdCXX/tmp) by extensions ['ros']
[0.147s] Level 1:colcon.colcon_core.package_identification:_identify(src/build/CMakeFiles/4.1.2-msvc8/CompilerIdCXX/tmp) by extension 'ros'
[0.148s] Level 1:colcon.colcon_core.package_identification:_identify(src/build/CMakeFiles/4.1.2-msvc8/CompilerIdCXX/tmp) by extensions ['cmake', 'python']
[0.148s] Level 1:colcon.colcon_core.package_identification:_identify(src/build/CMakeFiles/4.1.2-msvc8/CompilerIdCXX/tmp) by extension 'cmake'
[0.148s] Level 1:colcon.colcon_core.package_identification:_identify(src/build/CMakeFiles/4.1.2-msvc8/CompilerIdCXX/tmp) by extension 'python'
[0.149s] Level 1:colcon.colcon_core.package_identification:_identify(src/build/CMakeFiles/4.1.2-msvc8/CompilerIdCXX/tmp) by extensions ['python_setup_py']
[0.149s] Level 1:colcon.colcon_core.package_identification:_identify(src/build/CMakeFiles/4.1.2-msvc8/CompilerIdCXX/tmp) by extension 'python_setup_py'
[0.150s] Level 1:colcon.colcon_core.package_identification:_identify(src/build/CMakeFiles/ShowIncludes) by extensions ['ignore', 'ignore_ament_install']
[0.150s] Level 1:colcon.colcon_core.package_identification:_identify(src/build/CMakeFiles/ShowIncludes) by extension 'ignore'
[0.150s] Level 1:colcon.colcon_core.package_identification:_identify(src/build/CMakeFiles/ShowIncludes) by extension 'ignore_ament_install'
[0.151s] Level 1:colcon.colcon_core.package_identification:_identify(src/build/CMakeFiles/ShowIncludes) by extensions ['colcon_pkg']
[0.151s] Level 1:colcon.colcon_core.package_identification:_identify(src/build/CMakeFiles/ShowIncludes) by extension 'colcon_pkg'
[0.151s] Level 1:colcon.colcon_core.package_identification:_identify(src/build/CMakeFiles/ShowIncludes) by extensions ['colcon_meta']
[0.151s] Level 1:colcon.colcon_core.package_identification:_identify(src/build/CMakeFiles/ShowIncludes) by extension 'colcon_meta'
[0.151s] Level 1:colcon.colcon_core.package_identification:_identify(src/build/CMakeFiles/ShowIncludes) by extensions ['ros']
[0.151s] Level 1:colcon.colcon_core.package_identification:_identify(src/build/CMakeFiles/ShowIncludes) by extension 'ros'
[0.152s] Level 1:colcon.colcon_core.package_identification:_identify(src/build/CMakeFiles/ShowIncludes) by extensions ['cmake', 'python']
[0.152s] Level 1:colcon.colcon_core.package_identification:_identify(src/build/CMakeFiles/ShowIncludes) by extension 'cmake'
[0.153s] Level 1:colcon.colcon_core.package_identification:_identify(src/build/CMakeFiles/ShowIncludes) by extension 'python'
[0.153s] Level 1:colcon.colcon_core.package_identification:_identify(src/build/CMakeFiles/ShowIncludes) by extensions ['python_setup_py']
[0.153s] Level 1:colcon.colcon_core.package_identification:_identify(src/build/CMakeFiles/ShowIncludes) by extension 'python_setup_py'
[0.154s] Level 1:colcon.colcon_core.package_identification:_identify(src/build/CMakeFiles/pkgRedirects) by extensions ['ignore', 'ignore_ament_install']
[0.154s] Level 1:colcon.colcon_core.package_identification:_identify(src/build/CMakeFiles/pkgRedirects) by extension 'ignore'
[0.155s] Level 1:colcon.colcon_core.package_identification:_identify(src/build/CMakeFiles/pkgRedirects) by extension 'ignore_ament_install'
[0.155s] Level 1:colcon.colcon_core.package_identification:_identify(src/build/CMakeFiles/pkgRedirects) by extensions ['colcon_pkg']
[0.155s] Level 1:colcon.colcon_core.package_identification:_identify(src/build/CMakeFiles/pkgRedirects) by extension 'colcon_pkg'
[0.156s] Level 1:colcon.colcon_core.package_identification:_identify(src/build/CMakeFiles/pkgRedirects) by extensions ['colcon_meta']
[0.156s] Level 1:colcon.colcon_core.package_identification:_identify(src/build/CMakeFiles/pkgRedirects) by extension 'colcon_meta'
[0.156s] Level 1:colcon.colcon_core.package_identification:_identify(src/build/CMakeFiles/pkgRedirects) by extensions ['ros']
[0.156s] Level 1:colcon.colcon_core.package_identification:_identify(src/build/CMakeFiles/pkgRedirects) by extension 'ros'
[0.156s] Level 1:colcon.colcon_core.package_identification:_identify(src/build/CMakeFiles/pkgRedirects) by extensions ['cmake', 'python']
[0.156s] Level 1:colcon.colcon_core.package_identification:_identify(src/build/CMakeFiles/pkgRedirects) by extension 'cmake'
[0.157s] Level 1:colcon.colcon_core.package_identification:_identify(src/build/CMakeFiles/pkgRedirects) by extension 'python'
[0.157s] Level 1:colcon.colcon_core.package_identification:_identify(src/build/CMakeFiles/pkgRedirects) by extensions ['python_setup_py']
[0.157s] Level 1:colcon.colcon_core.package_identification:_identify(src/build/CMakeFiles/pkgRedirects) by extension 'python_setup_py'
[0.158s] Level 1:colcon.colcon_core.package_identification:_identify(src/my_cpp_pkg) by extensions ['ignore', 'ignore_ament_install']
[0.158s] Level 1:colcon.colcon_core.package_identification:_identify(src/my_cpp_pkg) by extension 'ignore'
[0.158s] Level 1:colcon.colcon_core.package_identification:_identify(src/my_cpp_pkg) by extension 'ignore_ament_install'
[0.159s] Level 1:colcon.colcon_core.package_identification:_identify(src/my_cpp_pkg) by extensions ['colcon_pkg']
[0.159s] Level 1:colcon.colcon_core.package_identification:_identify(src/my_cpp_pkg) by extension 'colcon_pkg'
[0.159s] Level 1:colcon.colcon_core.package_identification:_identify(src/my_cpp_pkg) by extensions ['colcon_meta']
[0.159s] Level 1:colcon.colcon_core.package_identification:_identify(src/my_cpp_pkg) by extension 'colcon_meta'
[0.159s] Level 1:colcon.colcon_core.package_identification:_identify(src/my_cpp_pkg) by extensions ['ros']
[0.159s] Level 1:colcon.colcon_core.package_identification:_identify(src/my_cpp_pkg) by extension 'ros'
[0.162s] DEBUG:colcon.colcon_core.package_identification:Package 'src/my_cpp_pkg' with type 'ros.ament_cmake' and name 'my_cpp_pkg'
[0.163s] Level 1:colcon.colcon_core.package_identification:_identify(src/my_py_pkg) by extensions ['ignore', 'ignore_ament_install']
[0.163s] Level 1:colcon.colcon_core.package_identification:_identify(src/my_py_pkg) by extension 'ignore'
[0.163s] Level 1:colcon.colcon_core.package_identification:_identify(src/my_py_pkg) by extension 'ignore_ament_install'
[0.163s] Level 1:colcon.colcon_core.package_identification:_identify(src/my_py_pkg) by extensions ['colcon_pkg']
[0.163s] Level 1:colcon.colcon_core.package_identification:_identify(src/my_py_pkg) by extension 'colcon_pkg'
[0.164s] Level 1:colcon.colcon_core.package_identification:_identify(src/my_py_pkg) by extensions ['colcon_meta']
[0.164s] Level 1:colcon.colcon_core.package_identification:_identify(src/my_py_pkg) by extension 'colcon_meta'
[0.164s] Level 1:colcon.colcon_core.package_identification:_identify(src/my_py_pkg) by extensions ['ros']
[0.164s] Level 1:colcon.colcon_core.package_identification:_identify(src/my_py_pkg) by extension 'ros'
[0.165s] DEBUG:colcon.colcon_core.package_identification:Package 'src/my_py_pkg' with type 'ros.ament_python' and name 'my_py_pkg'
[0.165s] Level 1:colcon.colcon_core.package_discovery:discover_packages(recursive) using defaults
[0.165s] Level 1:colcon.colcon_core.package_discovery:discover_packages(ignore) discover
[0.165s] Level 1:colcon.colcon_core.package_discovery:discover_packages(ignore) using defaults
[0.165s] Level 1:colcon.colcon_core.package_discovery:discover_packages(path) discover
[0.165s] Level 1:colcon.colcon_core.package_discovery:discover_packages(path) using defaults
[0.177s] Level 1:colcon.colcon_core.package_discovery:discover_packages(prefix_path) check parameters
[0.177s] Level 1:colcon.colcon_core.package_discovery:discover_packages(prefix_path) discover
[0.185s] DEBUG:colcon.colcon_installed_package_information.package_discovery:Found 2 installed packages in /media/sf_GhostRider/ros2_ws/install
[0.186s] DEBUG:colcon.colcon_installed_package_information.package_discovery:Found 286 installed packages in /opt/ros/jazzy
[0.187s] Level 1:colcon.colcon_core.package_discovery:discover_packages(prefix_path) using defaults
[0.211s] Level 5:colcon.colcon_core.verb:set package 'my_cpp_pkg' build argument 'cmake_args' from command line to 'None'
[0.211s] Level 5:colcon.colcon_core.verb:set package 'my_cpp_pkg' build argument 'cmake_target' from command line to 'None'
[0.211s] Level 5:colcon.colcon_core.verb:set package 'my_cpp_pkg' build argument 'cmake_target_skip_unavailable' from command line to 'False'
[0.211s] Level 5:colcon.colcon_core.verb:set package 'my_cpp_pkg' build argument 'cmake_clean_cache' from command line to 'False'
[0.212s] Level 5:colcon.colcon_core.verb:set package 'my_cpp_pkg' build argument 'cmake_clean_first' from command line to 'False'
[0.212s] Level 5:colcon.colcon_core.verb:set package 'my_cpp_pkg' build argument 'cmake_force_configure' from command line to 'False'
[0.212s] Level 5:colcon.colcon_core.verb:set package 'my_cpp_pkg' build argument 'ament_cmake_args' from command line to 'None'
[0.212s] Level 5:colcon.colcon_core.verb:set package 'my_cpp_pkg' build argument 'catkin_cmake_args' from command line to 'None'
[0.212s] Level 5:colcon.colcon_core.verb:set package 'my_cpp_pkg' build argument 'catkin_skip_building_tests' from command line to 'False'
[0.213s] DEBUG:colcon.colcon_core.verb:Building package 'my_cpp_pkg' with the following arguments: {'ament_cmake_args': None, 'build_base': '/media/sf_GhostRider/ros2_ws/build/my_cpp_pkg', 'catkin_cmake_args': None, 'catkin_skip_building_tests': False, 'cmake_args': None, 'cmake_clean_cache': False, 'cmake_clean_first': False, 'cmake_force_configure': False, 'cmake_target': None, 'cmake_target_skip_unavailable': False, 'install_base': '/media/sf_GhostRider/ros2_ws/install/my_cpp_pkg', 'merge_install': False, 'path': '/media/sf_GhostRider/ros2_ws/src/my_cpp_pkg', 'symlink_install': False, 'test_result_base': None}
[0.213s] Level 5:colcon.colcon_core.verb:set package 'my_py_pkg' build argument 'cmake_args' from command line to 'None'
[0.213s] Level 5:colcon.colcon_core.verb:set package 'my_py_pkg' build argument 'cmake_target' from command line to 'None'
[0.213s] Level 5:colcon.colcon_core.verb:set package 'my_py_pkg' build argument 'cmake_target_skip_unavailable' from command line to 'False'
[0.214s] Level 5:colcon.colcon_core.verb:set package 'my_py_pkg' build argument 'cmake_clean_cache' from command line to 'False'
[0.214s] Level 5:colcon.colcon_core.verb:set package 'my_py_pkg' build argument 'cmake_clean_first' from command line to 'False'
[0.214s] Level 5:colcon.colcon_core.verb:set package 'my_py_pkg' build argument 'cmake_force_configure' from command line to 'False'
[0.214s] Level 5:colcon.colcon_core.verb:set package 'my_py_pkg' build argument 'ament_cmake_args' from command line to 'None'
[0.215s] Level 5:colcon.colcon_core.verb:set package 'my_py_pkg' build argument 'catkin_cmake_args' from command line to 'None'
[0.215s] Level 5:colcon.colcon_core.verb:set package 'my_py_pkg' build argument 'catkin_skip_building_tests' from command line to 'False'
[0.215s] DEBUG:colcon.colcon_core.verb:Building package 'my_py_pkg' with the following arguments: {'ament_cmake_args': None, 'build_base': '/media/sf_GhostRider/ros2_ws/build/my_py_pkg', 'catkin_cmake_args': None, 'catkin_skip_building_tests': False, 'cmake_args': None, 'cmake_clean_cache': False, 'cmake_clean_first': False, 'cmake_force_configure': False, 'cmake_target': None, 'cmake_target_skip_unavailable': False, 'install_base': '/media/sf_GhostRider/ros2_ws/install/my_py_pkg', 'merge_install': False, 'path': '/media/sf_GhostRider/ros2_ws/src/my_py_pkg', 'symlink_install': False, 'test_result_base': None}
[0.215s] INFO:colcon.colcon_core.executor:Executing jobs using 'parallel' executor
[0.216s] DEBUG:colcon.colcon_parallel_executor.executor.parallel:run_until_complete
[0.216s] INFO:colcon.colcon_ros.task.ament_cmake.build:Building ROS package in '/media/sf_GhostRider/ros2_ws/src/my_cpp_pkg' with build type 'ament_cmake'
[0.216s] INFO:colcon.colcon_cmake.task.cmake.build:Building CMake package in '/media/sf_GhostRider/ros2_ws/src/my_cpp_pkg'
[0.219s] INFO:colcon.colcon_core.plugin_system:Skipping extension 'colcon_core.shell.bat': Not used on non-Windows systems
[0.220s] INFO:colcon.colcon_core.shell:Skip shell extension 'powershell' for command environment: Not usable outside of PowerShell
[0.220s] DEBUG:colcon.colcon_core.shell:Skip shell extension 'dsv' for command environment
[0.240s] INFO:colcon.colcon_ros.task.ament_python.build:Building ROS package in '/media/sf_GhostRider/ros2_ws/src/my_py_pkg' with build type 'ament_python'
[0.240s] Level 1:colcon.colcon_core.shell:create_environment_hook('my_py_pkg', 'ament_prefix_path')
[0.240s] INFO:colcon.colcon_core.shell:Creating environment hook '/media/sf_GhostRider/ros2_ws/install/my_py_pkg/share/my_py_pkg/hook/ament_prefix_path.ps1'
[0.248s] INFO:colcon.colcon_core.shell:Creating environment descriptor '/media/sf_GhostRider/ros2_ws/install/my_py_pkg/share/my_py_pkg/hook/ament_prefix_path.dsv'
[0.250s] INFO:colcon.colcon_core.shell:Creating environment hook '/media/sf_GhostRider/ros2_ws/install/my_py_pkg/share/my_py_pkg/hook/ament_prefix_path.sh'
[0.252s] INFO:colcon.colcon_core.shell:Skip shell extension 'powershell' for command environment: Not usable outside of PowerShell
[0.252s] DEBUG:colcon.colcon_core.shell:Skip shell extension 'dsv' for command environment
[0.299s] DEBUG:colcon.colcon_core.event_handler.log_command:Invoking command in '/media/sf_GhostRider/ros2_ws/build/my_cpp_pkg': CMAKE_PREFIX_PATH=${CMAKE_PREFIX_PATH}:/media/sf_GhostRider/ros2_ws/install/my_py_pkg:/opt/ros/jazzy DEBUGINFOD_URLS=https://debuginfod.ubuntu.com /usr/bin/cmake --build /media/sf_GhostRider/ros2_ws/build/my_cpp_pkg -- -j20 -l20
[0.695s] INFO:colcon.colcon_core.task.python.build:Building Python package in '/media/sf_GhostRider/ros2_ws/src/my_py_pkg'
[0.696s] INFO:colcon.colcon_core.shell:Skip shell extension 'powershell' for command environment: Not usable outside of PowerShell
[0.696s] DEBUG:colcon.colcon_core.shell:Skip shell extension 'dsv' for command environment
[1.104s] DEBUG:colcon.colcon_core.event_handler.log_command:Invoking command in '/media/sf_GhostRider/ros2_ws/src/my_py_pkg': DEBUGINFOD_URLS=https://debuginfod.ubuntu.com PYTHONPATH=/media/sf_GhostRider/ros2_ws/build/my_py_pkg/prefix_override:/usr/lib/python3/dist-packages/colcon_core/task/python/colcon_distutils_commands:/media/sf_GhostRider/ros2_ws/install/my_py_pkg/lib/python3.12/site-packages:${PYTHONPATH} /usr/bin/python3 -W ignore:setup.py install is deprecated -W ignore:easy_install command is deprecated setup.py egg_info --egg-base ../../build/my_py_pkg build --build-base /media/sf_GhostRider/ros2_ws/build/my_py_pkg/build install --record /media/sf_GhostRider/ros2_ws/build/my_py_pkg/install.log --single-version-externally-managed install_data
[1.512s] DEBUG:colcon.colcon_core.event_handler.log_command:Invoked command in '/media/sf_GhostRider/ros2_ws/src/my_py_pkg' returned '0': DEBUGINFOD_URLS=https://debuginfod.ubuntu.com PYTHONPATH=/media/sf_GhostRider/ros2_ws/build/my_py_pkg/prefix_override:/usr/lib/python3/dist-packages/colcon_core/task/python/colcon_distutils_commands:/media/sf_GhostRider/ros2_ws/install/my_py_pkg/lib/python3.12/site-packages:${PYTHONPATH} /usr/bin/python3 -W ignore:setup.py install is deprecated -W ignore:easy_install command is deprecated setup.py egg_info --egg-base ../../build/my_py_pkg build --build-base /media/sf_GhostRider/ros2_ws/build/my_py_pkg/build install --record /media/sf_GhostRider/ros2_ws/build/my_py_pkg/install.log --single-version-externally-managed install_data
[1.513s] Level 1:colcon.colcon_core.environment:checking '/media/sf_GhostRider/ros2_ws/install/my_py_pkg' for CMake module files
[1.518s] Level 1:colcon.colcon_core.environment:checking '/media/sf_GhostRider/ros2_ws/install/my_py_pkg' for CMake config files
[1.529s] Level 1:colcon.colcon_core.environment:checking '/media/sf_GhostRider/ros2_ws/install/my_py_pkg/lib'
[1.530s] Level 1:colcon.colcon_core.environment:checking '/media/sf_GhostRider/ros2_ws/install/my_py_pkg/bin'
[1.531s] Level 1:colcon.colcon_core.environment:checking '/media/sf_GhostRider/ros2_ws/install/my_py_pkg/lib/pkgconfig/my_py_pkg.pc'
[1.531s] Level 1:colcon.colcon_core.environment:checking '/media/sf_GhostRider/ros2_ws/install/my_py_pkg/lib/python3.12/site-packages'
[1.532s] Level 1:colcon.colcon_core.shell:create_environment_hook('my_py_pkg', 'pythonpath')
[1.532s] INFO:colcon.colcon_core.shell:Creating environment hook '/media/sf_GhostRider/ros2_ws/install/my_py_pkg/share/my_py_pkg/hook/pythonpath.ps1'
[1.534s] INFO:colcon.colcon_core.shell:Creating environment descriptor '/media/sf_GhostRider/ros2_ws/install/my_py_pkg/share/my_py_pkg/hook/pythonpath.dsv'
[1.535s] INFO:colcon.colcon_core.shell:Creating environment hook '/media/sf_GhostRider/ros2_ws/install/my_py_pkg/share/my_py_pkg/hook/pythonpath.sh'
[1.537s] Level 1:colcon.colcon_core.environment:checking '/media/sf_GhostRider/ros2_ws/install/my_py_pkg/bin'
[1.537s] Level 1:colcon.colcon_core.environment:create_environment_scripts_only(my_py_pkg)
[1.538s] INFO:colcon.colcon_core.shell:Creating package script '/media/sf_GhostRider/ros2_ws/install/my_py_pkg/share/my_py_pkg/package.ps1'
[1.539s] INFO:colcon.colcon_core.shell:Creating package descriptor '/media/sf_GhostRider/ros2_ws/install/my_py_pkg/share/my_py_pkg/package.dsv'
[1.541s] INFO:colcon.colcon_core.shell:Creating package script '/media/sf_GhostRider/ros2_ws/install/my_py_pkg/share/my_py_pkg/package.sh'
[1.543s] INFO:colcon.colcon_core.shell:Creating package script '/media/sf_GhostRider/ros2_ws/install/my_py_pkg/share/my_py_pkg/package.bash'
[1.547s] INFO:colcon.colcon_core.shell:Creating package script '/media/sf_GhostRider/ros2_ws/install/my_py_pkg/share/my_py_pkg/package.zsh'
[1.549s] Level 1:colcon.colcon_core.environment:create_file_with_runtime_dependencies(/media/sf_GhostRider/ros2_ws/install/my_py_pkg/share/colcon-core/packages/my_py_pkg)
[8.937s] DEBUG:colcon.colcon_core.event_handler.log_command:Invoked command in '/media/sf_GhostRider/ros2_ws/build/my_cpp_pkg' returned '0': CMAKE_PREFIX_PATH=${CMAKE_PREFIX_PATH}:/media/sf_GhostRider/ros2_ws/install/my_py_pkg:/opt/ros/jazzy DEBUGINFOD_URLS=https://debuginfod.ubuntu.com /usr/bin/cmake --build /media/sf_GhostRider/ros2_ws/build/my_cpp_pkg -- -j20 -l20
[8.953s] DEBUG:colcon.colcon_core.event_handler.log_command:Invoking command in '/media/sf_GhostRider/ros2_ws/build/my_cpp_pkg': CMAKE_PREFIX_PATH=${CMAKE_PREFIX_PATH}:/media/sf_GhostRider/ros2_ws/install/my_py_pkg:/opt/ros/jazzy DEBUGINFOD_URLS=https://debuginfod.ubuntu.com /usr/bin/cmake --install /media/sf_GhostRider/ros2_ws/build/my_cpp_pkg
[9.074s] Level 1:colcon.colcon_core.environment:create_environment_scripts_only(my_cpp_pkg)
[9.074s] Level 1:colcon.colcon_core.environment:checking '/media/sf_GhostRider/ros2_ws/install/my_cpp_pkg' for CMake module files
[9.075s] DEBUG:colcon.colcon_core.event_handler.log_command:Invoked command in '/media/sf_GhostRider/ros2_ws/build/my_cpp_pkg' returned '0': CMAKE_PREFIX_PATH=${CMAKE_PREFIX_PATH}:/media/sf_GhostRider/ros2_ws/install/my_py_pkg:/opt/ros/jazzy DEBUGINFOD_URLS=https://debuginfod.ubuntu.com /usr/bin/cmake --install /media/sf_GhostRider/ros2_ws/build/my_cpp_pkg
[9.080s] Level 1:colcon.colcon_core.environment:checking '/media/sf_GhostRider/ros2_ws/install/my_cpp_pkg' for CMake config files
[9.089s] Level 1:colcon.colcon_core.shell:create_environment_hook('my_cpp_pkg', 'cmake_prefix_path')
[9.089s] INFO:colcon.colcon_core.shell:Creating environment hook '/media/sf_GhostRider/ros2_ws/install/my_cpp_pkg/share/my_cpp_pkg/hook/cmake_prefix_path.ps1'
[9.091s] INFO:colcon.colcon_core.shell:Creating environment descriptor '/media/sf_GhostRider/ros2_ws/install/my_cpp_pkg/share/my_cpp_pkg/hook/cmake_prefix_path.dsv'
[9.092s] INFO:colcon.colcon_core.shell:Creating environment hook '/media/sf_GhostRider/ros2_ws/install/my_cpp_pkg/share/my_cpp_pkg/hook/cmake_prefix_path.sh'
[9.094s] Level 1:colcon.colcon_core.environment:checking '/media/sf_GhostRider/ros2_ws/install/my_cpp_pkg/lib'
[9.095s] Level 1:colcon.colcon_core.environment:checking '/media/sf_GhostRider/ros2_ws/install/my_cpp_pkg/bin'
[9.095s] Level 1:colcon.colcon_core.environment:checking '/media/sf_GhostRider/ros2_ws/install/my_cpp_pkg/lib/pkgconfig/my_cpp_pkg.pc'
[9.096s] Level 1:colcon.colcon_core.environment:checking '/media/sf_GhostRider/ros2_ws/install/my_cpp_pkg/lib/python3.12/site-packages'
[9.097s] Level 1:colcon.colcon_core.environment:checking '/media/sf_GhostRider/ros2_ws/install/my_cpp_pkg/bin'
[9.097s] INFO:colcon.colcon_core.shell:Creating package script '/media/sf_GhostRider/ros2_ws/install/my_cpp_pkg/share/my_cpp_pkg/package.ps1'
[9.099s] INFO:colcon.colcon_core.shell:Creating package descriptor '/media/sf_GhostRider/ros2_ws/install/my_cpp_pkg/share/my_cpp_pkg/package.dsv'
[9.101s] INFO:colcon.colcon_core.shell:Creating package script '/media/sf_GhostRider/ros2_ws/install/my_cpp_pkg/share/my_cpp_pkg/package.sh'
[9.102s] INFO:colcon.colcon_core.shell:Creating package script '/media/sf_GhostRider/ros2_ws/install/my_cpp_pkg/share/my_cpp_pkg/package.bash'
[9.104s] INFO:colcon.colcon_core.shell:Creating package script '/media/sf_GhostRider/ros2_ws/install/my_cpp_pkg/share/my_cpp_pkg/package.zsh'
[9.113s] Level 1:colcon.colcon_core.environment:create_file_with_runtime_dependencies(/media/sf_GhostRider/ros2_ws/install/my_cpp_pkg/share/colcon-core/packages/my_cpp_pkg)
[9.117s] Level 1:colcon.colcon_core.environment:create_environment_scripts_only(my_cpp_pkg)
[9.117s] Level 1:colcon.colcon_core.environment:checking '/media/sf_GhostRider/ros2_ws/install/my_cpp_pkg' for CMake module files
[9.125s] Level 1:colcon.colcon_core.environment:checking '/media/sf_GhostRider/ros2_ws/install/my_cpp_pkg' for CMake config files
[9.131s] Level 1:colcon.colcon_core.shell:create_environment_hook('my_cpp_pkg', 'cmake_prefix_path')
[9.131s] INFO:colcon.colcon_core.shell:Creating environment hook '/media/sf_GhostRider/ros2_ws/install/my_cpp_pkg/share/my_cpp_pkg/hook/cmake_prefix_path.ps1'
[9.133s] INFO:colcon.colcon_core.shell:Creating environment descriptor '/media/sf_GhostRider/ros2_ws/install/my_cpp_pkg/share/my_cpp_pkg/hook/cmake_prefix_path.dsv'
[9.135s] INFO:colcon.colcon_core.shell:Creating environment hook '/media/sf_GhostRider/ros2_ws/install/my_cpp_pkg/share/my_cpp_pkg/hook/cmake_prefix_path.sh'
[9.137s] Level 1:colcon.colcon_core.environment:checking '/media/sf_GhostRider/ros2_ws/install/my_cpp_pkg/lib'
[9.138s] Level 1:colcon.colcon_core.environment:checking '/media/sf_GhostRider/ros2_ws/install/my_cpp_pkg/bin'
[9.138s] Level 1:colcon.colcon_core.environment:checking '/media/sf_GhostRider/ros2_ws/install/my_cpp_pkg/lib/pkgconfig/my_cpp_pkg.pc'
[9.138s] Level 1:colcon.colcon_core.environment:checking '/media/sf_GhostRider/ros2_ws/install/my_cpp_pkg/lib/python3.12/site-packages'
[9.139s] Level 1:colcon.colcon_core.environment:checking '/media/sf_GhostRider/ros2_ws/install/my_cpp_pkg/bin'
[9.139s] INFO:colcon.colcon_core.shell:Creating package script '/media/sf_GhostRider/ros2_ws/install/my_cpp_pkg/share/my_cpp_pkg/package.ps1'
[9.140s] INFO:colcon.colcon_core.shell:Creating package descriptor '/media/sf_GhostRider/ros2_ws/install/my_cpp_pkg/share/my_cpp_pkg/package.dsv'
[9.141s] INFO:colcon.colcon_core.shell:Creating package script '/media/sf_GhostRider/ros2_ws/install/my_cpp_pkg/share/my_cpp_pkg/package.sh'
[9.143s] INFO:colcon.colcon_core.shell:Creating package script '/media/sf_GhostRider/ros2_ws/install/my_cpp_pkg/share/my_cpp_pkg/package.bash'
[9.144s] INFO:colcon.colcon_core.shell:Creating package script '/media/sf_GhostRider/ros2_ws/install/my_cpp_pkg/share/my_cpp_pkg/package.zsh'
[9.145s] Level 1:colcon.colcon_core.environment:create_file_with_runtime_dependencies(/media/sf_GhostRider/ros2_ws/install/my_cpp_pkg/share/colcon-core/packages/my_cpp_pkg)
[9.147s] DEBUG:colcon.colcon_parallel_executor.executor.parallel:closing loop
[9.148s] DEBUG:colcon.colcon_parallel_executor.executor.parallel:loop closed
[9.149s] DEBUG:colcon.colcon_parallel_executor.executor.parallel:run_until_complete finished with '0'
[9.150s] DEBUG:colcon.colcon_core.event_reactor:joining thread
[9.160s] INFO:colcon.colcon_core.plugin_system:Skipping extension 'colcon_notification.desktop_notification.terminal_notifier': Not used on non-Darwin systems
[9.161s] INFO:colcon.colcon_core.plugin_system:Skipping extension 'colcon_notification.desktop_notification.win32': Not used on non-Windows systems
[9.164s] INFO:colcon.colcon_notification.desktop_notification:Sending desktop notification using 'notify2'
[9.190s] DEBUG:colcon.colcon_core.event_reactor:joined thread
[9.191s] INFO:colcon.colcon_core.shell:Creating prefix script '/media/sf_GhostRider/ros2_ws/install/local_setup.ps1'
[9.194s] INFO:colcon.colcon_core.shell:Creating prefix util module '/media/sf_GhostRider/ros2_ws/install/_local_setup_util_ps1.py'
[9.196s] INFO:colcon.colcon_core.shell:Creating prefix chain script '/media/sf_GhostRider/ros2_ws/install/setup.ps1'
[9.204s] INFO:colcon.colcon_core.shell:Creating prefix script '/media/sf_GhostRider/ros2_ws/install/local_setup.sh'
[9.211s] INFO:colcon.colcon_core.shell:Creating prefix util module '/media/sf_GhostRider/ros2_ws/install/_local_setup_util_sh.py'
[9.215s] INFO:colcon.colcon_core.shell:Creating prefix chain script '/media/sf_GhostRider/ros2_ws/install/setup.sh'
[9.226s] INFO:colcon.colcon_core.shell:Creating prefix script '/media/sf_GhostRider/ros2_ws/install/local_setup.bash'
[9.228s] INFO:colcon.colcon_core.shell:Creating prefix chain script '/media/sf_GhostRider/ros2_ws/install/setup.bash'
[9.234s] INFO:colcon.colcon_core.shell:Creating prefix script '/media/sf_GhostRider/ros2_ws/install/local_setup.zsh'
[9.244s] INFO:colcon.colcon_core.shell:Creating prefix chain script '/media/sf_GhostRider/ros2_ws/install/setup.zsh'
