[0.081s] Invoking command in '/media/sf_GhostRider/ros2_ws/build/my_cpp_pkg': CMAKE_PREFIX_PATH=${CMAKE_PREFIX_PATH}:/media/sf_GhostRider/ros2_ws/install/my_py_pkg:/opt/ros/jazzy DEBUGINFOD_URLS=https://debuginfod.ubuntu.com /usr/bin/cmake --build /media/sf_GhostRider/ros2_ws/build/my_cpp_pkg -- -j20 -l20
[0.381s] [ 60%] Built target robot_news_station
[0.383s] [ 80%] Built target cpp_node_test
[0.383s] [ 80%] Built target smartphone
[0.384s] [ 80%] Built target number_publisher
[0.620s] gmake[2]: Warning: File 'CMakeFiles/number_counter.dir/compiler_depend.make' has modification time 0.71 s in the future
[0.639s] [ 90%] [32mBuilding CXX object CMakeFiles/number_counter.dir/src/number_counter.cpp.o[0m
[6.828s] [100%] [32m[1mLinking CXX executable number_counter[0m
[8.691s] gmake[2]: warning:  Clock skew detected.  Your build may be incomplete.
[8.704s] [100%] Built target number_counter
[8.720s] Invoked command in '/media/sf_GhostRider/ros2_ws/build/my_cpp_pkg' returned '0': CMAKE_PREFIX_PATH=${CMAKE_PREFIX_PATH}:/media/sf_GhostRider/ros2_ws/install/my_py_pkg:/opt/ros/jazzy DEBUGINFOD_URLS=https://debuginfod.ubuntu.com /usr/bin/cmake --build /media/sf_GhostRider/ros2_ws/build/my_cpp_pkg -- -j20 -l20
[8.735s] Invoking command in '/media/sf_GhostRider/ros2_ws/build/my_cpp_pkg': CMAKE_PREFIX_PATH=${CMAKE_PREFIX_PATH}:/media/sf_GhostRider/ros2_ws/install/my_py_pkg:/opt/ros/jazzy DEBUGINFOD_URLS=https://debuginfod.ubuntu.com /usr/bin/cmake --install /media/sf_GhostRider/ros2_ws/build/my_cpp_pkg
[8.743s] -- Install configuration: ""
[8.752s] -- Up-to-date: /media/sf_GhostRider/ros2_ws/install/my_cpp_pkg/lib/my_cpp_pkg/cpp_node_test
[8.780s] -- Up-to-date: /media/sf_GhostRider/ros2_ws/install/my_cpp_pkg/lib/my_cpp_pkg/robot_news_station
[8.804s] -- Up-to-date: /media/sf_GhostRider/ros2_ws/install/my_cpp_pkg/lib/my_cpp_pkg/smartphone
[8.824s] -- Up-to-date: /media/sf_GhostRider/ros2_ws/install/my_cpp_pkg/lib/my_cpp_pkg/number_publisher
[8.835s] -- Up-to-date: /media/sf_GhostRider/ros2_ws/install/my_cpp_pkg/share/ament_index/resource_index/package_run_dependencies/my_cpp_pkg
[8.836s] -- Up-to-date: /media/sf_GhostRider/ros2_ws/install/my_cpp_pkg/share/ament_index/resource_index/parent_prefix_path/my_cpp_pkg
[8.837s] -- Up-to-date: /media/sf_GhostRider/ros2_ws/install/my_cpp_pkg/share/my_cpp_pkg/environment/ament_prefix_path.sh
[8.838s] -- Up-to-date: /media/sf_GhostRider/ros2_ws/install/my_cpp_pkg/share/my_cpp_pkg/environment/ament_prefix_path.dsv
[8.838s] -- Up-to-date: /media/sf_GhostRider/ros2_ws/install/my_cpp_pkg/share/my_cpp_pkg/environment/path.sh
[8.839s] -- Up-to-date: /media/sf_GhostRider/ros2_ws/install/my_cpp_pkg/share/my_cpp_pkg/environment/path.dsv
[8.840s] -- Up-to-date: /media/sf_GhostRider/ros2_ws/install/my_cpp_pkg/share/my_cpp_pkg/local_setup.bash
[8.841s] -- Up-to-date: /media/sf_GhostRider/ros2_ws/install/my_cpp_pkg/share/my_cpp_pkg/local_setup.sh
[8.841s] -- Up-to-date: /media/sf_GhostRider/ros2_ws/install/my_cpp_pkg/share/my_cpp_pkg/local_setup.zsh
[8.842s] -- Up-to-date: /media/sf_GhostRider/ros2_ws/install/my_cpp_pkg/share/my_cpp_pkg/local_setup.dsv
[8.843s] -- Installing: /media/sf_GhostRider/ros2_ws/install/my_cpp_pkg/share/my_cpp_pkg/package.dsv
[8.851s] -- Up-to-date: /media/sf_GhostRider/ros2_ws/install/my_cpp_pkg/share/ament_index/resource_index/packages/my_cpp_pkg
[8.852s] -- Up-to-date: /media/sf_GhostRider/ros2_ws/install/my_cpp_pkg/share/my_cpp_pkg/cmake/my_cpp_pkgConfig.cmake
[8.853s] -- Up-to-date: /media/sf_GhostRider/ros2_ws/install/my_cpp_pkg/share/my_cpp_pkg/cmake/my_cpp_pkgConfig-version.cmake
[8.854s] -- Up-to-date: /media/sf_GhostRider/ros2_ws/install/my_cpp_pkg/share/my_cpp_pkg/package.xml
[8.857s] Invoked command in '/media/sf_GhostRider/ros2_ws/build/my_cpp_pkg' returned '0': CMAKE_PREFIX_PATH=${CMAKE_PREFIX_PATH}:/media/sf_GhostRider/ros2_ws/install/my_py_pkg:/opt/ros/jazzy DEBUGINFOD_URLS=https://debuginfod.ubuntu.com /usr/bin/cmake --install /media/sf_GhostRider/ros2_ws/build/my_cpp_pkg
