[2.242s] Invoking command in '/media/sf_GhostRider/ros2_ws/src/my_py_pkg': DEBUGINFOD_URLS=https://debuginfod.ubuntu.com PYTHONPATH=/media/sf_GhostRider/ros2_ws/build/my_py_pkg/prefix_override:/usr/lib/python3/dist-packages/colcon_core/task/python/colcon_distutils_commands:/media/sf_GhostRider/ros2_ws/install/my_py_pkg/lib/python3.12/site-packages:${PYTHONPATH} /usr/bin/python3 -W ignore:setup.py install is deprecated -W ignore:easy_install command is deprecated setup.py egg_info --egg-base ../../build/my_py_pkg build --build-base /media/sf_GhostRider/ros2_ws/build/my_py_pkg/build install --record /media/sf_GhostRider/ros2_ws/build/my_py_pkg/install.log --single-version-externally-managed install_data
[2.444s] running egg_info
[2.457s] writing ../../build/my_py_pkg/my_py_pkg.egg-info/PKG-INFO
[2.458s] writing dependency_links to ../../build/my_py_pkg/my_py_pkg.egg-info/dependency_links.txt
[2.459s] writing entry points to ../../build/my_py_pkg/my_py_pkg.egg-info/entry_points.txt
[2.461s] writing requirements to ../../build/my_py_pkg/my_py_pkg.egg-info/requires.txt
[2.462s] writing top-level names to ../../build/my_py_pkg/my_py_pkg.egg-info/top_level.txt
[2.497s] reading manifest file '../../build/my_py_pkg/my_py_pkg.egg-info/SOURCES.txt'
[2.500s] writing manifest file '../../build/my_py_pkg/my_py_pkg.egg-info/SOURCES.txt'
[2.501s] running build
[2.502s] running build_py
[2.509s] copying my_py_pkg/led_panel.py -> /media/sf_GhostRider/ros2_ws/build/my_py_pkg/build/lib/my_py_pkg
[2.513s] copying my_py_pkg/led_panel_server.py -> /media/sf_GhostRider/ros2_ws/build/my_py_pkg/build/lib/my_py_pkg
[2.517s] running install
[2.522s] running install_lib
[2.536s] copying /media/sf_GhostRider/ros2_ws/build/my_py_pkg/build/lib/my_py_pkg/led_panel.py -> /media/sf_GhostRider/ros2_ws/install/my_py_pkg/lib/python3.12/site-packages/my_py_pkg
[2.539s] copying /media/sf_GhostRider/ros2_ws/build/my_py_pkg/build/lib/my_py_pkg/led_panel_server.py -> /media/sf_GhostRider/ros2_ws/install/my_py_pkg/lib/python3.12/site-packages/my_py_pkg
[2.544s] byte-compiling /media/sf_GhostRider/ros2_ws/install/my_py_pkg/lib/python3.12/site-packages/my_py_pkg/led_panel.py to led_panel.cpython-312.pyc
[2.547s] byte-compiling /media/sf_GhostRider/ros2_ws/install/my_py_pkg/lib/python3.12/site-packages/my_py_pkg/led_panel_server.py to led_panel_server.cpython-312.pyc
[2.551s] running install_data
[2.552s] running install_egg_info
[2.565s] removing '/media/sf_GhostRider/ros2_ws/install/my_py_pkg/lib/python3.12/site-packages/my_py_pkg-0.0.0-py3.12.egg-info' (and everything under it)
[2.569s] Copying ../../build/my_py_pkg/my_py_pkg.egg-info to /media/sf_GhostRider/ros2_ws/install/my_py_pkg/lib/python3.12/site-packages/my_py_pkg-0.0.0-py3.12.egg-info
[2.613s] running install_scripts
[2.711s] Installing add_two_ints_client_no_oop script to /media/sf_GhostRider/ros2_ws/install/my_py_pkg/lib/my_py_pkg
[2.713s] Installing add_two_ints_client_oop script to /media/sf_GhostRider/ros2_ws/install/my_py_pkg/lib/my_py_pkg
[2.714s] Installing add_two_ints_server script to /media/sf_GhostRider/ros2_ws/install/my_py_pkg/lib/my_py_pkg
[2.716s] Installing hardware_status_publisher script to /media/sf_GhostRider/ros2_ws/install/my_py_pkg/lib/my_py_pkg
[2.720s] Installing led_panel script to /media/sf_GhostRider/ros2_ws/install/my_py_pkg/lib/my_py_pkg
[2.722s] Installing led_panel_server script to /media/sf_GhostRider/ros2_ws/install/my_py_pkg/lib/my_py_pkg
[2.725s] Installing number_counter script to /media/sf_GhostRider/ros2_ws/install/my_py_pkg/lib/my_py_pkg
[2.727s] Installing number_publisher script to /media/sf_GhostRider/ros2_ws/install/my_py_pkg/lib/my_py_pkg
[2.730s] Installing py_node script to /media/sf_GhostRider/ros2_ws/install/my_py_pkg/lib/my_py_pkg
[2.733s] Installing robot_news_station script to /media/sf_GhostRider/ros2_ws/install/my_py_pkg/lib/my_py_pkg
[2.736s] Installing smartphone script to /media/sf_GhostRider/ros2_ws/install/my_py_pkg/lib/my_py_pkg
[2.740s] writing list of installed files to '/media/sf_GhostRider/ros2_ws/build/my_py_pkg/install.log'
[2.767s] Invoked command in '/media/sf_GhostRider/ros2_ws/src/my_py_pkg' returned '0': DEBUGINFOD_URLS=https://debuginfod.ubuntu.com PYTHONPATH=/media/sf_GhostRider/ros2_ws/build/my_py_pkg/prefix_override:/usr/lib/python3/dist-packages/colcon_core/task/python/colcon_distutils_commands:/media/sf_GhostRider/ros2_ws/install/my_py_pkg/lib/python3.12/site-packages:${PYTHONPATH} /usr/bin/python3 -W ignore:setup.py install is deprecated -W ignore:easy_install command is deprecated setup.py egg_info --egg-base ../../build/my_py_pkg build --build-base /media/sf_GhostRider/ros2_ws/build/my_py_pkg/build install --record /media/sf_GhostRider/ros2_ws/build/my_py_pkg/install.log --single-version-externally-managed install_data
