[0.057s] Invoking command in '/media/sf_GhostRider/ros2_ws/build/my_robot_interfaces': CMAKE_PREFIX_PATH=${CMAKE_PREFIX_PATH}:/media/sf_GhostRider/ros2_ws/install/my_py_pkg:/opt/ros/jazzy DEBUGINFOD_URLS=https://debuginfod.ubuntu.com /usr/bin/cmake --build /media/sf_GhostRider/ros2_ws/build/my_robot_interfaces -- -j20 -l20
[0.129s] -- Found ament_cmake: 2.5.5 (/opt/ros/jazzy/share/ament_cmake/cmake)
[0.151s] -- Found Python3: /usr/bin/python3 (found version "3.12.3") found components: Interpreter 
[0.230s] -- Found rosidl_default_generators: 1.6.0 (/opt/ros/jazzy/share/rosidl_default_generators/cmake)
[0.236s] -- Using all available rosidl_typesupport_c: rosidl_typesupport_fastrtps_c;rosidl_typesupport_introspection_c
[0.266s] -- Using all available rosidl_typesupport_cpp: rosidl_typesupport_fastrtps_cpp;rosidl_typesupport_introspection_cpp
[0.292s] -- Found rosidl_adapter: 4.6.7 (/opt/ros/jazzy/share/rosidl_adapter/cmake)
[0.649s] -- Found ament_cmake_ros: 0.12.0 (/opt/ros/jazzy/share/ament_cmake_ros/cmake)
[0.857s] -- Using all available rosidl_typesupport_c: rosidl_typesupport_fastrtps_c;rosidl_typesupport_introspection_c
[1.185s] -- Using all available rosidl_typesupport_cpp: rosidl_typesupport_fastrtps_cpp;rosidl_typesupport_introspection_cpp
[1.187s] -- Found python_cmake_module: 0.11.1 (/opt/ros/jazzy/share/python_cmake_module/cmake)
[1.388s] -- Found Python3: /usr/bin/python3 (found version "3.12.3") found components: Interpreter Development NumPy Development.Module Development.Embed 
[1.505s] -- Configuring done (1.4s)
[2.016s] -- Generating done (0.5s)
[2.206s] -- Build files have been written to: /media/sf_GhostRider/ros2_ws/build/my_robot_interfaces
[2.314s] [  1%] [34m[1mGenerating type hashes for ROS interfaces[0m
[2.505s] [  1%] Built target ament_cmake_python_copy_my_robot_interfaces
[2.629s] [  1%] Built target my_robot_interfaces__rosidl_generator_type_description
[2.657s] [  3%] [34m[1mGenerating C code for ROS interfaces[0m
[2.719s] [  4%] [34m[1mGenerating C++ code for ROS interfaces[0m
[2.775s] running egg_info
[2.803s] writing my_robot_interfaces.egg-info/PKG-INFO
[2.805s] writing dependency_links to my_robot_interfaces.egg-info/dependency_links.txt
[2.807s] writing top-level names to my_robot_interfaces.egg-info/top_level.txt
[2.850s] reading manifest file 'my_robot_interfaces.egg-info/SOURCES.txt'
[2.853s] writing manifest file 'my_robot_interfaces.egg-info/SOURCES.txt'
[2.929s] [  4%] Built target ament_cmake_python_build_my_robot_interfaces_egg
[7.135s] [  4%] Built target my_robot_interfaces__cpp
[8.080s] [  9%] [32mBuilding C object CMakeFiles/my_robot_interfaces__rosidl_generator_c.dir/rosidl_generator_c/my_robot_interfaces/msg/detail/hardware_status__description.c.o[0m
[8.109s] [  9%] [32mBuilding C object CMakeFiles/my_robot_interfaces__rosidl_generator_c.dir/rosidl_generator_c/my_robot_interfaces/msg/detail/hardware_status__type_support.c.o[0m
[8.131s] [ 10%] [32mBuilding C object CMakeFiles/my_robot_interfaces__rosidl_generator_c.dir/rosidl_generator_c/my_robot_interfaces/msg/detail/hardware_status__functions.c.o[0m
[8.136s] [ 10%] [32mBuilding C object CMakeFiles/my_robot_interfaces__rosidl_generator_c.dir/rosidl_generator_c/my_robot_interfaces/srv/detail/compute_rectangle_area__description.c.o[0m
[8.369s] [ 12%] [32mBuilding C object CMakeFiles/my_robot_interfaces__rosidl_generator_c.dir/rosidl_generator_c/my_robot_interfaces/srv/detail/compute_rectangle_area__functions.c.o[0m
[8.455s] [ 14%] [32mBuilding C object CMakeFiles/my_robot_interfaces__rosidl_generator_c.dir/rosidl_generator_c/my_robot_interfaces/msg/detail/led_state_array__description.c.o[0m
[8.857s] [ 17%] [32mBuilding C object CMakeFiles/my_robot_interfaces__rosidl_generator_c.dir/rosidl_generator_c/my_robot_interfaces/msg/detail/led_state_array__type_support.c.o[0m
[8.913s] [ 17%] [32mBuilding C object CMakeFiles/my_robot_interfaces__rosidl_generator_c.dir/rosidl_generator_c/my_robot_interfaces/srv/detail/set_led__description.c.o[0m
[8.933s] [ 20%] [32mBuilding C object CMakeFiles/my_robot_interfaces__rosidl_generator_c.dir/rosidl_generator_c/my_robot_interfaces/srv/detail/compute_rectangle_area__type_support.c.o[0m
[9.017s] [ 21%] [32mBuilding C object CMakeFiles/my_robot_interfaces__rosidl_generator_c.dir/rosidl_generator_c/my_robot_interfaces/srv/detail/set_led__type_support.c.o[0m
[9.069s] [ 21%] [32mBuilding C object CMakeFiles/my_robot_interfaces__rosidl_generator_c.dir/rosidl_generator_c/my_robot_interfaces/srv/detail/set_led__functions.c.o[0m
[9.107s] [ 23%] [32mBuilding C object CMakeFiles/my_robot_interfaces__rosidl_generator_c.dir/rosidl_generator_c/my_robot_interfaces/msg/detail/led_state_array__functions.c.o[0m
[11.237s] [ 25%] [32m[1mLinking C shared library libmy_robot_interfaces__rosidl_generator_c.so[0m
[11.365s] [ 25%] Built target my_robot_interfaces__rosidl_generator_c
[11.485s] [ 28%] [34m[1mGenerating C++ introspection for ROS interfaces[0m
[11.490s] [ 32%] [34m[1mGenerating C++ type support for eProsima Fast-RTPS[0m
[11.491s] [ 34%] [34m[1mGenerating C introspection for ROS interfaces[0m
[11.513s] [ 34%] [34m[1mGenerating C type support for eProsima Fast-RTPS[0m
[11.562s] [ 34%] [34m[1mGenerating C type support dispatch for ROS interfaces[0m
[11.606s] [ 34%] [34m[1mGenerating C++ type support dispatch for ROS interfaces[0m
[16.476s] [ 35%] [32mBuilding CXX object CMakeFiles/my_robot_interfaces__rosidl_typesupport_c.dir/rosidl_typesupport_c/my_robot_interfaces/msg/hardware_status__type_support.cpp.o[0m
[16.492s] [ 37%] [32mBuilding C object CMakeFiles/my_robot_interfaces__rosidl_typesupport_introspection_c.dir/rosidl_typesupport_introspection_c/my_robot_interfaces/msg/detail/hardware_status__type_support.c.o[0m
[16.503s] [ 42%] [32mBuilding CXX object CMakeFiles/my_robot_interfaces__rosidl_typesupport_c.dir/rosidl_typesupport_c/my_robot_interfaces/msg/led_state_array__type_support.cpp.o[0m
[16.512s] [ 42%] [32mBuilding CXX object CMakeFiles/my_robot_interfaces__rosidl_typesupport_c.dir/rosidl_typesupport_c/my_robot_interfaces/srv/compute_rectangle_area__type_support.cpp.o[0m
[16.554s] [ 45%] [32mBuilding C object CMakeFiles/my_robot_interfaces__rosidl_typesupport_introspection_c.dir/rosidl_typesupport_introspection_c/my_robot_interfaces/srv/detail/compute_rectangle_area__type_support.c.o[0m
[16.578s] [ 45%] [32mBuilding CXX object CMakeFiles/my_robot_interfaces__rosidl_typesupport_c.dir/rosidl_typesupport_c/my_robot_interfaces/srv/set_led__type_support.cpp.o[0m
[16.588s] [ 46%] [32mBuilding C object CMakeFiles/my_robot_interfaces__rosidl_typesupport_introspection_c.dir/rosidl_typesupport_introspection_c/my_robot_interfaces/msg/detail/led_state_array__type_support.c.o[0m
[16.600s] [ 46%] [32mBuilding C object CMakeFiles/my_robot_interfaces__rosidl_typesupport_introspection_c.dir/rosidl_typesupport_introspection_c/my_robot_interfaces/srv/detail/set_led__type_support.c.o[0m
[17.231s] [ 48%] [32m[1mLinking CXX shared library libmy_robot_interfaces__rosidl_typesupport_c.so[0m
[17.472s] [ 50%] [32m[1mLinking C shared library libmy_robot_interfaces__rosidl_typesupport_introspection_c.so[0m
[17.863s] [ 50%] Built target my_robot_interfaces__rosidl_typesupport_c
[18.004s] [ 50%] Built target my_robot_interfaces__rosidl_typesupport_introspection_c
[18.306s] [ 53%] [32mBuilding CXX object CMakeFiles/my_robot_interfaces__rosidl_typesupport_introspection_cpp.dir/rosidl_typesupport_introspection_cpp/my_robot_interfaces/msg/detail/hardware_status__type_support.cpp.o[0m
[18.350s] [ 53%] [32mBuilding CXX object CMakeFiles/my_robot_interfaces__rosidl_typesupport_cpp.dir/rosidl_typesupport_cpp/my_robot_interfaces/msg/hardware_status__type_support.cpp.o[0m
[18.457s] [ 59%] [32mBuilding CXX object CMakeFiles/my_robot_interfaces__rosidl_typesupport_introspection_cpp.dir/rosidl_typesupport_introspection_cpp/my_robot_interfaces/srv/detail/compute_rectangle_area__type_support.cpp.o[0m
[18.543s] [ 59%] [32mBuilding CXX object CMakeFiles/my_robot_interfaces__rosidl_typesupport_introspection_cpp.dir/rosidl_typesupport_introspection_cpp/my_robot_interfaces/msg/detail/led_state_array__type_support.cpp.o[0m
[18.600s] [ 59%] [32mBuilding CXX object CMakeFiles/my_robot_interfaces__rosidl_typesupport_cpp.dir/rosidl_typesupport_cpp/my_robot_interfaces/srv/compute_rectangle_area__type_support.cpp.o[0m
[18.657s] [ 59%] [32mBuilding CXX object CMakeFiles/my_robot_interfaces__rosidl_typesupport_cpp.dir/rosidl_typesupport_cpp/my_robot_interfaces/msg/led_state_array__type_support.cpp.o[0m
[18.707s] [ 62%] [32mBuilding CXX object CMakeFiles/my_robot_interfaces__rosidl_typesupport_cpp.dir/rosidl_typesupport_cpp/my_robot_interfaces/srv/set_led__type_support.cpp.o[0m
[18.752s] [ 62%] [32mBuilding CXX object CMakeFiles/my_robot_interfaces__rosidl_typesupport_introspection_cpp.dir/rosidl_typesupport_introspection_cpp/my_robot_interfaces/srv/detail/set_led__type_support.cpp.o[0m
[19.649s] [ 64%] [32mBuilding CXX object CMakeFiles/my_robot_interfaces__rosidl_typesupport_fastrtps_c.dir/rosidl_typesupport_fastrtps_c/my_robot_interfaces/msg/detail/hardware_status__type_support_c.cpp.o[0m
[19.873s] [ 68%] [32mBuilding CXX object CMakeFiles/my_robot_interfaces__rosidl_typesupport_fastrtps_c.dir/rosidl_typesupport_fastrtps_c/my_robot_interfaces/srv/detail/set_led__type_support_c.cpp.o[0m
[19.896s] [ 68%] [32mBuilding CXX object CMakeFiles/my_robot_interfaces__rosidl_typesupport_fastrtps_c.dir/rosidl_typesupport_fastrtps_c/my_robot_interfaces/srv/detail/compute_rectangle_area__type_support_c.cpp.o[0m
[19.928s] [ 68%] [32mBuilding CXX object CMakeFiles/my_robot_interfaces__rosidl_typesupport_fastrtps_c.dir/rosidl_typesupport_fastrtps_c/my_robot_interfaces/msg/detail/led_state_array__type_support_c.cpp.o[0m
[20.212s] [ 70%] [32mBuilding CXX object CMakeFiles/my_robot_interfaces__rosidl_typesupport_fastrtps_cpp.dir/rosidl_typesupport_fastrtps_cpp/my_robot_interfaces/msg/detail/dds_fastrtps/hardware_status__type_support.cpp.o[0m
[20.409s] [ 71%] [32mBuilding CXX object CMakeFiles/my_robot_interfaces__rosidl_typesupport_fastrtps_cpp.dir/rosidl_typesupport_fastrtps_cpp/my_robot_interfaces/srv/detail/dds_fastrtps/compute_rectangle_area__type_support.cpp.o[0m
[20.713s] [ 73%] [32mBuilding CXX object CMakeFiles/my_robot_interfaces__rosidl_typesupport_fastrtps_cpp.dir/rosidl_typesupport_fastrtps_cpp/my_robot_interfaces/msg/detail/dds_fastrtps/led_state_array__type_support.cpp.o[0m
[20.964s] [ 75%] [32mBuilding CXX object CMakeFiles/my_robot_interfaces__rosidl_typesupport_fastrtps_cpp.dir/rosidl_typesupport_fastrtps_cpp/my_robot_interfaces/srv/detail/dds_fastrtps/set_led__type_support.cpp.o[0m
[22.026s] [ 76%] [32m[1mLinking CXX shared library libmy_robot_interfaces__rosidl_typesupport_cpp.so[0m
[25.358s] [ 76%] Built target my_robot_interfaces__rosidl_typesupport_cpp
[26.009s] [ 78%] [32m[1mLinking CXX shared library libmy_robot_interfaces__rosidl_typesupport_introspection_cpp.so[0m
[26.155s] [ 79%] [32m[1mLinking CXX shared library libmy_robot_interfaces__rosidl_typesupport_fastrtps_c.so[0m
[26.383s] [ 79%] Built target my_robot_interfaces__rosidl_typesupport_fastrtps_c
[26.477s] [ 79%] Built target my_robot_interfaces__rosidl_typesupport_introspection_cpp
[26.541s] [ 81%] [32m[1mLinking CXX shared library libmy_robot_interfaces__rosidl_typesupport_fastrtps_cpp.so[0m
[26.737s] [ 81%] Built target my_robot_interfaces__rosidl_typesupport_fastrtps_cpp
[26.791s] [ 81%] Built target my_robot_interfaces
[26.842s] [ 82%] [34m[1mGenerating Python code for ROS interfaces[0m
[27.526s] [ 82%] Built target my_robot_interfaces__py
[27.825s] [ 84%] [32mBuilding C object CMakeFiles/my_robot_interfaces__rosidl_generator_py.dir/rosidl_generator_py/my_robot_interfaces/msg/_hardware_status_s.c.o[0m
[27.827s] [ 85%] [32mBuilding C object CMakeFiles/my_robot_interfaces__rosidl_generator_py.dir/rosidl_generator_py/my_robot_interfaces/srv/_compute_rectangle_area_s.c.o[0m
[27.829s] [ 89%] [32mBuilding C object CMakeFiles/my_robot_interfaces__rosidl_generator_py.dir/rosidl_generator_py/my_robot_interfaces/msg/_led_state_array_s.c.o[0m
[27.836s] [ 89%] [32mBuilding C object CMakeFiles/my_robot_interfaces__rosidl_generator_py.dir/rosidl_generator_py/my_robot_interfaces/srv/_set_led_s.c.o[0m
[28.067s] [ 90%] [32m[1mLinking C shared library libmy_robot_interfaces__rosidl_generator_py.so[0m
[28.178s] [ 90%] Built target my_robot_interfaces__rosidl_generator_py
[28.441s] [ 95%] [32mBuilding C object CMakeFiles/my_robot_interfaces_s__rosidl_typesupport_introspection_c.dir/rosidl_generator_py/my_robot_interfaces/_my_robot_interfaces_s.ep.rosidl_typesupport_introspection_c.c.o[0m
[28.452s] [ 95%] [32mBuilding C object CMakeFiles/my_robot_interfaces_s__rosidl_typesupport_c.dir/rosidl_generator_py/my_robot_interfaces/_my_robot_interfaces_s.ep.rosidl_typesupport_c.c.o[0m
[28.468s] [ 95%] [32mBuilding C object CMakeFiles/my_robot_interfaces_s__rosidl_typesupport_fastrtps_c.dir/rosidl_generator_py/my_robot_interfaces/_my_robot_interfaces_s.ep.rosidl_typesupport_fastrtps_c.c.o[0m
[28.669s] [ 98%] [32m[1mLinking C shared module rosidl_generator_py/my_robot_interfaces/my_robot_interfaces_s__rosidl_typesupport_fastrtps_c.so[0m
[28.693s] [ 98%] [32m[1mLinking C shared module rosidl_generator_py/my_robot_interfaces/my_robot_interfaces_s__rosidl_typesupport_introspection_c.so[0m
[28.696s] [100%] [32m[1mLinking C shared module rosidl_generator_py/my_robot_interfaces/my_robot_interfaces_s__rosidl_typesupport_c.so[0m
[28.848s] [100%] Built target my_robot_interfaces_s__rosidl_typesupport_fastrtps_c
[28.849s] [100%] Built target my_robot_interfaces_s__rosidl_typesupport_introspection_c
[28.850s] [100%] Built target my_robot_interfaces_s__rosidl_typesupport_c
[28.925s] Invoked command in '/media/sf_GhostRider/ros2_ws/build/my_robot_interfaces' returned '0': CMAKE_PREFIX_PATH=${CMAKE_PREFIX_PATH}:/media/sf_GhostRider/ros2_ws/install/my_py_pkg:/opt/ros/jazzy DEBUGINFOD_URLS=https://debuginfod.ubuntu.com /usr/bin/cmake --build /media/sf_GhostRider/ros2_ws/build/my_robot_interfaces -- -j20 -l20
[28.946s] Invoking command in '/media/sf_GhostRider/ros2_ws/build/my_robot_interfaces': CMAKE_PREFIX_PATH=${CMAKE_PREFIX_PATH}:/media/sf_GhostRider/ros2_ws/install/my_py_pkg:/opt/ros/jazzy DEBUGINFOD_URLS=https://debuginfod.ubuntu.com /usr/bin/cmake --install /media/sf_GhostRider/ros2_ws/build/my_robot_interfaces
[28.963s] -- Install configuration: ""
[28.965s] -- Up-to-date: /media/sf_GhostRider/ros2_ws/install/my_robot_interfaces/share/ament_index/resource_index/rosidl_interfaces/my_robot_interfaces
[28.967s] -- Installing: /media/sf_GhostRider/ros2_ws/install/my_robot_interfaces/share/my_robot_interfaces/msg/HardwareStatus.json
[28.974s] -- Installing: /media/sf_GhostRider/ros2_ws/install/my_robot_interfaces/share/my_robot_interfaces/srv/ComputeRectangleArea.json
[28.980s] -- Installing: /media/sf_GhostRider/ros2_ws/install/my_robot_interfaces/share/my_robot_interfaces/msg/LedStateArray.json
[28.986s] -- Installing: /media/sf_GhostRider/ros2_ws/install/my_robot_interfaces/share/my_robot_interfaces/srv/SetLed.json
[28.992s] -- Up-to-date: /media/sf_GhostRider/ros2_ws/install/my_robot_interfaces/include/my_robot_interfaces/my_robot_interfaces
[28.993s] -- Up-to-date: /media/sf_GhostRider/ros2_ws/install/my_robot_interfaces/include/my_robot_interfaces/my_robot_interfaces/msg
[28.995s] -- Up-to-date: /media/sf_GhostRider/ros2_ws/install/my_robot_interfaces/include/my_robot_interfaces/my_robot_interfaces/msg/detail
[28.996s] -- Installing: /media/sf_GhostRider/ros2_ws/install/my_robot_interfaces/include/my_robot_interfaces/my_robot_interfaces/msg/detail/hardware_status__description.c
[29.001s] -- Installing: /media/sf_GhostRider/ros2_ws/install/my_robot_interfaces/include/my_robot_interfaces/my_robot_interfaces/msg/detail/hardware_status__functions.c
[29.007s] -- Installing: /media/sf_GhostRider/ros2_ws/install/my_robot_interfaces/include/my_robot_interfaces/my_robot_interfaces/msg/detail/hardware_status__functions.h
[29.012s] -- Installing: /media/sf_GhostRider/ros2_ws/install/my_robot_interfaces/include/my_robot_interfaces/my_robot_interfaces/msg/detail/hardware_status__struct.h
[29.021s] -- Installing: /media/sf_GhostRider/ros2_ws/install/my_robot_interfaces/include/my_robot_interfaces/my_robot_interfaces/msg/detail/hardware_status__type_support.c
[29.028s] -- Installing: /media/sf_GhostRider/ros2_ws/install/my_robot_interfaces/include/my_robot_interfaces/my_robot_interfaces/msg/detail/hardware_status__type_support.h
[29.034s] -- Installing: /media/sf_GhostRider/ros2_ws/install/my_robot_interfaces/include/my_robot_interfaces/my_robot_interfaces/msg/detail/led_state_array__description.c
[29.039s] -- Installing: /media/sf_GhostRider/ros2_ws/install/my_robot_interfaces/include/my_robot_interfaces/my_robot_interfaces/msg/detail/led_state_array__functions.c
[29.045s] -- Installing: /media/sf_GhostRider/ros2_ws/install/my_robot_interfaces/include/my_robot_interfaces/my_robot_interfaces/msg/detail/led_state_array__functions.h
[29.051s] -- Installing: /media/sf_GhostRider/ros2_ws/install/my_robot_interfaces/include/my_robot_interfaces/my_robot_interfaces/msg/detail/led_state_array__struct.h
[29.056s] -- Installing: /media/sf_GhostRider/ros2_ws/install/my_robot_interfaces/include/my_robot_interfaces/my_robot_interfaces/msg/detail/led_state_array__type_support.c
[29.061s] -- Installing: /media/sf_GhostRider/ros2_ws/install/my_robot_interfaces/include/my_robot_interfaces/my_robot_interfaces/msg/detail/led_state_array__type_support.h
[29.066s] -- Installing: /media/sf_GhostRider/ros2_ws/install/my_robot_interfaces/include/my_robot_interfaces/my_robot_interfaces/msg/hardware_status.h
[29.071s] -- Installing: /media/sf_GhostRider/ros2_ws/install/my_robot_interfaces/include/my_robot_interfaces/my_robot_interfaces/msg/led_state_array.h
[29.076s] -- Up-to-date: /media/sf_GhostRider/ros2_ws/install/my_robot_interfaces/include/my_robot_interfaces/my_robot_interfaces/msg/rosidl_generator_c__visibility_control.h
[29.077s] -- Up-to-date: /media/sf_GhostRider/ros2_ws/install/my_robot_interfaces/include/my_robot_interfaces/my_robot_interfaces/srv
[29.079s] -- Installing: /media/sf_GhostRider/ros2_ws/install/my_robot_interfaces/include/my_robot_interfaces/my_robot_interfaces/srv/compute_rectangle_area.h
[29.084s] -- Up-to-date: /media/sf_GhostRider/ros2_ws/install/my_robot_interfaces/include/my_robot_interfaces/my_robot_interfaces/srv/detail
[29.086s] -- Installing: /media/sf_GhostRider/ros2_ws/install/my_robot_interfaces/include/my_robot_interfaces/my_robot_interfaces/srv/detail/compute_rectangle_area__description.c
[29.091s] -- Installing: /media/sf_GhostRider/ros2_ws/install/my_robot_interfaces/include/my_robot_interfaces/my_robot_interfaces/srv/detail/compute_rectangle_area__functions.c
[29.099s] -- Installing: /media/sf_GhostRider/ros2_ws/install/my_robot_interfaces/include/my_robot_interfaces/my_robot_interfaces/srv/detail/compute_rectangle_area__functions.h
[29.105s] -- Installing: /media/sf_GhostRider/ros2_ws/install/my_robot_interfaces/include/my_robot_interfaces/my_robot_interfaces/srv/detail/compute_rectangle_area__struct.h
[29.110s] -- Installing: /media/sf_GhostRider/ros2_ws/install/my_robot_interfaces/include/my_robot_interfaces/my_robot_interfaces/srv/detail/compute_rectangle_area__type_support.c
[29.115s] -- Installing: /media/sf_GhostRider/ros2_ws/install/my_robot_interfaces/include/my_robot_interfaces/my_robot_interfaces/srv/detail/compute_rectangle_area__type_support.h
[29.127s] -- Installing: /media/sf_GhostRider/ros2_ws/install/my_robot_interfaces/include/my_robot_interfaces/my_robot_interfaces/srv/detail/set_led__description.c
[29.136s] -- Installing: /media/sf_GhostRider/ros2_ws/install/my_robot_interfaces/include/my_robot_interfaces/my_robot_interfaces/srv/detail/set_led__functions.c
[29.141s] -- Installing: /media/sf_GhostRider/ros2_ws/install/my_robot_interfaces/include/my_robot_interfaces/my_robot_interfaces/srv/detail/set_led__functions.h
[29.158s] -- Installing: /media/sf_GhostRider/ros2_ws/install/my_robot_interfaces/include/my_robot_interfaces/my_robot_interfaces/srv/detail/set_led__struct.h
[29.172s] -- Installing: /media/sf_GhostRider/ros2_ws/install/my_robot_interfaces/include/my_robot_interfaces/my_robot_interfaces/srv/detail/set_led__type_support.c
[29.177s] -- Installing: /media/sf_GhostRider/ros2_ws/install/my_robot_interfaces/include/my_robot_interfaces/my_robot_interfaces/srv/detail/set_led__type_support.h
[29.182s] -- Installing: /media/sf_GhostRider/ros2_ws/install/my_robot_interfaces/include/my_robot_interfaces/my_robot_interfaces/srv/set_led.h
[29.187s] -- Up-to-date: /media/sf_GhostRider/ros2_ws/install/my_robot_interfaces/share/my_robot_interfaces/environment/library_path.sh
[29.188s] -- Up-to-date: /media/sf_GhostRider/ros2_ws/install/my_robot_interfaces/share/my_robot_interfaces/environment/library_path.dsv
[29.196s] -- Installing: /media/sf_GhostRider/ros2_ws/install/my_robot_interfaces/lib/libmy_robot_interfaces__rosidl_generator_c.so
[29.234s] -- Set non-toolchain portion of runtime path of "/media/sf_GhostRider/ros2_ws/install/my_robot_interfaces/lib/libmy_robot_interfaces__rosidl_generator_c.so" to ""
[29.235s] -- Up-to-date: /media/sf_GhostRider/ros2_ws/install/my_robot_interfaces/include/my_robot_interfaces/my_robot_interfaces
[29.237s] -- Up-to-date: /media/sf_GhostRider/ros2_ws/install/my_robot_interfaces/include/my_robot_interfaces/my_robot_interfaces/msg
[29.238s] -- Up-to-date: /media/sf_GhostRider/ros2_ws/install/my_robot_interfaces/include/my_robot_interfaces/my_robot_interfaces/msg/detail
[29.240s] -- Installing: /media/sf_GhostRider/ros2_ws/install/my_robot_interfaces/include/my_robot_interfaces/my_robot_interfaces/msg/detail/hardware_status__rosidl_typesupport_fastrtps_c.h
[29.256s] -- Installing: /media/sf_GhostRider/ros2_ws/install/my_robot_interfaces/include/my_robot_interfaces/my_robot_interfaces/msg/detail/led_state_array__rosidl_typesupport_fastrtps_c.h
[29.262s] -- Up-to-date: /media/sf_GhostRider/ros2_ws/install/my_robot_interfaces/include/my_robot_interfaces/my_robot_interfaces/msg/rosidl_typesupport_fastrtps_c__visibility_control.h
[29.263s] -- Up-to-date: /media/sf_GhostRider/ros2_ws/install/my_robot_interfaces/include/my_robot_interfaces/my_robot_interfaces/srv
[29.264s] -- Up-to-date: /media/sf_GhostRider/ros2_ws/install/my_robot_interfaces/include/my_robot_interfaces/my_robot_interfaces/srv/detail
[29.266s] -- Installing: /media/sf_GhostRider/ros2_ws/install/my_robot_interfaces/include/my_robot_interfaces/my_robot_interfaces/srv/detail/compute_rectangle_area__rosidl_typesupport_fastrtps_c.h
[29.270s] -- Installing: /media/sf_GhostRider/ros2_ws/install/my_robot_interfaces/include/my_robot_interfaces/my_robot_interfaces/srv/detail/set_led__rosidl_typesupport_fastrtps_c.h
[29.284s] -- Installing: /media/sf_GhostRider/ros2_ws/install/my_robot_interfaces/lib/libmy_robot_interfaces__rosidl_typesupport_fastrtps_c.so
[29.311s] -- Set non-toolchain portion of runtime path of "/media/sf_GhostRider/ros2_ws/install/my_robot_interfaces/lib/libmy_robot_interfaces__rosidl_typesupport_fastrtps_c.so" to ""
[29.312s] -- Up-to-date: /media/sf_GhostRider/ros2_ws/install/my_robot_interfaces/include/my_robot_interfaces/my_robot_interfaces
[29.314s] -- Up-to-date: /media/sf_GhostRider/ros2_ws/install/my_robot_interfaces/include/my_robot_interfaces/my_robot_interfaces/msg
[29.315s] -- Up-to-date: /media/sf_GhostRider/ros2_ws/install/my_robot_interfaces/include/my_robot_interfaces/my_robot_interfaces/msg/detail
[29.317s] -- Installing: /media/sf_GhostRider/ros2_ws/install/my_robot_interfaces/include/my_robot_interfaces/my_robot_interfaces/msg/detail/hardware_status__rosidl_typesupport_introspection_c.h
[29.329s] -- Installing: /media/sf_GhostRider/ros2_ws/install/my_robot_interfaces/include/my_robot_interfaces/my_robot_interfaces/msg/detail/hardware_status__type_support.c
[29.335s] -- Installing: /media/sf_GhostRider/ros2_ws/install/my_robot_interfaces/include/my_robot_interfaces/my_robot_interfaces/msg/detail/led_state_array__rosidl_typesupport_introspection_c.h
[29.339s] -- Installing: /media/sf_GhostRider/ros2_ws/install/my_robot_interfaces/include/my_robot_interfaces/my_robot_interfaces/msg/detail/led_state_array__type_support.c
[29.344s] -- Up-to-date: /media/sf_GhostRider/ros2_ws/install/my_robot_interfaces/include/my_robot_interfaces/my_robot_interfaces/msg/rosidl_typesupport_introspection_c__visibility_control.h
[29.345s] -- Up-to-date: /media/sf_GhostRider/ros2_ws/install/my_robot_interfaces/include/my_robot_interfaces/my_robot_interfaces/srv
[29.347s] -- Up-to-date: /media/sf_GhostRider/ros2_ws/install/my_robot_interfaces/include/my_robot_interfaces/my_robot_interfaces/srv/detail
[29.349s] -- Installing: /media/sf_GhostRider/ros2_ws/install/my_robot_interfaces/include/my_robot_interfaces/my_robot_interfaces/srv/detail/compute_rectangle_area__rosidl_typesupport_introspection_c.h
[29.353s] -- Installing: /media/sf_GhostRider/ros2_ws/install/my_robot_interfaces/include/my_robot_interfaces/my_robot_interfaces/srv/detail/compute_rectangle_area__type_support.c
[29.360s] -- Installing: /media/sf_GhostRider/ros2_ws/install/my_robot_interfaces/include/my_robot_interfaces/my_robot_interfaces/srv/detail/set_led__rosidl_typesupport_introspection_c.h
[29.365s] -- Installing: /media/sf_GhostRider/ros2_ws/install/my_robot_interfaces/include/my_robot_interfaces/my_robot_interfaces/srv/detail/set_led__type_support.c
[29.378s] -- Installing: /media/sf_GhostRider/ros2_ws/install/my_robot_interfaces/lib/libmy_robot_interfaces__rosidl_typesupport_introspection_c.so
[29.404s] -- Set non-toolchain portion of runtime path of "/media/sf_GhostRider/ros2_ws/install/my_robot_interfaces/lib/libmy_robot_interfaces__rosidl_typesupport_introspection_c.so" to ""
[29.413s] -- Installing: /media/sf_GhostRider/ros2_ws/install/my_robot_interfaces/lib/libmy_robot_interfaces__rosidl_typesupport_c.so
[29.447s] -- Set non-toolchain portion of runtime path of "/media/sf_GhostRider/ros2_ws/install/my_robot_interfaces/lib/libmy_robot_interfaces__rosidl_typesupport_c.so" to ""
[29.451s] -- Up-to-date: /media/sf_GhostRider/ros2_ws/install/my_robot_interfaces/include/my_robot_interfaces/my_robot_interfaces
[29.452s] -- Up-to-date: /media/sf_GhostRider/ros2_ws/install/my_robot_interfaces/include/my_robot_interfaces/my_robot_interfaces/msg
[29.453s] -- Up-to-date: /media/sf_GhostRider/ros2_ws/install/my_robot_interfaces/include/my_robot_interfaces/my_robot_interfaces/msg/detail
[29.453s] -- Installing: /media/sf_GhostRider/ros2_ws/install/my_robot_interfaces/include/my_robot_interfaces/my_robot_interfaces/msg/detail/hardware_status__builder.hpp
[29.457s] -- Installing: /media/sf_GhostRider/ros2_ws/install/my_robot_interfaces/include/my_robot_interfaces/my_robot_interfaces/msg/detail/hardware_status__struct.hpp
[29.462s] -- Installing: /media/sf_GhostRider/ros2_ws/install/my_robot_interfaces/include/my_robot_interfaces/my_robot_interfaces/msg/detail/hardware_status__traits.hpp
[29.468s] -- Installing: /media/sf_GhostRider/ros2_ws/install/my_robot_interfaces/include/my_robot_interfaces/my_robot_interfaces/msg/detail/hardware_status__type_support.hpp
[29.473s] -- Installing: /media/sf_GhostRider/ros2_ws/install/my_robot_interfaces/include/my_robot_interfaces/my_robot_interfaces/msg/detail/led_state_array__builder.hpp
[29.478s] -- Installing: /media/sf_GhostRider/ros2_ws/install/my_robot_interfaces/include/my_robot_interfaces/my_robot_interfaces/msg/detail/led_state_array__struct.hpp
[29.483s] -- Installing: /media/sf_GhostRider/ros2_ws/install/my_robot_interfaces/include/my_robot_interfaces/my_robot_interfaces/msg/detail/led_state_array__traits.hpp
[29.488s] -- Installing: /media/sf_GhostRider/ros2_ws/install/my_robot_interfaces/include/my_robot_interfaces/my_robot_interfaces/msg/detail/led_state_array__type_support.hpp
[29.494s] -- Installing: /media/sf_GhostRider/ros2_ws/install/my_robot_interfaces/include/my_robot_interfaces/my_robot_interfaces/msg/hardware_status.hpp
[29.498s] -- Installing: /media/sf_GhostRider/ros2_ws/install/my_robot_interfaces/include/my_robot_interfaces/my_robot_interfaces/msg/led_state_array.hpp
[29.503s] -- Installing: /media/sf_GhostRider/ros2_ws/install/my_robot_interfaces/include/my_robot_interfaces/my_robot_interfaces/msg/rosidl_generator_cpp__visibility_control.hpp
[29.509s] -- Up-to-date: /media/sf_GhostRider/ros2_ws/install/my_robot_interfaces/include/my_robot_interfaces/my_robot_interfaces/srv
[29.511s] -- Installing: /media/sf_GhostRider/ros2_ws/install/my_robot_interfaces/include/my_robot_interfaces/my_robot_interfaces/srv/compute_rectangle_area.hpp
[29.515s] -- Up-to-date: /media/sf_GhostRider/ros2_ws/install/my_robot_interfaces/include/my_robot_interfaces/my_robot_interfaces/srv/detail
[29.517s] -- Installing: /media/sf_GhostRider/ros2_ws/install/my_robot_interfaces/include/my_robot_interfaces/my_robot_interfaces/srv/detail/compute_rectangle_area__builder.hpp
[29.522s] -- Installing: /media/sf_GhostRider/ros2_ws/install/my_robot_interfaces/include/my_robot_interfaces/my_robot_interfaces/srv/detail/compute_rectangle_area__struct.hpp
[29.532s] -- Installing: /media/sf_GhostRider/ros2_ws/install/my_robot_interfaces/include/my_robot_interfaces/my_robot_interfaces/srv/detail/compute_rectangle_area__traits.hpp
[29.545s] -- Installing: /media/sf_GhostRider/ros2_ws/install/my_robot_interfaces/include/my_robot_interfaces/my_robot_interfaces/srv/detail/compute_rectangle_area__type_support.hpp
[29.551s] -- Installing: /media/sf_GhostRider/ros2_ws/install/my_robot_interfaces/include/my_robot_interfaces/my_robot_interfaces/srv/detail/set_led__builder.hpp
[29.557s] -- Installing: /media/sf_GhostRider/ros2_ws/install/my_robot_interfaces/include/my_robot_interfaces/my_robot_interfaces/srv/detail/set_led__struct.hpp
[29.563s] -- Installing: /media/sf_GhostRider/ros2_ws/install/my_robot_interfaces/include/my_robot_interfaces/my_robot_interfaces/srv/detail/set_led__traits.hpp
[29.569s] -- Installing: /media/sf_GhostRider/ros2_ws/install/my_robot_interfaces/include/my_robot_interfaces/my_robot_interfaces/srv/detail/set_led__type_support.hpp
[29.574s] -- Installing: /media/sf_GhostRider/ros2_ws/install/my_robot_interfaces/include/my_robot_interfaces/my_robot_interfaces/srv/set_led.hpp
[29.580s] -- Up-to-date: /media/sf_GhostRider/ros2_ws/install/my_robot_interfaces/include/my_robot_interfaces/my_robot_interfaces
[29.581s] -- Up-to-date: /media/sf_GhostRider/ros2_ws/install/my_robot_interfaces/include/my_robot_interfaces/my_robot_interfaces/msg
[29.582s] -- Up-to-date: /media/sf_GhostRider/ros2_ws/install/my_robot_interfaces/include/my_robot_interfaces/my_robot_interfaces/msg/detail
[29.584s] -- Up-to-date: /media/sf_GhostRider/ros2_ws/install/my_robot_interfaces/include/my_robot_interfaces/my_robot_interfaces/msg/detail/dds_fastrtps
[29.585s] -- Installing: /media/sf_GhostRider/ros2_ws/install/my_robot_interfaces/include/my_robot_interfaces/my_robot_interfaces/msg/detail/hardware_status__rosidl_typesupport_fastrtps_cpp.hpp
[29.591s] -- Installing: /media/sf_GhostRider/ros2_ws/install/my_robot_interfaces/include/my_robot_interfaces/my_robot_interfaces/msg/detail/led_state_array__rosidl_typesupport_fastrtps_cpp.hpp
[29.596s] -- Up-to-date: /media/sf_GhostRider/ros2_ws/install/my_robot_interfaces/include/my_robot_interfaces/my_robot_interfaces/msg/rosidl_typesupport_fastrtps_cpp__visibility_control.h
[29.598s] -- Up-to-date: /media/sf_GhostRider/ros2_ws/install/my_robot_interfaces/include/my_robot_interfaces/my_robot_interfaces/srv
[29.599s] -- Up-to-date: /media/sf_GhostRider/ros2_ws/install/my_robot_interfaces/include/my_robot_interfaces/my_robot_interfaces/srv/detail
[29.601s] -- Installing: /media/sf_GhostRider/ros2_ws/install/my_robot_interfaces/include/my_robot_interfaces/my_robot_interfaces/srv/detail/compute_rectangle_area__rosidl_typesupport_fastrtps_cpp.hpp
[29.607s] -- Up-to-date: /media/sf_GhostRider/ros2_ws/install/my_robot_interfaces/include/my_robot_interfaces/my_robot_interfaces/srv/detail/dds_fastrtps
[29.608s] -- Installing: /media/sf_GhostRider/ros2_ws/install/my_robot_interfaces/include/my_robot_interfaces/my_robot_interfaces/srv/detail/set_led__rosidl_typesupport_fastrtps_cpp.hpp
[29.620s] -- Installing: /media/sf_GhostRider/ros2_ws/install/my_robot_interfaces/lib/libmy_robot_interfaces__rosidl_typesupport_fastrtps_cpp.so
[29.678s] -- Set non-toolchain portion of runtime path of "/media/sf_GhostRider/ros2_ws/install/my_robot_interfaces/lib/libmy_robot_interfaces__rosidl_typesupport_fastrtps_cpp.so" to ""
[29.679s] -- Up-to-date: /media/sf_GhostRider/ros2_ws/install/my_robot_interfaces/include/my_robot_interfaces/my_robot_interfaces
[29.681s] -- Up-to-date: /media/sf_GhostRider/ros2_ws/install/my_robot_interfaces/include/my_robot_interfaces/my_robot_interfaces/msg
[29.683s] -- Up-to-date: /media/sf_GhostRider/ros2_ws/install/my_robot_interfaces/include/my_robot_interfaces/my_robot_interfaces/msg/detail
[29.684s] -- Installing: /media/sf_GhostRider/ros2_ws/install/my_robot_interfaces/include/my_robot_interfaces/my_robot_interfaces/msg/detail/hardware_status__rosidl_typesupport_introspection_cpp.hpp
[29.690s] -- Installing: /media/sf_GhostRider/ros2_ws/install/my_robot_interfaces/include/my_robot_interfaces/my_robot_interfaces/msg/detail/hardware_status__type_support.cpp
[29.694s] -- Installing: /media/sf_GhostRider/ros2_ws/install/my_robot_interfaces/include/my_robot_interfaces/my_robot_interfaces/msg/detail/led_state_array__rosidl_typesupport_introspection_cpp.hpp
[29.700s] -- Installing: /media/sf_GhostRider/ros2_ws/install/my_robot_interfaces/include/my_robot_interfaces/my_robot_interfaces/msg/detail/led_state_array__type_support.cpp
[29.704s] -- Up-to-date: /media/sf_GhostRider/ros2_ws/install/my_robot_interfaces/include/my_robot_interfaces/my_robot_interfaces/srv
[29.706s] -- Up-to-date: /media/sf_GhostRider/ros2_ws/install/my_robot_interfaces/include/my_robot_interfaces/my_robot_interfaces/srv/detail
[29.707s] -- Installing: /media/sf_GhostRider/ros2_ws/install/my_robot_interfaces/include/my_robot_interfaces/my_robot_interfaces/srv/detail/compute_rectangle_area__rosidl_typesupport_introspection_cpp.hpp
[29.712s] -- Installing: /media/sf_GhostRider/ros2_ws/install/my_robot_interfaces/include/my_robot_interfaces/my_robot_interfaces/srv/detail/compute_rectangle_area__type_support.cpp
[29.718s] -- Installing: /media/sf_GhostRider/ros2_ws/install/my_robot_interfaces/include/my_robot_interfaces/my_robot_interfaces/srv/detail/set_led__rosidl_typesupport_introspection_cpp.hpp
[29.724s] -- Installing: /media/sf_GhostRider/ros2_ws/install/my_robot_interfaces/include/my_robot_interfaces/my_robot_interfaces/srv/detail/set_led__type_support.cpp
[29.748s] -- Installing: /media/sf_GhostRider/ros2_ws/install/my_robot_interfaces/lib/libmy_robot_interfaces__rosidl_typesupport_introspection_cpp.so
[29.781s] -- Set non-toolchain portion of runtime path of "/media/sf_GhostRider/ros2_ws/install/my_robot_interfaces/lib/libmy_robot_interfaces__rosidl_typesupport_introspection_cpp.so" to ""
[29.793s] -- Installing: /media/sf_GhostRider/ros2_ws/install/my_robot_interfaces/lib/libmy_robot_interfaces__rosidl_typesupport_cpp.so
[29.821s] -- Set non-toolchain portion of runtime path of "/media/sf_GhostRider/ros2_ws/install/my_robot_interfaces/lib/libmy_robot_interfaces__rosidl_typesupport_cpp.so" to ""
[29.823s] -- Up-to-date: /media/sf_GhostRider/ros2_ws/install/my_robot_interfaces/share/my_robot_interfaces/environment/pythonpath.sh
[29.823s] -- Up-to-date: /media/sf_GhostRider/ros2_ws/install/my_robot_interfaces/share/my_robot_interfaces/environment/pythonpath.dsv
[29.825s] -- Up-to-date: /media/sf_GhostRider/ros2_ws/install/my_robot_interfaces/lib/python3.12/site-packages/my_robot_interfaces-0.0.0-py3.12.egg-info
[29.827s] -- Installing: /media/sf_GhostRider/ros2_ws/install/my_robot_interfaces/lib/python3.12/site-packages/my_robot_interfaces-0.0.0-py3.12.egg-info/dependency_links.txt
[29.832s] -- Installing: /media/sf_GhostRider/ros2_ws/install/my_robot_interfaces/lib/python3.12/site-packages/my_robot_interfaces-0.0.0-py3.12.egg-info/PKG-INFO
[29.839s] -- Installing: /media/sf_GhostRider/ros2_ws/install/my_robot_interfaces/lib/python3.12/site-packages/my_robot_interfaces-0.0.0-py3.12.egg-info/SOURCES.txt
[29.844s] -- Installing: /media/sf_GhostRider/ros2_ws/install/my_robot_interfaces/lib/python3.12/site-packages/my_robot_interfaces-0.0.0-py3.12.egg-info/top_level.txt
[29.850s] -- Up-to-date: /media/sf_GhostRider/ros2_ws/install/my_robot_interfaces/lib/python3.12/site-packages/my_robot_interfaces
[29.851s] -- Up-to-date: /media/sf_GhostRider/ros2_ws/install/my_robot_interfaces/lib/python3.12/site-packages/my_robot_interfaces/msg
[29.853s] -- Installing: /media/sf_GhostRider/ros2_ws/install/my_robot_interfaces/lib/python3.12/site-packages/my_robot_interfaces/msg/_hardware_status.py
[29.859s] -- Installing: /media/sf_GhostRider/ros2_ws/install/my_robot_interfaces/lib/python3.12/site-packages/my_robot_interfaces/msg/_hardware_status_s.c
[29.864s] -- Installing: /media/sf_GhostRider/ros2_ws/install/my_robot_interfaces/lib/python3.12/site-packages/my_robot_interfaces/msg/_led_state_array.py
[29.869s] -- Installing: /media/sf_GhostRider/ros2_ws/install/my_robot_interfaces/lib/python3.12/site-packages/my_robot_interfaces/msg/_led_state_array_s.c
[29.874s] -- Installing: /media/sf_GhostRider/ros2_ws/install/my_robot_interfaces/lib/python3.12/site-packages/my_robot_interfaces/msg/__init__.py
[29.880s] -- Installing: /media/sf_GhostRider/ros2_ws/install/my_robot_interfaces/lib/python3.12/site-packages/my_robot_interfaces/my_robot_interfaces_s__rosidl_typesupport_c.so
[29.886s] -- Installing: /media/sf_GhostRider/ros2_ws/install/my_robot_interfaces/lib/python3.12/site-packages/my_robot_interfaces/my_robot_interfaces_s__rosidl_typesupport_fastrtps_c.so
[29.892s] -- Installing: /media/sf_GhostRider/ros2_ws/install/my_robot_interfaces/lib/python3.12/site-packages/my_robot_interfaces/my_robot_interfaces_s__rosidl_typesupport_introspection_c.so
[29.900s] -- Up-to-date: /media/sf_GhostRider/ros2_ws/install/my_robot_interfaces/lib/python3.12/site-packages/my_robot_interfaces/srv
[29.902s] -- Installing: /media/sf_GhostRider/ros2_ws/install/my_robot_interfaces/lib/python3.12/site-packages/my_robot_interfaces/srv/_compute_rectangle_area.py
[29.908s] -- Installing: /media/sf_GhostRider/ros2_ws/install/my_robot_interfaces/lib/python3.12/site-packages/my_robot_interfaces/srv/_compute_rectangle_area_s.c
[29.913s] -- Installing: /media/sf_GhostRider/ros2_ws/install/my_robot_interfaces/lib/python3.12/site-packages/my_robot_interfaces/srv/_set_led.py
[29.920s] -- Installing: /media/sf_GhostRider/ros2_ws/install/my_robot_interfaces/lib/python3.12/site-packages/my_robot_interfaces/srv/_set_led_s.c
[29.926s] -- Installing: /media/sf_GhostRider/ros2_ws/install/my_robot_interfaces/lib/python3.12/site-packages/my_robot_interfaces/srv/__init__.py
[29.932s] -- Installing: /media/sf_GhostRider/ros2_ws/install/my_robot_interfaces/lib/python3.12/site-packages/my_robot_interfaces/_my_robot_interfaces_s.ep.rosidl_typesupport_c.c
[29.943s] -- Installing: /media/sf_GhostRider/ros2_ws/install/my_robot_interfaces/lib/python3.12/site-packages/my_robot_interfaces/_my_robot_interfaces_s.ep.rosidl_typesupport_fastrtps_c.c
[29.951s] -- Installing: /media/sf_GhostRider/ros2_ws/install/my_robot_interfaces/lib/python3.12/site-packages/my_robot_interfaces/_my_robot_interfaces_s.ep.rosidl_typesupport_introspection_c.c
[29.959s] -- Installing: /media/sf_GhostRider/ros2_ws/install/my_robot_interfaces/lib/python3.12/site-packages/my_robot_interfaces/__init__.py
[30.028s] Listing '/media/sf_GhostRider/ros2_ws/install/my_robot_interfaces/lib/python3.12/site-packages/my_robot_interfaces'...
[30.029s] Compiling '/media/sf_GhostRider/ros2_ws/install/my_robot_interfaces/lib/python3.12/site-packages/my_robot_interfaces/__init__.py'...
[30.030s] Listing '/media/sf_GhostRider/ros2_ws/install/my_robot_interfaces/lib/python3.12/site-packages/my_robot_interfaces/msg'...
[30.031s] Compiling '/media/sf_GhostRider/ros2_ws/install/my_robot_interfaces/lib/python3.12/site-packages/my_robot_interfaces/msg/__init__.py'...
[30.032s] Compiling '/media/sf_GhostRider/ros2_ws/install/my_robot_interfaces/lib/python3.12/site-packages/my_robot_interfaces/msg/_hardware_status.py'...
[30.032s] Compiling '/media/sf_GhostRider/ros2_ws/install/my_robot_interfaces/lib/python3.12/site-packages/my_robot_interfaces/msg/_led_state_array.py'...
[30.032s] Listing '/media/sf_GhostRider/ros2_ws/install/my_robot_interfaces/lib/python3.12/site-packages/my_robot_interfaces/srv'...
[30.032s] Compiling '/media/sf_GhostRider/ros2_ws/install/my_robot_interfaces/lib/python3.12/site-packages/my_robot_interfaces/srv/__init__.py'...
[30.032s] Compiling '/media/sf_GhostRider/ros2_ws/install/my_robot_interfaces/lib/python3.12/site-packages/my_robot_interfaces/srv/_compute_rectangle_area.py'...
[30.033s] Compiling '/media/sf_GhostRider/ros2_ws/install/my_robot_interfaces/lib/python3.12/site-packages/my_robot_interfaces/srv/_set_led.py'...
[30.045s] -- Installing: /media/sf_GhostRider/ros2_ws/install/my_robot_interfaces/lib/python3.12/site-packages/my_robot_interfaces/my_robot_interfaces_s__rosidl_typesupport_fastrtps_c.so
[30.068s] -- Set non-toolchain portion of runtime path of "/media/sf_GhostRider/ros2_ws/install/my_robot_interfaces/lib/python3.12/site-packages/my_robot_interfaces/my_robot_interfaces_s__rosidl_typesupport_fastrtps_c.so" to ""
[30.077s] -- Installing: /media/sf_GhostRider/ros2_ws/install/my_robot_interfaces/lib/python3.12/site-packages/my_robot_interfaces/my_robot_interfaces_s__rosidl_typesupport_introspection_c.so
[30.100s] -- Set non-toolchain portion of runtime path of "/media/sf_GhostRider/ros2_ws/install/my_robot_interfaces/lib/python3.12/site-packages/my_robot_interfaces/my_robot_interfaces_s__rosidl_typesupport_introspection_c.so" to ""
[30.108s] -- Installing: /media/sf_GhostRider/ros2_ws/install/my_robot_interfaces/lib/python3.12/site-packages/my_robot_interfaces/my_robot_interfaces_s__rosidl_typesupport_c.so
[30.130s] -- Set non-toolchain portion of runtime path of "/media/sf_GhostRider/ros2_ws/install/my_robot_interfaces/lib/python3.12/site-packages/my_robot_interfaces/my_robot_interfaces_s__rosidl_typesupport_c.so" to ""
[30.140s] -- Installing: /media/sf_GhostRider/ros2_ws/install/my_robot_interfaces/lib/libmy_robot_interfaces__rosidl_generator_py.so
[30.170s] -- Set non-toolchain portion of runtime path of "/media/sf_GhostRider/ros2_ws/install/my_robot_interfaces/lib/libmy_robot_interfaces__rosidl_generator_py.so" to ""
[30.173s] -- Up-to-date: /media/sf_GhostRider/ros2_ws/install/my_robot_interfaces/share/my_robot_interfaces/msg/HardwareStatus.idl
[30.174s] -- Up-to-date: /media/sf_GhostRider/ros2_ws/install/my_robot_interfaces/share/my_robot_interfaces/srv/ComputeRectangleArea.idl
[30.175s] -- Up-to-date: /media/sf_GhostRider/ros2_ws/install/my_robot_interfaces/share/my_robot_interfaces/msg/LedStateArray.idl
[30.176s] -- Installing: /media/sf_GhostRider/ros2_ws/install/my_robot_interfaces/share/my_robot_interfaces/srv/SetLed.idl
[30.182s] -- Up-to-date: /media/sf_GhostRider/ros2_ws/install/my_robot_interfaces/share/my_robot_interfaces/msg/HardwareStatus.msg
[30.183s] -- Up-to-date: /media/sf_GhostRider/ros2_ws/install/my_robot_interfaces/share/my_robot_interfaces/srv/ComputeRectangleArea.srv
[30.184s] -- Up-to-date: /media/sf_GhostRider/ros2_ws/install/my_robot_interfaces/share/my_robot_interfaces/msg/LedStateArray.msg
[30.185s] -- Installing: /media/sf_GhostRider/ros2_ws/install/my_robot_interfaces/share/my_robot_interfaces/srv/SetLed.srv
[30.191s] -- Up-to-date: /media/sf_GhostRider/ros2_ws/install/my_robot_interfaces/share/ament_index/resource_index/package_run_dependencies/my_robot_interfaces
[30.192s] -- Up-to-date: /media/sf_GhostRider/ros2_ws/install/my_robot_interfaces/share/ament_index/resource_index/parent_prefix_path/my_robot_interfaces
[30.194s] -- Up-to-date: /media/sf_GhostRider/ros2_ws/install/my_robot_interfaces/share/my_robot_interfaces/environment/ament_prefix_path.sh
[30.194s] -- Up-to-date: /media/sf_GhostRider/ros2_ws/install/my_robot_interfaces/share/my_robot_interfaces/environment/ament_prefix_path.dsv
[30.195s] -- Up-to-date: /media/sf_GhostRider/ros2_ws/install/my_robot_interfaces/share/my_robot_interfaces/environment/path.sh
[30.196s] -- Up-to-date: /media/sf_GhostRider/ros2_ws/install/my_robot_interfaces/share/my_robot_interfaces/environment/path.dsv
[30.197s] -- Up-to-date: /media/sf_GhostRider/ros2_ws/install/my_robot_interfaces/share/my_robot_interfaces/local_setup.bash
[30.198s] -- Up-to-date: /media/sf_GhostRider/ros2_ws/install/my_robot_interfaces/share/my_robot_interfaces/local_setup.sh
[30.199s] -- Up-to-date: /media/sf_GhostRider/ros2_ws/install/my_robot_interfaces/share/my_robot_interfaces/local_setup.zsh
[30.200s] -- Up-to-date: /media/sf_GhostRider/ros2_ws/install/my_robot_interfaces/share/my_robot_interfaces/local_setup.dsv
[30.200s] -- Installing: /media/sf_GhostRider/ros2_ws/install/my_robot_interfaces/share/my_robot_interfaces/package.dsv
[30.205s] -- Up-to-date: /media/sf_GhostRider/ros2_ws/install/my_robot_interfaces/share/ament_index/resource_index/packages/my_robot_interfaces
[30.208s] -- Up-to-date: /media/sf_GhostRider/ros2_ws/install/my_robot_interfaces/share/my_robot_interfaces/cmake/export_my_robot_interfaces__rosidl_generator_cExport.cmake
[30.209s] -- Up-to-date: /media/sf_GhostRider/ros2_ws/install/my_robot_interfaces/share/my_robot_interfaces/cmake/export_my_robot_interfaces__rosidl_generator_cExport-noconfig.cmake
[30.211s] -- Up-to-date: /media/sf_GhostRider/ros2_ws/install/my_robot_interfaces/share/my_robot_interfaces/cmake/export_my_robot_interfaces__rosidl_typesupport_fastrtps_cExport.cmake
[30.212s] -- Up-to-date: /media/sf_GhostRider/ros2_ws/install/my_robot_interfaces/share/my_robot_interfaces/cmake/export_my_robot_interfaces__rosidl_typesupport_fastrtps_cExport-noconfig.cmake
[30.214s] -- Up-to-date: /media/sf_GhostRider/ros2_ws/install/my_robot_interfaces/share/my_robot_interfaces/cmake/my_robot_interfaces__rosidl_typesupport_introspection_cExport.cmake
[30.215s] -- Up-to-date: /media/sf_GhostRider/ros2_ws/install/my_robot_interfaces/share/my_robot_interfaces/cmake/my_robot_interfaces__rosidl_typesupport_introspection_cExport-noconfig.cmake
[30.217s] -- Up-to-date: /media/sf_GhostRider/ros2_ws/install/my_robot_interfaces/share/my_robot_interfaces/cmake/my_robot_interfaces__rosidl_typesupport_cExport.cmake
[30.217s] -- Up-to-date: /media/sf_GhostRider/ros2_ws/install/my_robot_interfaces/share/my_robot_interfaces/cmake/my_robot_interfaces__rosidl_typesupport_cExport-noconfig.cmake
[30.219s] -- Up-to-date: /media/sf_GhostRider/ros2_ws/install/my_robot_interfaces/share/my_robot_interfaces/cmake/export_my_robot_interfaces__rosidl_generator_cppExport.cmake
[30.221s] -- Up-to-date: /media/sf_GhostRider/ros2_ws/install/my_robot_interfaces/share/my_robot_interfaces/cmake/export_my_robot_interfaces__rosidl_typesupport_fastrtps_cppExport.cmake
[30.221s] -- Up-to-date: /media/sf_GhostRider/ros2_ws/install/my_robot_interfaces/share/my_robot_interfaces/cmake/export_my_robot_interfaces__rosidl_typesupport_fastrtps_cppExport-noconfig.cmake
[30.223s] -- Up-to-date: /media/sf_GhostRider/ros2_ws/install/my_robot_interfaces/share/my_robot_interfaces/cmake/my_robot_interfaces__rosidl_typesupport_introspection_cppExport.cmake
[30.224s] -- Up-to-date: /media/sf_GhostRider/ros2_ws/install/my_robot_interfaces/share/my_robot_interfaces/cmake/my_robot_interfaces__rosidl_typesupport_introspection_cppExport-noconfig.cmake
[30.226s] -- Up-to-date: /media/sf_GhostRider/ros2_ws/install/my_robot_interfaces/share/my_robot_interfaces/cmake/my_robot_interfaces__rosidl_typesupport_cppExport.cmake
[30.226s] -- Up-to-date: /media/sf_GhostRider/ros2_ws/install/my_robot_interfaces/share/my_robot_interfaces/cmake/my_robot_interfaces__rosidl_typesupport_cppExport-noconfig.cmake
[30.228s] -- Up-to-date: /media/sf_GhostRider/ros2_ws/install/my_robot_interfaces/share/my_robot_interfaces/cmake/export_my_robot_interfaces__rosidl_generator_pyExport.cmake
[30.229s] -- Up-to-date: /media/sf_GhostRider/ros2_ws/install/my_robot_interfaces/share/my_robot_interfaces/cmake/export_my_robot_interfaces__rosidl_generator_pyExport-noconfig.cmake
[30.229s] -- Up-to-date: /media/sf_GhostRider/ros2_ws/install/my_robot_interfaces/share/my_robot_interfaces/cmake/rosidl_cmake-extras.cmake
[30.230s] -- Up-to-date: /media/sf_GhostRider/ros2_ws/install/my_robot_interfaces/share/my_robot_interfaces/cmake/ament_cmake_export_dependencies-extras.cmake
[30.232s] -- Up-to-date: /media/sf_GhostRider/ros2_ws/install/my_robot_interfaces/share/my_robot_interfaces/cmake/ament_cmake_export_include_directories-extras.cmake
[30.232s] -- Up-to-date: /media/sf_GhostRider/ros2_ws/install/my_robot_interfaces/share/my_robot_interfaces/cmake/ament_cmake_export_libraries-extras.cmake
[30.233s] -- Up-to-date: /media/sf_GhostRider/ros2_ws/install/my_robot_interfaces/share/my_robot_interfaces/cmake/ament_cmake_export_targets-extras.cmake
[30.234s] -- Up-to-date: /media/sf_GhostRider/ros2_ws/install/my_robot_interfaces/share/my_robot_interfaces/cmake/rosidl_cmake_export_typesupport_targets-extras.cmake
[30.235s] -- Up-to-date: /media/sf_GhostRider/ros2_ws/install/my_robot_interfaces/share/my_robot_interfaces/cmake/rosidl_cmake_export_typesupport_libraries-extras.cmake
[30.236s] -- Up-to-date: /media/sf_GhostRider/ros2_ws/install/my_robot_interfaces/share/my_robot_interfaces/cmake/my_robot_interfacesConfig.cmake
[30.237s] -- Up-to-date: /media/sf_GhostRider/ros2_ws/install/my_robot_interfaces/share/my_robot_interfaces/cmake/my_robot_interfacesConfig-version.cmake
[30.237s] -- Up-to-date: /media/sf_GhostRider/ros2_ws/install/my_robot_interfaces/share/my_robot_interfaces/package.xml
[30.273s] Invoked command in '/media/sf_GhostRider/ros2_ws/build/my_robot_interfaces' returned '0': CMAKE_PREFIX_PATH=${CMAKE_PREFIX_PATH}:/media/sf_GhostRider/ros2_ws/install/my_py_pkg:/opt/ros/jazzy DEBUGINFOD_URLS=https://debuginfod.ubuntu.com /usr/bin/cmake --install /media/sf_GhostRider/ros2_ws/build/my_robot_interfaces
