[0.093s] Invoking command in '/media/sf_GhostRider/ros2_ws/build/my_cpp_pkg': CMAKE_PREFIX_PATH=${CMAKE_PREFIX_PATH}:/media/sf_GhostRider/ros2_ws/install/my_py_pkg:/opt/ros/jazzy DEBUGINFOD_URLS=https://debuginfod.ubuntu.com /usr/bin/cmake --build /media/sf_GhostRider/ros2_ws/build/my_cpp_pkg -- -j20 -l20
[1.109s] [ 66%] Built target cpp_node_test
[1.110s] [ 66%] Built target robot_news_station
[1.318s] gmake[2]: Warning: File 'CMakeFiles/smartphone.dir/compiler_depend.make' has modification time 0.93 s in the future
[1.320s] gmake[2]: warning:  Clock skew detected.  Your build may be incomplete.
[1.331s] [100%] Built target smartphone
[1.345s] Invoked command in '/media/sf_GhostRider/ros2_ws/build/my_cpp_pkg' returned '0': CMAKE_PREFIX_PATH=${CMAKE_PREFIX_PATH}:/media/sf_GhostRider/ros2_ws/install/my_py_pkg:/opt/ros/jazzy DEBUGINFOD_URLS=https://debuginfod.ubuntu.com /usr/bin/cmake --build /media/sf_GhostRider/ros2_ws/build/my_cpp_pkg -- -j20 -l20
[1.374s] Invoking command in '/media/sf_GhostRider/ros2_ws/build/my_cpp_pkg': CMAKE_PREFIX_PATH=${CMAKE_PREFIX_PATH}:/media/sf_GhostRider/ros2_ws/install/my_py_pkg:/opt/ros/jazzy DEBUGINFOD_URLS=https://debuginfod.ubuntu.com /usr/bin/cmake --install /media/sf_GhostRider/ros2_ws/build/my_cpp_pkg
[1.422s] -- Install configuration: ""
[1.457s] -- Up-to-date: /media/sf_GhostRider/ros2_ws/install/my_cpp_pkg/lib/my_cpp_pkg/cpp_node_test
[1.529s] -- Up-to-date: /media/sf_GhostRider/ros2_ws/install/my_cpp_pkg/lib/my_cpp_pkg/robot_news_station
[1.640s] -- Up-to-date: /media/sf_GhostRider/ros2_ws/install/my_cpp_pkg/lib/my_cpp_pkg/smartphone
[1.679s] -- Up-to-date: /media/sf_GhostRider/ros2_ws/install/my_cpp_pkg/share/ament_index/resource_index/package_run_dependencies/my_cpp_pkg
[1.680s] -- Up-to-date: /media/sf_GhostRider/ros2_ws/install/my_cpp_pkg/share/ament_index/resource_index/parent_prefix_path/my_cpp_pkg
[1.682s] -- Up-to-date: /media/sf_GhostRider/ros2_ws/install/my_cpp_pkg/share/my_cpp_pkg/environment/ament_prefix_path.sh
[1.684s] -- Up-to-date: /media/sf_GhostRider/ros2_ws/install/my_cpp_pkg/share/my_cpp_pkg/environment/ament_prefix_path.dsv
[1.686s] -- Up-to-date: /media/sf_GhostRider/ros2_ws/install/my_cpp_pkg/share/my_cpp_pkg/environment/path.sh
[1.688s] -- Up-to-date: /media/sf_GhostRider/ros2_ws/install/my_cpp_pkg/share/my_cpp_pkg/environment/path.dsv
[1.690s] -- Up-to-date: /media/sf_GhostRider/ros2_ws/install/my_cpp_pkg/share/my_cpp_pkg/local_setup.bash
[1.693s] -- Up-to-date: /media/sf_GhostRider/ros2_ws/install/my_cpp_pkg/share/my_cpp_pkg/local_setup.sh
[1.695s] -- Up-to-date: /media/sf_GhostRider/ros2_ws/install/my_cpp_pkg/share/my_cpp_pkg/local_setup.zsh
[1.696s] -- Up-to-date: /media/sf_GhostRider/ros2_ws/install/my_cpp_pkg/share/my_cpp_pkg/local_setup.dsv
[1.706s] -- Installing: /media/sf_GhostRider/ros2_ws/install/my_cpp_pkg/share/my_cpp_pkg/package.dsv
[1.779s] -- Up-to-date: /media/sf_GhostRider/ros2_ws/install/my_cpp_pkg/share/ament_index/resource_index/packages/my_cpp_pkg
[1.785s] -- Up-to-date: /media/sf_GhostRider/ros2_ws/install/my_cpp_pkg/share/my_cpp_pkg/cmake/my_cpp_pkgConfig.cmake
[1.786s] -- Up-to-date: /media/sf_GhostRider/ros2_ws/install/my_cpp_pkg/share/my_cpp_pkg/cmake/my_cpp_pkgConfig-version.cmake
[1.788s] -- Up-to-date: /media/sf_GhostRider/ros2_ws/install/my_cpp_pkg/share/my_cpp_pkg/package.xml
[1.794s] Invoked command in '/media/sf_GhostRider/ros2_ws/build/my_cpp_pkg' returned '0': CMAKE_PREFIX_PATH=${CMAKE_PREFIX_PATH}:/media/sf_GhostRider/ros2_ws/install/my_py_pkg:/opt/ros/jazzy DEBUGINFOD_URLS=https://debuginfod.ubuntu.com /usr/bin/cmake --install /media/sf_GhostRider/ros2_ws/build/my_cpp_pkg
