[0.101s] Invoking command in '/media/sf_GhostRider/ros2_ws/build/my_cpp_pkg': CMAKE_PREFIX_PATH=${CMAKE_PREFIX_PATH}:/media/sf_GhostRider/ros2_ws/install/my_py_pkg:/opt/ros/jazzy DEBUGINFOD_URLS=https://debuginfod.ubuntu.com /usr/bin/cmake --build /media/sf_GhostRider/ros2_ws/build/my_cpp_pkg -- -j20 -l20
[0.936s] [ 22%] Built target smartphone
[0.941s] [ 22%] Built target cpp_node_test
[0.950s] [ 55%] Built target robot_news_station
[0.990s] [ 88%] Built target number_counter
[0.993s] [ 88%] Built target add_two_ints_client
[0.995s] [ 88%] Built target add_two_ints_server
[1.006s] [ 88%] Built target number_publisher
[1.029s] [ 88%] Built target add_two_ints_client_no_oop
[1.313s] [100%] Built target hardware_status_publisher
[1.340s] Invoked command in '/media/sf_GhostRider/ros2_ws/build/my_cpp_pkg' returned '0': CMAKE_PREFIX_PATH=${CMAKE_PREFIX_PATH}:/media/sf_GhostRider/ros2_ws/install/my_py_pkg:/opt/ros/jazzy DEBUGINFOD_URLS=https://debuginfod.ubuntu.com /usr/bin/cmake --build /media/sf_GhostRider/ros2_ws/build/my_cpp_pkg -- -j20 -l20
[1.344s] Invoking command in '/media/sf_GhostRider/ros2_ws/build/my_cpp_pkg': CMAKE_PREFIX_PATH=${CMAKE_PREFIX_PATH}:/media/sf_GhostRider/ros2_ws/install/my_py_pkg:/opt/ros/jazzy DEBUGINFOD_URLS=https://debuginfod.ubuntu.com /usr/bin/cmake --install /media/sf_GhostRider/ros2_ws/build/my_cpp_pkg
[1.368s] -- Install configuration: ""
[1.378s] -- Up-to-date: /media/sf_GhostRider/ros2_ws/install/my_cpp_pkg/lib/my_cpp_pkg/cpp_node_test
[1.402s] -- Up-to-date: /media/sf_GhostRider/ros2_ws/install/my_cpp_pkg/lib/my_cpp_pkg/robot_news_station
[1.426s] -- Up-to-date: /media/sf_GhostRider/ros2_ws/install/my_cpp_pkg/lib/my_cpp_pkg/smartphone
[1.449s] -- Up-to-date: /media/sf_GhostRider/ros2_ws/install/my_cpp_pkg/lib/my_cpp_pkg/number_publisher
[1.473s] -- Up-to-date: /media/sf_GhostRider/ros2_ws/install/my_cpp_pkg/lib/my_cpp_pkg/number_counter
[1.497s] -- Up-to-date: /media/sf_GhostRider/ros2_ws/install/my_cpp_pkg/lib/my_cpp_pkg/add_two_ints_server
[1.537s] -- Up-to-date: /media/sf_GhostRider/ros2_ws/install/my_cpp_pkg/lib/my_cpp_pkg/hardware_status_publisher
[1.561s] -- Up-to-date: /media/sf_GhostRider/ros2_ws/install/my_cpp_pkg/lib/my_cpp_pkg/add_two_ints_client_no_oop
[1.581s] -- Up-to-date: /media/sf_GhostRider/ros2_ws/install/my_cpp_pkg/lib/my_cpp_pkg/add_two_ints_client
[1.593s] -- Up-to-date: /media/sf_GhostRider/ros2_ws/install/my_cpp_pkg/share/ament_index/resource_index/package_run_dependencies/my_cpp_pkg
[1.594s] -- Up-to-date: /media/sf_GhostRider/ros2_ws/install/my_cpp_pkg/share/ament_index/resource_index/parent_prefix_path/my_cpp_pkg
[1.595s] -- Up-to-date: /media/sf_GhostRider/ros2_ws/install/my_cpp_pkg/share/my_cpp_pkg/environment/ament_prefix_path.sh
[1.596s] -- Up-to-date: /media/sf_GhostRider/ros2_ws/install/my_cpp_pkg/share/my_cpp_pkg/environment/ament_prefix_path.dsv
[1.597s] -- Up-to-date: /media/sf_GhostRider/ros2_ws/install/my_cpp_pkg/share/my_cpp_pkg/environment/path.sh
[1.598s] -- Up-to-date: /media/sf_GhostRider/ros2_ws/install/my_cpp_pkg/share/my_cpp_pkg/environment/path.dsv
[1.599s] -- Up-to-date: /media/sf_GhostRider/ros2_ws/install/my_cpp_pkg/share/my_cpp_pkg/local_setup.bash
[1.600s] -- Up-to-date: /media/sf_GhostRider/ros2_ws/install/my_cpp_pkg/share/my_cpp_pkg/local_setup.sh
[1.602s] -- Up-to-date: /media/sf_GhostRider/ros2_ws/install/my_cpp_pkg/share/my_cpp_pkg/local_setup.zsh
[1.603s] -- Up-to-date: /media/sf_GhostRider/ros2_ws/install/my_cpp_pkg/share/my_cpp_pkg/local_setup.dsv
[1.604s] -- Installing: /media/sf_GhostRider/ros2_ws/install/my_cpp_pkg/share/my_cpp_pkg/package.dsv
[1.610s] -- Up-to-date: /media/sf_GhostRider/ros2_ws/install/my_cpp_pkg/share/ament_index/resource_index/packages/my_cpp_pkg
[1.610s] -- Up-to-date: /media/sf_GhostRider/ros2_ws/install/my_cpp_pkg/share/my_cpp_pkg/cmake/my_cpp_pkgConfig.cmake
[1.611s] -- Up-to-date: /media/sf_GhostRider/ros2_ws/install/my_cpp_pkg/share/my_cpp_pkg/cmake/my_cpp_pkgConfig-version.cmake
[1.612s] -- Up-to-date: /media/sf_GhostRider/ros2_ws/install/my_cpp_pkg/share/my_cpp_pkg/package.xml
[1.616s] Invoked command in '/media/sf_GhostRider/ros2_ws/build/my_cpp_pkg' returned '0': CMAKE_PREFIX_PATH=${CMAKE_PREFIX_PATH}:/media/sf_GhostRider/ros2_ws/install/my_py_pkg:/opt/ros/jazzy DEBUGINFOD_URLS=https://debuginfod.ubuntu.com /usr/bin/cmake --install /media/sf_GhostRider/ros2_ws/build/my_cpp_pkg
