[0.062s] Invoking command in '/media/sf_GhostRider/ros2_ws/build/my_robot_interfaces': CMAKE_PREFIX_PATH=${CMAKE_PREFIX_PATH}:/media/sf_GhostRider/ros2_ws/install/my_py_pkg:/opt/ros/jazzy DEBUGINFOD_URLS=https://debuginfod.ubuntu.com /usr/bin/cmake --build /media/sf_GhostRider/ros2_ws/build/my_robot_interfaces -- -j20 -l20
[0.136s] -- Found ament_cmake: 2.5.5 (/opt/ros/jazzy/share/ament_cmake/cmake)
[0.160s] -- Found Python3: /usr/bin/python3 (found version "3.12.3") found components: Interpreter 
[0.246s] -- Found rosidl_default_generators: 1.6.0 (/opt/ros/jazzy/share/rosidl_default_generators/cmake)
[0.254s] -- Using all available rosidl_typesupport_c: rosidl_typesupport_fastrtps_c;rosidl_typesupport_introspection_c
[0.289s] -- Using all available rosidl_typesupport_cpp: rosidl_typesupport_fastrtps_cpp;rosidl_typesupport_introspection_cpp
[0.342s] -- Found rosidl_adapter: 4.6.7 (/opt/ros/jazzy/share/rosidl_adapter/cmake)
[0.949s] -- Found ament_cmake_ros: 0.12.0 (/opt/ros/jazzy/share/ament_cmake_ros/cmake)
[1.279s] -- Using all available rosidl_typesupport_c: rosidl_typesupport_fastrtps_c;rosidl_typesupport_introspection_c
[1.591s] -- Using all available rosidl_typesupport_cpp: rosidl_typesupport_fastrtps_cpp;rosidl_typesupport_introspection_cpp
[1.592s] -- Found python_cmake_module: 0.11.1 (/opt/ros/jazzy/share/python_cmake_module/cmake)
[1.805s] -- Found Python3: /usr/bin/python3 (found version "3.12.3") found components: Interpreter Development NumPy Development.Module Development.Embed 
[1.946s] -- Configuring done (1.8s)
[2.776s] -- Generating done (0.8s)
[3.033s] -- Build files have been written to: /media/sf_GhostRider/ros2_ws/build/my_robot_interfaces
[3.232s] [  1%] Built target my_robot_interfaces__rosidl_generator_type_description
[3.378s] [  3%] Built target my_robot_interfaces__cpp
[3.454s] [  3%] Built target ament_cmake_python_copy_my_robot_interfaces
[3.727s] running egg_info
[3.731s] [ 25%] Built target my_robot_interfaces__rosidl_generator_c
[3.743s] writing my_robot_interfaces.egg-info/PKG-INFO
[3.749s] writing dependency_links to my_robot_interfaces.egg-info/dependency_links.txt
[3.759s] writing top-level names to my_robot_interfaces.egg-info/top_level.txt
[3.951s] reading manifest file 'my_robot_interfaces.egg-info/SOURCES.txt'
[3.972s] writing manifest file 'my_robot_interfaces.egg-info/SOURCES.txt'
[4.148s] [ 25%] Built target ament_cmake_python_build_my_robot_interfaces_egg
[5.174s] [ 43%] Built target my_robot_interfaces__rosidl_typesupport_c
[5.177s] [ 43%] Built target my_robot_interfaces__rosidl_typesupport_introspection_c
[5.673s] [ 62%] Built target my_robot_interfaces__rosidl_typesupport_cpp
[5.675s] [ 62%] Built target my_robot_interfaces__rosidl_typesupport_introspection_cpp
[5.728s] [ 81%] Built target my_robot_interfaces__rosidl_typesupport_fastrtps_cpp
[5.729s] [ 81%] Built target my_robot_interfaces__rosidl_typesupport_fastrtps_c
[5.812s] [ 81%] Built target my_robot_interfaces
[5.860s] [ 82%] Built target my_robot_interfaces__py
[5.994s] [ 90%] Built target my_robot_interfaces__rosidl_generator_py
[6.327s] [ 98%] Built target my_robot_interfaces_s__rosidl_typesupport_c
[6.338s] [ 98%] Built target my_robot_interfaces_s__rosidl_typesupport_fastrtps_c
[6.352s] [100%] Built target my_robot_interfaces_s__rosidl_typesupport_introspection_c
[6.412s] Invoked command in '/media/sf_GhostRider/ros2_ws/build/my_robot_interfaces' returned '0': CMAKE_PREFIX_PATH=${CMAKE_PREFIX_PATH}:/media/sf_GhostRider/ros2_ws/install/my_py_pkg:/opt/ros/jazzy DEBUGINFOD_URLS=https://debuginfod.ubuntu.com /usr/bin/cmake --build /media/sf_GhostRider/ros2_ws/build/my_robot_interfaces -- -j20 -l20
[6.447s] Invoking command in '/media/sf_GhostRider/ros2_ws/build/my_robot_interfaces': CMAKE_PREFIX_PATH=${CMAKE_PREFIX_PATH}:/media/sf_GhostRider/ros2_ws/install/my_py_pkg:/opt/ros/jazzy DEBUGINFOD_URLS=https://debuginfod.ubuntu.com /usr/bin/cmake --install /media/sf_GhostRider/ros2_ws/build/my_robot_interfaces
[6.462s] -- Install configuration: ""
[6.465s] -- Up-to-date: /media/sf_GhostRider/ros2_ws/install/my_robot_interfaces/share/ament_index/resource_index/rosidl_interfaces/my_robot_interfaces
[6.467s] -- Up-to-date: /media/sf_GhostRider/ros2_ws/install/my_robot_interfaces/share/my_robot_interfaces/msg/HardwareStatus.json
[6.468s] -- Up-to-date: /media/sf_GhostRider/ros2_ws/install/my_robot_interfaces/share/my_robot_interfaces/srv/ComputeRectangleArea.json
[6.469s] -- Up-to-date: /media/sf_GhostRider/ros2_ws/install/my_robot_interfaces/share/my_robot_interfaces/msg/LedStateArray.json
[6.470s] -- Up-to-date: /media/sf_GhostRider/ros2_ws/install/my_robot_interfaces/share/my_robot_interfaces/srv/SetLed.json
[6.471s] -- Up-to-date: /media/sf_GhostRider/ros2_ws/install/my_robot_interfaces/include/my_robot_interfaces/my_robot_interfaces
[6.473s] -- Up-to-date: /media/sf_GhostRider/ros2_ws/install/my_robot_interfaces/include/my_robot_interfaces/my_robot_interfaces/msg
[6.474s] -- Up-to-date: /media/sf_GhostRider/ros2_ws/install/my_robot_interfaces/include/my_robot_interfaces/my_robot_interfaces/msg/detail
[6.476s] -- Up-to-date: /media/sf_GhostRider/ros2_ws/install/my_robot_interfaces/include/my_robot_interfaces/my_robot_interfaces/msg/detail/hardware_status__description.c
[6.477s] -- Up-to-date: /media/sf_GhostRider/ros2_ws/install/my_robot_interfaces/include/my_robot_interfaces/my_robot_interfaces/msg/detail/hardware_status__functions.c
[6.477s] -- Up-to-date: /media/sf_GhostRider/ros2_ws/install/my_robot_interfaces/include/my_robot_interfaces/my_robot_interfaces/msg/detail/hardware_status__functions.h
[6.478s] -- Up-to-date: /media/sf_GhostRider/ros2_ws/install/my_robot_interfaces/include/my_robot_interfaces/my_robot_interfaces/msg/detail/hardware_status__struct.h
[6.480s] -- Installing: /media/sf_GhostRider/ros2_ws/install/my_robot_interfaces/include/my_robot_interfaces/my_robot_interfaces/msg/detail/hardware_status__type_support.c
[6.485s] -- Up-to-date: /media/sf_GhostRider/ros2_ws/install/my_robot_interfaces/include/my_robot_interfaces/my_robot_interfaces/msg/detail/hardware_status__type_support.h
[6.486s] -- Up-to-date: /media/sf_GhostRider/ros2_ws/install/my_robot_interfaces/include/my_robot_interfaces/my_robot_interfaces/msg/detail/led_state_array__description.c
[6.487s] -- Up-to-date: /media/sf_GhostRider/ros2_ws/install/my_robot_interfaces/include/my_robot_interfaces/my_robot_interfaces/msg/detail/led_state_array__functions.c
[6.488s] -- Up-to-date: /media/sf_GhostRider/ros2_ws/install/my_robot_interfaces/include/my_robot_interfaces/my_robot_interfaces/msg/detail/led_state_array__functions.h
[6.489s] -- Up-to-date: /media/sf_GhostRider/ros2_ws/install/my_robot_interfaces/include/my_robot_interfaces/my_robot_interfaces/msg/detail/led_state_array__struct.h
[6.490s] -- Installing: /media/sf_GhostRider/ros2_ws/install/my_robot_interfaces/include/my_robot_interfaces/my_robot_interfaces/msg/detail/led_state_array__type_support.c
[6.495s] -- Up-to-date: /media/sf_GhostRider/ros2_ws/install/my_robot_interfaces/include/my_robot_interfaces/my_robot_interfaces/msg/detail/led_state_array__type_support.h
[6.496s] -- Up-to-date: /media/sf_GhostRider/ros2_ws/install/my_robot_interfaces/include/my_robot_interfaces/my_robot_interfaces/msg/hardware_status.h
[6.496s] -- Up-to-date: /media/sf_GhostRider/ros2_ws/install/my_robot_interfaces/include/my_robot_interfaces/my_robot_interfaces/msg/led_state_array.h
[6.497s] -- Up-to-date: /media/sf_GhostRider/ros2_ws/install/my_robot_interfaces/include/my_robot_interfaces/my_robot_interfaces/msg/rosidl_generator_c__visibility_control.h
[6.498s] -- Up-to-date: /media/sf_GhostRider/ros2_ws/install/my_robot_interfaces/include/my_robot_interfaces/my_robot_interfaces/srv
[6.499s] -- Up-to-date: /media/sf_GhostRider/ros2_ws/install/my_robot_interfaces/include/my_robot_interfaces/my_robot_interfaces/srv/compute_rectangle_area.h
[6.500s] -- Up-to-date: /media/sf_GhostRider/ros2_ws/install/my_robot_interfaces/include/my_robot_interfaces/my_robot_interfaces/srv/detail
[6.502s] -- Up-to-date: /media/sf_GhostRider/ros2_ws/install/my_robot_interfaces/include/my_robot_interfaces/my_robot_interfaces/srv/detail/compute_rectangle_area__description.c
[6.502s] -- Up-to-date: /media/sf_GhostRider/ros2_ws/install/my_robot_interfaces/include/my_robot_interfaces/my_robot_interfaces/srv/detail/compute_rectangle_area__functions.c
[6.505s] -- Up-to-date: /media/sf_GhostRider/ros2_ws/install/my_robot_interfaces/include/my_robot_interfaces/my_robot_interfaces/srv/detail/compute_rectangle_area__functions.h
[6.506s] -- Up-to-date: /media/sf_GhostRider/ros2_ws/install/my_robot_interfaces/include/my_robot_interfaces/my_robot_interfaces/srv/detail/compute_rectangle_area__struct.h
[6.507s] -- Installing: /media/sf_GhostRider/ros2_ws/install/my_robot_interfaces/include/my_robot_interfaces/my_robot_interfaces/srv/detail/compute_rectangle_area__type_support.c
[6.512s] -- Up-to-date: /media/sf_GhostRider/ros2_ws/install/my_robot_interfaces/include/my_robot_interfaces/my_robot_interfaces/srv/detail/compute_rectangle_area__type_support.h
[6.513s] -- Up-to-date: /media/sf_GhostRider/ros2_ws/install/my_robot_interfaces/include/my_robot_interfaces/my_robot_interfaces/srv/detail/set_led__description.c
[6.514s] -- Up-to-date: /media/sf_GhostRider/ros2_ws/install/my_robot_interfaces/include/my_robot_interfaces/my_robot_interfaces/srv/detail/set_led__functions.c
[6.515s] -- Up-to-date: /media/sf_GhostRider/ros2_ws/install/my_robot_interfaces/include/my_robot_interfaces/my_robot_interfaces/srv/detail/set_led__functions.h
[6.516s] -- Up-to-date: /media/sf_GhostRider/ros2_ws/install/my_robot_interfaces/include/my_robot_interfaces/my_robot_interfaces/srv/detail/set_led__struct.h
[6.517s] -- Installing: /media/sf_GhostRider/ros2_ws/install/my_robot_interfaces/include/my_robot_interfaces/my_robot_interfaces/srv/detail/set_led__type_support.c
[6.523s] -- Up-to-date: /media/sf_GhostRider/ros2_ws/install/my_robot_interfaces/include/my_robot_interfaces/my_robot_interfaces/srv/detail/set_led__type_support.h
[6.524s] -- Up-to-date: /media/sf_GhostRider/ros2_ws/install/my_robot_interfaces/include/my_robot_interfaces/my_robot_interfaces/srv/set_led.h
[6.525s] -- Up-to-date: /media/sf_GhostRider/ros2_ws/install/my_robot_interfaces/share/my_robot_interfaces/environment/library_path.sh
[6.526s] -- Up-to-date: /media/sf_GhostRider/ros2_ws/install/my_robot_interfaces/share/my_robot_interfaces/environment/library_path.dsv
[6.535s] -- Up-to-date: /media/sf_GhostRider/ros2_ws/install/my_robot_interfaces/lib/libmy_robot_interfaces__rosidl_generator_c.so
[6.547s] -- Up-to-date: /media/sf_GhostRider/ros2_ws/install/my_robot_interfaces/include/my_robot_interfaces/my_robot_interfaces
[6.548s] -- Up-to-date: /media/sf_GhostRider/ros2_ws/install/my_robot_interfaces/include/my_robot_interfaces/my_robot_interfaces/msg
[6.549s] -- Up-to-date: /media/sf_GhostRider/ros2_ws/install/my_robot_interfaces/include/my_robot_interfaces/my_robot_interfaces/msg/detail
[6.551s] -- Up-to-date: /media/sf_GhostRider/ros2_ws/install/my_robot_interfaces/include/my_robot_interfaces/my_robot_interfaces/msg/detail/hardware_status__rosidl_typesupport_fastrtps_c.h
[6.552s] -- Up-to-date: /media/sf_GhostRider/ros2_ws/install/my_robot_interfaces/include/my_robot_interfaces/my_robot_interfaces/msg/detail/led_state_array__rosidl_typesupport_fastrtps_c.h
[6.552s] -- Up-to-date: /media/sf_GhostRider/ros2_ws/install/my_robot_interfaces/include/my_robot_interfaces/my_robot_interfaces/msg/rosidl_typesupport_fastrtps_c__visibility_control.h
[6.553s] -- Up-to-date: /media/sf_GhostRider/ros2_ws/install/my_robot_interfaces/include/my_robot_interfaces/my_robot_interfaces/srv
[6.554s] -- Up-to-date: /media/sf_GhostRider/ros2_ws/install/my_robot_interfaces/include/my_robot_interfaces/my_robot_interfaces/srv/detail
[6.556s] -- Up-to-date: /media/sf_GhostRider/ros2_ws/install/my_robot_interfaces/include/my_robot_interfaces/my_robot_interfaces/srv/detail/compute_rectangle_area__rosidl_typesupport_fastrtps_c.h
[6.558s] -- Up-to-date: /media/sf_GhostRider/ros2_ws/install/my_robot_interfaces/include/my_robot_interfaces/my_robot_interfaces/srv/detail/set_led__rosidl_typesupport_fastrtps_c.h
[6.570s] -- Up-to-date: /media/sf_GhostRider/ros2_ws/install/my_robot_interfaces/lib/libmy_robot_interfaces__rosidl_typesupport_fastrtps_c.so
[6.582s] -- Up-to-date: /media/sf_GhostRider/ros2_ws/install/my_robot_interfaces/include/my_robot_interfaces/my_robot_interfaces
[6.583s] -- Up-to-date: /media/sf_GhostRider/ros2_ws/install/my_robot_interfaces/include/my_robot_interfaces/my_robot_interfaces/msg
[6.584s] -- Up-to-date: /media/sf_GhostRider/ros2_ws/install/my_robot_interfaces/include/my_robot_interfaces/my_robot_interfaces/msg/detail
[6.585s] -- Up-to-date: /media/sf_GhostRider/ros2_ws/install/my_robot_interfaces/include/my_robot_interfaces/my_robot_interfaces/msg/detail/hardware_status__rosidl_typesupport_introspection_c.h
[6.587s] -- Installing: /media/sf_GhostRider/ros2_ws/install/my_robot_interfaces/include/my_robot_interfaces/my_robot_interfaces/msg/detail/hardware_status__type_support.c
[6.593s] -- Up-to-date: /media/sf_GhostRider/ros2_ws/install/my_robot_interfaces/include/my_robot_interfaces/my_robot_interfaces/msg/detail/led_state_array__rosidl_typesupport_introspection_c.h
[6.593s] -- Installing: /media/sf_GhostRider/ros2_ws/install/my_robot_interfaces/include/my_robot_interfaces/my_robot_interfaces/msg/detail/led_state_array__type_support.c
[6.599s] -- Up-to-date: /media/sf_GhostRider/ros2_ws/install/my_robot_interfaces/include/my_robot_interfaces/my_robot_interfaces/msg/rosidl_typesupport_introspection_c__visibility_control.h
[6.600s] -- Up-to-date: /media/sf_GhostRider/ros2_ws/install/my_robot_interfaces/include/my_robot_interfaces/my_robot_interfaces/srv
[6.601s] -- Up-to-date: /media/sf_GhostRider/ros2_ws/install/my_robot_interfaces/include/my_robot_interfaces/my_robot_interfaces/srv/detail
[6.602s] -- Up-to-date: /media/sf_GhostRider/ros2_ws/install/my_robot_interfaces/include/my_robot_interfaces/my_robot_interfaces/srv/detail/compute_rectangle_area__rosidl_typesupport_introspection_c.h
[6.603s] -- Installing: /media/sf_GhostRider/ros2_ws/install/my_robot_interfaces/include/my_robot_interfaces/my_robot_interfaces/srv/detail/compute_rectangle_area__type_support.c
[6.611s] -- Up-to-date: /media/sf_GhostRider/ros2_ws/install/my_robot_interfaces/include/my_robot_interfaces/my_robot_interfaces/srv/detail/set_led__rosidl_typesupport_introspection_c.h
[6.612s] -- Installing: /media/sf_GhostRider/ros2_ws/install/my_robot_interfaces/include/my_robot_interfaces/my_robot_interfaces/srv/detail/set_led__type_support.c
[6.625s] -- Up-to-date: /media/sf_GhostRider/ros2_ws/install/my_robot_interfaces/lib/libmy_robot_interfaces__rosidl_typesupport_introspection_c.so
[6.641s] -- Up-to-date: /media/sf_GhostRider/ros2_ws/install/my_robot_interfaces/lib/libmy_robot_interfaces__rosidl_typesupport_c.so
[6.649s] -- Up-to-date: /media/sf_GhostRider/ros2_ws/install/my_robot_interfaces/include/my_robot_interfaces/my_robot_interfaces
[6.650s] -- Up-to-date: /media/sf_GhostRider/ros2_ws/install/my_robot_interfaces/include/my_robot_interfaces/my_robot_interfaces/msg
[6.651s] -- Up-to-date: /media/sf_GhostRider/ros2_ws/install/my_robot_interfaces/include/my_robot_interfaces/my_robot_interfaces/msg/detail
[6.653s] -- Up-to-date: /media/sf_GhostRider/ros2_ws/install/my_robot_interfaces/include/my_robot_interfaces/my_robot_interfaces/msg/detail/hardware_status__builder.hpp
[6.654s] -- Up-to-date: /media/sf_GhostRider/ros2_ws/install/my_robot_interfaces/include/my_robot_interfaces/my_robot_interfaces/msg/detail/hardware_status__struct.hpp
[6.654s] -- Up-to-date: /media/sf_GhostRider/ros2_ws/install/my_robot_interfaces/include/my_robot_interfaces/my_robot_interfaces/msg/detail/hardware_status__traits.hpp
[6.655s] -- Up-to-date: /media/sf_GhostRider/ros2_ws/install/my_robot_interfaces/include/my_robot_interfaces/my_robot_interfaces/msg/detail/hardware_status__type_support.hpp
[6.656s] -- Up-to-date: /media/sf_GhostRider/ros2_ws/install/my_robot_interfaces/include/my_robot_interfaces/my_robot_interfaces/msg/detail/led_state_array__builder.hpp
[6.657s] -- Up-to-date: /media/sf_GhostRider/ros2_ws/install/my_robot_interfaces/include/my_robot_interfaces/my_robot_interfaces/msg/detail/led_state_array__struct.hpp
[6.658s] -- Up-to-date: /media/sf_GhostRider/ros2_ws/install/my_robot_interfaces/include/my_robot_interfaces/my_robot_interfaces/msg/detail/led_state_array__traits.hpp
[6.659s] -- Up-to-date: /media/sf_GhostRider/ros2_ws/install/my_robot_interfaces/include/my_robot_interfaces/my_robot_interfaces/msg/detail/led_state_array__type_support.hpp
[6.659s] -- Up-to-date: /media/sf_GhostRider/ros2_ws/install/my_robot_interfaces/include/my_robot_interfaces/my_robot_interfaces/msg/hardware_status.hpp
[6.660s] -- Up-to-date: /media/sf_GhostRider/ros2_ws/install/my_robot_interfaces/include/my_robot_interfaces/my_robot_interfaces/msg/led_state_array.hpp
[6.662s] -- Up-to-date: /media/sf_GhostRider/ros2_ws/install/my_robot_interfaces/include/my_robot_interfaces/my_robot_interfaces/msg/rosidl_generator_cpp__visibility_control.hpp
[6.663s] -- Up-to-date: /media/sf_GhostRider/ros2_ws/install/my_robot_interfaces/include/my_robot_interfaces/my_robot_interfaces/srv
[6.664s] -- Up-to-date: /media/sf_GhostRider/ros2_ws/install/my_robot_interfaces/include/my_robot_interfaces/my_robot_interfaces/srv/compute_rectangle_area.hpp
[6.665s] -- Up-to-date: /media/sf_GhostRider/ros2_ws/install/my_robot_interfaces/include/my_robot_interfaces/my_robot_interfaces/srv/detail
[6.666s] -- Up-to-date: /media/sf_GhostRider/ros2_ws/install/my_robot_interfaces/include/my_robot_interfaces/my_robot_interfaces/srv/detail/compute_rectangle_area__builder.hpp
[6.667s] -- Up-to-date: /media/sf_GhostRider/ros2_ws/install/my_robot_interfaces/include/my_robot_interfaces/my_robot_interfaces/srv/detail/compute_rectangle_area__struct.hpp
[6.668s] -- Up-to-date: /media/sf_GhostRider/ros2_ws/install/my_robot_interfaces/include/my_robot_interfaces/my_robot_interfaces/srv/detail/compute_rectangle_area__traits.hpp
[6.670s] -- Up-to-date: /media/sf_GhostRider/ros2_ws/install/my_robot_interfaces/include/my_robot_interfaces/my_robot_interfaces/srv/detail/compute_rectangle_area__type_support.hpp
[6.671s] -- Up-to-date: /media/sf_GhostRider/ros2_ws/install/my_robot_interfaces/include/my_robot_interfaces/my_robot_interfaces/srv/detail/set_led__builder.hpp
[6.672s] -- Up-to-date: /media/sf_GhostRider/ros2_ws/install/my_robot_interfaces/include/my_robot_interfaces/my_robot_interfaces/srv/detail/set_led__struct.hpp
[6.673s] -- Up-to-date: /media/sf_GhostRider/ros2_ws/install/my_robot_interfaces/include/my_robot_interfaces/my_robot_interfaces/srv/detail/set_led__traits.hpp
[6.674s] -- Up-to-date: /media/sf_GhostRider/ros2_ws/install/my_robot_interfaces/include/my_robot_interfaces/my_robot_interfaces/srv/detail/set_led__type_support.hpp
[6.675s] -- Up-to-date: /media/sf_GhostRider/ros2_ws/install/my_robot_interfaces/include/my_robot_interfaces/my_robot_interfaces/srv/set_led.hpp
[6.676s] -- Up-to-date: /media/sf_GhostRider/ros2_ws/install/my_robot_interfaces/include/my_robot_interfaces/my_robot_interfaces
[6.677s] -- Up-to-date: /media/sf_GhostRider/ros2_ws/install/my_robot_interfaces/include/my_robot_interfaces/my_robot_interfaces/msg
[6.678s] -- Up-to-date: /media/sf_GhostRider/ros2_ws/install/my_robot_interfaces/include/my_robot_interfaces/my_robot_interfaces/msg/detail
[6.680s] -- Up-to-date: /media/sf_GhostRider/ros2_ws/install/my_robot_interfaces/include/my_robot_interfaces/my_robot_interfaces/msg/detail/dds_fastrtps
[6.681s] -- Up-to-date: /media/sf_GhostRider/ros2_ws/install/my_robot_interfaces/include/my_robot_interfaces/my_robot_interfaces/msg/detail/hardware_status__rosidl_typesupport_fastrtps_cpp.hpp
[6.682s] -- Up-to-date: /media/sf_GhostRider/ros2_ws/install/my_robot_interfaces/include/my_robot_interfaces/my_robot_interfaces/msg/detail/led_state_array__rosidl_typesupport_fastrtps_cpp.hpp
[6.683s] -- Up-to-date: /media/sf_GhostRider/ros2_ws/install/my_robot_interfaces/include/my_robot_interfaces/my_robot_interfaces/msg/rosidl_typesupport_fastrtps_cpp__visibility_control.h
[6.683s] -- Up-to-date: /media/sf_GhostRider/ros2_ws/install/my_robot_interfaces/include/my_robot_interfaces/my_robot_interfaces/srv
[6.684s] -- Up-to-date: /media/sf_GhostRider/ros2_ws/install/my_robot_interfaces/include/my_robot_interfaces/my_robot_interfaces/srv/detail
[6.686s] -- Up-to-date: /media/sf_GhostRider/ros2_ws/install/my_robot_interfaces/include/my_robot_interfaces/my_robot_interfaces/srv/detail/compute_rectangle_area__rosidl_typesupport_fastrtps_cpp.hpp
[6.686s] -- Up-to-date: /media/sf_GhostRider/ros2_ws/install/my_robot_interfaces/include/my_robot_interfaces/my_robot_interfaces/srv/detail/dds_fastrtps
[6.688s] -- Up-to-date: /media/sf_GhostRider/ros2_ws/install/my_robot_interfaces/include/my_robot_interfaces/my_robot_interfaces/srv/detail/set_led__rosidl_typesupport_fastrtps_cpp.hpp
[6.699s] -- Up-to-date: /media/sf_GhostRider/ros2_ws/install/my_robot_interfaces/lib/libmy_robot_interfaces__rosidl_typesupport_fastrtps_cpp.so
[6.712s] -- Up-to-date: /media/sf_GhostRider/ros2_ws/install/my_robot_interfaces/include/my_robot_interfaces/my_robot_interfaces
[6.712s] -- Up-to-date: /media/sf_GhostRider/ros2_ws/install/my_robot_interfaces/include/my_robot_interfaces/my_robot_interfaces/msg
[6.713s] -- Up-to-date: /media/sf_GhostRider/ros2_ws/install/my_robot_interfaces/include/my_robot_interfaces/my_robot_interfaces/msg/detail
[6.715s] -- Up-to-date: /media/sf_GhostRider/ros2_ws/install/my_robot_interfaces/include/my_robot_interfaces/my_robot_interfaces/msg/detail/hardware_status__rosidl_typesupport_introspection_cpp.hpp
[6.715s] -- Up-to-date: /media/sf_GhostRider/ros2_ws/install/my_robot_interfaces/include/my_robot_interfaces/my_robot_interfaces/msg/detail/hardware_status__type_support.cpp
[6.716s] -- Up-to-date: /media/sf_GhostRider/ros2_ws/install/my_robot_interfaces/include/my_robot_interfaces/my_robot_interfaces/msg/detail/led_state_array__rosidl_typesupport_introspection_cpp.hpp
[6.717s] -- Up-to-date: /media/sf_GhostRider/ros2_ws/install/my_robot_interfaces/include/my_robot_interfaces/my_robot_interfaces/msg/detail/led_state_array__type_support.cpp
[6.718s] -- Up-to-date: /media/sf_GhostRider/ros2_ws/install/my_robot_interfaces/include/my_robot_interfaces/my_robot_interfaces/srv
[6.719s] -- Up-to-date: /media/sf_GhostRider/ros2_ws/install/my_robot_interfaces/include/my_robot_interfaces/my_robot_interfaces/srv/detail
[6.721s] -- Up-to-date: /media/sf_GhostRider/ros2_ws/install/my_robot_interfaces/include/my_robot_interfaces/my_robot_interfaces/srv/detail/compute_rectangle_area__rosidl_typesupport_introspection_cpp.hpp
[6.721s] -- Up-to-date: /media/sf_GhostRider/ros2_ws/install/my_robot_interfaces/include/my_robot_interfaces/my_robot_interfaces/srv/detail/compute_rectangle_area__type_support.cpp
[6.722s] -- Up-to-date: /media/sf_GhostRider/ros2_ws/install/my_robot_interfaces/include/my_robot_interfaces/my_robot_interfaces/srv/detail/set_led__rosidl_typesupport_introspection_cpp.hpp
[6.723s] -- Up-to-date: /media/sf_GhostRider/ros2_ws/install/my_robot_interfaces/include/my_robot_interfaces/my_robot_interfaces/srv/detail/set_led__type_support.cpp
[6.734s] -- Up-to-date: /media/sf_GhostRider/ros2_ws/install/my_robot_interfaces/lib/libmy_robot_interfaces__rosidl_typesupport_introspection_cpp.so
[6.756s] -- Up-to-date: /media/sf_GhostRider/ros2_ws/install/my_robot_interfaces/lib/libmy_robot_interfaces__rosidl_typesupport_cpp.so
[6.768s] -- Up-to-date: /media/sf_GhostRider/ros2_ws/install/my_robot_interfaces/share/my_robot_interfaces/environment/pythonpath.sh
[6.769s] -- Up-to-date: /media/sf_GhostRider/ros2_ws/install/my_robot_interfaces/share/my_robot_interfaces/environment/pythonpath.dsv
[6.770s] -- Up-to-date: /media/sf_GhostRider/ros2_ws/install/my_robot_interfaces/lib/python3.12/site-packages/my_robot_interfaces-0.0.0-py3.12.egg-info
[6.772s] -- Installing: /media/sf_GhostRider/ros2_ws/install/my_robot_interfaces/lib/python3.12/site-packages/my_robot_interfaces-0.0.0-py3.12.egg-info/dependency_links.txt
[6.777s] -- Installing: /media/sf_GhostRider/ros2_ws/install/my_robot_interfaces/lib/python3.12/site-packages/my_robot_interfaces-0.0.0-py3.12.egg-info/PKG-INFO
[6.783s] -- Installing: /media/sf_GhostRider/ros2_ws/install/my_robot_interfaces/lib/python3.12/site-packages/my_robot_interfaces-0.0.0-py3.12.egg-info/SOURCES.txt
[6.788s] -- Installing: /media/sf_GhostRider/ros2_ws/install/my_robot_interfaces/lib/python3.12/site-packages/my_robot_interfaces-0.0.0-py3.12.egg-info/top_level.txt
[6.794s] -- Up-to-date: /media/sf_GhostRider/ros2_ws/install/my_robot_interfaces/lib/python3.12/site-packages/my_robot_interfaces
[6.795s] -- Up-to-date: /media/sf_GhostRider/ros2_ws/install/my_robot_interfaces/lib/python3.12/site-packages/my_robot_interfaces/msg
[6.796s] -- Up-to-date: /media/sf_GhostRider/ros2_ws/install/my_robot_interfaces/lib/python3.12/site-packages/my_robot_interfaces/msg/_hardware_status.py
[6.798s] -- Up-to-date: /media/sf_GhostRider/ros2_ws/install/my_robot_interfaces/lib/python3.12/site-packages/my_robot_interfaces/msg/_hardware_status_s.c
[6.798s] -- Up-to-date: /media/sf_GhostRider/ros2_ws/install/my_robot_interfaces/lib/python3.12/site-packages/my_robot_interfaces/msg/_led_state_array.py
[6.799s] -- Up-to-date: /media/sf_GhostRider/ros2_ws/install/my_robot_interfaces/lib/python3.12/site-packages/my_robot_interfaces/msg/_led_state_array_s.c
[6.800s] -- Up-to-date: /media/sf_GhostRider/ros2_ws/install/my_robot_interfaces/lib/python3.12/site-packages/my_robot_interfaces/msg/__init__.py
[6.800s] -- Up-to-date: /media/sf_GhostRider/ros2_ws/install/my_robot_interfaces/lib/python3.12/site-packages/my_robot_interfaces/my_robot_interfaces_s__rosidl_typesupport_c.so
[6.801s] -- Up-to-date: /media/sf_GhostRider/ros2_ws/install/my_robot_interfaces/lib/python3.12/site-packages/my_robot_interfaces/my_robot_interfaces_s__rosidl_typesupport_fastrtps_c.so
[6.802s] -- Up-to-date: /media/sf_GhostRider/ros2_ws/install/my_robot_interfaces/lib/python3.12/site-packages/my_robot_interfaces/my_robot_interfaces_s__rosidl_typesupport_introspection_c.so
[6.802s] -- Up-to-date: /media/sf_GhostRider/ros2_ws/install/my_robot_interfaces/lib/python3.12/site-packages/my_robot_interfaces/srv
[6.804s] -- Up-to-date: /media/sf_GhostRider/ros2_ws/install/my_robot_interfaces/lib/python3.12/site-packages/my_robot_interfaces/srv/_compute_rectangle_area.py
[6.805s] -- Up-to-date: /media/sf_GhostRider/ros2_ws/install/my_robot_interfaces/lib/python3.12/site-packages/my_robot_interfaces/srv/_compute_rectangle_area_s.c
[6.808s] -- Up-to-date: /media/sf_GhostRider/ros2_ws/install/my_robot_interfaces/lib/python3.12/site-packages/my_robot_interfaces/srv/_set_led.py
[6.809s] -- Up-to-date: /media/sf_GhostRider/ros2_ws/install/my_robot_interfaces/lib/python3.12/site-packages/my_robot_interfaces/srv/_set_led_s.c
[6.810s] -- Up-to-date: /media/sf_GhostRider/ros2_ws/install/my_robot_interfaces/lib/python3.12/site-packages/my_robot_interfaces/srv/__init__.py
[6.812s] -- Up-to-date: /media/sf_GhostRider/ros2_ws/install/my_robot_interfaces/lib/python3.12/site-packages/my_robot_interfaces/_my_robot_interfaces_s.ep.rosidl_typesupport_c.c
[6.813s] -- Up-to-date: /media/sf_GhostRider/ros2_ws/install/my_robot_interfaces/lib/python3.12/site-packages/my_robot_interfaces/_my_robot_interfaces_s.ep.rosidl_typesupport_fastrtps_c.c
[6.814s] -- Up-to-date: /media/sf_GhostRider/ros2_ws/install/my_robot_interfaces/lib/python3.12/site-packages/my_robot_interfaces/_my_robot_interfaces_s.ep.rosidl_typesupport_introspection_c.c
[6.815s] -- Installing: /media/sf_GhostRider/ros2_ws/install/my_robot_interfaces/lib/python3.12/site-packages/my_robot_interfaces/__init__.py
[6.857s] Listing '/media/sf_GhostRider/ros2_ws/install/my_robot_interfaces/lib/python3.12/site-packages/my_robot_interfaces'...
[6.858s] Compiling '/media/sf_GhostRider/ros2_ws/install/my_robot_interfaces/lib/python3.12/site-packages/my_robot_interfaces/__init__.py'...
[6.858s] Listing '/media/sf_GhostRider/ros2_ws/install/my_robot_interfaces/lib/python3.12/site-packages/my_robot_interfaces/msg'...
[6.859s] Listing '/media/sf_GhostRider/ros2_ws/install/my_robot_interfaces/lib/python3.12/site-packages/my_robot_interfaces/srv'...
[6.868s] -- Up-to-date: /media/sf_GhostRider/ros2_ws/install/my_robot_interfaces/lib/python3.12/site-packages/my_robot_interfaces/my_robot_interfaces_s__rosidl_typesupport_fastrtps_c.so
[6.882s] -- Up-to-date: /media/sf_GhostRider/ros2_ws/install/my_robot_interfaces/lib/python3.12/site-packages/my_robot_interfaces/my_robot_interfaces_s__rosidl_typesupport_introspection_c.so
[6.895s] -- Up-to-date: /media/sf_GhostRider/ros2_ws/install/my_robot_interfaces/lib/python3.12/site-packages/my_robot_interfaces/my_robot_interfaces_s__rosidl_typesupport_c.so
[6.909s] -- Up-to-date: /media/sf_GhostRider/ros2_ws/install/my_robot_interfaces/lib/libmy_robot_interfaces__rosidl_generator_py.so
[6.920s] -- Up-to-date: /media/sf_GhostRider/ros2_ws/install/my_robot_interfaces/share/my_robot_interfaces/msg/HardwareStatus.idl
[6.921s] -- Up-to-date: /media/sf_GhostRider/ros2_ws/install/my_robot_interfaces/share/my_robot_interfaces/srv/ComputeRectangleArea.idl
[6.922s] -- Up-to-date: /media/sf_GhostRider/ros2_ws/install/my_robot_interfaces/share/my_robot_interfaces/msg/LedStateArray.idl
[6.923s] -- Up-to-date: /media/sf_GhostRider/ros2_ws/install/my_robot_interfaces/share/my_robot_interfaces/srv/SetLed.idl
[6.924s] -- Up-to-date: /media/sf_GhostRider/ros2_ws/install/my_robot_interfaces/share/my_robot_interfaces/msg/HardwareStatus.msg
[6.925s] -- Up-to-date: /media/sf_GhostRider/ros2_ws/install/my_robot_interfaces/share/my_robot_interfaces/srv/ComputeRectangleArea.srv
[6.926s] -- Up-to-date: /media/sf_GhostRider/ros2_ws/install/my_robot_interfaces/share/my_robot_interfaces/msg/LedStateArray.msg
[6.928s] -- Installing: /media/sf_GhostRider/ros2_ws/install/my_robot_interfaces/share/my_robot_interfaces/srv/SetLed.srv
[6.934s] -- Up-to-date: /media/sf_GhostRider/ros2_ws/install/my_robot_interfaces/share/ament_index/resource_index/package_run_dependencies/my_robot_interfaces
[6.935s] -- Up-to-date: /media/sf_GhostRider/ros2_ws/install/my_robot_interfaces/share/ament_index/resource_index/parent_prefix_path/my_robot_interfaces
[6.936s] -- Up-to-date: /media/sf_GhostRider/ros2_ws/install/my_robot_interfaces/share/my_robot_interfaces/environment/ament_prefix_path.sh
[6.936s] -- Up-to-date: /media/sf_GhostRider/ros2_ws/install/my_robot_interfaces/share/my_robot_interfaces/environment/ament_prefix_path.dsv
[6.937s] -- Up-to-date: /media/sf_GhostRider/ros2_ws/install/my_robot_interfaces/share/my_robot_interfaces/environment/path.sh
[6.938s] -- Up-to-date: /media/sf_GhostRider/ros2_ws/install/my_robot_interfaces/share/my_robot_interfaces/environment/path.dsv
[6.939s] -- Up-to-date: /media/sf_GhostRider/ros2_ws/install/my_robot_interfaces/share/my_robot_interfaces/local_setup.bash
[6.940s] -- Up-to-date: /media/sf_GhostRider/ros2_ws/install/my_robot_interfaces/share/my_robot_interfaces/local_setup.sh
[6.940s] -- Up-to-date: /media/sf_GhostRider/ros2_ws/install/my_robot_interfaces/share/my_robot_interfaces/local_setup.zsh
[6.941s] -- Up-to-date: /media/sf_GhostRider/ros2_ws/install/my_robot_interfaces/share/my_robot_interfaces/local_setup.dsv
[6.942s] -- Installing: /media/sf_GhostRider/ros2_ws/install/my_robot_interfaces/share/my_robot_interfaces/package.dsv
[6.948s] -- Up-to-date: /media/sf_GhostRider/ros2_ws/install/my_robot_interfaces/share/ament_index/resource_index/packages/my_robot_interfaces
[6.950s] -- Up-to-date: /media/sf_GhostRider/ros2_ws/install/my_robot_interfaces/share/my_robot_interfaces/cmake/export_my_robot_interfaces__rosidl_generator_cExport.cmake
[6.951s] -- Up-to-date: /media/sf_GhostRider/ros2_ws/install/my_robot_interfaces/share/my_robot_interfaces/cmake/export_my_robot_interfaces__rosidl_generator_cExport-noconfig.cmake
[6.952s] -- Up-to-date: /media/sf_GhostRider/ros2_ws/install/my_robot_interfaces/share/my_robot_interfaces/cmake/export_my_robot_interfaces__rosidl_typesupport_fastrtps_cExport.cmake
[6.953s] -- Up-to-date: /media/sf_GhostRider/ros2_ws/install/my_robot_interfaces/share/my_robot_interfaces/cmake/export_my_robot_interfaces__rosidl_typesupport_fastrtps_cExport-noconfig.cmake
[6.955s] -- Up-to-date: /media/sf_GhostRider/ros2_ws/install/my_robot_interfaces/share/my_robot_interfaces/cmake/my_robot_interfaces__rosidl_typesupport_introspection_cExport.cmake
[6.956s] -- Up-to-date: /media/sf_GhostRider/ros2_ws/install/my_robot_interfaces/share/my_robot_interfaces/cmake/my_robot_interfaces__rosidl_typesupport_introspection_cExport-noconfig.cmake
[6.958s] -- Up-to-date: /media/sf_GhostRider/ros2_ws/install/my_robot_interfaces/share/my_robot_interfaces/cmake/my_robot_interfaces__rosidl_typesupport_cExport.cmake
[6.959s] -- Up-to-date: /media/sf_GhostRider/ros2_ws/install/my_robot_interfaces/share/my_robot_interfaces/cmake/my_robot_interfaces__rosidl_typesupport_cExport-noconfig.cmake
[6.960s] -- Up-to-date: /media/sf_GhostRider/ros2_ws/install/my_robot_interfaces/share/my_robot_interfaces/cmake/export_my_robot_interfaces__rosidl_generator_cppExport.cmake
[6.962s] -- Up-to-date: /media/sf_GhostRider/ros2_ws/install/my_robot_interfaces/share/my_robot_interfaces/cmake/export_my_robot_interfaces__rosidl_typesupport_fastrtps_cppExport.cmake
[6.963s] -- Up-to-date: /media/sf_GhostRider/ros2_ws/install/my_robot_interfaces/share/my_robot_interfaces/cmake/export_my_robot_interfaces__rosidl_typesupport_fastrtps_cppExport-noconfig.cmake
[6.964s] -- Up-to-date: /media/sf_GhostRider/ros2_ws/install/my_robot_interfaces/share/my_robot_interfaces/cmake/my_robot_interfaces__rosidl_typesupport_introspection_cppExport.cmake
[6.965s] -- Up-to-date: /media/sf_GhostRider/ros2_ws/install/my_robot_interfaces/share/my_robot_interfaces/cmake/my_robot_interfaces__rosidl_typesupport_introspection_cppExport-noconfig.cmake
[6.967s] -- Up-to-date: /media/sf_GhostRider/ros2_ws/install/my_robot_interfaces/share/my_robot_interfaces/cmake/my_robot_interfaces__rosidl_typesupport_cppExport.cmake
[6.968s] -- Up-to-date: /media/sf_GhostRider/ros2_ws/install/my_robot_interfaces/share/my_robot_interfaces/cmake/my_robot_interfaces__rosidl_typesupport_cppExport-noconfig.cmake
[6.970s] -- Up-to-date: /media/sf_GhostRider/ros2_ws/install/my_robot_interfaces/share/my_robot_interfaces/cmake/export_my_robot_interfaces__rosidl_generator_pyExport.cmake
[6.971s] -- Up-to-date: /media/sf_GhostRider/ros2_ws/install/my_robot_interfaces/share/my_robot_interfaces/cmake/export_my_robot_interfaces__rosidl_generator_pyExport-noconfig.cmake
[6.972s] -- Up-to-date: /media/sf_GhostRider/ros2_ws/install/my_robot_interfaces/share/my_robot_interfaces/cmake/rosidl_cmake-extras.cmake
[6.973s] -- Up-to-date: /media/sf_GhostRider/ros2_ws/install/my_robot_interfaces/share/my_robot_interfaces/cmake/ament_cmake_export_dependencies-extras.cmake
[6.974s] -- Up-to-date: /media/sf_GhostRider/ros2_ws/install/my_robot_interfaces/share/my_robot_interfaces/cmake/ament_cmake_export_include_directories-extras.cmake
[6.975s] -- Up-to-date: /media/sf_GhostRider/ros2_ws/install/my_robot_interfaces/share/my_robot_interfaces/cmake/ament_cmake_export_libraries-extras.cmake
[6.976s] -- Up-to-date: /media/sf_GhostRider/ros2_ws/install/my_robot_interfaces/share/my_robot_interfaces/cmake/ament_cmake_export_targets-extras.cmake
[6.977s] -- Up-to-date: /media/sf_GhostRider/ros2_ws/install/my_robot_interfaces/share/my_robot_interfaces/cmake/rosidl_cmake_export_typesupport_targets-extras.cmake
[6.978s] -- Up-to-date: /media/sf_GhostRider/ros2_ws/install/my_robot_interfaces/share/my_robot_interfaces/cmake/rosidl_cmake_export_typesupport_libraries-extras.cmake
[6.979s] -- Up-to-date: /media/sf_GhostRider/ros2_ws/install/my_robot_interfaces/share/my_robot_interfaces/cmake/my_robot_interfacesConfig.cmake
[6.980s] -- Up-to-date: /media/sf_GhostRider/ros2_ws/install/my_robot_interfaces/share/my_robot_interfaces/cmake/my_robot_interfacesConfig-version.cmake
[6.981s] -- Up-to-date: /media/sf_GhostRider/ros2_ws/install/my_robot_interfaces/share/my_robot_interfaces/package.xml
[6.986s] Invoked command in '/media/sf_GhostRider/ros2_ws/build/my_robot_interfaces' returned '0': CMAKE_PREFIX_PATH=${CMAKE_PREFIX_PATH}:/media/sf_GhostRider/ros2_ws/install/my_py_pkg:/opt/ros/jazzy DEBUGINFOD_URLS=https://debuginfod.ubuntu.com /usr/bin/cmake --install /media/sf_GhostRider/ros2_ws/build/my_robot_interfaces
