[0.094s] Invoking command in '/media/sf_GhostRider/ros2_ws/build/my_cpp_pkg': CMAKE_PREFIX_PATH=${CMAKE_PREFIX_PATH}:/media/sf_GhostRider/ros2_ws/install/my_py_pkg:/opt/ros/jazzy DEBUGINFOD_URLS=https://debuginfod.ubuntu.com /usr/bin/cmake --build /media/sf_GhostRider/ros2_ws/build/my_cpp_pkg -- -j20 -l20
[1.662s] [ 22%] Built target robot_news_station
[1.703s] [ 22%] Built target add_two_ints_client_no_oop
[1.717s] [ 44%] Built target number_counter
[1.720s] [ 61%] Built target add_two_ints_client
[1.721s] [ 66%] Built target add_two_ints_server
[1.723s] [ 66%] Built target number_publisher
[1.726s] [ 88%] Built target smartphone
[1.727s] [ 88%] Built target cpp_node_test
[2.110s] [100%] Built target hardware_status_publisher
[2.135s] Invoked command in '/media/sf_GhostRider/ros2_ws/build/my_cpp_pkg' returned '0': CMAKE_PREFIX_PATH=${CMAKE_PREFIX_PATH}:/media/sf_GhostRider/ros2_ws/install/my_py_pkg:/opt/ros/jazzy DEBUGINFOD_URLS=https://debuginfod.ubuntu.com /usr/bin/cmake --build /media/sf_GhostRider/ros2_ws/build/my_cpp_pkg -- -j20 -l20
[2.143s] Invoking command in '/media/sf_GhostRider/ros2_ws/build/my_cpp_pkg': CMAKE_PREFIX_PATH=${CMAKE_PREFIX_PATH}:/media/sf_GhostRider/ros2_ws/install/my_py_pkg:/opt/ros/jazzy DEBUGINFOD_URLS=https://debuginfod.ubuntu.com /usr/bin/cmake --install /media/sf_GhostRider/ros2_ws/build/my_cpp_pkg
[2.159s] -- Install configuration: ""
[2.170s] -- Up-to-date: /media/sf_GhostRider/ros2_ws/install/my_cpp_pkg/lib/my_cpp_pkg/cpp_node_test
[2.194s] -- Up-to-date: /media/sf_GhostRider/ros2_ws/install/my_cpp_pkg/lib/my_cpp_pkg/robot_news_station
[2.213s] -- Up-to-date: /media/sf_GhostRider/ros2_ws/install/my_cpp_pkg/lib/my_cpp_pkg/smartphone
[2.230s] -- Up-to-date: /media/sf_GhostRider/ros2_ws/install/my_cpp_pkg/lib/my_cpp_pkg/number_publisher
[2.248s] -- Up-to-date: /media/sf_GhostRider/ros2_ws/install/my_cpp_pkg/lib/my_cpp_pkg/number_counter
[2.264s] -- Up-to-date: /media/sf_GhostRider/ros2_ws/install/my_cpp_pkg/lib/my_cpp_pkg/add_two_ints_server
[2.291s] -- Up-to-date: /media/sf_GhostRider/ros2_ws/install/my_cpp_pkg/lib/my_cpp_pkg/hardware_status_publisher
[2.313s] -- Up-to-date: /media/sf_GhostRider/ros2_ws/install/my_cpp_pkg/lib/my_cpp_pkg/add_two_ints_client_no_oop
[2.331s] -- Up-to-date: /media/sf_GhostRider/ros2_ws/install/my_cpp_pkg/lib/my_cpp_pkg/add_two_ints_client
[2.342s] -- Up-to-date: /media/sf_GhostRider/ros2_ws/install/my_cpp_pkg/share/ament_index/resource_index/package_run_dependencies/my_cpp_pkg
[2.343s] -- Up-to-date: /media/sf_GhostRider/ros2_ws/install/my_cpp_pkg/share/ament_index/resource_index/parent_prefix_path/my_cpp_pkg
[2.344s] -- Up-to-date: /media/sf_GhostRider/ros2_ws/install/my_cpp_pkg/share/my_cpp_pkg/environment/ament_prefix_path.sh
[2.345s] -- Up-to-date: /media/sf_GhostRider/ros2_ws/install/my_cpp_pkg/share/my_cpp_pkg/environment/ament_prefix_path.dsv
[2.346s] -- Up-to-date: /media/sf_GhostRider/ros2_ws/install/my_cpp_pkg/share/my_cpp_pkg/environment/path.sh
[2.347s] -- Up-to-date: /media/sf_GhostRider/ros2_ws/install/my_cpp_pkg/share/my_cpp_pkg/environment/path.dsv
[2.347s] -- Up-to-date: /media/sf_GhostRider/ros2_ws/install/my_cpp_pkg/share/my_cpp_pkg/local_setup.bash
[2.348s] -- Up-to-date: /media/sf_GhostRider/ros2_ws/install/my_cpp_pkg/share/my_cpp_pkg/local_setup.sh
[2.349s] -- Up-to-date: /media/sf_GhostRider/ros2_ws/install/my_cpp_pkg/share/my_cpp_pkg/local_setup.zsh
[2.350s] -- Up-to-date: /media/sf_GhostRider/ros2_ws/install/my_cpp_pkg/share/my_cpp_pkg/local_setup.dsv
[2.352s] -- Installing: /media/sf_GhostRider/ros2_ws/install/my_cpp_pkg/share/my_cpp_pkg/package.dsv
[2.356s] -- Up-to-date: /media/sf_GhostRider/ros2_ws/install/my_cpp_pkg/share/ament_index/resource_index/packages/my_cpp_pkg
[2.357s] -- Up-to-date: /media/sf_GhostRider/ros2_ws/install/my_cpp_pkg/share/my_cpp_pkg/cmake/my_cpp_pkgConfig.cmake
[2.358s] -- Up-to-date: /media/sf_GhostRider/ros2_ws/install/my_cpp_pkg/share/my_cpp_pkg/cmake/my_cpp_pkgConfig-version.cmake
[2.359s] -- Up-to-date: /media/sf_GhostRider/ros2_ws/install/my_cpp_pkg/share/my_cpp_pkg/package.xml
[2.363s] Invoked command in '/media/sf_GhostRider/ros2_ws/build/my_cpp_pkg' returned '0': CMAKE_PREFIX_PATH=${CMAKE_PREFIX_PATH}:/media/sf_GhostRider/ros2_ws/install/my_py_pkg:/opt/ros/jazzy DEBUGINFOD_URLS=https://debuginfod.ubuntu.com /usr/bin/cmake --install /media/sf_GhostRider/ros2_ws/build/my_cpp_pkg
