[0.075s] DEBUG:colcon:Command line arguments: ['/usr/bin/colcon', 'build']
[0.075s] DEBUG:colcon:Parsed command line arguments: Namespace(log_base=None, log_level=None, verb_name='build', build_base='build', install_base='install', merge_install=False, symlink_install=False, test_result_base=None, continue_on_error=False, executor='parallel', parallel_workers=20, event_handlers=None, ignore_user_meta=False, metas=['./colcon.meta'], base_paths=['.'], packages_ignore=None, packages_ignore_regex=None, paths=None, packages_up_to=None, packages_up_to_regex=None, packages_above=None, packages_above_and_dependencies=None, packages_above_depth=None, packages_select_by_dep=None, packages_skip_by_dep=None, packages_skip_up_to=None, packages_select_build_failed=False, packages_skip_build_finished=False, packages_select_test_failures=False, packages_skip_test_passed=False, packages_select=None, packages_skip=None, packages_select_regex=None, packages_skip_regex=None, packages_start=None, packages_end=None, allow_overriding=[], cmake_args=None, cmake_target=None, cmake_target_skip_unavailable=False, cmake_clean_cache=False, cmake_clean_first=False, cmake_force_configure=False, ament_cmake_args=None, catkin_cmake_args=None, catkin_skip_building_tests=False, mixin_files=None, mixin=None, verb_parser=<colcon_mixin.mixin.mixin_argument.MixinArgumentDecorator object at 0x7ee072577c20>, verb_extension=<colcon_core.verb.build.BuildVerb object at 0x7ee072576f90>, main=<bound method BuildVerb.main of <colcon_core.verb.build.BuildVerb object at 0x7ee072576f90>>, mixin_verb=('build',))
[0.105s] Level 1:colcon.colcon_core.package_discovery:discover_packages(colcon_meta) check parameters
[0.105s] Level 1:colcon.colcon_core.package_discovery:discover_packages(recursive) check parameters
[0.106s] Level 1:colcon.colcon_core.package_discovery:discover_packages(ignore) check parameters
[0.106s] Level 1:colcon.colcon_core.package_discovery:discover_packages(path) check parameters
[0.106s] Level 1:colcon.colcon_core.package_discovery:discover_packages(colcon_meta) discover
[0.107s] Level 1:colcon.colcon_core.package_discovery:discover_packages(recursive) discover
[0.108s] INFO:colcon.colcon_core.package_discovery:Crawling recursively for packages in '/media/sf_GhostRider/ros2_ws'
[0.109s] Level 1:colcon.colcon_core.package_identification:_identify(.) by extensions ['ignore', 'ignore_ament_install']
[0.109s] Level 1:colcon.colcon_core.package_identification:_identify(.) by extension 'ignore'
[0.109s] Level 1:colcon.colcon_core.package_identification:_identify(.) by extension 'ignore_ament_install'
[0.110s] Level 1:colcon.colcon_core.package_identification:_identify(.) by extensions ['colcon_pkg']
[0.110s] Level 1:colcon.colcon_core.package_identification:_identify(.) by extension 'colcon_pkg'
[0.111s] Level 1:colcon.colcon_core.package_identification:_identify(.) by extensions ['colcon_meta']
[0.111s] Level 1:colcon.colcon_core.package_identification:_identify(.) by extension 'colcon_meta'
[0.111s] Level 1:colcon.colcon_core.package_identification:_identify(.) by extensions ['ros']
[0.111s] Level 1:colcon.colcon_core.package_identification:_identify(.) by extension 'ros'
[0.131s] Level 1:colcon.colcon_core.package_identification:_identify(.) by extensions ['cmake', 'python']
[0.132s] Level 1:colcon.colcon_core.package_identification:_identify(.) by extension 'cmake'
[0.132s] Level 1:colcon.colcon_core.package_identification:_identify(.) by extension 'python'
[0.132s] Level 1:colcon.colcon_core.package_identification:_identify(.) by extensions ['python_setup_py']
[0.133s] Level 1:colcon.colcon_core.package_identification:_identify(.) by extension 'python_setup_py'
[0.134s] Level 1:colcon.colcon_core.package_identification:_identify(build) by extensions ['ignore', 'ignore_ament_install']
[0.134s] Level 1:colcon.colcon_core.package_identification:_identify(build) by extension 'ignore'
[0.134s] Level 1:colcon.colcon_core.package_identification:_identify(build) ignored
[0.135s] Level 1:colcon.colcon_core.package_identification:_identify(install) by extensions ['ignore', 'ignore_ament_install']
[0.135s] Level 1:colcon.colcon_core.package_identification:_identify(install) by extension 'ignore'
[0.135s] Level 1:colcon.colcon_core.package_identification:_identify(install) ignored
[0.136s] Level 1:colcon.colcon_core.package_identification:_identify(log) by extensions ['ignore', 'ignore_ament_install']
[0.137s] Level 1:colcon.colcon_core.package_identification:_identify(log) by extension 'ignore'
[0.137s] Level 1:colcon.colcon_core.package_identification:_identify(log) ignored
[0.138s] Level 1:colcon.colcon_core.package_identification:_identify(src) by extensions ['ignore', 'ignore_ament_install']
[0.138s] Level 1:colcon.colcon_core.package_identification:_identify(src) by extension 'ignore'
[0.138s] Level 1:colcon.colcon_core.package_identification:_identify(src) by extension 'ignore_ament_install'
[0.139s] Level 1:colcon.colcon_core.package_identification:_identify(src) by extensions ['colcon_pkg']
[0.139s] Level 1:colcon.colcon_core.package_identification:_identify(src) by extension 'colcon_pkg'
[0.139s] Level 1:colcon.colcon_core.package_identification:_identify(src) by extensions ['colcon_meta']
[0.139s] Level 1:colcon.colcon_core.package_identification:_identify(src) by extension 'colcon_meta'
[0.140s] Level 1:colcon.colcon_core.package_identification:_identify(src) by extensions ['ros']
[0.140s] Level 1:colcon.colcon_core.package_identification:_identify(src) by extension 'ros'
[0.140s] Level 1:colcon.colcon_core.package_identification:_identify(src) by extensions ['cmake', 'python']
[0.140s] Level 1:colcon.colcon_core.package_identification:_identify(src) by extension 'cmake'
[0.141s] Level 1:colcon.colcon_core.package_identification:_identify(src) by extension 'python'
[0.141s] Level 1:colcon.colcon_core.package_identification:_identify(src) by extensions ['python_setup_py']
[0.141s] Level 1:colcon.colcon_core.package_identification:_identify(src) by extension 'python_setup_py'
[0.142s] Level 1:colcon.colcon_core.package_identification:_identify(src/build) by extensions ['ignore', 'ignore_ament_install']
[0.142s] Level 1:colcon.colcon_core.package_identification:_identify(src/build) by extension 'ignore'
[0.143s] Level 1:colcon.colcon_core.package_identification:_identify(src/build) by extension 'ignore_ament_install'
[0.143s] Level 1:colcon.colcon_core.package_identification:_identify(src/build) by extensions ['colcon_pkg']
[0.143s] Level 1:colcon.colcon_core.package_identification:_identify(src/build) by extension 'colcon_pkg'
[0.144s] Level 1:colcon.colcon_core.package_identification:_identify(src/build) by extensions ['colcon_meta']
[0.144s] Level 1:colcon.colcon_core.package_identification:_identify(src/build) by extension 'colcon_meta'
[0.144s] Level 1:colcon.colcon_core.package_identification:_identify(src/build) by extensions ['ros']
[0.144s] Level 1:colcon.colcon_core.package_identification:_identify(src/build) by extension 'ros'
[0.145s] Level 1:colcon.colcon_core.package_identification:_identify(src/build) by extensions ['cmake', 'python']
[0.145s] Level 1:colcon.colcon_core.package_identification:_identify(src/build) by extension 'cmake'
[0.146s] Level 1:colcon.colcon_core.package_identification:_identify(src/build) by extension 'python'
[0.146s] Level 1:colcon.colcon_core.package_identification:_identify(src/build) by extensions ['python_setup_py']
[0.146s] Level 1:colcon.colcon_core.package_identification:_identify(src/build) by extension 'python_setup_py'
[0.147s] Level 1:colcon.colcon_core.package_identification:_identify(src/build/CMakeFiles) by extensions ['ignore', 'ignore_ament_install']
[0.147s] Level 1:colcon.colcon_core.package_identification:_identify(src/build/CMakeFiles) by extension 'ignore'
[0.148s] Level 1:colcon.colcon_core.package_identification:_identify(src/build/CMakeFiles) by extension 'ignore_ament_install'
[0.148s] Level 1:colcon.colcon_core.package_identification:_identify(src/build/CMakeFiles) by extensions ['colcon_pkg']
[0.148s] Level 1:colcon.colcon_core.package_identification:_identify(src/build/CMakeFiles) by extension 'colcon_pkg'
[0.149s] Level 1:colcon.colcon_core.package_identification:_identify(src/build/CMakeFiles) by extensions ['colcon_meta']
[0.149s] Level 1:colcon.colcon_core.package_identification:_identify(src/build/CMakeFiles) by extension 'colcon_meta'
[0.149s] Level 1:colcon.colcon_core.package_identification:_identify(src/build/CMakeFiles) by extensions ['ros']
[0.149s] Level 1:colcon.colcon_core.package_identification:_identify(src/build/CMakeFiles) by extension 'ros'
[0.150s] Level 1:colcon.colcon_core.package_identification:_identify(src/build/CMakeFiles) by extensions ['cmake', 'python']
[0.150s] Level 1:colcon.colcon_core.package_identification:_identify(src/build/CMakeFiles) by extension 'cmake'
[0.150s] Level 1:colcon.colcon_core.package_identification:_identify(src/build/CMakeFiles) by extension 'python'
[0.151s] Level 1:colcon.colcon_core.package_identification:_identify(src/build/CMakeFiles) by extensions ['python_setup_py']
[0.151s] Level 1:colcon.colcon_core.package_identification:_identify(src/build/CMakeFiles) by extension 'python_setup_py'
[0.152s] Level 1:colcon.colcon_core.package_identification:_identify(src/build/CMakeFiles/4.1.2-msvc8) by extensions ['ignore', 'ignore_ament_install']
[0.152s] Level 1:colcon.colcon_core.package_identification:_identify(src/build/CMakeFiles/4.1.2-msvc8) by extension 'ignore'
[0.152s] Level 1:colcon.colcon_core.package_identification:_identify(src/build/CMakeFiles/4.1.2-msvc8) by extension 'ignore_ament_install'
[0.153s] Level 1:colcon.colcon_core.package_identification:_identify(src/build/CMakeFiles/4.1.2-msvc8) by extensions ['colcon_pkg']
[0.153s] Level 1:colcon.colcon_core.package_identification:_identify(src/build/CMakeFiles/4.1.2-msvc8) by extension 'colcon_pkg'
[0.153s] Level 1:colcon.colcon_core.package_identification:_identify(src/build/CMakeFiles/4.1.2-msvc8) by extensions ['colcon_meta']
[0.154s] Level 1:colcon.colcon_core.package_identification:_identify(src/build/CMakeFiles/4.1.2-msvc8) by extension 'colcon_meta'
[0.154s] Level 1:colcon.colcon_core.package_identification:_identify(src/build/CMakeFiles/4.1.2-msvc8) by extensions ['ros']
[0.154s] Level 1:colcon.colcon_core.package_identification:_identify(src/build/CMakeFiles/4.1.2-msvc8) by extension 'ros'
[0.155s] Level 1:colcon.colcon_core.package_identification:_identify(src/build/CMakeFiles/4.1.2-msvc8) by extensions ['cmake', 'python']
[0.155s] Level 1:colcon.colcon_core.package_identification:_identify(src/build/CMakeFiles/4.1.2-msvc8) by extension 'cmake'
[0.155s] Level 1:colcon.colcon_core.package_identification:_identify(src/build/CMakeFiles/4.1.2-msvc8) by extension 'python'
[0.155s] Level 1:colcon.colcon_core.package_identification:_identify(src/build/CMakeFiles/4.1.2-msvc8) by extensions ['python_setup_py']
[0.155s] Level 1:colcon.colcon_core.package_identification:_identify(src/build/CMakeFiles/4.1.2-msvc8) by extension 'python_setup_py'
[0.156s] Level 1:colcon.colcon_core.package_identification:_identify(src/build/CMakeFiles/4.1.2-msvc8/CompilerIdC) by extensions ['ignore', 'ignore_ament_install']
[0.157s] Level 1:colcon.colcon_core.package_identification:_identify(src/build/CMakeFiles/4.1.2-msvc8/CompilerIdC) by extension 'ignore'
[0.157s] Level 1:colcon.colcon_core.package_identification:_identify(src/build/CMakeFiles/4.1.2-msvc8/CompilerIdC) by extension 'ignore_ament_install'
[0.157s] Level 1:colcon.colcon_core.package_identification:_identify(src/build/CMakeFiles/4.1.2-msvc8/CompilerIdC) by extensions ['colcon_pkg']
[0.158s] Level 1:colcon.colcon_core.package_identification:_identify(src/build/CMakeFiles/4.1.2-msvc8/CompilerIdC) by extension 'colcon_pkg'
[0.158s] Level 1:colcon.colcon_core.package_identification:_identify(src/build/CMakeFiles/4.1.2-msvc8/CompilerIdC) by extensions ['colcon_meta']
[0.158s] Level 1:colcon.colcon_core.package_identification:_identify(src/build/CMakeFiles/4.1.2-msvc8/CompilerIdC) by extension 'colcon_meta'
[0.158s] Level 1:colcon.colcon_core.package_identification:_identify(src/build/CMakeFiles/4.1.2-msvc8/CompilerIdC) by extensions ['ros']
[0.158s] Level 1:colcon.colcon_core.package_identification:_identify(src/build/CMakeFiles/4.1.2-msvc8/CompilerIdC) by extension 'ros'
[0.159s] Level 1:colcon.colcon_core.package_identification:_identify(src/build/CMakeFiles/4.1.2-msvc8/CompilerIdC) by extensions ['cmake', 'python']
[0.159s] Level 1:colcon.colcon_core.package_identification:_identify(src/build/CMakeFiles/4.1.2-msvc8/CompilerIdC) by extension 'cmake'
[0.159s] Level 1:colcon.colcon_core.package_identification:_identify(src/build/CMakeFiles/4.1.2-msvc8/CompilerIdC) by extension 'python'
[0.159s] Level 1:colcon.colcon_core.package_identification:_identify(src/build/CMakeFiles/4.1.2-msvc8/CompilerIdC) by extensions ['python_setup_py']
[0.160s] Level 1:colcon.colcon_core.package_identification:_identify(src/build/CMakeFiles/4.1.2-msvc8/CompilerIdC) by extension 'python_setup_py'
[0.160s] Level 1:colcon.colcon_core.package_identification:_identify(src/build/CMakeFiles/4.1.2-msvc8/CompilerIdC/tmp) by extensions ['ignore', 'ignore_ament_install']
[0.161s] Level 1:colcon.colcon_core.package_identification:_identify(src/build/CMakeFiles/4.1.2-msvc8/CompilerIdC/tmp) by extension 'ignore'
[0.161s] Level 1:colcon.colcon_core.package_identification:_identify(src/build/CMakeFiles/4.1.2-msvc8/CompilerIdC/tmp) by extension 'ignore_ament_install'
[0.161s] Level 1:colcon.colcon_core.package_identification:_identify(src/build/CMakeFiles/4.1.2-msvc8/CompilerIdC/tmp) by extensions ['colcon_pkg']
[0.161s] Level 1:colcon.colcon_core.package_identification:_identify(src/build/CMakeFiles/4.1.2-msvc8/CompilerIdC/tmp) by extension 'colcon_pkg'
[0.162s] Level 1:colcon.colcon_core.package_identification:_identify(src/build/CMakeFiles/4.1.2-msvc8/CompilerIdC/tmp) by extensions ['colcon_meta']
[0.162s] Level 1:colcon.colcon_core.package_identification:_identify(src/build/CMakeFiles/4.1.2-msvc8/CompilerIdC/tmp) by extension 'colcon_meta'
[0.162s] Level 1:colcon.colcon_core.package_identification:_identify(src/build/CMakeFiles/4.1.2-msvc8/CompilerIdC/tmp) by extensions ['ros']
[0.162s] Level 1:colcon.colcon_core.package_identification:_identify(src/build/CMakeFiles/4.1.2-msvc8/CompilerIdC/tmp) by extension 'ros'
[0.163s] Level 1:colcon.colcon_core.package_identification:_identify(src/build/CMakeFiles/4.1.2-msvc8/CompilerIdC/tmp) by extensions ['cmake', 'python']
[0.163s] Level 1:colcon.colcon_core.package_identification:_identify(src/build/CMakeFiles/4.1.2-msvc8/CompilerIdC/tmp) by extension 'cmake'
[0.163s] Level 1:colcon.colcon_core.package_identification:_identify(src/build/CMakeFiles/4.1.2-msvc8/CompilerIdC/tmp) by extension 'python'
[0.163s] Level 1:colcon.colcon_core.package_identification:_identify(src/build/CMakeFiles/4.1.2-msvc8/CompilerIdC/tmp) by extensions ['python_setup_py']
[0.164s] Level 1:colcon.colcon_core.package_identification:_identify(src/build/CMakeFiles/4.1.2-msvc8/CompilerIdC/tmp) by extension 'python_setup_py'
[0.164s] Level 1:colcon.colcon_core.package_identification:_identify(src/build/CMakeFiles/4.1.2-msvc8/CompilerIdCXX) by extensions ['ignore', 'ignore_ament_install']
[0.165s] Level 1:colcon.colcon_core.package_identification:_identify(src/build/CMakeFiles/4.1.2-msvc8/CompilerIdCXX) by extension 'ignore'
[0.165s] Level 1:colcon.colcon_core.package_identification:_identify(src/build/CMakeFiles/4.1.2-msvc8/CompilerIdCXX) by extension 'ignore_ament_install'
[0.165s] Level 1:colcon.colcon_core.package_identification:_identify(src/build/CMakeFiles/4.1.2-msvc8/CompilerIdCXX) by extensions ['colcon_pkg']
[0.166s] Level 1:colcon.colcon_core.package_identification:_identify(src/build/CMakeFiles/4.1.2-msvc8/CompilerIdCXX) by extension 'colcon_pkg'
[0.166s] Level 1:colcon.colcon_core.package_identification:_identify(src/build/CMakeFiles/4.1.2-msvc8/CompilerIdCXX) by extensions ['colcon_meta']
[0.166s] Level 1:colcon.colcon_core.package_identification:_identify(src/build/CMakeFiles/4.1.2-msvc8/CompilerIdCXX) by extension 'colcon_meta'
[0.166s] Level 1:colcon.colcon_core.package_identification:_identify(src/build/CMakeFiles/4.1.2-msvc8/CompilerIdCXX) by extensions ['ros']
[0.166s] Level 1:colcon.colcon_core.package_identification:_identify(src/build/CMakeFiles/4.1.2-msvc8/CompilerIdCXX) by extension 'ros'
[0.167s] Level 1:colcon.colcon_core.package_identification:_identify(src/build/CMakeFiles/4.1.2-msvc8/CompilerIdCXX) by extensions ['cmake', 'python']
[0.167s] Level 1:colcon.colcon_core.package_identification:_identify(src/build/CMakeFiles/4.1.2-msvc8/CompilerIdCXX) by extension 'cmake'
[0.167s] Level 1:colcon.colcon_core.package_identification:_identify(src/build/CMakeFiles/4.1.2-msvc8/CompilerIdCXX) by extension 'python'
[0.168s] Level 1:colcon.colcon_core.package_identification:_identify(src/build/CMakeFiles/4.1.2-msvc8/CompilerIdCXX) by extensions ['python_setup_py']
[0.168s] Level 1:colcon.colcon_core.package_identification:_identify(src/build/CMakeFiles/4.1.2-msvc8/CompilerIdCXX) by extension 'python_setup_py'
[0.169s] Level 1:colcon.colcon_core.package_identification:_identify(src/build/CMakeFiles/4.1.2-msvc8/CompilerIdCXX/tmp) by extensions ['ignore', 'ignore_ament_install']
[0.169s] Level 1:colcon.colcon_core.package_identification:_identify(src/build/CMakeFiles/4.1.2-msvc8/CompilerIdCXX/tmp) by extension 'ignore'
[0.169s] Level 1:colcon.colcon_core.package_identification:_identify(src/build/CMakeFiles/4.1.2-msvc8/CompilerIdCXX/tmp) by extension 'ignore_ament_install'
[0.170s] Level 1:colcon.colcon_core.package_identification:_identify(src/build/CMakeFiles/4.1.2-msvc8/CompilerIdCXX/tmp) by extensions ['colcon_pkg']
[0.170s] Level 1:colcon.colcon_core.package_identification:_identify(src/build/CMakeFiles/4.1.2-msvc8/CompilerIdCXX/tmp) by extension 'colcon_pkg'
[0.170s] Level 1:colcon.colcon_core.package_identification:_identify(src/build/CMakeFiles/4.1.2-msvc8/CompilerIdCXX/tmp) by extensions ['colcon_meta']
[0.171s] Level 1:colcon.colcon_core.package_identification:_identify(src/build/CMakeFiles/4.1.2-msvc8/CompilerIdCXX/tmp) by extension 'colcon_meta'
[0.171s] Level 1:colcon.colcon_core.package_identification:_identify(src/build/CMakeFiles/4.1.2-msvc8/CompilerIdCXX/tmp) by extensions ['ros']
[0.171s] Level 1:colcon.colcon_core.package_identification:_identify(src/build/CMakeFiles/4.1.2-msvc8/CompilerIdCXX/tmp) by extension 'ros'
[0.172s] Level 1:colcon.colcon_core.package_identification:_identify(src/build/CMakeFiles/4.1.2-msvc8/CompilerIdCXX/tmp) by extensions ['cmake', 'python']
[0.172s] Level 1:colcon.colcon_core.package_identification:_identify(src/build/CMakeFiles/4.1.2-msvc8/CompilerIdCXX/tmp) by extension 'cmake'
[0.173s] Level 1:colcon.colcon_core.package_identification:_identify(src/build/CMakeFiles/4.1.2-msvc8/CompilerIdCXX/tmp) by extension 'python'
[0.173s] Level 1:colcon.colcon_core.package_identification:_identify(src/build/CMakeFiles/4.1.2-msvc8/CompilerIdCXX/tmp) by extensions ['python_setup_py']
[0.174s] Level 1:colcon.colcon_core.package_identification:_identify(src/build/CMakeFiles/4.1.2-msvc8/CompilerIdCXX/tmp) by extension 'python_setup_py'
[0.175s] Level 1:colcon.colcon_core.package_identification:_identify(src/build/CMakeFiles/ShowIncludes) by extensions ['ignore', 'ignore_ament_install']
[0.175s] Level 1:colcon.colcon_core.package_identification:_identify(src/build/CMakeFiles/ShowIncludes) by extension 'ignore'
[0.175s] Level 1:colcon.colcon_core.package_identification:_identify(src/build/CMakeFiles/ShowIncludes) by extension 'ignore_ament_install'
[0.176s] Level 1:colcon.colcon_core.package_identification:_identify(src/build/CMakeFiles/ShowIncludes) by extensions ['colcon_pkg']
[0.176s] Level 1:colcon.colcon_core.package_identification:_identify(src/build/CMakeFiles/ShowIncludes) by extension 'colcon_pkg'
[0.177s] Level 1:colcon.colcon_core.package_identification:_identify(src/build/CMakeFiles/ShowIncludes) by extensions ['colcon_meta']
[0.177s] Level 1:colcon.colcon_core.package_identification:_identify(src/build/CMakeFiles/ShowIncludes) by extension 'colcon_meta'
[0.177s] Level 1:colcon.colcon_core.package_identification:_identify(src/build/CMakeFiles/ShowIncludes) by extensions ['ros']
[0.177s] Level 1:colcon.colcon_core.package_identification:_identify(src/build/CMakeFiles/ShowIncludes) by extension 'ros'
[0.178s] Level 1:colcon.colcon_core.package_identification:_identify(src/build/CMakeFiles/ShowIncludes) by extensions ['cmake', 'python']
[0.178s] Level 1:colcon.colcon_core.package_identification:_identify(src/build/CMakeFiles/ShowIncludes) by extension 'cmake'
[0.179s] Level 1:colcon.colcon_core.package_identification:_identify(src/build/CMakeFiles/ShowIncludes) by extension 'python'
[0.179s] Level 1:colcon.colcon_core.package_identification:_identify(src/build/CMakeFiles/ShowIncludes) by extensions ['python_setup_py']
[0.179s] Level 1:colcon.colcon_core.package_identification:_identify(src/build/CMakeFiles/ShowIncludes) by extension 'python_setup_py'
[0.180s] Level 1:colcon.colcon_core.package_identification:_identify(src/build/CMakeFiles/pkgRedirects) by extensions ['ignore', 'ignore_ament_install']
[0.180s] Level 1:colcon.colcon_core.package_identification:_identify(src/build/CMakeFiles/pkgRedirects) by extension 'ignore'
[0.181s] Level 1:colcon.colcon_core.package_identification:_identify(src/build/CMakeFiles/pkgRedirects) by extension 'ignore_ament_install'
[0.181s] Level 1:colcon.colcon_core.package_identification:_identify(src/build/CMakeFiles/pkgRedirects) by extensions ['colcon_pkg']
[0.181s] Level 1:colcon.colcon_core.package_identification:_identify(src/build/CMakeFiles/pkgRedirects) by extension 'colcon_pkg'
[0.182s] Level 1:colcon.colcon_core.package_identification:_identify(src/build/CMakeFiles/pkgRedirects) by extensions ['colcon_meta']
[0.182s] Level 1:colcon.colcon_core.package_identification:_identify(src/build/CMakeFiles/pkgRedirects) by extension 'colcon_meta'
[0.182s] Level 1:colcon.colcon_core.package_identification:_identify(src/build/CMakeFiles/pkgRedirects) by extensions ['ros']
[0.182s] Level 1:colcon.colcon_core.package_identification:_identify(src/build/CMakeFiles/pkgRedirects) by extension 'ros'
[0.183s] Level 1:colcon.colcon_core.package_identification:_identify(src/build/CMakeFiles/pkgRedirects) by extensions ['cmake', 'python']
[0.183s] Level 1:colcon.colcon_core.package_identification:_identify(src/build/CMakeFiles/pkgRedirects) by extension 'cmake'
[0.183s] Level 1:colcon.colcon_core.package_identification:_identify(src/build/CMakeFiles/pkgRedirects) by extension 'python'
[0.184s] Level 1:colcon.colcon_core.package_identification:_identify(src/build/CMakeFiles/pkgRedirects) by extensions ['python_setup_py']
[0.184s] Level 1:colcon.colcon_core.package_identification:_identify(src/build/CMakeFiles/pkgRedirects) by extension 'python_setup_py'
[0.184s] Level 1:colcon.colcon_core.package_identification:_identify(src/my_cpp_pkg) by extensions ['ignore', 'ignore_ament_install']
[0.185s] Level 1:colcon.colcon_core.package_identification:_identify(src/my_cpp_pkg) by extension 'ignore'
[0.185s] Level 1:colcon.colcon_core.package_identification:_identify(src/my_cpp_pkg) by extension 'ignore_ament_install'
[0.186s] Level 1:colcon.colcon_core.package_identification:_identify(src/my_cpp_pkg) by extensions ['colcon_pkg']
[0.186s] Level 1:colcon.colcon_core.package_identification:_identify(src/my_cpp_pkg) by extension 'colcon_pkg'
[0.186s] Level 1:colcon.colcon_core.package_identification:_identify(src/my_cpp_pkg) by extensions ['colcon_meta']
[0.187s] Level 1:colcon.colcon_core.package_identification:_identify(src/my_cpp_pkg) by extension 'colcon_meta'
[0.187s] Level 1:colcon.colcon_core.package_identification:_identify(src/my_cpp_pkg) by extensions ['ros']
[0.187s] Level 1:colcon.colcon_core.package_identification:_identify(src/my_cpp_pkg) by extension 'ros'
[0.190s] DEBUG:colcon.colcon_core.package_identification:Package 'src/my_cpp_pkg' with type 'ros.ament_cmake' and name 'my_cpp_pkg'
[0.191s] Level 1:colcon.colcon_core.package_identification:_identify(src/my_py_pkg) by extensions ['ignore', 'ignore_ament_install']
[0.192s] Level 1:colcon.colcon_core.package_identification:_identify(src/my_py_pkg) by extension 'ignore'
[0.192s] Level 1:colcon.colcon_core.package_identification:_identify(src/my_py_pkg) by extension 'ignore_ament_install'
[0.193s] Level 1:colcon.colcon_core.package_identification:_identify(src/my_py_pkg) by extensions ['colcon_pkg']
[0.193s] Level 1:colcon.colcon_core.package_identification:_identify(src/my_py_pkg) by extension 'colcon_pkg'
[0.194s] Level 1:colcon.colcon_core.package_identification:_identify(src/my_py_pkg) by extensions ['colcon_meta']
[0.194s] Level 1:colcon.colcon_core.package_identification:_identify(src/my_py_pkg) by extension 'colcon_meta'
[0.194s] Level 1:colcon.colcon_core.package_identification:_identify(src/my_py_pkg) by extensions ['ros']
[0.194s] Level 1:colcon.colcon_core.package_identification:_identify(src/my_py_pkg) by extension 'ros'
[0.196s] DEBUG:colcon.colcon_core.package_identification:Package 'src/my_py_pkg' with type 'ros.ament_python' and name 'my_py_pkg'
[0.196s] Level 1:colcon.colcon_core.package_discovery:discover_packages(recursive) using defaults
[0.197s] Level 1:colcon.colcon_core.package_discovery:discover_packages(ignore) discover
[0.197s] Level 1:colcon.colcon_core.package_discovery:discover_packages(ignore) using defaults
[0.197s] Level 1:colcon.colcon_core.package_discovery:discover_packages(path) discover
[0.197s] Level 1:colcon.colcon_core.package_discovery:discover_packages(path) using defaults
[0.211s] Level 1:colcon.colcon_core.package_discovery:discover_packages(prefix_path) check parameters
[0.212s] Level 1:colcon.colcon_core.package_discovery:discover_packages(prefix_path) discover
[0.222s] DEBUG:colcon.colcon_installed_package_information.package_discovery:Found 2 installed packages in /media/sf_GhostRider/ros2_ws/install
[0.223s] DEBUG:colcon.colcon_installed_package_information.package_discovery:Found 286 installed packages in /opt/ros/jazzy
[0.224s] Level 1:colcon.colcon_core.package_discovery:discover_packages(prefix_path) using defaults
[0.250s] Level 5:colcon.colcon_core.verb:set package 'my_cpp_pkg' build argument 'cmake_args' from command line to 'None'
[0.251s] Level 5:colcon.colcon_core.verb:set package 'my_cpp_pkg' build argument 'cmake_target' from command line to 'None'
[0.251s] Level 5:colcon.colcon_core.verb:set package 'my_cpp_pkg' build argument 'cmake_target_skip_unavailable' from command line to 'False'
[0.251s] Level 5:colcon.colcon_core.verb:set package 'my_cpp_pkg' build argument 'cmake_clean_cache' from command line to 'False'
[0.252s] Level 5:colcon.colcon_core.verb:set package 'my_cpp_pkg' build argument 'cmake_clean_first' from command line to 'False'
[0.252s] Level 5:colcon.colcon_core.verb:set package 'my_cpp_pkg' build argument 'cmake_force_configure' from command line to 'False'
[0.252s] Level 5:colcon.colcon_core.verb:set package 'my_cpp_pkg' build argument 'ament_cmake_args' from command line to 'None'
[0.253s] Level 5:colcon.colcon_core.verb:set package 'my_cpp_pkg' build argument 'catkin_cmake_args' from command line to 'None'
[0.253s] Level 5:colcon.colcon_core.verb:set package 'my_cpp_pkg' build argument 'catkin_skip_building_tests' from command line to 'False'
[0.253s] DEBUG:colcon.colcon_core.verb:Building package 'my_cpp_pkg' with the following arguments: {'ament_cmake_args': None, 'build_base': '/media/sf_GhostRider/ros2_ws/build/my_cpp_pkg', 'catkin_cmake_args': None, 'catkin_skip_building_tests': False, 'cmake_args': None, 'cmake_clean_cache': False, 'cmake_clean_first': False, 'cmake_force_configure': False, 'cmake_target': None, 'cmake_target_skip_unavailable': False, 'install_base': '/media/sf_GhostRider/ros2_ws/install/my_cpp_pkg', 'merge_install': False, 'path': '/media/sf_GhostRider/ros2_ws/src/my_cpp_pkg', 'symlink_install': False, 'test_result_base': None}
[0.254s] Level 5:colcon.colcon_core.verb:set package 'my_py_pkg' build argument 'cmake_args' from command line to 'None'
[0.254s] Level 5:colcon.colcon_core.verb:set package 'my_py_pkg' build argument 'cmake_target' from command line to 'None'
[0.254s] Level 5:colcon.colcon_core.verb:set package 'my_py_pkg' build argument 'cmake_target_skip_unavailable' from command line to 'False'
[0.255s] Level 5:colcon.colcon_core.verb:set package 'my_py_pkg' build argument 'cmake_clean_cache' from command line to 'False'
[0.255s] Level 5:colcon.colcon_core.verb:set package 'my_py_pkg' build argument 'cmake_clean_first' from command line to 'False'
[0.255s] Level 5:colcon.colcon_core.verb:set package 'my_py_pkg' build argument 'cmake_force_configure' from command line to 'False'
[0.255s] Level 5:colcon.colcon_core.verb:set package 'my_py_pkg' build argument 'ament_cmake_args' from command line to 'None'
[0.256s] Level 5:colcon.colcon_core.verb:set package 'my_py_pkg' build argument 'catkin_cmake_args' from command line to 'None'
[0.256s] Level 5:colcon.colcon_core.verb:set package 'my_py_pkg' build argument 'catkin_skip_building_tests' from command line to 'False'
[0.256s] DEBUG:colcon.colcon_core.verb:Building package 'my_py_pkg' with the following arguments: {'ament_cmake_args': None, 'build_base': '/media/sf_GhostRider/ros2_ws/build/my_py_pkg', 'catkin_cmake_args': None, 'catkin_skip_building_tests': False, 'cmake_args': None, 'cmake_clean_cache': False, 'cmake_clean_first': False, 'cmake_force_configure': False, 'cmake_target': None, 'cmake_target_skip_unavailable': False, 'install_base': '/media/sf_GhostRider/ros2_ws/install/my_py_pkg', 'merge_install': False, 'path': '/media/sf_GhostRider/ros2_ws/src/my_py_pkg', 'symlink_install': False, 'test_result_base': None}
[0.257s] INFO:colcon.colcon_core.executor:Executing jobs using 'parallel' executor
[0.258s] DEBUG:colcon.colcon_parallel_executor.executor.parallel:run_until_complete
[0.259s] INFO:colcon.colcon_ros.task.ament_cmake.build:Building ROS package in '/media/sf_GhostRider/ros2_ws/src/my_cpp_pkg' with build type 'ament_cmake'
[0.259s] INFO:colcon.colcon_cmake.task.cmake.build:Building CMake package in '/media/sf_GhostRider/ros2_ws/src/my_cpp_pkg'
[0.261s] INFO:colcon.colcon_core.plugin_system:Skipping extension 'colcon_core.shell.bat': Not used on non-Windows systems
[0.262s] INFO:colcon.colcon_core.shell:Skip shell extension 'powershell' for command environment: Not usable outside of PowerShell
[0.262s] DEBUG:colcon.colcon_core.shell:Skip shell extension 'dsv' for command environment
[0.274s] INFO:colcon.colcon_ros.task.ament_python.build:Building ROS package in '/media/sf_GhostRider/ros2_ws/src/my_py_pkg' with build type 'ament_python'
[0.274s] Level 1:colcon.colcon_core.shell:create_environment_hook('my_py_pkg', 'ament_prefix_path')
[0.275s] INFO:colcon.colcon_core.shell:Creating environment hook '/media/sf_GhostRider/ros2_ws/install/my_py_pkg/share/my_py_pkg/hook/ament_prefix_path.ps1'
[0.283s] INFO:colcon.colcon_core.shell:Creating environment descriptor '/media/sf_GhostRider/ros2_ws/install/my_py_pkg/share/my_py_pkg/hook/ament_prefix_path.dsv'
[0.287s] INFO:colcon.colcon_core.shell:Creating environment hook '/media/sf_GhostRider/ros2_ws/install/my_py_pkg/share/my_py_pkg/hook/ament_prefix_path.sh'
[0.289s] INFO:colcon.colcon_core.shell:Skip shell extension 'powershell' for command environment: Not usable outside of PowerShell
[0.289s] DEBUG:colcon.colcon_core.shell:Skip shell extension 'dsv' for command environment
[0.318s] DEBUG:colcon.colcon_core.event_handler.log_command:Invoking command in '/media/sf_GhostRider/ros2_ws/build/my_cpp_pkg': CMAKE_PREFIX_PATH=${CMAKE_PREFIX_PATH}:/media/sf_GhostRider/ros2_ws/install/my_py_pkg:/opt/ros/jazzy DEBUGINFOD_URLS=https://debuginfod.ubuntu.com /usr/bin/cmake --build /media/sf_GhostRider/ros2_ws/build/my_cpp_pkg -- -j20 -l20
[0.499s] INFO:colcon.colcon_core.task.python.build:Building Python package in '/media/sf_GhostRider/ros2_ws/src/my_py_pkg'
[0.500s] INFO:colcon.colcon_core.shell:Skip shell extension 'powershell' for command environment: Not usable outside of PowerShell
[0.500s] DEBUG:colcon.colcon_core.shell:Skip shell extension 'dsv' for command environment
[0.941s] DEBUG:colcon.colcon_core.event_handler.log_command:Invoking command in '/media/sf_GhostRider/ros2_ws/src/my_py_pkg': DEBUGINFOD_URLS=https://debuginfod.ubuntu.com PYTHONPATH=/media/sf_GhostRider/ros2_ws/build/my_py_pkg/prefix_override:/usr/lib/python3/dist-packages/colcon_core/task/python/colcon_distutils_commands:/media/sf_GhostRider/ros2_ws/install/my_py_pkg/lib/python3.12/site-packages:${PYTHONPATH} /usr/bin/python3 -W ignore:setup.py install is deprecated -W ignore:easy_install command is deprecated setup.py egg_info --egg-base ../../build/my_py_pkg build --build-base /media/sf_GhostRider/ros2_ws/build/my_py_pkg/build install --record /media/sf_GhostRider/ros2_ws/build/my_py_pkg/install.log --single-version-externally-managed install_data
[2.220s] DEBUG:colcon.colcon_core.event_handler.log_command:Invoked command in '/media/sf_GhostRider/ros2_ws/src/my_py_pkg' returned '0': DEBUGINFOD_URLS=https://debuginfod.ubuntu.com PYTHONPATH=/media/sf_GhostRider/ros2_ws/build/my_py_pkg/prefix_override:/usr/lib/python3/dist-packages/colcon_core/task/python/colcon_distutils_commands:/media/sf_GhostRider/ros2_ws/install/my_py_pkg/lib/python3.12/site-packages:${PYTHONPATH} /usr/bin/python3 -W ignore:setup.py install is deprecated -W ignore:easy_install command is deprecated setup.py egg_info --egg-base ../../build/my_py_pkg build --build-base /media/sf_GhostRider/ros2_ws/build/my_py_pkg/build install --record /media/sf_GhostRider/ros2_ws/build/my_py_pkg/install.log --single-version-externally-managed install_data
[2.275s] Level 1:colcon.colcon_core.environment:checking '/media/sf_GhostRider/ros2_ws/install/my_py_pkg' for CMake module files
[2.813s] Level 1:colcon.colcon_core.environment:checking '/media/sf_GhostRider/ros2_ws/install/my_py_pkg' for CMake config files
[3.317s] Level 1:colcon.colcon_core.environment:checking '/media/sf_GhostRider/ros2_ws/install/my_py_pkg/lib'
[3.341s] Level 1:colcon.colcon_core.environment:checking '/media/sf_GhostRider/ros2_ws/install/my_py_pkg/bin'
[3.343s] Level 1:colcon.colcon_core.environment:checking '/media/sf_GhostRider/ros2_ws/install/my_py_pkg/lib/pkgconfig/my_py_pkg.pc'
[3.345s] Level 1:colcon.colcon_core.environment:checking '/media/sf_GhostRider/ros2_ws/install/my_py_pkg/lib/python3.12/site-packages'
[3.348s] Level 1:colcon.colcon_core.shell:create_environment_hook('my_py_pkg', 'pythonpath')
[3.349s] INFO:colcon.colcon_core.shell:Creating environment hook '/media/sf_GhostRider/ros2_ws/install/my_py_pkg/share/my_py_pkg/hook/pythonpath.ps1'
[3.354s] INFO:colcon.colcon_core.shell:Creating environment descriptor '/media/sf_GhostRider/ros2_ws/install/my_py_pkg/share/my_py_pkg/hook/pythonpath.dsv'
[3.360s] INFO:colcon.colcon_core.shell:Creating environment hook '/media/sf_GhostRider/ros2_ws/install/my_py_pkg/share/my_py_pkg/hook/pythonpath.sh'
[3.366s] Level 1:colcon.colcon_core.environment:checking '/media/sf_GhostRider/ros2_ws/install/my_py_pkg/bin'
[3.368s] Level 1:colcon.colcon_core.environment:create_environment_scripts_only(my_py_pkg)
[3.369s] INFO:colcon.colcon_core.shell:Creating package script '/media/sf_GhostRider/ros2_ws/install/my_py_pkg/share/my_py_pkg/package.ps1'
[3.375s] INFO:colcon.colcon_core.shell:Creating package descriptor '/media/sf_GhostRider/ros2_ws/install/my_py_pkg/share/my_py_pkg/package.dsv'
[3.381s] INFO:colcon.colcon_core.shell:Creating package script '/media/sf_GhostRider/ros2_ws/install/my_py_pkg/share/my_py_pkg/package.sh'
[3.387s] INFO:colcon.colcon_core.shell:Creating package script '/media/sf_GhostRider/ros2_ws/install/my_py_pkg/share/my_py_pkg/package.bash'
[3.393s] INFO:colcon.colcon_core.shell:Creating package script '/media/sf_GhostRider/ros2_ws/install/my_py_pkg/share/my_py_pkg/package.zsh'
[3.400s] Level 1:colcon.colcon_core.environment:create_file_with_runtime_dependencies(/media/sf_GhostRider/ros2_ws/install/my_py_pkg/share/colcon-core/packages/my_py_pkg)
[7.058s] DEBUG:colcon.colcon_core.event_handler.log_command:Invoked command in '/media/sf_GhostRider/ros2_ws/build/my_cpp_pkg' returned '2': CMAKE_PREFIX_PATH=${CMAKE_PREFIX_PATH}:/media/sf_GhostRider/ros2_ws/install/my_py_pkg:/opt/ros/jazzy DEBUGINFOD_URLS=https://debuginfod.ubuntu.com /usr/bin/cmake --build /media/sf_GhostRider/ros2_ws/build/my_cpp_pkg -- -j20 -l20
[7.060s] Level 1:colcon.colcon_core.environment:create_environment_scripts_only(my_cpp_pkg)
[7.061s] Level 1:colcon.colcon_core.environment:checking '/media/sf_GhostRider/ros2_ws/install/my_cpp_pkg' for CMake module files
[7.068s] Level 1:colcon.colcon_core.environment:checking '/media/sf_GhostRider/ros2_ws/install/my_cpp_pkg' for CMake config files
[7.074s] Level 1:colcon.colcon_core.shell:create_environment_hook('my_cpp_pkg', 'cmake_prefix_path')
[7.074s] INFO:colcon.colcon_core.shell:Creating environment hook '/media/sf_GhostRider/ros2_ws/install/my_cpp_pkg/share/my_cpp_pkg/hook/cmake_prefix_path.ps1'
[7.076s] INFO:colcon.colcon_core.shell:Creating environment descriptor '/media/sf_GhostRider/ros2_ws/install/my_cpp_pkg/share/my_cpp_pkg/hook/cmake_prefix_path.dsv'
[7.077s] INFO:colcon.colcon_core.shell:Creating environment hook '/media/sf_GhostRider/ros2_ws/install/my_cpp_pkg/share/my_cpp_pkg/hook/cmake_prefix_path.sh'
[7.079s] Level 1:colcon.colcon_core.environment:checking '/media/sf_GhostRider/ros2_ws/install/my_cpp_pkg/lib'
[7.080s] Level 1:colcon.colcon_core.environment:checking '/media/sf_GhostRider/ros2_ws/install/my_cpp_pkg/bin'
[7.080s] Level 1:colcon.colcon_core.environment:checking '/media/sf_GhostRider/ros2_ws/install/my_cpp_pkg/lib/pkgconfig/my_cpp_pkg.pc'
[7.081s] Level 1:colcon.colcon_core.environment:checking '/media/sf_GhostRider/ros2_ws/install/my_cpp_pkg/lib/python3.12/site-packages'
[7.081s] Level 1:colcon.colcon_core.environment:checking '/media/sf_GhostRider/ros2_ws/install/my_cpp_pkg/bin'
[7.082s] INFO:colcon.colcon_core.shell:Creating package script '/media/sf_GhostRider/ros2_ws/install/my_cpp_pkg/share/my_cpp_pkg/package.ps1'
[7.083s] INFO:colcon.colcon_core.shell:Creating package descriptor '/media/sf_GhostRider/ros2_ws/install/my_cpp_pkg/share/my_cpp_pkg/package.dsv'
[7.084s] INFO:colcon.colcon_core.shell:Creating package script '/media/sf_GhostRider/ros2_ws/install/my_cpp_pkg/share/my_cpp_pkg/package.sh'
[7.085s] INFO:colcon.colcon_core.shell:Creating package script '/media/sf_GhostRider/ros2_ws/install/my_cpp_pkg/share/my_cpp_pkg/package.bash'
[7.086s] INFO:colcon.colcon_core.shell:Creating package script '/media/sf_GhostRider/ros2_ws/install/my_cpp_pkg/share/my_cpp_pkg/package.zsh'
[7.088s] Level 1:colcon.colcon_core.environment:create_file_with_runtime_dependencies(/media/sf_GhostRider/ros2_ws/install/my_cpp_pkg/share/colcon-core/packages/my_cpp_pkg)
[7.101s] DEBUG:colcon.colcon_parallel_executor.executor.parallel:closing loop
[7.102s] DEBUG:colcon.colcon_parallel_executor.executor.parallel:loop closed
[7.102s] DEBUG:colcon.colcon_parallel_executor.executor.parallel:run_until_complete finished with '2'
[7.111s] DEBUG:colcon.colcon_core.event_reactor:joining thread
[7.128s] INFO:colcon.colcon_core.plugin_system:Skipping extension 'colcon_notification.desktop_notification.terminal_notifier': Not used on non-Darwin systems
[7.128s] INFO:colcon.colcon_core.plugin_system:Skipping extension 'colcon_notification.desktop_notification.win32': Not used on non-Windows systems
[7.129s] INFO:colcon.colcon_notification.desktop_notification:Sending desktop notification using 'notify2'
[7.155s] DEBUG:colcon.colcon_core.event_reactor:joined thread
[7.156s] INFO:colcon.colcon_core.shell:Creating prefix script '/media/sf_GhostRider/ros2_ws/install/local_setup.ps1'
[7.158s] INFO:colcon.colcon_core.shell:Creating prefix util module '/media/sf_GhostRider/ros2_ws/install/_local_setup_util_ps1.py'
[7.160s] INFO:colcon.colcon_core.shell:Creating prefix chain script '/media/sf_GhostRider/ros2_ws/install/setup.ps1'
[7.166s] INFO:colcon.colcon_core.shell:Creating prefix script '/media/sf_GhostRider/ros2_ws/install/local_setup.sh'
[7.175s] INFO:colcon.colcon_core.shell:Creating prefix util module '/media/sf_GhostRider/ros2_ws/install/_local_setup_util_sh.py'
[7.185s] INFO:colcon.colcon_core.shell:Creating prefix chain script '/media/sf_GhostRider/ros2_ws/install/setup.sh'
[7.195s] INFO:colcon.colcon_core.shell:Creating prefix script '/media/sf_GhostRider/ros2_ws/install/local_setup.bash'
[7.197s] INFO:colcon.colcon_core.shell:Creating prefix chain script '/media/sf_GhostRider/ros2_ws/install/setup.bash'
[7.202s] INFO:colcon.colcon_core.shell:Creating prefix script '/media/sf_GhostRider/ros2_ws/install/local_setup.zsh'
[7.203s] INFO:colcon.colcon_core.shell:Creating prefix chain script '/media/sf_GhostRider/ros2_ws/install/setup.zsh'
