-- The C compiler identification is GNU 13.3.0
-- The CXX compiler identification is GNU 13.3.0
-- Detecting C compiler ABI info
-- Detecting C compiler ABI info - done
-- Check for working C compiler: /usr/bin/cc - skipped
-- Detecting C compile features
-- Detecting C compile features - done
-- Detecting CXX compiler ABI info
-- Detecting CXX compiler ABI info - done
-- Check for working CXX compiler: /usr/bin/c++ - skipped
-- Detecting CXX compile features
-- Detecting CXX compile features - done
-- Found ament_cmake: 2.5.5 (/opt/ros/jazzy/share/ament_cmake/cmake)
-- Found Python3: /usr/bin/python3 (found version "3.12.3") found components: Interpreter 
-- Found rosidl_default_generators: 1.6.0 (/opt/ros/jazzy/share/rosidl_default_generators/cmake)
-- Using all available rosidl_typesupport_c: rosidl_typesupport_fastrtps_c;rosidl_typesupport_introspection_c
-- Using all available rosidl_typesupport_cpp: rosidl_typesupport_fastrtps_cpp;rosidl_typesupport_introspection_cpp
-- Found rosidl_adapter: 4.6.7 (/opt/ros/jazzy/share/rosidl_adapter/cmake)
-- Found ament_cmake_ros: 0.12.0 (/opt/ros/jazzy/share/ament_cmake_ros/cmake)
-- Using all available rosidl_typesupport_c: rosidl_typesupport_fastrtps_c;rosidl_typesupport_introspection_c
-- Using all available rosidl_typesupport_cpp: rosidl_typesupport_fastrtps_cpp;rosidl_typesupport_introspection_cpp
-- Found python_cmake_module: 0.11.1 (/opt/ros/jazzy/share/python_cmake_module/cmake)
-- Found PythonExtra: /usr/bin/python3  
-- Found Python3: /usr/bin/python3 (found version "3.12.3") found components: Interpreter Development NumPy Development.Module Development.Embed 
-- Configuring done (4.5s)
-- Generating done (0.6s)
-- Build files have been written to: /media/sf_GhostRider/ros2_ws/build/turtle_catch_all_interfaces
gmake: Warning: File 'Makefile' has modification time 0.13 s in the future
gmake[1]: Warning: File 'CMakeFiles/Makefile2' has modification time 0.18 s in the future
gmake[2]: Warning: File 'CMakeFiles/ament_cmake_python_copy_turtle_catch_all_interfaces.dir/progress.make' has modification time 0.11 s in the future
gmake[2]: Warning: File 'CMakeFiles/turtle_catch_all_interfaces__rosidl_generator_type_description.dir/progress.make' has modification time 0.14 s in the future
gmake[2]: warning:  Clock skew detected.  Your build may be incomplete.
gmake[2]: warning:  Clock skew detected.  Your build may be incomplete.
gmake[2]: Warning: File 'CMakeFiles/turtle_catch_all_interfaces__rosidl_generator_type_description.dir/progress.make' has modification time 0.049 s in the future
[  1%] [34m[1mGenerating type hashes for ROS interfaces[0m
[  1%] Built target ament_cmake_python_copy_turtle_catch_all_interfaces
gmake[2]: warning:  Clock skew detected.  Your build may be incomplete.
[  1%] Built target turtle_catch_all_interfaces__rosidl_generator_type_description
running egg_info
creating turtle_catch_all_interfaces.egg-info
writing turtle_catch_all_interfaces.egg-info/PKG-INFO
writing dependency_links to turtle_catch_all_interfaces.egg-info/dependency_links.txt
writing top-level names to turtle_catch_all_interfaces.egg-info/top_level.txt
writing manifest file 'turtle_catch_all_interfaces.egg-info/SOURCES.txt'
[  3%] [34m[1mGenerating C code for ROS interfaces[0m
[  5%] [34m[1mGenerating C++ code for ROS interfaces[0m
reading manifest file 'turtle_catch_all_interfaces.egg-info/SOURCES.txt'
writing manifest file 'turtle_catch_all_interfaces.egg-info/SOURCES.txt'
[  5%] Built target ament_cmake_python_build_turtle_catch_all_interfaces_egg
[  5%] Built target turtle_catch_all_interfaces__cpp
[  9%] [32mBuilding C object CMakeFiles/turtle_catch_all_interfaces__rosidl_generator_c.dir/rosidl_generator_c/turtle_catch_all_interfaces/msg/detail/turtle__description.c.o[0m
[  9%] [32mBuilding C object CMakeFiles/turtle_catch_all_interfaces__rosidl_generator_c.dir/rosidl_generator_c/turtle_catch_all_interfaces/srv/detail/catch_turtle__type_support.c.o[0m
[ 14%] [32mBuilding C object CMakeFiles/turtle_catch_all_interfaces__rosidl_generator_c.dir/rosidl_generator_c/turtle_catch_all_interfaces/msg/detail/turtle_array__description.c.o[0m
[ 18%] [32mBuilding C object CMakeFiles/turtle_catch_all_interfaces__rosidl_generator_c.dir/rosidl_generator_c/turtle_catch_all_interfaces/msg/detail/turtle__type_support.c.o[0m
[ 18%] [32mBuilding C object CMakeFiles/turtle_catch_all_interfaces__rosidl_generator_c.dir/rosidl_generator_c/turtle_catch_all_interfaces/srv/detail/catch_turtle__description.c.o[0m
[ 22%] [32mBuilding C object CMakeFiles/turtle_catch_all_interfaces__rosidl_generator_c.dir/rosidl_generator_c/turtle_catch_all_interfaces/msg/detail/turtle_array__functions.c.o[0m
[ 22%] [32mBuilding C object CMakeFiles/turtle_catch_all_interfaces__rosidl_generator_c.dir/rosidl_generator_c/turtle_catch_all_interfaces/msg/detail/turtle__functions.c.o[0m
[ 22%] [32mBuilding C object CMakeFiles/turtle_catch_all_interfaces__rosidl_generator_c.dir/rosidl_generator_c/turtle_catch_all_interfaces/srv/detail/catch_turtle__functions.c.o[0m
[ 22%] [32mBuilding C object CMakeFiles/turtle_catch_all_interfaces__rosidl_generator_c.dir/rosidl_generator_c/turtle_catch_all_interfaces/msg/detail/turtle_array__type_support.c.o[0m
[ 24%] [32m[1mLinking C shared library libturtle_catch_all_interfaces__rosidl_generator_c.so[0m
[ 24%] Built target turtle_catch_all_interfaces__rosidl_generator_c
[ 33%] [34m[1mGenerating C type support dispatch for ROS interfaces[0m
[ 33%] [34m[1mGenerating C type support for eProsima Fast-RTPS[0m
[ 33%] [34m[1mGenerating C introspection for ROS interfaces[0m
[ 35%] [34m[1mGenerating C++ type support dispatch for ROS interfaces[0m
[ 35%] [34m[1mGenerating C++ type support for eProsima Fast-RTPS[0m
[ 35%] [34m[1mGenerating C++ introspection for ROS interfaces[0m
[ 38%] [32mBuilding CXX object CMakeFiles/turtle_catch_all_interfaces__rosidl_typesupport_c.dir/rosidl_typesupport_c/turtle_catch_all_interfaces/msg/turtle__type_support.cpp.o[0m
[ 38%] [32mBuilding CXX object CMakeFiles/turtle_catch_all_interfaces__rosidl_typesupport_c.dir/rosidl_typesupport_c/turtle_catch_all_interfaces/srv/catch_turtle__type_support.cpp.o[0m
[ 40%] [32mBuilding CXX object CMakeFiles/turtle_catch_all_interfaces__rosidl_typesupport_c.dir/rosidl_typesupport_c/turtle_catch_all_interfaces/msg/turtle_array__type_support.cpp.o[0m
[ 50%] [32mBuilding CXX object CMakeFiles/turtle_catch_all_interfaces__rosidl_typesupport_introspection_cpp.dir/rosidl_typesupport_introspection_cpp/turtle_catch_all_interfaces/msg/detail/turtle__type_support.cpp.o[0m
[ 50%] [32mBuilding CXX object CMakeFiles/turtle_catch_all_interfaces__rosidl_typesupport_introspection_cpp.dir/rosidl_typesupport_introspection_cpp/turtle_catch_all_interfaces/msg/detail/turtle_array__type_support.cpp.o[0m
[ 50%] [32mBuilding CXX object CMakeFiles/turtle_catch_all_interfaces__rosidl_typesupport_fastrtps_cpp.dir/rosidl_typesupport_fastrtps_cpp/turtle_catch_all_interfaces/msg/detail/dds_fastrtps/turtle__type_support.cpp.o[0m
[ 51%] [32mBuilding CXX object CMakeFiles/turtle_catch_all_interfaces__rosidl_typesupport_fastrtps_cpp.dir/rosidl_typesupport_fastrtps_cpp/turtle_catch_all_interfaces/msg/detail/dds_fastrtps/turtle_array__type_support.cpp.o[0m
[ 51%] [32mBuilding CXX object CMakeFiles/turtle_catch_all_interfaces__rosidl_typesupport_introspection_cpp.dir/rosidl_typesupport_introspection_cpp/turtle_catch_all_interfaces/srv/detail/catch_turtle__type_support.cpp.o[0m
[ 51%] [32mBuilding CXX object CMakeFiles/turtle_catch_all_interfaces__rosidl_typesupport_fastrtps_cpp.dir/rosidl_typesupport_fastrtps_cpp/turtle_catch_all_interfaces/srv/detail/dds_fastrtps/catch_turtle__type_support.cpp.o[0m
[ 59%] [32mBuilding CXX object CMakeFiles/turtle_catch_all_interfaces__rosidl_typesupport_fastrtps_c.dir/rosidl_typesupport_fastrtps_c/turtle_catch_all_interfaces/msg/detail/turtle__type_support_c.cpp.o[0m
[ 59%] [32mBuilding CXX object CMakeFiles/turtle_catch_all_interfaces__rosidl_typesupport_cpp.dir/rosidl_typesupport_cpp/turtle_catch_all_interfaces/msg/turtle__type_support.cpp.o[0m
[ 59%] [32mBuilding CXX object CMakeFiles/turtle_catch_all_interfaces__rosidl_typesupport_fastrtps_c.dir/rosidl_typesupport_fastrtps_c/turtle_catch_all_interfaces/msg/detail/turtle_array__type_support_c.cpp.o[0m
[ 61%] [32mBuilding CXX object CMakeFiles/turtle_catch_all_interfaces__rosidl_typesupport_cpp.dir/rosidl_typesupport_cpp/turtle_catch_all_interfaces/srv/catch_turtle__type_support.cpp.o[0m
[ 61%] [32mBuilding CXX object CMakeFiles/turtle_catch_all_interfaces__rosidl_typesupport_cpp.dir/rosidl_typesupport_cpp/turtle_catch_all_interfaces/msg/turtle_array__type_support.cpp.o[0m
[ 64%] [32mBuilding C object CMakeFiles/turtle_catch_all_interfaces__rosidl_typesupport_introspection_c.dir/rosidl_typesupport_introspection_c/turtle_catch_all_interfaces/msg/detail/turtle__type_support.c.o[0m
[ 64%] [32mBuilding CXX object CMakeFiles/turtle_catch_all_interfaces__rosidl_typesupport_fastrtps_c.dir/rosidl_typesupport_fastrtps_c/turtle_catch_all_interfaces/srv/detail/catch_turtle__type_support_c.cpp.o[0m
[ 68%] [32mBuilding C object CMakeFiles/turtle_catch_all_interfaces__rosidl_typesupport_introspection_c.dir/rosidl_typesupport_introspection_c/turtle_catch_all_interfaces/msg/detail/turtle_array__type_support.c.o[0m
[ 68%] [32mBuilding C object CMakeFiles/turtle_catch_all_interfaces__rosidl_typesupport_introspection_c.dir/rosidl_typesupport_introspection_c/turtle_catch_all_interfaces/srv/detail/catch_turtle__type_support.c.o[0m
[ 70%] [32m[1mLinking CXX shared library libturtle_catch_all_interfaces__rosidl_typesupport_c.so[0m
[ 72%] [32m[1mLinking C shared library libturtle_catch_all_interfaces__rosidl_typesupport_introspection_c.so[0m
[ 72%] Built target turtle_catch_all_interfaces__rosidl_typesupport_c
[ 72%] Built target turtle_catch_all_interfaces__rosidl_typesupport_introspection_c
[ 74%] [32m[1mLinking CXX shared library libturtle_catch_all_interfaces__rosidl_typesupport_cpp.so[0m
[ 75%] [32m[1mLinking CXX shared library libturtle_catch_all_interfaces__rosidl_typesupport_fastrtps_c.so[0m
[ 77%] [32m[1mLinking CXX shared library libturtle_catch_all_interfaces__rosidl_typesupport_introspection_cpp.so[0m
[ 77%] Built target turtle_catch_all_interfaces__rosidl_typesupport_cpp
[ 77%] Built target turtle_catch_all_interfaces__rosidl_typesupport_fastrtps_c
[ 79%] [32m[1mLinking CXX shared library libturtle_catch_all_interfaces__rosidl_typesupport_fastrtps_cpp.so[0m
[ 79%] Built target turtle_catch_all_interfaces__rosidl_typesupport_introspection_cpp
[ 79%] Built target turtle_catch_all_interfaces__rosidl_typesupport_fastrtps_cpp
[ 79%] Built target turtle_catch_all_interfaces
[ 81%] [34m[1mGenerating Python code for ROS interfaces[0m
[ 81%] Built target turtle_catch_all_interfaces__py
[ 85%] [32mBuilding C object CMakeFiles/turtle_catch_all_interfaces__rosidl_generator_py.dir/rosidl_generator_py/turtle_catch_all_interfaces/msg/_turtle_s.c.o[0m
[ 85%] [32mBuilding C object CMakeFiles/turtle_catch_all_interfaces__rosidl_generator_py.dir/rosidl_generator_py/turtle_catch_all_interfaces/msg/_turtle_array_s.c.o[0m
[ 87%] [32mBuilding C object CMakeFiles/turtle_catch_all_interfaces__rosidl_generator_py.dir/rosidl_generator_py/turtle_catch_all_interfaces/srv/_catch_turtle_s.c.o[0m
[ 88%] [32m[1mLinking C shared library libturtle_catch_all_interfaces__rosidl_generator_py.so[0m
[ 88%] Built target turtle_catch_all_interfaces__rosidl_generator_py
gmake[2]: Warning: File 'libturtle_catch_all_interfaces__rosidl_generator_py.so' has modification time 0.34 s in the future
gmake[2]: Warning: File 'libturtle_catch_all_interfaces__rosidl_generator_py.so' has modification time 0.34 s in the future
gmake[2]: Warning: File 'libturtle_catch_all_interfaces__rosidl_generator_py.so' has modification time 0.32 s in the future
[ 92%] [32mBuilding C object CMakeFiles/turtle_catch_all_interfaces_s__rosidl_typesupport_c.dir/rosidl_generator_py/turtle_catch_all_interfaces/_turtle_catch_all_interfaces_s.ep.rosidl_typesupport_c.c.o[0m
[ 92%] [32mBuilding C object CMakeFiles/turtle_catch_all_interfaces_s__rosidl_typesupport_fastrtps_c.dir/rosidl_generator_py/turtle_catch_all_interfaces/_turtle_catch_all_interfaces_s.ep.rosidl_typesupport_fastrtps_c.c.o[0m
[ 94%] [32mBuilding C object CMakeFiles/turtle_catch_all_interfaces_s__rosidl_typesupport_introspection_c.dir/rosidl_generator_py/turtle_catch_all_interfaces/_turtle_catch_all_interfaces_s.ep.rosidl_typesupport_introspection_c.c.o[0m
[ 96%] [32m[1mLinking C shared module rosidl_generator_py/turtle_catch_all_interfaces/turtle_catch_all_interfaces_s__rosidl_typesupport_c.so[0m
[100%] [32m[1mLinking C shared module rosidl_generator_py/turtle_catch_all_interfaces/turtle_catch_all_interfaces_s__rosidl_typesupport_introspection_c.so[0m
[100%] [32m[1mLinking C shared module rosidl_generator_py/turtle_catch_all_interfaces/turtle_catch_all_interfaces_s__rosidl_typesupport_fastrtps_c.so[0m
gmake[2]: warning:  Clock skew detected.  Your build may be incomplete.
[100%] Built target turtle_catch_all_interfaces_s__rosidl_typesupport_c
gmake[2]: warning:  Clock skew detected.  Your build may be incomplete.
gmake[2]: warning:  Clock skew detected.  Your build may be incomplete.
[100%] Built target turtle_catch_all_interfaces_s__rosidl_typesupport_introspection_c
[100%] Built target turtle_catch_all_interfaces_s__rosidl_typesupport_fastrtps_c
gmake[1]: warning:  Clock skew detected.  Your build may be incomplete.
gmake: warning:  Clock skew detected.  Your build may be incomplete.
-- Install configuration: ""
-- Installing: /media/sf_GhostRider/ros2_ws/install/turtle_catch_all_interfaces/share/ament_index/resource_index/rosidl_interfaces/turtle_catch_all_interfaces
-- Installing: /media/sf_GhostRider/ros2_ws/install/turtle_catch_all_interfaces/share/turtle_catch_all_interfaces/msg/Turtle.json
-- Installing: /media/sf_GhostRider/ros2_ws/install/turtle_catch_all_interfaces/share/turtle_catch_all_interfaces/msg/TurtleArray.json
-- Installing: /media/sf_GhostRider/ros2_ws/install/turtle_catch_all_interfaces/share/turtle_catch_all_interfaces/srv/CatchTurtle.json
-- Installing: /media/sf_GhostRider/ros2_ws/install/turtle_catch_all_interfaces/include/turtle_catch_all_interfaces/turtle_catch_all_interfaces
-- Installing: /media/sf_GhostRider/ros2_ws/install/turtle_catch_all_interfaces/include/turtle_catch_all_interfaces/turtle_catch_all_interfaces/msg
-- Installing: /media/sf_GhostRider/ros2_ws/install/turtle_catch_all_interfaces/include/turtle_catch_all_interfaces/turtle_catch_all_interfaces/msg/detail
-- Installing: /media/sf_GhostRider/ros2_ws/install/turtle_catch_all_interfaces/include/turtle_catch_all_interfaces/turtle_catch_all_interfaces/msg/detail/turtle_array__description.c
-- Installing: /media/sf_GhostRider/ros2_ws/install/turtle_catch_all_interfaces/include/turtle_catch_all_interfaces/turtle_catch_all_interfaces/msg/detail/turtle_array__functions.c
-- Installing: /media/sf_GhostRider/ros2_ws/install/turtle_catch_all_interfaces/include/turtle_catch_all_interfaces/turtle_catch_all_interfaces/msg/detail/turtle_array__functions.h
-- Installing: /media/sf_GhostRider/ros2_ws/install/turtle_catch_all_interfaces/include/turtle_catch_all_interfaces/turtle_catch_all_interfaces/msg/detail/turtle_array__struct.h
-- Installing: /media/sf_GhostRider/ros2_ws/install/turtle_catch_all_interfaces/include/turtle_catch_all_interfaces/turtle_catch_all_interfaces/msg/detail/turtle_array__type_support.c
-- Installing: /media/sf_GhostRider/ros2_ws/install/turtle_catch_all_interfaces/include/turtle_catch_all_interfaces/turtle_catch_all_interfaces/msg/detail/turtle_array__type_support.h
-- Installing: /media/sf_GhostRider/ros2_ws/install/turtle_catch_all_interfaces/include/turtle_catch_all_interfaces/turtle_catch_all_interfaces/msg/detail/turtle__description.c
-- Installing: /media/sf_GhostRider/ros2_ws/install/turtle_catch_all_interfaces/include/turtle_catch_all_interfaces/turtle_catch_all_interfaces/msg/detail/turtle__functions.c
-- Installing: /media/sf_GhostRider/ros2_ws/install/turtle_catch_all_interfaces/include/turtle_catch_all_interfaces/turtle_catch_all_interfaces/msg/detail/turtle__functions.h
-- Installing: /media/sf_GhostRider/ros2_ws/install/turtle_catch_all_interfaces/include/turtle_catch_all_interfaces/turtle_catch_all_interfaces/msg/detail/turtle__struct.h
-- Installing: /media/sf_GhostRider/ros2_ws/install/turtle_catch_all_interfaces/include/turtle_catch_all_interfaces/turtle_catch_all_interfaces/msg/detail/turtle__type_support.c
-- Installing: /media/sf_GhostRider/ros2_ws/install/turtle_catch_all_interfaces/include/turtle_catch_all_interfaces/turtle_catch_all_interfaces/msg/detail/turtle__type_support.h
-- Installing: /media/sf_GhostRider/ros2_ws/install/turtle_catch_all_interfaces/include/turtle_catch_all_interfaces/turtle_catch_all_interfaces/msg/rosidl_generator_c__visibility_control.h
-- Installing: /media/sf_GhostRider/ros2_ws/install/turtle_catch_all_interfaces/include/turtle_catch_all_interfaces/turtle_catch_all_interfaces/msg/turtle.h
-- Installing: /media/sf_GhostRider/ros2_ws/install/turtle_catch_all_interfaces/include/turtle_catch_all_interfaces/turtle_catch_all_interfaces/msg/turtle_array.h
-- Installing: /media/sf_GhostRider/ros2_ws/install/turtle_catch_all_interfaces/include/turtle_catch_all_interfaces/turtle_catch_all_interfaces/srv
-- Installing: /media/sf_GhostRider/ros2_ws/install/turtle_catch_all_interfaces/include/turtle_catch_all_interfaces/turtle_catch_all_interfaces/srv/catch_turtle.h
-- Installing: /media/sf_GhostRider/ros2_ws/install/turtle_catch_all_interfaces/include/turtle_catch_all_interfaces/turtle_catch_all_interfaces/srv/detail
-- Installing: /media/sf_GhostRider/ros2_ws/install/turtle_catch_all_interfaces/include/turtle_catch_all_interfaces/turtle_catch_all_interfaces/srv/detail/catch_turtle__description.c
-- Installing: /media/sf_GhostRider/ros2_ws/install/turtle_catch_all_interfaces/include/turtle_catch_all_interfaces/turtle_catch_all_interfaces/srv/detail/catch_turtle__functions.c
-- Installing: /media/sf_GhostRider/ros2_ws/install/turtle_catch_all_interfaces/include/turtle_catch_all_interfaces/turtle_catch_all_interfaces/srv/detail/catch_turtle__functions.h
-- Installing: /media/sf_GhostRider/ros2_ws/install/turtle_catch_all_interfaces/include/turtle_catch_all_interfaces/turtle_catch_all_interfaces/srv/detail/catch_turtle__struct.h
-- Installing: /media/sf_GhostRider/ros2_ws/install/turtle_catch_all_interfaces/include/turtle_catch_all_interfaces/turtle_catch_all_interfaces/srv/detail/catch_turtle__type_support.c
-- Installing: /media/sf_GhostRider/ros2_ws/install/turtle_catch_all_interfaces/include/turtle_catch_all_interfaces/turtle_catch_all_interfaces/srv/detail/catch_turtle__type_support.h
-- Installing: /media/sf_GhostRider/ros2_ws/install/turtle_catch_all_interfaces/share/turtle_catch_all_interfaces/environment/library_path.sh
-- Installing: /media/sf_GhostRider/ros2_ws/install/turtle_catch_all_interfaces/share/turtle_catch_all_interfaces/environment/library_path.dsv
-- Installing: /media/sf_GhostRider/ros2_ws/install/turtle_catch_all_interfaces/lib/libturtle_catch_all_interfaces__rosidl_generator_c.so
-- Set non-toolchain portion of runtime path of "/media/sf_GhostRider/ros2_ws/install/turtle_catch_all_interfaces/lib/libturtle_catch_all_interfaces__rosidl_generator_c.so" to ""
-- Up-to-date: /media/sf_GhostRider/ros2_ws/install/turtle_catch_all_interfaces/include/turtle_catch_all_interfaces/turtle_catch_all_interfaces
-- Up-to-date: /media/sf_GhostRider/ros2_ws/install/turtle_catch_all_interfaces/include/turtle_catch_all_interfaces/turtle_catch_all_interfaces/msg
-- Up-to-date: /media/sf_GhostRider/ros2_ws/install/turtle_catch_all_interfaces/include/turtle_catch_all_interfaces/turtle_catch_all_interfaces/msg/detail
-- Installing: /media/sf_GhostRider/ros2_ws/install/turtle_catch_all_interfaces/include/turtle_catch_all_interfaces/turtle_catch_all_interfaces/msg/detail/turtle_array__rosidl_typesupport_fastrtps_c.h
-- Installing: /media/sf_GhostRider/ros2_ws/install/turtle_catch_all_interfaces/include/turtle_catch_all_interfaces/turtle_catch_all_interfaces/msg/detail/turtle__rosidl_typesupport_fastrtps_c.h
-- Installing: /media/sf_GhostRider/ros2_ws/install/turtle_catch_all_interfaces/include/turtle_catch_all_interfaces/turtle_catch_all_interfaces/msg/rosidl_typesupport_fastrtps_c__visibility_control.h
-- Up-to-date: /media/sf_GhostRider/ros2_ws/install/turtle_catch_all_interfaces/include/turtle_catch_all_interfaces/turtle_catch_all_interfaces/srv
-- Up-to-date: /media/sf_GhostRider/ros2_ws/install/turtle_catch_all_interfaces/include/turtle_catch_all_interfaces/turtle_catch_all_interfaces/srv/detail
-- Installing: /media/sf_GhostRider/ros2_ws/install/turtle_catch_all_interfaces/include/turtle_catch_all_interfaces/turtle_catch_all_interfaces/srv/detail/catch_turtle__rosidl_typesupport_fastrtps_c.h
-- Installing: /media/sf_GhostRider/ros2_ws/install/turtle_catch_all_interfaces/lib/libturtle_catch_all_interfaces__rosidl_typesupport_fastrtps_c.so
-- Set non-toolchain portion of runtime path of "/media/sf_GhostRider/ros2_ws/install/turtle_catch_all_interfaces/lib/libturtle_catch_all_interfaces__rosidl_typesupport_fastrtps_c.so" to ""
-- Up-to-date: /media/sf_GhostRider/ros2_ws/install/turtle_catch_all_interfaces/include/turtle_catch_all_interfaces/turtle_catch_all_interfaces
-- Up-to-date: /media/sf_GhostRider/ros2_ws/install/turtle_catch_all_interfaces/include/turtle_catch_all_interfaces/turtle_catch_all_interfaces/msg
-- Up-to-date: /media/sf_GhostRider/ros2_ws/install/turtle_catch_all_interfaces/include/turtle_catch_all_interfaces/turtle_catch_all_interfaces/msg/detail
-- Installing: /media/sf_GhostRider/ros2_ws/install/turtle_catch_all_interfaces/include/turtle_catch_all_interfaces/turtle_catch_all_interfaces/msg/detail/turtle_array__rosidl_typesupport_introspection_c.h
-- Installing: /media/sf_GhostRider/ros2_ws/install/turtle_catch_all_interfaces/include/turtle_catch_all_interfaces/turtle_catch_all_interfaces/msg/detail/turtle_array__type_support.c
-- Installing: /media/sf_GhostRider/ros2_ws/install/turtle_catch_all_interfaces/include/turtle_catch_all_interfaces/turtle_catch_all_interfaces/msg/detail/turtle__rosidl_typesupport_introspection_c.h
-- Installing: /media/sf_GhostRider/ros2_ws/install/turtle_catch_all_interfaces/include/turtle_catch_all_interfaces/turtle_catch_all_interfaces/msg/detail/turtle__type_support.c
-- Installing: /media/sf_GhostRider/ros2_ws/install/turtle_catch_all_interfaces/include/turtle_catch_all_interfaces/turtle_catch_all_interfaces/msg/rosidl_typesupport_introspection_c__visibility_control.h
-- Up-to-date: /media/sf_GhostRider/ros2_ws/install/turtle_catch_all_interfaces/include/turtle_catch_all_interfaces/turtle_catch_all_interfaces/srv
-- Up-to-date: /media/sf_GhostRider/ros2_ws/install/turtle_catch_all_interfaces/include/turtle_catch_all_interfaces/turtle_catch_all_interfaces/srv/detail
-- Installing: /media/sf_GhostRider/ros2_ws/install/turtle_catch_all_interfaces/include/turtle_catch_all_interfaces/turtle_catch_all_interfaces/srv/detail/catch_turtle__rosidl_typesupport_introspection_c.h
-- Installing: /media/sf_GhostRider/ros2_ws/install/turtle_catch_all_interfaces/include/turtle_catch_all_interfaces/turtle_catch_all_interfaces/srv/detail/catch_turtle__type_support.c
-- Installing: /media/sf_GhostRider/ros2_ws/install/turtle_catch_all_interfaces/lib/libturtle_catch_all_interfaces__rosidl_typesupport_introspection_c.so
-- Set non-toolchain portion of runtime path of "/media/sf_GhostRider/ros2_ws/install/turtle_catch_all_interfaces/lib/libturtle_catch_all_interfaces__rosidl_typesupport_introspection_c.so" to ""
-- Installing: /media/sf_GhostRider/ros2_ws/install/turtle_catch_all_interfaces/lib/libturtle_catch_all_interfaces__rosidl_typesupport_c.so
-- Set non-toolchain portion of runtime path of "/media/sf_GhostRider/ros2_ws/install/turtle_catch_all_interfaces/lib/libturtle_catch_all_interfaces__rosidl_typesupport_c.so" to ""
-- Up-to-date: /media/sf_GhostRider/ros2_ws/install/turtle_catch_all_interfaces/include/turtle_catch_all_interfaces/turtle_catch_all_interfaces
-- Up-to-date: /media/sf_GhostRider/ros2_ws/install/turtle_catch_all_interfaces/include/turtle_catch_all_interfaces/turtle_catch_all_interfaces/msg
-- Up-to-date: /media/sf_GhostRider/ros2_ws/install/turtle_catch_all_interfaces/include/turtle_catch_all_interfaces/turtle_catch_all_interfaces/msg/detail
-- Installing: /media/sf_GhostRider/ros2_ws/install/turtle_catch_all_interfaces/include/turtle_catch_all_interfaces/turtle_catch_all_interfaces/msg/detail/turtle_array__builder.hpp
-- Installing: /media/sf_GhostRider/ros2_ws/install/turtle_catch_all_interfaces/include/turtle_catch_all_interfaces/turtle_catch_all_interfaces/msg/detail/turtle_array__struct.hpp
-- Installing: /media/sf_GhostRider/ros2_ws/install/turtle_catch_all_interfaces/include/turtle_catch_all_interfaces/turtle_catch_all_interfaces/msg/detail/turtle_array__traits.hpp
-- Installing: /media/sf_GhostRider/ros2_ws/install/turtle_catch_all_interfaces/include/turtle_catch_all_interfaces/turtle_catch_all_interfaces/msg/detail/turtle_array__type_support.hpp
-- Installing: /media/sf_GhostRider/ros2_ws/install/turtle_catch_all_interfaces/include/turtle_catch_all_interfaces/turtle_catch_all_interfaces/msg/detail/turtle__builder.hpp
-- Installing: /media/sf_GhostRider/ros2_ws/install/turtle_catch_all_interfaces/include/turtle_catch_all_interfaces/turtle_catch_all_interfaces/msg/detail/turtle__struct.hpp
-- Installing: /media/sf_GhostRider/ros2_ws/install/turtle_catch_all_interfaces/include/turtle_catch_all_interfaces/turtle_catch_all_interfaces/msg/detail/turtle__traits.hpp
-- Installing: /media/sf_GhostRider/ros2_ws/install/turtle_catch_all_interfaces/include/turtle_catch_all_interfaces/turtle_catch_all_interfaces/msg/detail/turtle__type_support.hpp
-- Installing: /media/sf_GhostRider/ros2_ws/install/turtle_catch_all_interfaces/include/turtle_catch_all_interfaces/turtle_catch_all_interfaces/msg/rosidl_generator_cpp__visibility_control.hpp
-- Installing: /media/sf_GhostRider/ros2_ws/install/turtle_catch_all_interfaces/include/turtle_catch_all_interfaces/turtle_catch_all_interfaces/msg/turtle.hpp
-- Installing: /media/sf_GhostRider/ros2_ws/install/turtle_catch_all_interfaces/include/turtle_catch_all_interfaces/turtle_catch_all_interfaces/msg/turtle_array.hpp
-- Up-to-date: /media/sf_GhostRider/ros2_ws/install/turtle_catch_all_interfaces/include/turtle_catch_all_interfaces/turtle_catch_all_interfaces/srv
-- Installing: /media/sf_GhostRider/ros2_ws/install/turtle_catch_all_interfaces/include/turtle_catch_all_interfaces/turtle_catch_all_interfaces/srv/catch_turtle.hpp
-- Up-to-date: /media/sf_GhostRider/ros2_ws/install/turtle_catch_all_interfaces/include/turtle_catch_all_interfaces/turtle_catch_all_interfaces/srv/detail
-- Installing: /media/sf_GhostRider/ros2_ws/install/turtle_catch_all_interfaces/include/turtle_catch_all_interfaces/turtle_catch_all_interfaces/srv/detail/catch_turtle__builder.hpp
-- Installing: /media/sf_GhostRider/ros2_ws/install/turtle_catch_all_interfaces/include/turtle_catch_all_interfaces/turtle_catch_all_interfaces/srv/detail/catch_turtle__struct.hpp
-- Installing: /media/sf_GhostRider/ros2_ws/install/turtle_catch_all_interfaces/include/turtle_catch_all_interfaces/turtle_catch_all_interfaces/srv/detail/catch_turtle__traits.hpp
-- Installing: /media/sf_GhostRider/ros2_ws/install/turtle_catch_all_interfaces/include/turtle_catch_all_interfaces/turtle_catch_all_interfaces/srv/detail/catch_turtle__type_support.hpp
-- Up-to-date: /media/sf_GhostRider/ros2_ws/install/turtle_catch_all_interfaces/include/turtle_catch_all_interfaces/turtle_catch_all_interfaces
-- Up-to-date: /media/sf_GhostRider/ros2_ws/install/turtle_catch_all_interfaces/include/turtle_catch_all_interfaces/turtle_catch_all_interfaces/msg
-- Up-to-date: /media/sf_GhostRider/ros2_ws/install/turtle_catch_all_interfaces/include/turtle_catch_all_interfaces/turtle_catch_all_interfaces/msg/detail
-- Installing: /media/sf_GhostRider/ros2_ws/install/turtle_catch_all_interfaces/include/turtle_catch_all_interfaces/turtle_catch_all_interfaces/msg/detail/dds_fastrtps
-- Installing: /media/sf_GhostRider/ros2_ws/install/turtle_catch_all_interfaces/include/turtle_catch_all_interfaces/turtle_catch_all_interfaces/msg/detail/turtle_array__rosidl_typesupport_fastrtps_cpp.hpp
-- Installing: /media/sf_GhostRider/ros2_ws/install/turtle_catch_all_interfaces/include/turtle_catch_all_interfaces/turtle_catch_all_interfaces/msg/detail/turtle__rosidl_typesupport_fastrtps_cpp.hpp
-- Installing: /media/sf_GhostRider/ros2_ws/install/turtle_catch_all_interfaces/include/turtle_catch_all_interfaces/turtle_catch_all_interfaces/msg/rosidl_typesupport_fastrtps_cpp__visibility_control.h
-- Up-to-date: /media/sf_GhostRider/ros2_ws/install/turtle_catch_all_interfaces/include/turtle_catch_all_interfaces/turtle_catch_all_interfaces/srv
-- Up-to-date: /media/sf_GhostRider/ros2_ws/install/turtle_catch_all_interfaces/include/turtle_catch_all_interfaces/turtle_catch_all_interfaces/srv/detail
-- Installing: /media/sf_GhostRider/ros2_ws/install/turtle_catch_all_interfaces/include/turtle_catch_all_interfaces/turtle_catch_all_interfaces/srv/detail/catch_turtle__rosidl_typesupport_fastrtps_cpp.hpp
-- Installing: /media/sf_GhostRider/ros2_ws/install/turtle_catch_all_interfaces/include/turtle_catch_all_interfaces/turtle_catch_all_interfaces/srv/detail/dds_fastrtps
-- Installing: /media/sf_GhostRider/ros2_ws/install/turtle_catch_all_interfaces/lib/libturtle_catch_all_interfaces__rosidl_typesupport_fastrtps_cpp.so
-- Set non-toolchain portion of runtime path of "/media/sf_GhostRider/ros2_ws/install/turtle_catch_all_interfaces/lib/libturtle_catch_all_interfaces__rosidl_typesupport_fastrtps_cpp.so" to ""
-- Up-to-date: /media/sf_GhostRider/ros2_ws/install/turtle_catch_all_interfaces/include/turtle_catch_all_interfaces/turtle_catch_all_interfaces
-- Up-to-date: /media/sf_GhostRider/ros2_ws/install/turtle_catch_all_interfaces/include/turtle_catch_all_interfaces/turtle_catch_all_interfaces/msg
-- Up-to-date: /media/sf_GhostRider/ros2_ws/install/turtle_catch_all_interfaces/include/turtle_catch_all_interfaces/turtle_catch_all_interfaces/msg/detail
-- Installing: /media/sf_GhostRider/ros2_ws/install/turtle_catch_all_interfaces/include/turtle_catch_all_interfaces/turtle_catch_all_interfaces/msg/detail/turtle_array__rosidl_typesupport_introspection_cpp.hpp
-- Installing: /media/sf_GhostRider/ros2_ws/install/turtle_catch_all_interfaces/include/turtle_catch_all_interfaces/turtle_catch_all_interfaces/msg/detail/turtle_array__type_support.cpp
-- Installing: /media/sf_GhostRider/ros2_ws/install/turtle_catch_all_interfaces/include/turtle_catch_all_interfaces/turtle_catch_all_interfaces/msg/detail/turtle__rosidl_typesupport_introspection_cpp.hpp
-- Installing: /media/sf_GhostRider/ros2_ws/install/turtle_catch_all_interfaces/include/turtle_catch_all_interfaces/turtle_catch_all_interfaces/msg/detail/turtle__type_support.cpp
-- Up-to-date: /media/sf_GhostRider/ros2_ws/install/turtle_catch_all_interfaces/include/turtle_catch_all_interfaces/turtle_catch_all_interfaces/srv
-- Up-to-date: /media/sf_GhostRider/ros2_ws/install/turtle_catch_all_interfaces/include/turtle_catch_all_interfaces/turtle_catch_all_interfaces/srv/detail
-- Installing: /media/sf_GhostRider/ros2_ws/install/turtle_catch_all_interfaces/include/turtle_catch_all_interfaces/turtle_catch_all_interfaces/srv/detail/catch_turtle__rosidl_typesupport_introspection_cpp.hpp
-- Installing: /media/sf_GhostRider/ros2_ws/install/turtle_catch_all_interfaces/include/turtle_catch_all_interfaces/turtle_catch_all_interfaces/srv/detail/catch_turtle__type_support.cpp
-- Installing: /media/sf_GhostRider/ros2_ws/install/turtle_catch_all_interfaces/lib/libturtle_catch_all_interfaces__rosidl_typesupport_introspection_cpp.so
-- Set non-toolchain portion of runtime path of "/media/sf_GhostRider/ros2_ws/install/turtle_catch_all_interfaces/lib/libturtle_catch_all_interfaces__rosidl_typesupport_introspection_cpp.so" to ""
-- Installing: /media/sf_GhostRider/ros2_ws/install/turtle_catch_all_interfaces/lib/libturtle_catch_all_interfaces__rosidl_typesupport_cpp.so
-- Set non-toolchain portion of runtime path of "/media/sf_GhostRider/ros2_ws/install/turtle_catch_all_interfaces/lib/libturtle_catch_all_interfaces__rosidl_typesupport_cpp.so" to ""
-- Installing: /media/sf_GhostRider/ros2_ws/install/turtle_catch_all_interfaces/share/turtle_catch_all_interfaces/environment/pythonpath.sh
-- Installing: /media/sf_GhostRider/ros2_ws/install/turtle_catch_all_interfaces/share/turtle_catch_all_interfaces/environment/pythonpath.dsv
-- Installing: /media/sf_GhostRider/ros2_ws/install/turtle_catch_all_interfaces/lib/python3.12/site-packages/turtle_catch_all_interfaces-0.0.0-py3.12.egg-info
-- Installing: /media/sf_GhostRider/ros2_ws/install/turtle_catch_all_interfaces/lib/python3.12/site-packages/turtle_catch_all_interfaces-0.0.0-py3.12.egg-info/dependency_links.txt
-- Installing: /media/sf_GhostRider/ros2_ws/install/turtle_catch_all_interfaces/lib/python3.12/site-packages/turtle_catch_all_interfaces-0.0.0-py3.12.egg-info/PKG-INFO
-- Installing: /media/sf_GhostRider/ros2_ws/install/turtle_catch_all_interfaces/lib/python3.12/site-packages/turtle_catch_all_interfaces-0.0.0-py3.12.egg-info/SOURCES.txt
-- Installing: /media/sf_GhostRider/ros2_ws/install/turtle_catch_all_interfaces/lib/python3.12/site-packages/turtle_catch_all_interfaces-0.0.0-py3.12.egg-info/top_level.txt
-- Installing: /media/sf_GhostRider/ros2_ws/install/turtle_catch_all_interfaces/lib/python3.12/site-packages/turtle_catch_all_interfaces
-- Installing: /media/sf_GhostRider/ros2_ws/install/turtle_catch_all_interfaces/lib/python3.12/site-packages/turtle_catch_all_interfaces/msg
-- Installing: /media/sf_GhostRider/ros2_ws/install/turtle_catch_all_interfaces/lib/python3.12/site-packages/turtle_catch_all_interfaces/msg/_turtle.py
-- Installing: /media/sf_GhostRider/ros2_ws/install/turtle_catch_all_interfaces/lib/python3.12/site-packages/turtle_catch_all_interfaces/msg/_turtle_array.py
-- Installing: /media/sf_GhostRider/ros2_ws/install/turtle_catch_all_interfaces/lib/python3.12/site-packages/turtle_catch_all_interfaces/msg/_turtle_array_s.c
-- Installing: /media/sf_GhostRider/ros2_ws/install/turtle_catch_all_interfaces/lib/python3.12/site-packages/turtle_catch_all_interfaces/msg/_turtle_s.c
-- Installing: /media/sf_GhostRider/ros2_ws/install/turtle_catch_all_interfaces/lib/python3.12/site-packages/turtle_catch_all_interfaces/msg/__init__.py
-- Installing: /media/sf_GhostRider/ros2_ws/install/turtle_catch_all_interfaces/lib/python3.12/site-packages/turtle_catch_all_interfaces/srv
-- Installing: /media/sf_GhostRider/ros2_ws/install/turtle_catch_all_interfaces/lib/python3.12/site-packages/turtle_catch_all_interfaces/srv/_catch_turtle.py
-- Installing: /media/sf_GhostRider/ros2_ws/install/turtle_catch_all_interfaces/lib/python3.12/site-packages/turtle_catch_all_interfaces/srv/_catch_turtle_s.c
-- Installing: /media/sf_GhostRider/ros2_ws/install/turtle_catch_all_interfaces/lib/python3.12/site-packages/turtle_catch_all_interfaces/srv/__init__.py
-- Installing: /media/sf_GhostRider/ros2_ws/install/turtle_catch_all_interfaces/lib/python3.12/site-packages/turtle_catch_all_interfaces/turtle_catch_all_interfaces_s__rosidl_typesupport_c.so
-- Installing: /media/sf_GhostRider/ros2_ws/install/turtle_catch_all_interfaces/lib/python3.12/site-packages/turtle_catch_all_interfaces/turtle_catch_all_interfaces_s__rosidl_typesupport_fastrtps_c.so
-- Installing: /media/sf_GhostRider/ros2_ws/install/turtle_catch_all_interfaces/lib/python3.12/site-packages/turtle_catch_all_interfaces/turtle_catch_all_interfaces_s__rosidl_typesupport_introspection_c.so
-- Installing: /media/sf_GhostRider/ros2_ws/install/turtle_catch_all_interfaces/lib/python3.12/site-packages/turtle_catch_all_interfaces/_turtle_catch_all_interfaces_s.ep.rosidl_typesupport_c.c
-- Installing: /media/sf_GhostRider/ros2_ws/install/turtle_catch_all_interfaces/lib/python3.12/site-packages/turtle_catch_all_interfaces/_turtle_catch_all_interfaces_s.ep.rosidl_typesupport_fastrtps_c.c
-- Installing: /media/sf_GhostRider/ros2_ws/install/turtle_catch_all_interfaces/lib/python3.12/site-packages/turtle_catch_all_interfaces/_turtle_catch_all_interfaces_s.ep.rosidl_typesupport_introspection_c.c
-- Installing: /media/sf_GhostRider/ros2_ws/install/turtle_catch_all_interfaces/lib/python3.12/site-packages/turtle_catch_all_interfaces/__init__.py
Listing '/media/sf_GhostRider/ros2_ws/install/turtle_catch_all_interfaces/lib/python3.12/site-packages/turtle_catch_all_interfaces'...
Compiling '/media/sf_GhostRider/ros2_ws/install/turtle_catch_all_interfaces/lib/python3.12/site-packages/turtle_catch_all_interfaces/__init__.py'...
Listing '/media/sf_GhostRider/ros2_ws/install/turtle_catch_all_interfaces/lib/python3.12/site-packages/turtle_catch_all_interfaces/msg'...
Compiling '/media/sf_GhostRider/ros2_ws/install/turtle_catch_all_interfaces/lib/python3.12/site-packages/turtle_catch_all_interfaces/msg/__init__.py'...
Compiling '/media/sf_GhostRider/ros2_ws/install/turtle_catch_all_interfaces/lib/python3.12/site-packages/turtle_catch_all_interfaces/msg/_turtle.py'...
Compiling '/media/sf_GhostRider/ros2_ws/install/turtle_catch_all_interfaces/lib/python3.12/site-packages/turtle_catch_all_interfaces/msg/_turtle_array.py'...
Listing '/media/sf_GhostRider/ros2_ws/install/turtle_catch_all_interfaces/lib/python3.12/site-packages/turtle_catch_all_interfaces/srv'...
Compiling '/media/sf_GhostRider/ros2_ws/install/turtle_catch_all_interfaces/lib/python3.12/site-packages/turtle_catch_all_interfaces/srv/__init__.py'...
Compiling '/media/sf_GhostRider/ros2_ws/install/turtle_catch_all_interfaces/lib/python3.12/site-packages/turtle_catch_all_interfaces/srv/_catch_turtle.py'...
-- Installing: /media/sf_GhostRider/ros2_ws/install/turtle_catch_all_interfaces/lib/python3.12/site-packages/turtle_catch_all_interfaces/turtle_catch_all_interfaces_s__rosidl_typesupport_fastrtps_c.so
-- Set non-toolchain portion of runtime path of "/media/sf_GhostRider/ros2_ws/install/turtle_catch_all_interfaces/lib/python3.12/site-packages/turtle_catch_all_interfaces/turtle_catch_all_interfaces_s__rosidl_typesupport_fastrtps_c.so" to ""
-- Installing: /media/sf_GhostRider/ros2_ws/install/turtle_catch_all_interfaces/lib/python3.12/site-packages/turtle_catch_all_interfaces/turtle_catch_all_interfaces_s__rosidl_typesupport_introspection_c.so
-- Set non-toolchain portion of runtime path of "/media/sf_GhostRider/ros2_ws/install/turtle_catch_all_interfaces/lib/python3.12/site-packages/turtle_catch_all_interfaces/turtle_catch_all_interfaces_s__rosidl_typesupport_introspection_c.so" to ""
-- Installing: /media/sf_GhostRider/ros2_ws/install/turtle_catch_all_interfaces/lib/python3.12/site-packages/turtle_catch_all_interfaces/turtle_catch_all_interfaces_s__rosidl_typesupport_c.so
-- Set non-toolchain portion of runtime path of "/media/sf_GhostRider/ros2_ws/install/turtle_catch_all_interfaces/lib/python3.12/site-packages/turtle_catch_all_interfaces/turtle_catch_all_interfaces_s__rosidl_typesupport_c.so" to ""
-- Installing: /media/sf_GhostRider/ros2_ws/install/turtle_catch_all_interfaces/lib/libturtle_catch_all_interfaces__rosidl_generator_py.so
-- Set non-toolchain portion of runtime path of "/media/sf_GhostRider/ros2_ws/install/turtle_catch_all_interfaces/lib/libturtle_catch_all_interfaces__rosidl_generator_py.so" to ""
-- Installing: /media/sf_GhostRider/ros2_ws/install/turtle_catch_all_interfaces/share/turtle_catch_all_interfaces/msg/Turtle.idl
-- Installing: /media/sf_GhostRider/ros2_ws/install/turtle_catch_all_interfaces/share/turtle_catch_all_interfaces/msg/TurtleArray.idl
-- Installing: /media/sf_GhostRider/ros2_ws/install/turtle_catch_all_interfaces/share/turtle_catch_all_interfaces/srv/CatchTurtle.idl
-- Installing: /media/sf_GhostRider/ros2_ws/install/turtle_catch_all_interfaces/share/turtle_catch_all_interfaces/msg/Turtle.msg
-- Installing: /media/sf_GhostRider/ros2_ws/install/turtle_catch_all_interfaces/share/turtle_catch_all_interfaces/msg/TurtleArray.msg
-- Installing: /media/sf_GhostRider/ros2_ws/install/turtle_catch_all_interfaces/share/turtle_catch_all_interfaces/srv/CatchTurtle.srv
-- Installing: /media/sf_GhostRider/ros2_ws/install/turtle_catch_all_interfaces/share/ament_index/resource_index/package_run_dependencies/turtle_catch_all_interfaces
-- Installing: /media/sf_GhostRider/ros2_ws/install/turtle_catch_all_interfaces/share/ament_index/resource_index/parent_prefix_path/turtle_catch_all_interfaces
-- Installing: /media/sf_GhostRider/ros2_ws/install/turtle_catch_all_interfaces/share/turtle_catch_all_interfaces/environment/ament_prefix_path.sh
-- Installing: /media/sf_GhostRider/ros2_ws/install/turtle_catch_all_interfaces/share/turtle_catch_all_interfaces/environment/ament_prefix_path.dsv
-- Installing: /media/sf_GhostRider/ros2_ws/install/turtle_catch_all_interfaces/share/turtle_catch_all_interfaces/environment/path.sh
-- Installing: /media/sf_GhostRider/ros2_ws/install/turtle_catch_all_interfaces/share/turtle_catch_all_interfaces/environment/path.dsv
-- Installing: /media/sf_GhostRider/ros2_ws/install/turtle_catch_all_interfaces/share/turtle_catch_all_interfaces/local_setup.bash
-- Installing: /media/sf_GhostRider/ros2_ws/install/turtle_catch_all_interfaces/share/turtle_catch_all_interfaces/local_setup.sh
-- Installing: /media/sf_GhostRider/ros2_ws/install/turtle_catch_all_interfaces/share/turtle_catch_all_interfaces/local_setup.zsh
-- Installing: /media/sf_GhostRider/ros2_ws/install/turtle_catch_all_interfaces/share/turtle_catch_all_interfaces/local_setup.dsv
-- Installing: /media/sf_GhostRider/ros2_ws/install/turtle_catch_all_interfaces/share/turtle_catch_all_interfaces/package.dsv
-- Installing: /media/sf_GhostRider/ros2_ws/install/turtle_catch_all_interfaces/share/ament_index/resource_index/packages/turtle_catch_all_interfaces
-- Installing: /media/sf_GhostRider/ros2_ws/install/turtle_catch_all_interfaces/share/turtle_catch_all_interfaces/cmake/export_turtle_catch_all_interfaces__rosidl_generator_cExport.cmake
-- Installing: /media/sf_GhostRider/ros2_ws/install/turtle_catch_all_interfaces/share/turtle_catch_all_interfaces/cmake/export_turtle_catch_all_interfaces__rosidl_generator_cExport-noconfig.cmake
-- Installing: /media/sf_GhostRider/ros2_ws/install/turtle_catch_all_interfaces/share/turtle_catch_all_interfaces/cmake/export_turtle_catch_all_interfaces__rosidl_typesupport_fastrtps_cExport.cmake
-- Installing: /media/sf_GhostRider/ros2_ws/install/turtle_catch_all_interfaces/share/turtle_catch_all_interfaces/cmake/export_turtle_catch_all_interfaces__rosidl_typesupport_fastrtps_cExport-noconfig.cmake
-- Installing: /media/sf_GhostRider/ros2_ws/install/turtle_catch_all_interfaces/share/turtle_catch_all_interfaces/cmake/turtle_catch_all_interfaces__rosidl_typesupport_introspection_cExport.cmake
-- Installing: /media/sf_GhostRider/ros2_ws/install/turtle_catch_all_interfaces/share/turtle_catch_all_interfaces/cmake/turtle_catch_all_interfaces__rosidl_typesupport_introspection_cExport-noconfig.cmake
-- Installing: /media/sf_GhostRider/ros2_ws/install/turtle_catch_all_interfaces/share/turtle_catch_all_interfaces/cmake/turtle_catch_all_interfaces__rosidl_typesupport_cExport.cmake
-- Installing: /media/sf_GhostRider/ros2_ws/install/turtle_catch_all_interfaces/share/turtle_catch_all_interfaces/cmake/turtle_catch_all_interfaces__rosidl_typesupport_cExport-noconfig.cmake
-- Installing: /media/sf_GhostRider/ros2_ws/install/turtle_catch_all_interfaces/share/turtle_catch_all_interfaces/cmake/export_turtle_catch_all_interfaces__rosidl_generator_cppExport.cmake
-- Installing: /media/sf_GhostRider/ros2_ws/install/turtle_catch_all_interfaces/share/turtle_catch_all_interfaces/cmake/export_turtle_catch_all_interfaces__rosidl_typesupport_fastrtps_cppExport.cmake
-- Installing: /media/sf_GhostRider/ros2_ws/install/turtle_catch_all_interfaces/share/turtle_catch_all_interfaces/cmake/export_turtle_catch_all_interfaces__rosidl_typesupport_fastrtps_cppExport-noconfig.cmake
-- Installing: /media/sf_GhostRider/ros2_ws/install/turtle_catch_all_interfaces/share/turtle_catch_all_interfaces/cmake/turtle_catch_all_interfaces__rosidl_typesupport_introspection_cppExport.cmake
-- Installing: /media/sf_GhostRider/ros2_ws/install/turtle_catch_all_interfaces/share/turtle_catch_all_interfaces/cmake/turtle_catch_all_interfaces__rosidl_typesupport_introspection_cppExport-noconfig.cmake
-- Installing: /media/sf_GhostRider/ros2_ws/install/turtle_catch_all_interfaces/share/turtle_catch_all_interfaces/cmake/turtle_catch_all_interfaces__rosidl_typesupport_cppExport.cmake
-- Installing: /media/sf_GhostRider/ros2_ws/install/turtle_catch_all_interfaces/share/turtle_catch_all_interfaces/cmake/turtle_catch_all_interfaces__rosidl_typesupport_cppExport-noconfig.cmake
-- Installing: /media/sf_GhostRider/ros2_ws/install/turtle_catch_all_interfaces/share/turtle_catch_all_interfaces/cmake/export_turtle_catch_all_interfaces__rosidl_generator_pyExport.cmake
-- Installing: /media/sf_GhostRider/ros2_ws/install/turtle_catch_all_interfaces/share/turtle_catch_all_interfaces/cmake/export_turtle_catch_all_interfaces__rosidl_generator_pyExport-noconfig.cmake
-- Installing: /media/sf_GhostRider/ros2_ws/install/turtle_catch_all_interfaces/share/turtle_catch_all_interfaces/cmake/rosidl_cmake-extras.cmake
-- Installing: /media/sf_GhostRider/ros2_ws/install/turtle_catch_all_interfaces/share/turtle_catch_all_interfaces/cmake/ament_cmake_export_dependencies-extras.cmake
-- Installing: /media/sf_GhostRider/ros2_ws/install/turtle_catch_all_interfaces/share/turtle_catch_all_interfaces/cmake/ament_cmake_export_include_directories-extras.cmake
-- Installing: /media/sf_GhostRider/ros2_ws/install/turtle_catch_all_interfaces/share/turtle_catch_all_interfaces/cmake/ament_cmake_export_libraries-extras.cmake
-- Installing: /media/sf_GhostRider/ros2_ws/install/turtle_catch_all_interfaces/share/turtle_catch_all_interfaces/cmake/ament_cmake_export_targets-extras.cmake
-- Installing: /media/sf_GhostRider/ros2_ws/install/turtle_catch_all_interfaces/share/turtle_catch_all_interfaces/cmake/rosidl_cmake_export_typesupport_targets-extras.cmake
-- Installing: /media/sf_GhostRider/ros2_ws/install/turtle_catch_all_interfaces/share/turtle_catch_all_interfaces/cmake/rosidl_cmake_export_typesupport_libraries-extras.cmake
-- Installing: /media/sf_GhostRider/ros2_ws/install/turtle_catch_all_interfaces/share/turtle_catch_all_interfaces/cmake/turtle_catch_all_interfacesConfig.cmake
-- Installing: /media/sf_GhostRider/ros2_ws/install/turtle_catch_all_interfaces/share/turtle_catch_all_interfaces/cmake/turtle_catch_all_interfacesConfig-version.cmake
-- Installing: /media/sf_GhostRider/ros2_ws/install/turtle_catch_all_interfaces/share/turtle_catch_all_interfaces/package.xml
