[0.038s] Invoking command in '/media/sf_GhostRider/ros2_ws/build/turtle_catch_all_interfaces': CMAKE_PREFIX_PATH=${CMAKE_PREFIX_PATH}:/media/sf_GhostRider/ros2_ws/install/turtlesim_catch_them_all:/media/sf_GhostRider/ros2_ws/install/my_py_pkg:/opt/ros/jazzy DEBUGINFOD_URLS=https://debuginfod.ubuntu.com /usr/bin/cmake /media/sf_GhostRider/ros2_ws/src/turtle_catch_all_interfaces -DCMAKE_INSTALL_PREFIX=/media/sf_GhostRider/ros2_ws/install/turtle_catch_all_interfaces
[0.152s] -- The C compiler identification is GNU 13.3.0
[0.256s] -- The CXX compiler identification is GNU 13.3.0
[0.280s] -- Detecting C compiler ABI info
[0.607s] -- Detecting C compiler ABI info - done
[0.640s] -- Check for working C compiler: /usr/bin/cc - skipped
[0.641s] -- Detecting C compile features
[0.642s] -- Detecting C compile features - done
[0.665s] -- Detecting CXX compiler ABI info
[0.942s] -- Detecting CXX compiler ABI info - done
[0.977s] -- Check for working CXX compiler: /usr/bin/c++ - skipped
[0.977s] -- Detecting CXX compile features
[0.978s] -- Detecting CXX compile features - done
[0.995s] -- Found ament_cmake: 2.5.5 (/opt/ros/jazzy/share/ament_cmake/cmake)
[1.164s] -- Found Python3: /usr/bin/python3 (found version "3.12.3") found components: Interpreter 
[1.405s] -- Found rosidl_default_generators: 1.6.0 (/opt/ros/jazzy/share/rosidl_default_generators/cmake)
[1.430s] -- Using all available rosidl_typesupport_c: rosidl_typesupport_fastrtps_c;rosidl_typesupport_introspection_c
[1.627s] -- Using all available rosidl_typesupport_cpp: rosidl_typesupport_fastrtps_cpp;rosidl_typesupport_introspection_cpp
[1.753s] -- Found rosidl_adapter: 4.6.7 (/opt/ros/jazzy/share/rosidl_adapter/cmake)
[2.542s] -- Found ament_cmake_ros: 0.12.0 (/opt/ros/jazzy/share/ament_cmake_ros/cmake)
[3.091s] -- Using all available rosidl_typesupport_c: rosidl_typesupport_fastrtps_c;rosidl_typesupport_introspection_c
[3.748s] -- Using all available rosidl_typesupport_cpp: rosidl_typesupport_fastrtps_cpp;rosidl_typesupport_introspection_cpp
[3.759s] -- Found python_cmake_module: 0.11.1 (/opt/ros/jazzy/share/python_cmake_module/cmake)
[3.888s] -- Found PythonExtra: /usr/bin/python3  
[4.288s] -- Found Python3: /usr/bin/python3 (found version "3.12.3") found components: Interpreter Development NumPy Development.Module Development.Embed 
[4.534s] -- Configuring done (4.5s)
[5.137s] -- Generating done (0.6s)
[5.294s] -- Build files have been written to: /media/sf_GhostRider/ros2_ws/build/turtle_catch_all_interfaces
[5.336s] Invoked command in '/media/sf_GhostRider/ros2_ws/build/turtle_catch_all_interfaces' returned '0': CMAKE_PREFIX_PATH=${CMAKE_PREFIX_PATH}:/media/sf_GhostRider/ros2_ws/install/turtlesim_catch_them_all:/media/sf_GhostRider/ros2_ws/install/my_py_pkg:/opt/ros/jazzy DEBUGINFOD_URLS=https://debuginfod.ubuntu.com /usr/bin/cmake /media/sf_GhostRider/ros2_ws/src/turtle_catch_all_interfaces -DCMAKE_INSTALL_PREFIX=/media/sf_GhostRider/ros2_ws/install/turtle_catch_all_interfaces
[5.349s] Invoking command in '/media/sf_GhostRider/ros2_ws/build/turtle_catch_all_interfaces': CMAKE_PREFIX_PATH=${CMAKE_PREFIX_PATH}:/media/sf_GhostRider/ros2_ws/install/turtlesim_catch_them_all:/media/sf_GhostRider/ros2_ws/install/my_py_pkg:/opt/ros/jazzy DEBUGINFOD_URLS=https://debuginfod.ubuntu.com /usr/bin/cmake --build /media/sf_GhostRider/ros2_ws/build/turtle_catch_all_interfaces -- -j20 -l20
[5.383s] gmake: Warning: File 'Makefile' has modification time 0.13 s in the future
[5.495s] gmake[1]: Warning: File 'CMakeFiles/Makefile2' has modification time 0.18 s in the future
[5.500s] gmake[2]: Warning: File 'CMakeFiles/ament_cmake_python_copy_turtle_catch_all_interfaces.dir/progress.make' has modification time 0.11 s in the future
[5.501s] gmake[2]: Warning: File 'CMakeFiles/turtle_catch_all_interfaces__rosidl_generator_type_description.dir/progress.make' has modification time 0.14 s in the future
[5.549s] gmake[2]: warning:  Clock skew detected.  Your build may be incomplete.
[5.551s] gmake[2]: warning:  Clock skew detected.  Your build may be incomplete.
[5.676s] gmake[2]: Warning: File 'CMakeFiles/turtle_catch_all_interfaces__rosidl_generator_type_description.dir/progress.make' has modification time 0.049 s in the future
[5.801s] [  1%] [34m[1mGenerating type hashes for ROS interfaces[0m
[5.855s] [  1%] Built target ament_cmake_python_copy_turtle_catch_all_interfaces
[6.251s] gmake[2]: warning:  Clock skew detected.  Your build may be incomplete.
[6.421s] [  1%] Built target turtle_catch_all_interfaces__rosidl_generator_type_description
[6.474s] running egg_info
[6.477s] creating turtle_catch_all_interfaces.egg-info
[6.602s] writing turtle_catch_all_interfaces.egg-info/PKG-INFO
[6.647s] writing dependency_links to turtle_catch_all_interfaces.egg-info/dependency_links.txt
[6.767s] writing top-level names to turtle_catch_all_interfaces.egg-info/top_level.txt
[6.797s] writing manifest file 'turtle_catch_all_interfaces.egg-info/SOURCES.txt'
[6.880s] [  3%] [34m[1mGenerating C code for ROS interfaces[0m
[6.916s] [  5%] [34m[1mGenerating C++ code for ROS interfaces[0m
[6.937s] reading manifest file 'turtle_catch_all_interfaces.egg-info/SOURCES.txt'
[6.941s] writing manifest file 'turtle_catch_all_interfaces.egg-info/SOURCES.txt'
[6.982s] [  5%] Built target ament_cmake_python_build_turtle_catch_all_interfaces_egg
[8.675s] [  5%] Built target turtle_catch_all_interfaces__cpp
[9.695s] [  9%] [32mBuilding C object CMakeFiles/turtle_catch_all_interfaces__rosidl_generator_c.dir/rosidl_generator_c/turtle_catch_all_interfaces/msg/detail/turtle__description.c.o[0m
[9.838s] [  9%] [32mBuilding C object CMakeFiles/turtle_catch_all_interfaces__rosidl_generator_c.dir/rosidl_generator_c/turtle_catch_all_interfaces/srv/detail/catch_turtle__type_support.c.o[0m
[10.258s] [ 14%] [32mBuilding C object CMakeFiles/turtle_catch_all_interfaces__rosidl_generator_c.dir/rosidl_generator_c/turtle_catch_all_interfaces/msg/detail/turtle_array__description.c.o[0m
[10.306s] [ 18%] [32mBuilding C object CMakeFiles/turtle_catch_all_interfaces__rosidl_generator_c.dir/rosidl_generator_c/turtle_catch_all_interfaces/msg/detail/turtle__type_support.c.o[0m
[10.370s] [ 18%] [32mBuilding C object CMakeFiles/turtle_catch_all_interfaces__rosidl_generator_c.dir/rosidl_generator_c/turtle_catch_all_interfaces/srv/detail/catch_turtle__description.c.o[0m
[10.462s] [ 22%] [32mBuilding C object CMakeFiles/turtle_catch_all_interfaces__rosidl_generator_c.dir/rosidl_generator_c/turtle_catch_all_interfaces/msg/detail/turtle_array__functions.c.o[0m
[10.472s] [ 22%] [32mBuilding C object CMakeFiles/turtle_catch_all_interfaces__rosidl_generator_c.dir/rosidl_generator_c/turtle_catch_all_interfaces/msg/detail/turtle__functions.c.o[0m
[10.547s] [ 22%] [32mBuilding C object CMakeFiles/turtle_catch_all_interfaces__rosidl_generator_c.dir/rosidl_generator_c/turtle_catch_all_interfaces/srv/detail/catch_turtle__functions.c.o[0m
[10.674s] [ 22%] [32mBuilding C object CMakeFiles/turtle_catch_all_interfaces__rosidl_generator_c.dir/rosidl_generator_c/turtle_catch_all_interfaces/msg/detail/turtle_array__type_support.c.o[0m
[11.292s] [ 24%] [32m[1mLinking C shared library libturtle_catch_all_interfaces__rosidl_generator_c.so[0m
[11.372s] [ 24%] Built target turtle_catch_all_interfaces__rosidl_generator_c
[11.822s] [ 33%] [34m[1mGenerating C type support dispatch for ROS interfaces[0m
[11.924s] [ 33%] [34m[1mGenerating C type support for eProsima Fast-RTPS[0m
[11.986s] [ 33%] [34m[1mGenerating C introspection for ROS interfaces[0m
[12.028s] [ 35%] [34m[1mGenerating C++ type support dispatch for ROS interfaces[0m
[12.041s] [ 35%] [34m[1mGenerating C++ type support for eProsima Fast-RTPS[0m
[12.060s] [ 35%] [34m[1mGenerating C++ introspection for ROS interfaces[0m
[16.504s] [ 38%] [32mBuilding CXX object CMakeFiles/turtle_catch_all_interfaces__rosidl_typesupport_c.dir/rosidl_typesupport_c/turtle_catch_all_interfaces/msg/turtle__type_support.cpp.o[0m
[16.520s] [ 38%] [32mBuilding CXX object CMakeFiles/turtle_catch_all_interfaces__rosidl_typesupport_c.dir/rosidl_typesupport_c/turtle_catch_all_interfaces/srv/catch_turtle__type_support.cpp.o[0m
[16.531s] [ 40%] [32mBuilding CXX object CMakeFiles/turtle_catch_all_interfaces__rosidl_typesupport_c.dir/rosidl_typesupport_c/turtle_catch_all_interfaces/msg/turtle_array__type_support.cpp.o[0m
[16.757s] [ 50%] [32mBuilding CXX object CMakeFiles/turtle_catch_all_interfaces__rosidl_typesupport_introspection_cpp.dir/rosidl_typesupport_introspection_cpp/turtle_catch_all_interfaces/msg/detail/turtle__type_support.cpp.o[0m
[16.804s] [ 50%] [32mBuilding CXX object CMakeFiles/turtle_catch_all_interfaces__rosidl_typesupport_introspection_cpp.dir/rosidl_typesupport_introspection_cpp/turtle_catch_all_interfaces/msg/detail/turtle_array__type_support.cpp.o[0m
[16.837s] [ 50%] [32mBuilding CXX object CMakeFiles/turtle_catch_all_interfaces__rosidl_typesupport_fastrtps_cpp.dir/rosidl_typesupport_fastrtps_cpp/turtle_catch_all_interfaces/msg/detail/dds_fastrtps/turtle__type_support.cpp.o[0m
[16.864s] [ 51%] [32mBuilding CXX object CMakeFiles/turtle_catch_all_interfaces__rosidl_typesupport_fastrtps_cpp.dir/rosidl_typesupport_fastrtps_cpp/turtle_catch_all_interfaces/msg/detail/dds_fastrtps/turtle_array__type_support.cpp.o[0m
[16.900s] [ 51%] [32mBuilding CXX object CMakeFiles/turtle_catch_all_interfaces__rosidl_typesupport_introspection_cpp.dir/rosidl_typesupport_introspection_cpp/turtle_catch_all_interfaces/srv/detail/catch_turtle__type_support.cpp.o[0m
[16.948s] [ 51%] [32mBuilding CXX object CMakeFiles/turtle_catch_all_interfaces__rosidl_typesupport_fastrtps_cpp.dir/rosidl_typesupport_fastrtps_cpp/turtle_catch_all_interfaces/srv/detail/dds_fastrtps/catch_turtle__type_support.cpp.o[0m
[17.108s] [ 59%] [32mBuilding CXX object CMakeFiles/turtle_catch_all_interfaces__rosidl_typesupport_fastrtps_c.dir/rosidl_typesupport_fastrtps_c/turtle_catch_all_interfaces/msg/detail/turtle__type_support_c.cpp.o[0m
[17.133s] [ 59%] [32mBuilding CXX object CMakeFiles/turtle_catch_all_interfaces__rosidl_typesupport_cpp.dir/rosidl_typesupport_cpp/turtle_catch_all_interfaces/msg/turtle__type_support.cpp.o[0m
[17.223s] [ 59%] [32mBuilding CXX object CMakeFiles/turtle_catch_all_interfaces__rosidl_typesupport_fastrtps_c.dir/rosidl_typesupport_fastrtps_c/turtle_catch_all_interfaces/msg/detail/turtle_array__type_support_c.cpp.o[0m
[17.388s] [ 61%] [32mBuilding CXX object CMakeFiles/turtle_catch_all_interfaces__rosidl_typesupport_cpp.dir/rosidl_typesupport_cpp/turtle_catch_all_interfaces/srv/catch_turtle__type_support.cpp.o[0m
[17.533s] [ 61%] [32mBuilding CXX object CMakeFiles/turtle_catch_all_interfaces__rosidl_typesupport_cpp.dir/rosidl_typesupport_cpp/turtle_catch_all_interfaces/msg/turtle_array__type_support.cpp.o[0m
[18.340s] [ 64%] [32mBuilding C object CMakeFiles/turtle_catch_all_interfaces__rosidl_typesupport_introspection_c.dir/rosidl_typesupport_introspection_c/turtle_catch_all_interfaces/msg/detail/turtle__type_support.c.o[0m
[18.403s] [ 64%] [32mBuilding CXX object CMakeFiles/turtle_catch_all_interfaces__rosidl_typesupport_fastrtps_c.dir/rosidl_typesupport_fastrtps_c/turtle_catch_all_interfaces/srv/detail/catch_turtle__type_support_c.cpp.o[0m
[18.594s] [ 68%] [32mBuilding C object CMakeFiles/turtle_catch_all_interfaces__rosidl_typesupport_introspection_c.dir/rosidl_typesupport_introspection_c/turtle_catch_all_interfaces/msg/detail/turtle_array__type_support.c.o[0m
[18.763s] [ 68%] [32mBuilding C object CMakeFiles/turtle_catch_all_interfaces__rosidl_typesupport_introspection_c.dir/rosidl_typesupport_introspection_c/turtle_catch_all_interfaces/srv/detail/catch_turtle__type_support.c.o[0m
[19.267s] [ 70%] [32m[1mLinking CXX shared library libturtle_catch_all_interfaces__rosidl_typesupport_c.so[0m
[21.694s] [ 72%] [32m[1mLinking C shared library libturtle_catch_all_interfaces__rosidl_typesupport_introspection_c.so[0m
[22.407s] [ 72%] Built target turtle_catch_all_interfaces__rosidl_typesupport_c
[25.529s] [ 72%] Built target turtle_catch_all_interfaces__rosidl_typesupport_introspection_c
[26.708s] [ 74%] [32m[1mLinking CXX shared library libturtle_catch_all_interfaces__rosidl_typesupport_cpp.so[0m
[27.432s] [ 75%] [32m[1mLinking CXX shared library libturtle_catch_all_interfaces__rosidl_typesupport_fastrtps_c.so[0m
[28.802s] [ 77%] [32m[1mLinking CXX shared library libturtle_catch_all_interfaces__rosidl_typesupport_introspection_cpp.so[0m
[29.389s] [ 77%] Built target turtle_catch_all_interfaces__rosidl_typesupport_cpp
[29.431s] [ 77%] Built target turtle_catch_all_interfaces__rosidl_typesupport_fastrtps_c
[29.659s] [ 79%] [32m[1mLinking CXX shared library libturtle_catch_all_interfaces__rosidl_typesupport_fastrtps_cpp.so[0m
[29.769s] [ 79%] Built target turtle_catch_all_interfaces__rosidl_typesupport_introspection_cpp
[29.888s] [ 79%] Built target turtle_catch_all_interfaces__rosidl_typesupport_fastrtps_cpp
[29.939s] [ 79%] Built target turtle_catch_all_interfaces
[29.978s] [ 81%] [34m[1mGenerating Python code for ROS interfaces[0m
[30.392s] [ 81%] Built target turtle_catch_all_interfaces__py
[30.442s] [ 85%] [32mBuilding C object CMakeFiles/turtle_catch_all_interfaces__rosidl_generator_py.dir/rosidl_generator_py/turtle_catch_all_interfaces/msg/_turtle_s.c.o[0m
[30.496s] [ 85%] [32mBuilding C object CMakeFiles/turtle_catch_all_interfaces__rosidl_generator_py.dir/rosidl_generator_py/turtle_catch_all_interfaces/msg/_turtle_array_s.c.o[0m
[30.527s] [ 87%] [32mBuilding C object CMakeFiles/turtle_catch_all_interfaces__rosidl_generator_py.dir/rosidl_generator_py/turtle_catch_all_interfaces/srv/_catch_turtle_s.c.o[0m
[30.736s] [ 88%] [32m[1mLinking C shared library libturtle_catch_all_interfaces__rosidl_generator_py.so[0m
[30.844s] [ 88%] Built target turtle_catch_all_interfaces__rosidl_generator_py
[30.951s] gmake[2]: Warning: File 'libturtle_catch_all_interfaces__rosidl_generator_py.so' has modification time 0.34 s in the future
[30.962s] gmake[2]: Warning: File 'libturtle_catch_all_interfaces__rosidl_generator_py.so' has modification time 0.34 s in the future
[30.968s] gmake[2]: Warning: File 'libturtle_catch_all_interfaces__rosidl_generator_py.so' has modification time 0.32 s in the future
[30.983s] [ 92%] [32mBuilding C object CMakeFiles/turtle_catch_all_interfaces_s__rosidl_typesupport_c.dir/rosidl_generator_py/turtle_catch_all_interfaces/_turtle_catch_all_interfaces_s.ep.rosidl_typesupport_c.c.o[0m
[30.984s] [ 92%] [32mBuilding C object CMakeFiles/turtle_catch_all_interfaces_s__rosidl_typesupport_fastrtps_c.dir/rosidl_generator_py/turtle_catch_all_interfaces/_turtle_catch_all_interfaces_s.ep.rosidl_typesupport_fastrtps_c.c.o[0m
[30.985s] [ 94%] [32mBuilding C object CMakeFiles/turtle_catch_all_interfaces_s__rosidl_typesupport_introspection_c.dir/rosidl_generator_py/turtle_catch_all_interfaces/_turtle_catch_all_interfaces_s.ep.rosidl_typesupport_introspection_c.c.o[0m
[31.200s] [ 96%] [32m[1mLinking C shared module rosidl_generator_py/turtle_catch_all_interfaces/turtle_catch_all_interfaces_s__rosidl_typesupport_c.so[0m
[31.984s] [100%] [32m[1mLinking C shared module rosidl_generator_py/turtle_catch_all_interfaces/turtle_catch_all_interfaces_s__rosidl_typesupport_introspection_c.so[0m
[32.014s] [100%] [32m[1mLinking C shared module rosidl_generator_py/turtle_catch_all_interfaces/turtle_catch_all_interfaces_s__rosidl_typesupport_fastrtps_c.so[0m
[32.220s] gmake[2]: warning:  Clock skew detected.  Your build may be incomplete.
[32.263s] [100%] Built target turtle_catch_all_interfaces_s__rosidl_typesupport_c
[32.297s] gmake[2]: warning:  Clock skew detected.  Your build may be incomplete.
[32.301s] gmake[2]: warning:  Clock skew detected.  Your build may be incomplete.
[32.312s] [100%] Built target turtle_catch_all_interfaces_s__rosidl_typesupport_introspection_c
[32.314s] [100%] Built target turtle_catch_all_interfaces_s__rosidl_typesupport_fastrtps_c
[32.316s] gmake[1]: warning:  Clock skew detected.  Your build may be incomplete.
[32.637s] gmake: warning:  Clock skew detected.  Your build may be incomplete.
[32.651s] Invoked command in '/media/sf_GhostRider/ros2_ws/build/turtle_catch_all_interfaces' returned '0': CMAKE_PREFIX_PATH=${CMAKE_PREFIX_PATH}:/media/sf_GhostRider/ros2_ws/install/turtlesim_catch_them_all:/media/sf_GhostRider/ros2_ws/install/my_py_pkg:/opt/ros/jazzy DEBUGINFOD_URLS=https://debuginfod.ubuntu.com /usr/bin/cmake --build /media/sf_GhostRider/ros2_ws/build/turtle_catch_all_interfaces -- -j20 -l20
[32.700s] Invoking command in '/media/sf_GhostRider/ros2_ws/build/turtle_catch_all_interfaces': CMAKE_PREFIX_PATH=${CMAKE_PREFIX_PATH}:/media/sf_GhostRider/ros2_ws/install/turtlesim_catch_them_all:/media/sf_GhostRider/ros2_ws/install/my_py_pkg:/opt/ros/jazzy DEBUGINFOD_URLS=https://debuginfod.ubuntu.com /usr/bin/cmake --install /media/sf_GhostRider/ros2_ws/build/turtle_catch_all_interfaces
[32.710s] -- Install configuration: ""
[32.715s] -- Installing: /media/sf_GhostRider/ros2_ws/install/turtle_catch_all_interfaces/share/ament_index/resource_index/rosidl_interfaces/turtle_catch_all_interfaces
[32.726s] -- Installing: /media/sf_GhostRider/ros2_ws/install/turtle_catch_all_interfaces/share/turtle_catch_all_interfaces/msg/Turtle.json
[32.742s] -- Installing: /media/sf_GhostRider/ros2_ws/install/turtle_catch_all_interfaces/share/turtle_catch_all_interfaces/msg/TurtleArray.json
[32.768s] -- Installing: /media/sf_GhostRider/ros2_ws/install/turtle_catch_all_interfaces/share/turtle_catch_all_interfaces/srv/CatchTurtle.json
[32.778s] -- Installing: /media/sf_GhostRider/ros2_ws/install/turtle_catch_all_interfaces/include/turtle_catch_all_interfaces/turtle_catch_all_interfaces
[32.783s] -- Installing: /media/sf_GhostRider/ros2_ws/install/turtle_catch_all_interfaces/include/turtle_catch_all_interfaces/turtle_catch_all_interfaces/msg
[32.785s] -- Installing: /media/sf_GhostRider/ros2_ws/install/turtle_catch_all_interfaces/include/turtle_catch_all_interfaces/turtle_catch_all_interfaces/msg/detail
[32.788s] -- Installing: /media/sf_GhostRider/ros2_ws/install/turtle_catch_all_interfaces/include/turtle_catch_all_interfaces/turtle_catch_all_interfaces/msg/detail/turtle_array__description.c
[32.793s] -- Installing: /media/sf_GhostRider/ros2_ws/install/turtle_catch_all_interfaces/include/turtle_catch_all_interfaces/turtle_catch_all_interfaces/msg/detail/turtle_array__functions.c
[32.799s] -- Installing: /media/sf_GhostRider/ros2_ws/install/turtle_catch_all_interfaces/include/turtle_catch_all_interfaces/turtle_catch_all_interfaces/msg/detail/turtle_array__functions.h
[32.806s] -- Installing: /media/sf_GhostRider/ros2_ws/install/turtle_catch_all_interfaces/include/turtle_catch_all_interfaces/turtle_catch_all_interfaces/msg/detail/turtle_array__struct.h
[32.812s] -- Installing: /media/sf_GhostRider/ros2_ws/install/turtle_catch_all_interfaces/include/turtle_catch_all_interfaces/turtle_catch_all_interfaces/msg/detail/turtle_array__type_support.c
[32.819s] -- Installing: /media/sf_GhostRider/ros2_ws/install/turtle_catch_all_interfaces/include/turtle_catch_all_interfaces/turtle_catch_all_interfaces/msg/detail/turtle_array__type_support.h
[32.824s] -- Installing: /media/sf_GhostRider/ros2_ws/install/turtle_catch_all_interfaces/include/turtle_catch_all_interfaces/turtle_catch_all_interfaces/msg/detail/turtle__description.c
[32.829s] -- Installing: /media/sf_GhostRider/ros2_ws/install/turtle_catch_all_interfaces/include/turtle_catch_all_interfaces/turtle_catch_all_interfaces/msg/detail/turtle__functions.c
[32.834s] -- Installing: /media/sf_GhostRider/ros2_ws/install/turtle_catch_all_interfaces/include/turtle_catch_all_interfaces/turtle_catch_all_interfaces/msg/detail/turtle__functions.h
[32.840s] -- Installing: /media/sf_GhostRider/ros2_ws/install/turtle_catch_all_interfaces/include/turtle_catch_all_interfaces/turtle_catch_all_interfaces/msg/detail/turtle__struct.h
[32.845s] -- Installing: /media/sf_GhostRider/ros2_ws/install/turtle_catch_all_interfaces/include/turtle_catch_all_interfaces/turtle_catch_all_interfaces/msg/detail/turtle__type_support.c
[32.849s] -- Installing: /media/sf_GhostRider/ros2_ws/install/turtle_catch_all_interfaces/include/turtle_catch_all_interfaces/turtle_catch_all_interfaces/msg/detail/turtle__type_support.h
[32.854s] -- Installing: /media/sf_GhostRider/ros2_ws/install/turtle_catch_all_interfaces/include/turtle_catch_all_interfaces/turtle_catch_all_interfaces/msg/rosidl_generator_c__visibility_control.h
[32.860s] -- Installing: /media/sf_GhostRider/ros2_ws/install/turtle_catch_all_interfaces/include/turtle_catch_all_interfaces/turtle_catch_all_interfaces/msg/turtle.h
[32.865s] -- Installing: /media/sf_GhostRider/ros2_ws/install/turtle_catch_all_interfaces/include/turtle_catch_all_interfaces/turtle_catch_all_interfaces/msg/turtle_array.h
[32.870s] -- Installing: /media/sf_GhostRider/ros2_ws/install/turtle_catch_all_interfaces/include/turtle_catch_all_interfaces/turtle_catch_all_interfaces/srv
[32.872s] -- Installing: /media/sf_GhostRider/ros2_ws/install/turtle_catch_all_interfaces/include/turtle_catch_all_interfaces/turtle_catch_all_interfaces/srv/catch_turtle.h
[32.878s] -- Installing: /media/sf_GhostRider/ros2_ws/install/turtle_catch_all_interfaces/include/turtle_catch_all_interfaces/turtle_catch_all_interfaces/srv/detail
[32.881s] -- Installing: /media/sf_GhostRider/ros2_ws/install/turtle_catch_all_interfaces/include/turtle_catch_all_interfaces/turtle_catch_all_interfaces/srv/detail/catch_turtle__description.c
[32.893s] -- Installing: /media/sf_GhostRider/ros2_ws/install/turtle_catch_all_interfaces/include/turtle_catch_all_interfaces/turtle_catch_all_interfaces/srv/detail/catch_turtle__functions.c
[32.905s] -- Installing: /media/sf_GhostRider/ros2_ws/install/turtle_catch_all_interfaces/include/turtle_catch_all_interfaces/turtle_catch_all_interfaces/srv/detail/catch_turtle__functions.h
[32.914s] -- Installing: /media/sf_GhostRider/ros2_ws/install/turtle_catch_all_interfaces/include/turtle_catch_all_interfaces/turtle_catch_all_interfaces/srv/detail/catch_turtle__struct.h
[32.926s] -- Installing: /media/sf_GhostRider/ros2_ws/install/turtle_catch_all_interfaces/include/turtle_catch_all_interfaces/turtle_catch_all_interfaces/srv/detail/catch_turtle__type_support.c
[32.943s] -- Installing: /media/sf_GhostRider/ros2_ws/install/turtle_catch_all_interfaces/include/turtle_catch_all_interfaces/turtle_catch_all_interfaces/srv/detail/catch_turtle__type_support.h
[33.121s] -- Installing: /media/sf_GhostRider/ros2_ws/install/turtle_catch_all_interfaces/share/turtle_catch_all_interfaces/environment/library_path.sh
[33.159s] -- Installing: /media/sf_GhostRider/ros2_ws/install/turtle_catch_all_interfaces/share/turtle_catch_all_interfaces/environment/library_path.dsv
[33.192s] -- Installing: /media/sf_GhostRider/ros2_ws/install/turtle_catch_all_interfaces/lib/libturtle_catch_all_interfaces__rosidl_generator_c.so
[33.219s] -- Set non-toolchain portion of runtime path of "/media/sf_GhostRider/ros2_ws/install/turtle_catch_all_interfaces/lib/libturtle_catch_all_interfaces__rosidl_generator_c.so" to ""
[33.220s] -- Up-to-date: /media/sf_GhostRider/ros2_ws/install/turtle_catch_all_interfaces/include/turtle_catch_all_interfaces/turtle_catch_all_interfaces
[33.221s] -- Up-to-date: /media/sf_GhostRider/ros2_ws/install/turtle_catch_all_interfaces/include/turtle_catch_all_interfaces/turtle_catch_all_interfaces/msg
[33.223s] -- Up-to-date: /media/sf_GhostRider/ros2_ws/install/turtle_catch_all_interfaces/include/turtle_catch_all_interfaces/turtle_catch_all_interfaces/msg/detail
[33.224s] -- Installing: /media/sf_GhostRider/ros2_ws/install/turtle_catch_all_interfaces/include/turtle_catch_all_interfaces/turtle_catch_all_interfaces/msg/detail/turtle_array__rosidl_typesupport_fastrtps_c.h
[33.229s] -- Installing: /media/sf_GhostRider/ros2_ws/install/turtle_catch_all_interfaces/include/turtle_catch_all_interfaces/turtle_catch_all_interfaces/msg/detail/turtle__rosidl_typesupport_fastrtps_c.h
[33.235s] -- Installing: /media/sf_GhostRider/ros2_ws/install/turtle_catch_all_interfaces/include/turtle_catch_all_interfaces/turtle_catch_all_interfaces/msg/rosidl_typesupport_fastrtps_c__visibility_control.h
[33.240s] -- Up-to-date: /media/sf_GhostRider/ros2_ws/install/turtle_catch_all_interfaces/include/turtle_catch_all_interfaces/turtle_catch_all_interfaces/srv
[33.245s] -- Up-to-date: /media/sf_GhostRider/ros2_ws/install/turtle_catch_all_interfaces/include/turtle_catch_all_interfaces/turtle_catch_all_interfaces/srv/detail
[33.246s] -- Installing: /media/sf_GhostRider/ros2_ws/install/turtle_catch_all_interfaces/include/turtle_catch_all_interfaces/turtle_catch_all_interfaces/srv/detail/catch_turtle__rosidl_typesupport_fastrtps_c.h
[33.253s] -- Installing: /media/sf_GhostRider/ros2_ws/install/turtle_catch_all_interfaces/lib/libturtle_catch_all_interfaces__rosidl_typesupport_fastrtps_c.so
[33.317s] -- Set non-toolchain portion of runtime path of "/media/sf_GhostRider/ros2_ws/install/turtle_catch_all_interfaces/lib/libturtle_catch_all_interfaces__rosidl_typesupport_fastrtps_c.so" to ""
[33.318s] -- Up-to-date: /media/sf_GhostRider/ros2_ws/install/turtle_catch_all_interfaces/include/turtle_catch_all_interfaces/turtle_catch_all_interfaces
[33.319s] -- Up-to-date: /media/sf_GhostRider/ros2_ws/install/turtle_catch_all_interfaces/include/turtle_catch_all_interfaces/turtle_catch_all_interfaces/msg
[33.321s] -- Up-to-date: /media/sf_GhostRider/ros2_ws/install/turtle_catch_all_interfaces/include/turtle_catch_all_interfaces/turtle_catch_all_interfaces/msg/detail
[33.322s] -- Installing: /media/sf_GhostRider/ros2_ws/install/turtle_catch_all_interfaces/include/turtle_catch_all_interfaces/turtle_catch_all_interfaces/msg/detail/turtle_array__rosidl_typesupport_introspection_c.h
[33.328s] -- Installing: /media/sf_GhostRider/ros2_ws/install/turtle_catch_all_interfaces/include/turtle_catch_all_interfaces/turtle_catch_all_interfaces/msg/detail/turtle_array__type_support.c
[33.335s] -- Installing: /media/sf_GhostRider/ros2_ws/install/turtle_catch_all_interfaces/include/turtle_catch_all_interfaces/turtle_catch_all_interfaces/msg/detail/turtle__rosidl_typesupport_introspection_c.h
[33.353s] -- Installing: /media/sf_GhostRider/ros2_ws/install/turtle_catch_all_interfaces/include/turtle_catch_all_interfaces/turtle_catch_all_interfaces/msg/detail/turtle__type_support.c
[33.398s] -- Installing: /media/sf_GhostRider/ros2_ws/install/turtle_catch_all_interfaces/include/turtle_catch_all_interfaces/turtle_catch_all_interfaces/msg/rosidl_typesupport_introspection_c__visibility_control.h
[33.414s] -- Up-to-date: /media/sf_GhostRider/ros2_ws/install/turtle_catch_all_interfaces/include/turtle_catch_all_interfaces/turtle_catch_all_interfaces/srv
[33.415s] -- Up-to-date: /media/sf_GhostRider/ros2_ws/install/turtle_catch_all_interfaces/include/turtle_catch_all_interfaces/turtle_catch_all_interfaces/srv/detail
[33.418s] -- Installing: /media/sf_GhostRider/ros2_ws/install/turtle_catch_all_interfaces/include/turtle_catch_all_interfaces/turtle_catch_all_interfaces/srv/detail/catch_turtle__rosidl_typesupport_introspection_c.h
[33.427s] -- Installing: /media/sf_GhostRider/ros2_ws/install/turtle_catch_all_interfaces/include/turtle_catch_all_interfaces/turtle_catch_all_interfaces/srv/detail/catch_turtle__type_support.c
[33.438s] -- Installing: /media/sf_GhostRider/ros2_ws/install/turtle_catch_all_interfaces/lib/libturtle_catch_all_interfaces__rosidl_typesupport_introspection_c.so
[33.525s] -- Set non-toolchain portion of runtime path of "/media/sf_GhostRider/ros2_ws/install/turtle_catch_all_interfaces/lib/libturtle_catch_all_interfaces__rosidl_typesupport_introspection_c.so" to ""
[33.529s] -- Installing: /media/sf_GhostRider/ros2_ws/install/turtle_catch_all_interfaces/lib/libturtle_catch_all_interfaces__rosidl_typesupport_c.so
[33.596s] -- Set non-toolchain portion of runtime path of "/media/sf_GhostRider/ros2_ws/install/turtle_catch_all_interfaces/lib/libturtle_catch_all_interfaces__rosidl_typesupport_c.so" to ""
[33.598s] -- Up-to-date: /media/sf_GhostRider/ros2_ws/install/turtle_catch_all_interfaces/include/turtle_catch_all_interfaces/turtle_catch_all_interfaces
[33.602s] -- Up-to-date: /media/sf_GhostRider/ros2_ws/install/turtle_catch_all_interfaces/include/turtle_catch_all_interfaces/turtle_catch_all_interfaces/msg
[33.607s] -- Up-to-date: /media/sf_GhostRider/ros2_ws/install/turtle_catch_all_interfaces/include/turtle_catch_all_interfaces/turtle_catch_all_interfaces/msg/detail
[33.612s] -- Installing: /media/sf_GhostRider/ros2_ws/install/turtle_catch_all_interfaces/include/turtle_catch_all_interfaces/turtle_catch_all_interfaces/msg/detail/turtle_array__builder.hpp
[33.620s] -- Installing: /media/sf_GhostRider/ros2_ws/install/turtle_catch_all_interfaces/include/turtle_catch_all_interfaces/turtle_catch_all_interfaces/msg/detail/turtle_array__struct.hpp
[33.626s] -- Installing: /media/sf_GhostRider/ros2_ws/install/turtle_catch_all_interfaces/include/turtle_catch_all_interfaces/turtle_catch_all_interfaces/msg/detail/turtle_array__traits.hpp
[33.634s] -- Installing: /media/sf_GhostRider/ros2_ws/install/turtle_catch_all_interfaces/include/turtle_catch_all_interfaces/turtle_catch_all_interfaces/msg/detail/turtle_array__type_support.hpp
[33.643s] -- Installing: /media/sf_GhostRider/ros2_ws/install/turtle_catch_all_interfaces/include/turtle_catch_all_interfaces/turtle_catch_all_interfaces/msg/detail/turtle__builder.hpp
[33.760s] -- Installing: /media/sf_GhostRider/ros2_ws/install/turtle_catch_all_interfaces/include/turtle_catch_all_interfaces/turtle_catch_all_interfaces/msg/detail/turtle__struct.hpp
[33.796s] -- Installing: /media/sf_GhostRider/ros2_ws/install/turtle_catch_all_interfaces/include/turtle_catch_all_interfaces/turtle_catch_all_interfaces/msg/detail/turtle__traits.hpp
[33.870s] -- Installing: /media/sf_GhostRider/ros2_ws/install/turtle_catch_all_interfaces/include/turtle_catch_all_interfaces/turtle_catch_all_interfaces/msg/detail/turtle__type_support.hpp
[33.880s] -- Installing: /media/sf_GhostRider/ros2_ws/install/turtle_catch_all_interfaces/include/turtle_catch_all_interfaces/turtle_catch_all_interfaces/msg/rosidl_generator_cpp__visibility_control.hpp
[33.896s] -- Installing: /media/sf_GhostRider/ros2_ws/install/turtle_catch_all_interfaces/include/turtle_catch_all_interfaces/turtle_catch_all_interfaces/msg/turtle.hpp
[33.917s] -- Installing: /media/sf_GhostRider/ros2_ws/install/turtle_catch_all_interfaces/include/turtle_catch_all_interfaces/turtle_catch_all_interfaces/msg/turtle_array.hpp
[33.924s] -- Up-to-date: /media/sf_GhostRider/ros2_ws/install/turtle_catch_all_interfaces/include/turtle_catch_all_interfaces/turtle_catch_all_interfaces/srv
[33.927s] -- Installing: /media/sf_GhostRider/ros2_ws/install/turtle_catch_all_interfaces/include/turtle_catch_all_interfaces/turtle_catch_all_interfaces/srv/catch_turtle.hpp
[33.933s] -- Up-to-date: /media/sf_GhostRider/ros2_ws/install/turtle_catch_all_interfaces/include/turtle_catch_all_interfaces/turtle_catch_all_interfaces/srv/detail
[33.935s] -- Installing: /media/sf_GhostRider/ros2_ws/install/turtle_catch_all_interfaces/include/turtle_catch_all_interfaces/turtle_catch_all_interfaces/srv/detail/catch_turtle__builder.hpp
[33.941s] -- Installing: /media/sf_GhostRider/ros2_ws/install/turtle_catch_all_interfaces/include/turtle_catch_all_interfaces/turtle_catch_all_interfaces/srv/detail/catch_turtle__struct.hpp
[33.947s] -- Installing: /media/sf_GhostRider/ros2_ws/install/turtle_catch_all_interfaces/include/turtle_catch_all_interfaces/turtle_catch_all_interfaces/srv/detail/catch_turtle__traits.hpp
[33.952s] -- Installing: /media/sf_GhostRider/ros2_ws/install/turtle_catch_all_interfaces/include/turtle_catch_all_interfaces/turtle_catch_all_interfaces/srv/detail/catch_turtle__type_support.hpp
[33.959s] -- Up-to-date: /media/sf_GhostRider/ros2_ws/install/turtle_catch_all_interfaces/include/turtle_catch_all_interfaces/turtle_catch_all_interfaces
[33.961s] -- Up-to-date: /media/sf_GhostRider/ros2_ws/install/turtle_catch_all_interfaces/include/turtle_catch_all_interfaces/turtle_catch_all_interfaces/msg
[33.962s] -- Up-to-date: /media/sf_GhostRider/ros2_ws/install/turtle_catch_all_interfaces/include/turtle_catch_all_interfaces/turtle_catch_all_interfaces/msg/detail
[33.964s] -- Installing: /media/sf_GhostRider/ros2_ws/install/turtle_catch_all_interfaces/include/turtle_catch_all_interfaces/turtle_catch_all_interfaces/msg/detail/dds_fastrtps
[33.966s] -- Installing: /media/sf_GhostRider/ros2_ws/install/turtle_catch_all_interfaces/include/turtle_catch_all_interfaces/turtle_catch_all_interfaces/msg/detail/turtle_array__rosidl_typesupport_fastrtps_cpp.hpp
[33.971s] -- Installing: /media/sf_GhostRider/ros2_ws/install/turtle_catch_all_interfaces/include/turtle_catch_all_interfaces/turtle_catch_all_interfaces/msg/detail/turtle__rosidl_typesupport_fastrtps_cpp.hpp
[33.979s] -- Installing: /media/sf_GhostRider/ros2_ws/install/turtle_catch_all_interfaces/include/turtle_catch_all_interfaces/turtle_catch_all_interfaces/msg/rosidl_typesupport_fastrtps_cpp__visibility_control.h
[33.985s] -- Up-to-date: /media/sf_GhostRider/ros2_ws/install/turtle_catch_all_interfaces/include/turtle_catch_all_interfaces/turtle_catch_all_interfaces/srv
[33.986s] -- Up-to-date: /media/sf_GhostRider/ros2_ws/install/turtle_catch_all_interfaces/include/turtle_catch_all_interfaces/turtle_catch_all_interfaces/srv/detail
[33.988s] -- Installing: /media/sf_GhostRider/ros2_ws/install/turtle_catch_all_interfaces/include/turtle_catch_all_interfaces/turtle_catch_all_interfaces/srv/detail/catch_turtle__rosidl_typesupport_fastrtps_cpp.hpp
[33.994s] -- Installing: /media/sf_GhostRider/ros2_ws/install/turtle_catch_all_interfaces/include/turtle_catch_all_interfaces/turtle_catch_all_interfaces/srv/detail/dds_fastrtps
[33.996s] -- Installing: /media/sf_GhostRider/ros2_ws/install/turtle_catch_all_interfaces/lib/libturtle_catch_all_interfaces__rosidl_typesupport_fastrtps_cpp.so
[34.033s] -- Set non-toolchain portion of runtime path of "/media/sf_GhostRider/ros2_ws/install/turtle_catch_all_interfaces/lib/libturtle_catch_all_interfaces__rosidl_typesupport_fastrtps_cpp.so" to ""
[34.034s] -- Up-to-date: /media/sf_GhostRider/ros2_ws/install/turtle_catch_all_interfaces/include/turtle_catch_all_interfaces/turtle_catch_all_interfaces
[34.035s] -- Up-to-date: /media/sf_GhostRider/ros2_ws/install/turtle_catch_all_interfaces/include/turtle_catch_all_interfaces/turtle_catch_all_interfaces/msg
[34.037s] -- Up-to-date: /media/sf_GhostRider/ros2_ws/install/turtle_catch_all_interfaces/include/turtle_catch_all_interfaces/turtle_catch_all_interfaces/msg/detail
[34.039s] -- Installing: /media/sf_GhostRider/ros2_ws/install/turtle_catch_all_interfaces/include/turtle_catch_all_interfaces/turtle_catch_all_interfaces/msg/detail/turtle_array__rosidl_typesupport_introspection_cpp.hpp
[34.044s] -- Installing: /media/sf_GhostRider/ros2_ws/install/turtle_catch_all_interfaces/include/turtle_catch_all_interfaces/turtle_catch_all_interfaces/msg/detail/turtle_array__type_support.cpp
[34.049s] -- Installing: /media/sf_GhostRider/ros2_ws/install/turtle_catch_all_interfaces/include/turtle_catch_all_interfaces/turtle_catch_all_interfaces/msg/detail/turtle__rosidl_typesupport_introspection_cpp.hpp
[34.055s] -- Installing: /media/sf_GhostRider/ros2_ws/install/turtle_catch_all_interfaces/include/turtle_catch_all_interfaces/turtle_catch_all_interfaces/msg/detail/turtle__type_support.cpp
[34.061s] -- Up-to-date: /media/sf_GhostRider/ros2_ws/install/turtle_catch_all_interfaces/include/turtle_catch_all_interfaces/turtle_catch_all_interfaces/srv
[34.064s] -- Up-to-date: /media/sf_GhostRider/ros2_ws/install/turtle_catch_all_interfaces/include/turtle_catch_all_interfaces/turtle_catch_all_interfaces/srv/detail
[34.065s] -- Installing: /media/sf_GhostRider/ros2_ws/install/turtle_catch_all_interfaces/include/turtle_catch_all_interfaces/turtle_catch_all_interfaces/srv/detail/catch_turtle__rosidl_typesupport_introspection_cpp.hpp
[34.070s] -- Installing: /media/sf_GhostRider/ros2_ws/install/turtle_catch_all_interfaces/include/turtle_catch_all_interfaces/turtle_catch_all_interfaces/srv/detail/catch_turtle__type_support.cpp
[34.076s] -- Installing: /media/sf_GhostRider/ros2_ws/install/turtle_catch_all_interfaces/lib/libturtle_catch_all_interfaces__rosidl_typesupport_introspection_cpp.so
[34.118s] -- Set non-toolchain portion of runtime path of "/media/sf_GhostRider/ros2_ws/install/turtle_catch_all_interfaces/lib/libturtle_catch_all_interfaces__rosidl_typesupport_introspection_cpp.so" to ""
[34.120s] -- Installing: /media/sf_GhostRider/ros2_ws/install/turtle_catch_all_interfaces/lib/libturtle_catch_all_interfaces__rosidl_typesupport_cpp.so
[34.149s] -- Set non-toolchain portion of runtime path of "/media/sf_GhostRider/ros2_ws/install/turtle_catch_all_interfaces/lib/libturtle_catch_all_interfaces__rosidl_typesupport_cpp.so" to ""
[34.150s] -- Installing: /media/sf_GhostRider/ros2_ws/install/turtle_catch_all_interfaces/share/turtle_catch_all_interfaces/environment/pythonpath.sh
[34.156s] -- Installing: /media/sf_GhostRider/ros2_ws/install/turtle_catch_all_interfaces/share/turtle_catch_all_interfaces/environment/pythonpath.dsv
[34.162s] -- Installing: /media/sf_GhostRider/ros2_ws/install/turtle_catch_all_interfaces/lib/python3.12/site-packages/turtle_catch_all_interfaces-0.0.0-py3.12.egg-info
[34.165s] -- Installing: /media/sf_GhostRider/ros2_ws/install/turtle_catch_all_interfaces/lib/python3.12/site-packages/turtle_catch_all_interfaces-0.0.0-py3.12.egg-info/dependency_links.txt
[34.169s] -- Installing: /media/sf_GhostRider/ros2_ws/install/turtle_catch_all_interfaces/lib/python3.12/site-packages/turtle_catch_all_interfaces-0.0.0-py3.12.egg-info/PKG-INFO
[34.176s] -- Installing: /media/sf_GhostRider/ros2_ws/install/turtle_catch_all_interfaces/lib/python3.12/site-packages/turtle_catch_all_interfaces-0.0.0-py3.12.egg-info/SOURCES.txt
[34.181s] -- Installing: /media/sf_GhostRider/ros2_ws/install/turtle_catch_all_interfaces/lib/python3.12/site-packages/turtle_catch_all_interfaces-0.0.0-py3.12.egg-info/top_level.txt
[34.190s] -- Installing: /media/sf_GhostRider/ros2_ws/install/turtle_catch_all_interfaces/lib/python3.12/site-packages/turtle_catch_all_interfaces
[34.193s] -- Installing: /media/sf_GhostRider/ros2_ws/install/turtle_catch_all_interfaces/lib/python3.12/site-packages/turtle_catch_all_interfaces/msg
[34.194s] -- Installing: /media/sf_GhostRider/ros2_ws/install/turtle_catch_all_interfaces/lib/python3.12/site-packages/turtle_catch_all_interfaces/msg/_turtle.py
[34.199s] -- Installing: /media/sf_GhostRider/ros2_ws/install/turtle_catch_all_interfaces/lib/python3.12/site-packages/turtle_catch_all_interfaces/msg/_turtle_array.py
[34.204s] -- Installing: /media/sf_GhostRider/ros2_ws/install/turtle_catch_all_interfaces/lib/python3.12/site-packages/turtle_catch_all_interfaces/msg/_turtle_array_s.c
[34.208s] -- Installing: /media/sf_GhostRider/ros2_ws/install/turtle_catch_all_interfaces/lib/python3.12/site-packages/turtle_catch_all_interfaces/msg/_turtle_s.c
[34.213s] -- Installing: /media/sf_GhostRider/ros2_ws/install/turtle_catch_all_interfaces/lib/python3.12/site-packages/turtle_catch_all_interfaces/msg/__init__.py
[34.218s] -- Installing: /media/sf_GhostRider/ros2_ws/install/turtle_catch_all_interfaces/lib/python3.12/site-packages/turtle_catch_all_interfaces/srv
[34.220s] -- Installing: /media/sf_GhostRider/ros2_ws/install/turtle_catch_all_interfaces/lib/python3.12/site-packages/turtle_catch_all_interfaces/srv/_catch_turtle.py
[34.225s] -- Installing: /media/sf_GhostRider/ros2_ws/install/turtle_catch_all_interfaces/lib/python3.12/site-packages/turtle_catch_all_interfaces/srv/_catch_turtle_s.c
[34.231s] -- Installing: /media/sf_GhostRider/ros2_ws/install/turtle_catch_all_interfaces/lib/python3.12/site-packages/turtle_catch_all_interfaces/srv/__init__.py
[34.236s] -- Installing: /media/sf_GhostRider/ros2_ws/install/turtle_catch_all_interfaces/lib/python3.12/site-packages/turtle_catch_all_interfaces/turtle_catch_all_interfaces_s__rosidl_typesupport_c.so
[34.243s] -- Installing: /media/sf_GhostRider/ros2_ws/install/turtle_catch_all_interfaces/lib/python3.12/site-packages/turtle_catch_all_interfaces/turtle_catch_all_interfaces_s__rosidl_typesupport_fastrtps_c.so
[34.249s] -- Installing: /media/sf_GhostRider/ros2_ws/install/turtle_catch_all_interfaces/lib/python3.12/site-packages/turtle_catch_all_interfaces/turtle_catch_all_interfaces_s__rosidl_typesupport_introspection_c.so
[34.270s] -- Installing: /media/sf_GhostRider/ros2_ws/install/turtle_catch_all_interfaces/lib/python3.12/site-packages/turtle_catch_all_interfaces/_turtle_catch_all_interfaces_s.ep.rosidl_typesupport_c.c
[34.277s] -- Installing: /media/sf_GhostRider/ros2_ws/install/turtle_catch_all_interfaces/lib/python3.12/site-packages/turtle_catch_all_interfaces/_turtle_catch_all_interfaces_s.ep.rosidl_typesupport_fastrtps_c.c
[34.288s] -- Installing: /media/sf_GhostRider/ros2_ws/install/turtle_catch_all_interfaces/lib/python3.12/site-packages/turtle_catch_all_interfaces/_turtle_catch_all_interfaces_s.ep.rosidl_typesupport_introspection_c.c
[34.294s] -- Installing: /media/sf_GhostRider/ros2_ws/install/turtle_catch_all_interfaces/lib/python3.12/site-packages/turtle_catch_all_interfaces/__init__.py
[34.350s] Listing '/media/sf_GhostRider/ros2_ws/install/turtle_catch_all_interfaces/lib/python3.12/site-packages/turtle_catch_all_interfaces'...
[34.351s] Compiling '/media/sf_GhostRider/ros2_ws/install/turtle_catch_all_interfaces/lib/python3.12/site-packages/turtle_catch_all_interfaces/__init__.py'...
[34.351s] Listing '/media/sf_GhostRider/ros2_ws/install/turtle_catch_all_interfaces/lib/python3.12/site-packages/turtle_catch_all_interfaces/msg'...
[34.352s] Compiling '/media/sf_GhostRider/ros2_ws/install/turtle_catch_all_interfaces/lib/python3.12/site-packages/turtle_catch_all_interfaces/msg/__init__.py'...
[34.353s] Compiling '/media/sf_GhostRider/ros2_ws/install/turtle_catch_all_interfaces/lib/python3.12/site-packages/turtle_catch_all_interfaces/msg/_turtle.py'...
[34.353s] Compiling '/media/sf_GhostRider/ros2_ws/install/turtle_catch_all_interfaces/lib/python3.12/site-packages/turtle_catch_all_interfaces/msg/_turtle_array.py'...
[34.354s] Listing '/media/sf_GhostRider/ros2_ws/install/turtle_catch_all_interfaces/lib/python3.12/site-packages/turtle_catch_all_interfaces/srv'...
[34.354s] Compiling '/media/sf_GhostRider/ros2_ws/install/turtle_catch_all_interfaces/lib/python3.12/site-packages/turtle_catch_all_interfaces/srv/__init__.py'...
[34.355s] Compiling '/media/sf_GhostRider/ros2_ws/install/turtle_catch_all_interfaces/lib/python3.12/site-packages/turtle_catch_all_interfaces/srv/_catch_turtle.py'...
[34.365s] -- Installing: /media/sf_GhostRider/ros2_ws/install/turtle_catch_all_interfaces/lib/python3.12/site-packages/turtle_catch_all_interfaces/turtle_catch_all_interfaces_s__rosidl_typesupport_fastrtps_c.so
[34.390s] -- Set non-toolchain portion of runtime path of "/media/sf_GhostRider/ros2_ws/install/turtle_catch_all_interfaces/lib/python3.12/site-packages/turtle_catch_all_interfaces/turtle_catch_all_interfaces_s__rosidl_typesupport_fastrtps_c.so" to ""
[34.398s] -- Installing: /media/sf_GhostRider/ros2_ws/install/turtle_catch_all_interfaces/lib/python3.12/site-packages/turtle_catch_all_interfaces/turtle_catch_all_interfaces_s__rosidl_typesupport_introspection_c.so
[34.418s] -- Set non-toolchain portion of runtime path of "/media/sf_GhostRider/ros2_ws/install/turtle_catch_all_interfaces/lib/python3.12/site-packages/turtle_catch_all_interfaces/turtle_catch_all_interfaces_s__rosidl_typesupport_introspection_c.so" to ""
[34.429s] -- Installing: /media/sf_GhostRider/ros2_ws/install/turtle_catch_all_interfaces/lib/python3.12/site-packages/turtle_catch_all_interfaces/turtle_catch_all_interfaces_s__rosidl_typesupport_c.so
[34.457s] -- Set non-toolchain portion of runtime path of "/media/sf_GhostRider/ros2_ws/install/turtle_catch_all_interfaces/lib/python3.12/site-packages/turtle_catch_all_interfaces/turtle_catch_all_interfaces_s__rosidl_typesupport_c.so" to ""
[34.458s] -- Installing: /media/sf_GhostRider/ros2_ws/install/turtle_catch_all_interfaces/lib/libturtle_catch_all_interfaces__rosidl_generator_py.so
[34.498s] -- Set non-toolchain portion of runtime path of "/media/sf_GhostRider/ros2_ws/install/turtle_catch_all_interfaces/lib/libturtle_catch_all_interfaces__rosidl_generator_py.so" to ""
[34.500s] -- Installing: /media/sf_GhostRider/ros2_ws/install/turtle_catch_all_interfaces/share/turtle_catch_all_interfaces/msg/Turtle.idl
[34.505s] -- Installing: /media/sf_GhostRider/ros2_ws/install/turtle_catch_all_interfaces/share/turtle_catch_all_interfaces/msg/TurtleArray.idl
[34.528s] -- Installing: /media/sf_GhostRider/ros2_ws/install/turtle_catch_all_interfaces/share/turtle_catch_all_interfaces/srv/CatchTurtle.idl
[34.533s] -- Installing: /media/sf_GhostRider/ros2_ws/install/turtle_catch_all_interfaces/share/turtle_catch_all_interfaces/msg/Turtle.msg
[34.541s] -- Installing: /media/sf_GhostRider/ros2_ws/install/turtle_catch_all_interfaces/share/turtle_catch_all_interfaces/msg/TurtleArray.msg
[34.546s] -- Installing: /media/sf_GhostRider/ros2_ws/install/turtle_catch_all_interfaces/share/turtle_catch_all_interfaces/srv/CatchTurtle.srv
[34.553s] -- Installing: /media/sf_GhostRider/ros2_ws/install/turtle_catch_all_interfaces/share/ament_index/resource_index/package_run_dependencies/turtle_catch_all_interfaces
[34.559s] -- Installing: /media/sf_GhostRider/ros2_ws/install/turtle_catch_all_interfaces/share/ament_index/resource_index/parent_prefix_path/turtle_catch_all_interfaces
[34.566s] -- Installing: /media/sf_GhostRider/ros2_ws/install/turtle_catch_all_interfaces/share/turtle_catch_all_interfaces/environment/ament_prefix_path.sh
[34.570s] -- Installing: /media/sf_GhostRider/ros2_ws/install/turtle_catch_all_interfaces/share/turtle_catch_all_interfaces/environment/ament_prefix_path.dsv
[34.574s] -- Installing: /media/sf_GhostRider/ros2_ws/install/turtle_catch_all_interfaces/share/turtle_catch_all_interfaces/environment/path.sh
[34.579s] -- Installing: /media/sf_GhostRider/ros2_ws/install/turtle_catch_all_interfaces/share/turtle_catch_all_interfaces/environment/path.dsv
[34.583s] -- Installing: /media/sf_GhostRider/ros2_ws/install/turtle_catch_all_interfaces/share/turtle_catch_all_interfaces/local_setup.bash
[34.600s] -- Installing: /media/sf_GhostRider/ros2_ws/install/turtle_catch_all_interfaces/share/turtle_catch_all_interfaces/local_setup.sh
[34.606s] -- Installing: /media/sf_GhostRider/ros2_ws/install/turtle_catch_all_interfaces/share/turtle_catch_all_interfaces/local_setup.zsh
[34.611s] -- Installing: /media/sf_GhostRider/ros2_ws/install/turtle_catch_all_interfaces/share/turtle_catch_all_interfaces/local_setup.dsv
[34.617s] -- Installing: /media/sf_GhostRider/ros2_ws/install/turtle_catch_all_interfaces/share/turtle_catch_all_interfaces/package.dsv
[34.623s] -- Installing: /media/sf_GhostRider/ros2_ws/install/turtle_catch_all_interfaces/share/ament_index/resource_index/packages/turtle_catch_all_interfaces
[34.628s] -- Installing: /media/sf_GhostRider/ros2_ws/install/turtle_catch_all_interfaces/share/turtle_catch_all_interfaces/cmake/export_turtle_catch_all_interfaces__rosidl_generator_cExport.cmake
[34.637s] -- Installing: /media/sf_GhostRider/ros2_ws/install/turtle_catch_all_interfaces/share/turtle_catch_all_interfaces/cmake/export_turtle_catch_all_interfaces__rosidl_generator_cExport-noconfig.cmake
[34.643s] -- Installing: /media/sf_GhostRider/ros2_ws/install/turtle_catch_all_interfaces/share/turtle_catch_all_interfaces/cmake/export_turtle_catch_all_interfaces__rosidl_typesupport_fastrtps_cExport.cmake
[34.647s] -- Installing: /media/sf_GhostRider/ros2_ws/install/turtle_catch_all_interfaces/share/turtle_catch_all_interfaces/cmake/export_turtle_catch_all_interfaces__rosidl_typesupport_fastrtps_cExport-noconfig.cmake
[34.652s] -- Installing: /media/sf_GhostRider/ros2_ws/install/turtle_catch_all_interfaces/share/turtle_catch_all_interfaces/cmake/turtle_catch_all_interfaces__rosidl_typesupport_introspection_cExport.cmake
[34.657s] -- Installing: /media/sf_GhostRider/ros2_ws/install/turtle_catch_all_interfaces/share/turtle_catch_all_interfaces/cmake/turtle_catch_all_interfaces__rosidl_typesupport_introspection_cExport-noconfig.cmake
[34.661s] -- Installing: /media/sf_GhostRider/ros2_ws/install/turtle_catch_all_interfaces/share/turtle_catch_all_interfaces/cmake/turtle_catch_all_interfaces__rosidl_typesupport_cExport.cmake
[34.667s] -- Installing: /media/sf_GhostRider/ros2_ws/install/turtle_catch_all_interfaces/share/turtle_catch_all_interfaces/cmake/turtle_catch_all_interfaces__rosidl_typesupport_cExport-noconfig.cmake
[34.673s] -- Installing: /media/sf_GhostRider/ros2_ws/install/turtle_catch_all_interfaces/share/turtle_catch_all_interfaces/cmake/export_turtle_catch_all_interfaces__rosidl_generator_cppExport.cmake
[34.680s] -- Installing: /media/sf_GhostRider/ros2_ws/install/turtle_catch_all_interfaces/share/turtle_catch_all_interfaces/cmake/export_turtle_catch_all_interfaces__rosidl_typesupport_fastrtps_cppExport.cmake
[34.700s] -- Installing: /media/sf_GhostRider/ros2_ws/install/turtle_catch_all_interfaces/share/turtle_catch_all_interfaces/cmake/export_turtle_catch_all_interfaces__rosidl_typesupport_fastrtps_cppExport-noconfig.cmake
[34.706s] -- Installing: /media/sf_GhostRider/ros2_ws/install/turtle_catch_all_interfaces/share/turtle_catch_all_interfaces/cmake/turtle_catch_all_interfaces__rosidl_typesupport_introspection_cppExport.cmake
[34.712s] -- Installing: /media/sf_GhostRider/ros2_ws/install/turtle_catch_all_interfaces/share/turtle_catch_all_interfaces/cmake/turtle_catch_all_interfaces__rosidl_typesupport_introspection_cppExport-noconfig.cmake
[34.719s] -- Installing: /media/sf_GhostRider/ros2_ws/install/turtle_catch_all_interfaces/share/turtle_catch_all_interfaces/cmake/turtle_catch_all_interfaces__rosidl_typesupport_cppExport.cmake
[34.725s] -- Installing: /media/sf_GhostRider/ros2_ws/install/turtle_catch_all_interfaces/share/turtle_catch_all_interfaces/cmake/turtle_catch_all_interfaces__rosidl_typesupport_cppExport-noconfig.cmake
[34.732s] -- Installing: /media/sf_GhostRider/ros2_ws/install/turtle_catch_all_interfaces/share/turtle_catch_all_interfaces/cmake/export_turtle_catch_all_interfaces__rosidl_generator_pyExport.cmake
[34.739s] -- Installing: /media/sf_GhostRider/ros2_ws/install/turtle_catch_all_interfaces/share/turtle_catch_all_interfaces/cmake/export_turtle_catch_all_interfaces__rosidl_generator_pyExport-noconfig.cmake
[34.746s] -- Installing: /media/sf_GhostRider/ros2_ws/install/turtle_catch_all_interfaces/share/turtle_catch_all_interfaces/cmake/rosidl_cmake-extras.cmake
[34.751s] -- Installing: /media/sf_GhostRider/ros2_ws/install/turtle_catch_all_interfaces/share/turtle_catch_all_interfaces/cmake/ament_cmake_export_dependencies-extras.cmake
[34.756s] -- Installing: /media/sf_GhostRider/ros2_ws/install/turtle_catch_all_interfaces/share/turtle_catch_all_interfaces/cmake/ament_cmake_export_include_directories-extras.cmake
[34.761s] -- Installing: /media/sf_GhostRider/ros2_ws/install/turtle_catch_all_interfaces/share/turtle_catch_all_interfaces/cmake/ament_cmake_export_libraries-extras.cmake
[34.766s] -- Installing: /media/sf_GhostRider/ros2_ws/install/turtle_catch_all_interfaces/share/turtle_catch_all_interfaces/cmake/ament_cmake_export_targets-extras.cmake
[34.770s] -- Installing: /media/sf_GhostRider/ros2_ws/install/turtle_catch_all_interfaces/share/turtle_catch_all_interfaces/cmake/rosidl_cmake_export_typesupport_targets-extras.cmake
[34.775s] -- Installing: /media/sf_GhostRider/ros2_ws/install/turtle_catch_all_interfaces/share/turtle_catch_all_interfaces/cmake/rosidl_cmake_export_typesupport_libraries-extras.cmake
[34.780s] -- Installing: /media/sf_GhostRider/ros2_ws/install/turtle_catch_all_interfaces/share/turtle_catch_all_interfaces/cmake/turtle_catch_all_interfacesConfig.cmake
[34.785s] -- Installing: /media/sf_GhostRider/ros2_ws/install/turtle_catch_all_interfaces/share/turtle_catch_all_interfaces/cmake/turtle_catch_all_interfacesConfig-version.cmake
[34.806s] -- Installing: /media/sf_GhostRider/ros2_ws/install/turtle_catch_all_interfaces/share/turtle_catch_all_interfaces/package.xml
[34.815s] Invoked command in '/media/sf_GhostRider/ros2_ws/build/turtle_catch_all_interfaces' returned '0': CMAKE_PREFIX_PATH=${CMAKE_PREFIX_PATH}:/media/sf_GhostRider/ros2_ws/install/turtlesim_catch_them_all:/media/sf_GhostRider/ros2_ws/install/my_py_pkg:/opt/ros/jazzy DEBUGINFOD_URLS=https://debuginfod.ubuntu.com /usr/bin/cmake --install /media/sf_GhostRider/ros2_ws/build/turtle_catch_all_interfaces
