gmake: Warning: File 'Makefile' has modification time 0.11 s in the future
gmake[1]: Warning: File 'CMakeFiles/Makefile2' has modification time 0.19 s in the future
gmake[2]: Warning: File 'CMakeFiles/my_robot_interfaces__rosidl_generator_type_description.dir/progress.make' has modification time 0.15 s in the future
gmake[2]: Warning: File 'CMakeFiles/ament_cmake_python_copy_my_robot_interfaces.dir/progress.make' has modification time 0.14 s in the future
gmake[2]: warning:  Clock skew detected.  Your build may be incomplete.
gmake[2]: warning:  Clock skew detected.  Your build may be incomplete.
gmake[2]: Warning: File 'CMakeFiles/my_robot_interfaces__rosidl_generator_type_description.dir/progress.make' has modification time 0.08 s in the future
gmake[2]: Warning: File 'CMakeFiles/ament_cmake_python_copy_my_robot_interfaces.dir/progress.make' has modification time 0.07 s in the future
gmake[2]: warning:  Clock skew detected.  Your build may be incomplete.
gmake[2]: warning:  Clock skew detected.  Your build may be incomplete.
gmake[2]: Warning: File 'rosidl_generator_c/my_robot_interfaces/msg/hardware_status.h' has modification time 0.34 s in the future
gmake[2]: warning:  Clock skew detected.  Your build may be incomplete.
gmake[2]: Warning: File 'rosidl_generator_py/my_robot_interfaces/_my_robot_interfaces_s.ep.rosidl_typesupport_fastrtps_c.c' has modification time 0.094 s in the future
gmake[2]: Warning: File 'libmy_robot_interfaces__rosidl_generator_py.so' has modification time 0.42 s in the future
gmake[2]: Warning: File 'libmy_robot_interfaces__rosidl_generator_py.so' has modification time 0.41 s in the future
gmake[2]: warning:  Clock skew detected.  Your build may be incomplete.
gmake[2]: warning:  Clock skew detected.  Your build may be incomplete.
gmake[2]: warning:  Clock skew detected.  Your build may be incomplete.
gmake[1]: warning:  Clock skew detected.  Your build may be incomplete.
gmake: warning:  Clock skew detected.  Your build may be incomplete.
