[0.605s] Invoking command in '/media/sf_GhostRider/ros2_ws/src/my_py_pkg': DEBUGINFOD_URLS=https://debuginfod.ubuntu.com PYTHONPATH=/media/sf_GhostRider/ros2_ws/build/my_py_pkg/prefix_override:/usr/lib/python3/dist-packages/colcon_core/task/python/colcon_distutils_commands:/media/sf_GhostRider/ros2_ws/install/my_py_pkg/lib/python3.12/site-packages:${PYTHONPATH} /usr/bin/python3 -W ignore:setup.py install is deprecated -W ignore:easy_install command is deprecated setup.py egg_info --egg-base ../../build/my_py_pkg build --build-base /media/sf_GhostRider/ros2_ws/build/my_py_pkg/build install --record /media/sf_GhostRider/ros2_ws/build/my_py_pkg/install.log --single-version-externally-managed install_data
[0.774s] running egg_info
[0.793s] writing ../../build/my_py_pkg/my_py_pkg.egg-info/PKG-INFO
[0.795s] writing dependency_links to ../../build/my_py_pkg/my_py_pkg.egg-info/dependency_links.txt
[0.796s] writing entry points to ../../build/my_py_pkg/my_py_pkg.egg-info/entry_points.txt
[0.798s] writing requirements to ../../build/my_py_pkg/my_py_pkg.egg-info/requires.txt
[0.799s] writing top-level names to ../../build/my_py_pkg/my_py_pkg.egg-info/top_level.txt
[0.833s] reading manifest file '../../build/my_py_pkg/my_py_pkg.egg-info/SOURCES.txt'
[0.838s] writing manifest file '../../build/my_py_pkg/my_py_pkg.egg-info/SOURCES.txt'
[0.839s] running build
[0.845s] running build_py
[0.846s] copying my_py_pkg/add_two_ints_client_no_oop.py -> /media/sf_GhostRider/ros2_ws/build/my_py_pkg/build/lib/my_py_pkg
[0.854s] copying my_py_pkg/add_two_ints_client_oop.py -> /media/sf_GhostRider/ros2_ws/build/my_py_pkg/build/lib/my_py_pkg
[0.860s] running install
[0.865s] running install_lib
[0.877s] copying /media/sf_GhostRider/ros2_ws/build/my_py_pkg/build/lib/my_py_pkg/add_two_ints_client_no_oop.py -> /media/sf_GhostRider/ros2_ws/install/my_py_pkg/lib/python3.12/site-packages/my_py_pkg
[0.890s] copying /media/sf_GhostRider/ros2_ws/build/my_py_pkg/build/lib/my_py_pkg/add_two_ints_client_oop.py -> /media/sf_GhostRider/ros2_ws/install/my_py_pkg/lib/python3.12/site-packages/my_py_pkg
[0.898s] byte-compiling /media/sf_GhostRider/ros2_ws/install/my_py_pkg/lib/python3.12/site-packages/my_py_pkg/add_two_ints_client_no_oop.py to add_two_ints_client_no_oop.cpython-312.pyc
[0.901s] byte-compiling /media/sf_GhostRider/ros2_ws/install/my_py_pkg/lib/python3.12/site-packages/my_py_pkg/add_two_ints_client_oop.py to add_two_ints_client_oop.cpython-312.pyc
[0.905s] running install_data
[0.907s] running install_egg_info
[0.919s] removing '/media/sf_GhostRider/ros2_ws/install/my_py_pkg/lib/python3.12/site-packages/my_py_pkg-0.0.0-py3.12.egg-info' (and everything under it)
[0.924s] Copying ../../build/my_py_pkg/my_py_pkg.egg-info to /media/sf_GhostRider/ros2_ws/install/my_py_pkg/lib/python3.12/site-packages/my_py_pkg-0.0.0-py3.12.egg-info
[0.948s] running install_scripts
[1.034s] Installing add_two_ints_client_no_oop script to /media/sf_GhostRider/ros2_ws/install/my_py_pkg/lib/my_py_pkg
[1.037s] Installing add_two_ints_server script to /media/sf_GhostRider/ros2_ws/install/my_py_pkg/lib/my_py_pkg
[1.039s] Installing number_counter script to /media/sf_GhostRider/ros2_ws/install/my_py_pkg/lib/my_py_pkg
[1.041s] Installing number_publisher script to /media/sf_GhostRider/ros2_ws/install/my_py_pkg/lib/my_py_pkg
[1.043s] Installing py_node script to /media/sf_GhostRider/ros2_ws/install/my_py_pkg/lib/my_py_pkg
[1.045s] Installing robot_news_station script to /media/sf_GhostRider/ros2_ws/install/my_py_pkg/lib/my_py_pkg
[1.047s] Installing smartphone script to /media/sf_GhostRider/ros2_ws/install/my_py_pkg/lib/my_py_pkg
[1.050s] writing list of installed files to '/media/sf_GhostRider/ros2_ws/build/my_py_pkg/install.log'
[1.069s] Invoked command in '/media/sf_GhostRider/ros2_ws/src/my_py_pkg' returned '0': DEBUGINFOD_URLS=https://debuginfod.ubuntu.com PYTHONPATH=/media/sf_GhostRider/ros2_ws/build/my_py_pkg/prefix_override:/usr/lib/python3/dist-packages/colcon_core/task/python/colcon_distutils_commands:/media/sf_GhostRider/ros2_ws/install/my_py_pkg/lib/python3.12/site-packages:${PYTHONPATH} /usr/bin/python3 -W ignore:setup.py install is deprecated -W ignore:easy_install command is deprecated setup.py egg_info --egg-base ../../build/my_py_pkg build --build-base /media/sf_GhostRider/ros2_ws/build/my_py_pkg/build install --record /media/sf_GhostRider/ros2_ws/build/my_py_pkg/install.log --single-version-externally-managed install_data
