[0mCMake Error: The current CMakeCache.txt directory /media/sf_GhostRider/ros2_ws/build/my_robot_bringup/CMakeCache.txt is different than the directory /media/sf_GhostRider/ros2_Ws/build/my_robot_bringup where CMakeCache.txt was created. This may result in binaries being created in the wrong place. If you are not sure, reedit the CMakeCache.txt[0m
-- Found ament_cmake: 2.5.5 (/opt/ros/jazzy/share/ament_cmake/cmake)
-- Configuring done (0.3s)
-- Generating done (0.1s)
-- Build files have been written to: /media/sf_GhostRider/ros2_Ws/build/my_robot_bringup
gmake[1]: Warning: File 'CMakeFiles/Makefile2' has modification time 3.2 s in the future
gmake[1]: warning:  Clock skew detected.  Your build may be incomplete.
-- Install configuration: ""
-- Up-to-date: /media/sf_GhostRider/ros2_Ws/install/my_robot_bringup/share/my_robot_bringup//launch
-- Up-to-date: /media/sf_GhostRider/ros2_Ws/install/my_robot_bringup/share/my_robot_bringup//launch/number_app.launch.xml
-- Installing: /media/sf_GhostRider/ros2_Ws/install/my_robot_bringup/share/my_robot_bringup//launch/radio.launch.xml
-- Up-to-date: /media/sf_GhostRider/ros2_Ws/install/my_robot_bringup/share/my_robot_bringup//config
-- Up-to-date: /media/sf_GhostRider/ros2_Ws/install/my_robot_bringup/share/my_robot_bringup//config/radio_config.yaml
-- Up-to-date: /media/sf_GhostRider/ros2_Ws/install/my_robot_bringup/share/ament_index/resource_index/package_run_dependencies/my_robot_bringup
-- Up-to-date: /media/sf_GhostRider/ros2_Ws/install/my_robot_bringup/share/ament_index/resource_index/parent_prefix_path/my_robot_bringup
-- Up-to-date: /media/sf_GhostRider/ros2_Ws/install/my_robot_bringup/share/my_robot_bringup/environment/ament_prefix_path.sh
-- Up-to-date: /media/sf_GhostRider/ros2_Ws/install/my_robot_bringup/share/my_robot_bringup/environment/ament_prefix_path.dsv
-- Up-to-date: /media/sf_GhostRider/ros2_Ws/install/my_robot_bringup/share/my_robot_bringup/environment/path.sh
-- Up-to-date: /media/sf_GhostRider/ros2_Ws/install/my_robot_bringup/share/my_robot_bringup/environment/path.dsv
-- Up-to-date: /media/sf_GhostRider/ros2_Ws/install/my_robot_bringup/share/my_robot_bringup/local_setup.bash
-- Up-to-date: /media/sf_GhostRider/ros2_Ws/install/my_robot_bringup/share/my_robot_bringup/local_setup.sh
-- Up-to-date: /media/sf_GhostRider/ros2_Ws/install/my_robot_bringup/share/my_robot_bringup/local_setup.zsh
-- Up-to-date: /media/sf_GhostRider/ros2_Ws/install/my_robot_bringup/share/my_robot_bringup/local_setup.dsv
-- Installing: /media/sf_GhostRider/ros2_Ws/install/my_robot_bringup/share/my_robot_bringup/package.dsv
-- Up-to-date: /media/sf_GhostRider/ros2_Ws/install/my_robot_bringup/share/ament_index/resource_index/packages/my_robot_bringup
-- Up-to-date: /media/sf_GhostRider/ros2_Ws/install/my_robot_bringup/share/my_robot_bringup/cmake/my_robot_bringupConfig.cmake
-- Up-to-date: /media/sf_GhostRider/ros2_Ws/install/my_robot_bringup/share/my_robot_bringup/cmake/my_robot_bringupConfig-version.cmake
-- Up-to-date: /media/sf_GhostRider/ros2_Ws/install/my_robot_bringup/share/my_robot_bringup/package.xml
