[0.044s] Invoking command in '/media/sf_GhostRider/ros2_ws/build/my_cpp_pkg': CMAKE_PREFIX_PATH=${CMAKE_PREFIX_PATH}:/media/sf_GhostRider/ros2_ws/install/my_py_pkg:/opt/ros/jazzy DEBUGINFOD_URLS=https://debuginfod.ubuntu.com /usr/bin/cmake --build /media/sf_GhostRider/ros2_ws/build/my_cpp_pkg -- -j20 -l20
[0.144s] -- Found ament_cmake: 2.5.5 (/opt/ros/jazzy/share/ament_cmake/cmake)
[0.372s] -- Found rclcpp: 28.1.16 (/opt/ros/jazzy/share/rclcpp/cmake)
[0.407s] -- Found rosidl_generator_c: 4.6.7 (/opt/ros/jazzy/share/rosidl_generator_c/cmake)
[0.422s] -- Found rosidl_generator_cpp: 4.6.7 (/opt/ros/jazzy/share/rosidl_generator_cpp/cmake)
[0.436s] -- Using all available rosidl_typesupport_c: rosidl_typesupport_fastrtps_c;rosidl_typesupport_introspection_c
[0.451s] -- Using all available rosidl_typesupport_cpp: rosidl_typesupport_fastrtps_cpp;rosidl_typesupport_introspection_cpp
[0.504s] -- Found rmw_implementation_cmake: 7.3.3 (/opt/ros/jazzy/share/rmw_implementation_cmake/cmake)
[0.508s] -- Found rmw_fastrtps_cpp: 8.4.3 (/opt/ros/jazzy/share/rmw_fastrtps_cpp/cmake)
[0.580s] -- Using RMW implementation 'rmw_fastrtps_cpp' as default
[0.638s] -- Found example_interfaces: 0.12.0 (/opt/ros/jazzy/share/example_interfaces/cmake)
[0.870s] -- Configuring done (0.8s)
[1.357s] -- Generating done (0.5s)
[1.494s] -- Build files have been written to: /media/sf_GhostRider/ros2_ws/build/my_cpp_pkg
[1.923s] [  8%] [32mBuilding CXX object CMakeFiles/add_two_ints_server.dir/src/add_two_ints_server.cpp.o[0m
[3.826s] [01m[K/media/sf_GhostRider/ros2_ws/src/my_cpp_pkg/src/add_two_ints_server.cpp:[m[K In constructor ‘[01m[KAddTwoIntsServer::[01;32m[KAddTwoIntsServer[m[K()[m[K’:
[3.829s] [01m[K/media/sf_GhostRider/ros2_ws/src/my_cpp_pkg/src/add_two_ints_server.cpp:7:55:[m[K [01;31m[Kerror: [m[Kclass ‘[01m[KAddTwoIntsServer[m[K’ does not have any field named ‘[01m[Kcounter_[m[K’
[3.833s]     7 |     AddTwoIntsServer() : Node("add_two_ints_server"), [01;31m[Kcounter_[m[K(0)
[3.837s]       |                                                       [01;31m[K^~~~~~~~[m[K
[4.050s] [ 33%] Built target smartphone
[4.052s] [ 41%] Built target number_publisher
[4.054s] [ 75%] Built target number_counter
[4.054s] [ 75%] Built target cpp_node_test
[4.098s] [ 91%] Built target robot_news_station
[4.593s] gmake[2]: *** [CMakeFiles/add_two_ints_server.dir/build.make:76: CMakeFiles/add_two_ints_server.dir/src/add_two_ints_server.cpp.o] Error 1
[4.595s] gmake[1]: *** [CMakeFiles/Makefile2:277: CMakeFiles/add_two_ints_server.dir/all] Error 2
[4.597s] gmake: *** [Makefile:146: all] Error 2
[4.598s] Invoked command in '/media/sf_GhostRider/ros2_ws/build/my_cpp_pkg' returned '2': CMAKE_PREFIX_PATH=${CMAKE_PREFIX_PATH}:/media/sf_GhostRider/ros2_ws/install/my_py_pkg:/opt/ros/jazzy DEBUGINFOD_URLS=https://debuginfod.ubuntu.com /usr/bin/cmake --build /media/sf_GhostRider/ros2_ws/build/my_cpp_pkg -- -j20 -l20
