gmake: Warning: File 'Makefile' has modification time 0.34 s in the future
gmake[1]: Warning: File 'CMakeFiles/Makefile2' has modification time 0.31 s in the future
gmake[2]: Warning: File 'CMakeFiles/robot_news_station.dir/flags.make' has modification time 0.11 s in the future
gmake[2]: Warning: File 'CMakeFiles/cpp_node_test.dir/flags.make' has modification time 0.096 s in the future
gmake[2]: Warning: File 'CMakeFiles/number_counter.dir/flags.make' has modification time 0.14 s in the future
gmake[2]: Warning: File 'CMakeFiles/smartphone.dir/flags.make' has modification time 0.11 s in the future
gmake[2]: Warning: File 'CMakeFiles/add_two_ints_server.dir/flags.make' has modification time 0.15 s in the future
gmake[2]: Warning: File 'CMakeFiles/add_two_ints_client_no_oop.dir/flags.make' has modification time 0.16 s in the future
gmake[2]: Warning: File 'CMakeFiles/add_two_ints_client.dir/flags.make' has modification time 0.15 s in the future
gmake[2]: Warning: File 'CMakeFiles/hardware_status_publisher.dir/flags.make' has modification time 0.15 s in the future
gmake[2]: Warning: File 'CMakeFiles/number_publisher.dir/flags.make' has modification time 0.08 s in the future
gmake[2]: warning:  Clock skew detected.  Your build may be incomplete.
gmake[2]: warning:  Clock skew detected.  Your build may be incomplete.
gmake[2]: warning:  Clock skew detected.  Your build may be incomplete.
gmake[2]: warning:  Clock skew detected.  Your build may be incomplete.
gmake[2]: warning:  Clock skew detected.  Your build may be incomplete.
gmake[2]: warning:  Clock skew detected.  Your build may be incomplete.
gmake[2]: warning:  Clock skew detected.  Your build may be incomplete.
gmake[2]: warning:  Clock skew detected.  Your build may be incomplete.
gmake[2]: warning:  Clock skew detected.  Your build may be incomplete.
gmake[1]: warning:  Clock skew detected.  Your build may be incomplete.
gmake: warning:  Clock skew detected.  Your build may be incomplete.
