[0.031s] Invoking command in '/media/sf_GhostRider/ros2_ws/build/my_robot_interfaces': CMAKE_PREFIX_PATH=${CMAKE_PREFIX_PATH}:/media/sf_GhostRider/ros2_ws/install/my_py_pkg:/opt/ros/jazzy DEBUGINFOD_URLS=https://debuginfod.ubuntu.com /usr/bin/cmake --build /media/sf_GhostRider/ros2_ws/build/my_robot_interfaces -- -j20 -l20
[0.172s] [  1%] Built target my_robot_interfaces__rosidl_generator_type_description
[0.278s] [  3%] Built target my_robot_interfaces__cpp
[0.412s] [ 25%] Built target my_robot_interfaces__rosidl_generator_c
[0.508s] [ 25%] Built target ament_cmake_python_copy_my_robot_interfaces
[1.466s] [ 67%] Built target my_robot_interfaces__rosidl_typesupport_introspection_cpp
[1.468s] [ 67%] Built target my_robot_interfaces__rosidl_typesupport_c
[1.473s] [ 79%] Built target my_robot_interfaces__rosidl_typesupport_introspection_c
[1.475s] [ 79%] Built target my_robot_interfaces__rosidl_typesupport_cpp
[1.484s] [ 79%] Built target my_robot_interfaces__rosidl_typesupport_fastrtps_cpp
[1.490s] [ 81%] Built target my_robot_interfaces__rosidl_typesupport_fastrtps_c
[1.595s] [ 81%] Built target my_robot_interfaces
[1.600s] running egg_info
[1.614s] writing my_robot_interfaces.egg-info/PKG-INFO
[1.616s] writing dependency_links to my_robot_interfaces.egg-info/dependency_links.txt
[1.618s] writing top-level names to my_robot_interfaces.egg-info/top_level.txt
[1.655s] [ 82%] Built target my_robot_interfaces__py
[1.668s] reading manifest file 'my_robot_interfaces.egg-info/SOURCES.txt'
[1.672s] writing manifest file 'my_robot_interfaces.egg-info/SOURCES.txt'
[1.799s] [ 82%] Built target ament_cmake_python_build_my_robot_interfaces_egg
[1.821s] [ 90%] Built target my_robot_interfaces__rosidl_generator_py
[1.915s] [ 96%] Built target my_robot_interfaces_s__rosidl_typesupport_c
[1.916s] [ 96%] Built target my_robot_interfaces_s__rosidl_typesupport_fastrtps_c
[1.917s] [100%] Built target my_robot_interfaces_s__rosidl_typesupport_introspection_c
[1.999s] Invoked command in '/media/sf_GhostRider/ros2_ws/build/my_robot_interfaces' returned '0': CMAKE_PREFIX_PATH=${CMAKE_PREFIX_PATH}:/media/sf_GhostRider/ros2_ws/install/my_py_pkg:/opt/ros/jazzy DEBUGINFOD_URLS=https://debuginfod.ubuntu.com /usr/bin/cmake --build /media/sf_GhostRider/ros2_ws/build/my_robot_interfaces -- -j20 -l20
[2.022s] Invoking command in '/media/sf_GhostRider/ros2_ws/build/my_robot_interfaces': CMAKE_PREFIX_PATH=${CMAKE_PREFIX_PATH}:/media/sf_GhostRider/ros2_ws/install/my_py_pkg:/opt/ros/jazzy DEBUGINFOD_URLS=https://debuginfod.ubuntu.com /usr/bin/cmake --install /media/sf_GhostRider/ros2_ws/build/my_robot_interfaces
[2.047s] -- Install configuration: ""
[2.049s] -- Up-to-date: /media/sf_GhostRider/ros2_ws/install/my_robot_interfaces/share/ament_index/resource_index/rosidl_interfaces/my_robot_interfaces
[2.051s] -- Up-to-date: /media/sf_GhostRider/ros2_ws/install/my_robot_interfaces/share/my_robot_interfaces/msg/HardwareStatus.json
[2.052s] -- Up-to-date: /media/sf_GhostRider/ros2_ws/install/my_robot_interfaces/share/my_robot_interfaces/srv/ComputeRectangleArea.json
[2.053s] -- Up-to-date: /media/sf_GhostRider/ros2_ws/install/my_robot_interfaces/share/my_robot_interfaces/msg/LedStateArray.json
[2.053s] -- Up-to-date: /media/sf_GhostRider/ros2_ws/install/my_robot_interfaces/share/my_robot_interfaces/srv/SetLed.json
[2.055s] -- Up-to-date: /media/sf_GhostRider/ros2_ws/install/my_robot_interfaces/include/my_robot_interfaces/my_robot_interfaces
[2.056s] -- Up-to-date: /media/sf_GhostRider/ros2_ws/install/my_robot_interfaces/include/my_robot_interfaces/my_robot_interfaces/msg
[2.058s] -- Up-to-date: /media/sf_GhostRider/ros2_ws/install/my_robot_interfaces/include/my_robot_interfaces/my_robot_interfaces/msg/detail
[2.059s] -- Up-to-date: /media/sf_GhostRider/ros2_ws/install/my_robot_interfaces/include/my_robot_interfaces/my_robot_interfaces/msg/detail/hardware_status__description.c
[2.060s] -- Up-to-date: /media/sf_GhostRider/ros2_ws/install/my_robot_interfaces/include/my_robot_interfaces/my_robot_interfaces/msg/detail/hardware_status__functions.c
[2.061s] -- Up-to-date: /media/sf_GhostRider/ros2_ws/install/my_robot_interfaces/include/my_robot_interfaces/my_robot_interfaces/msg/detail/hardware_status__functions.h
[2.062s] -- Up-to-date: /media/sf_GhostRider/ros2_ws/install/my_robot_interfaces/include/my_robot_interfaces/my_robot_interfaces/msg/detail/hardware_status__struct.h
[2.063s] -- Installing: /media/sf_GhostRider/ros2_ws/install/my_robot_interfaces/include/my_robot_interfaces/my_robot_interfaces/msg/detail/hardware_status__type_support.c
[2.068s] -- Up-to-date: /media/sf_GhostRider/ros2_ws/install/my_robot_interfaces/include/my_robot_interfaces/my_robot_interfaces/msg/detail/hardware_status__type_support.h
[2.069s] -- Up-to-date: /media/sf_GhostRider/ros2_ws/install/my_robot_interfaces/include/my_robot_interfaces/my_robot_interfaces/msg/detail/led_state_array__description.c
[2.070s] -- Up-to-date: /media/sf_GhostRider/ros2_ws/install/my_robot_interfaces/include/my_robot_interfaces/my_robot_interfaces/msg/detail/led_state_array__functions.c
[2.071s] -- Up-to-date: /media/sf_GhostRider/ros2_ws/install/my_robot_interfaces/include/my_robot_interfaces/my_robot_interfaces/msg/detail/led_state_array__functions.h
[2.072s] -- Up-to-date: /media/sf_GhostRider/ros2_ws/install/my_robot_interfaces/include/my_robot_interfaces/my_robot_interfaces/msg/detail/led_state_array__struct.h
[2.073s] -- Installing: /media/sf_GhostRider/ros2_ws/install/my_robot_interfaces/include/my_robot_interfaces/my_robot_interfaces/msg/detail/led_state_array__type_support.c
[2.078s] -- Up-to-date: /media/sf_GhostRider/ros2_ws/install/my_robot_interfaces/include/my_robot_interfaces/my_robot_interfaces/msg/detail/led_state_array__type_support.h
[2.079s] -- Up-to-date: /media/sf_GhostRider/ros2_ws/install/my_robot_interfaces/include/my_robot_interfaces/my_robot_interfaces/msg/hardware_status.h
[2.079s] -- Up-to-date: /media/sf_GhostRider/ros2_ws/install/my_robot_interfaces/include/my_robot_interfaces/my_robot_interfaces/msg/led_state_array.h
[2.080s] -- Up-to-date: /media/sf_GhostRider/ros2_ws/install/my_robot_interfaces/include/my_robot_interfaces/my_robot_interfaces/msg/rosidl_generator_c__visibility_control.h
[2.081s] -- Up-to-date: /media/sf_GhostRider/ros2_ws/install/my_robot_interfaces/include/my_robot_interfaces/my_robot_interfaces/srv
[2.082s] -- Up-to-date: /media/sf_GhostRider/ros2_ws/install/my_robot_interfaces/include/my_robot_interfaces/my_robot_interfaces/srv/compute_rectangle_area.h
[2.083s] -- Up-to-date: /media/sf_GhostRider/ros2_ws/install/my_robot_interfaces/include/my_robot_interfaces/my_robot_interfaces/srv/detail
[2.084s] -- Up-to-date: /media/sf_GhostRider/ros2_ws/install/my_robot_interfaces/include/my_robot_interfaces/my_robot_interfaces/srv/detail/compute_rectangle_area__description.c
[2.085s] -- Up-to-date: /media/sf_GhostRider/ros2_ws/install/my_robot_interfaces/include/my_robot_interfaces/my_robot_interfaces/srv/detail/compute_rectangle_area__functions.c
[2.086s] -- Up-to-date: /media/sf_GhostRider/ros2_ws/install/my_robot_interfaces/include/my_robot_interfaces/my_robot_interfaces/srv/detail/compute_rectangle_area__functions.h
[2.087s] -- Up-to-date: /media/sf_GhostRider/ros2_ws/install/my_robot_interfaces/include/my_robot_interfaces/my_robot_interfaces/srv/detail/compute_rectangle_area__struct.h
[2.088s] -- Installing: /media/sf_GhostRider/ros2_ws/install/my_robot_interfaces/include/my_robot_interfaces/my_robot_interfaces/srv/detail/compute_rectangle_area__type_support.c
[2.094s] -- Up-to-date: /media/sf_GhostRider/ros2_ws/install/my_robot_interfaces/include/my_robot_interfaces/my_robot_interfaces/srv/detail/compute_rectangle_area__type_support.h
[2.095s] -- Up-to-date: /media/sf_GhostRider/ros2_ws/install/my_robot_interfaces/include/my_robot_interfaces/my_robot_interfaces/srv/detail/set_led__description.c
[2.095s] -- Up-to-date: /media/sf_GhostRider/ros2_ws/install/my_robot_interfaces/include/my_robot_interfaces/my_robot_interfaces/srv/detail/set_led__functions.c
[2.096s] -- Up-to-date: /media/sf_GhostRider/ros2_ws/install/my_robot_interfaces/include/my_robot_interfaces/my_robot_interfaces/srv/detail/set_led__functions.h
[2.097s] -- Up-to-date: /media/sf_GhostRider/ros2_ws/install/my_robot_interfaces/include/my_robot_interfaces/my_robot_interfaces/srv/detail/set_led__struct.h
[2.098s] -- Installing: /media/sf_GhostRider/ros2_ws/install/my_robot_interfaces/include/my_robot_interfaces/my_robot_interfaces/srv/detail/set_led__type_support.c
[2.103s] -- Up-to-date: /media/sf_GhostRider/ros2_ws/install/my_robot_interfaces/include/my_robot_interfaces/my_robot_interfaces/srv/detail/set_led__type_support.h
[2.104s] -- Up-to-date: /media/sf_GhostRider/ros2_ws/install/my_robot_interfaces/include/my_robot_interfaces/my_robot_interfaces/srv/set_led.h
[2.105s] -- Up-to-date: /media/sf_GhostRider/ros2_ws/install/my_robot_interfaces/share/my_robot_interfaces/environment/library_path.sh
[2.108s] -- Up-to-date: /media/sf_GhostRider/ros2_ws/install/my_robot_interfaces/share/my_robot_interfaces/environment/library_path.dsv
[2.129s] -- Up-to-date: /media/sf_GhostRider/ros2_ws/install/my_robot_interfaces/lib/libmy_robot_interfaces__rosidl_generator_c.so
[2.140s] -- Up-to-date: /media/sf_GhostRider/ros2_ws/install/my_robot_interfaces/include/my_robot_interfaces/my_robot_interfaces
[2.142s] -- Up-to-date: /media/sf_GhostRider/ros2_ws/install/my_robot_interfaces/include/my_robot_interfaces/my_robot_interfaces/msg
[2.143s] -- Up-to-date: /media/sf_GhostRider/ros2_ws/install/my_robot_interfaces/include/my_robot_interfaces/my_robot_interfaces/msg/detail
[2.145s] -- Up-to-date: /media/sf_GhostRider/ros2_ws/install/my_robot_interfaces/include/my_robot_interfaces/my_robot_interfaces/msg/detail/hardware_status__rosidl_typesupport_fastrtps_c.h
[2.146s] -- Up-to-date: /media/sf_GhostRider/ros2_ws/install/my_robot_interfaces/include/my_robot_interfaces/my_robot_interfaces/msg/detail/led_state_array__rosidl_typesupport_fastrtps_c.h
[2.146s] -- Up-to-date: /media/sf_GhostRider/ros2_ws/install/my_robot_interfaces/include/my_robot_interfaces/my_robot_interfaces/msg/rosidl_typesupport_fastrtps_c__visibility_control.h
[2.147s] -- Up-to-date: /media/sf_GhostRider/ros2_ws/install/my_robot_interfaces/include/my_robot_interfaces/my_robot_interfaces/srv
[2.149s] -- Up-to-date: /media/sf_GhostRider/ros2_ws/install/my_robot_interfaces/include/my_robot_interfaces/my_robot_interfaces/srv/detail
[2.150s] -- Up-to-date: /media/sf_GhostRider/ros2_ws/install/my_robot_interfaces/include/my_robot_interfaces/my_robot_interfaces/srv/detail/compute_rectangle_area__rosidl_typesupport_fastrtps_c.h
[2.151s] -- Up-to-date: /media/sf_GhostRider/ros2_ws/install/my_robot_interfaces/include/my_robot_interfaces/my_robot_interfaces/srv/detail/set_led__rosidl_typesupport_fastrtps_c.h
[2.162s] -- Up-to-date: /media/sf_GhostRider/ros2_ws/install/my_robot_interfaces/lib/libmy_robot_interfaces__rosidl_typesupport_fastrtps_c.so
[2.173s] -- Up-to-date: /media/sf_GhostRider/ros2_ws/install/my_robot_interfaces/include/my_robot_interfaces/my_robot_interfaces
[2.175s] -- Up-to-date: /media/sf_GhostRider/ros2_ws/install/my_robot_interfaces/include/my_robot_interfaces/my_robot_interfaces/msg
[2.176s] -- Up-to-date: /media/sf_GhostRider/ros2_ws/install/my_robot_interfaces/include/my_robot_interfaces/my_robot_interfaces/msg/detail
[2.178s] -- Up-to-date: /media/sf_GhostRider/ros2_ws/install/my_robot_interfaces/include/my_robot_interfaces/my_robot_interfaces/msg/detail/hardware_status__rosidl_typesupport_introspection_c.h
[2.179s] -- Installing: /media/sf_GhostRider/ros2_ws/install/my_robot_interfaces/include/my_robot_interfaces/my_robot_interfaces/msg/detail/hardware_status__type_support.c
[2.184s] -- Up-to-date: /media/sf_GhostRider/ros2_ws/install/my_robot_interfaces/include/my_robot_interfaces/my_robot_interfaces/msg/detail/led_state_array__rosidl_typesupport_introspection_c.h
[2.186s] -- Installing: /media/sf_GhostRider/ros2_ws/install/my_robot_interfaces/include/my_robot_interfaces/my_robot_interfaces/msg/detail/led_state_array__type_support.c
[2.191s] -- Up-to-date: /media/sf_GhostRider/ros2_ws/install/my_robot_interfaces/include/my_robot_interfaces/my_robot_interfaces/msg/rosidl_typesupport_introspection_c__visibility_control.h
[2.191s] -- Up-to-date: /media/sf_GhostRider/ros2_ws/install/my_robot_interfaces/include/my_robot_interfaces/my_robot_interfaces/srv
[2.192s] -- Up-to-date: /media/sf_GhostRider/ros2_ws/install/my_robot_interfaces/include/my_robot_interfaces/my_robot_interfaces/srv/detail
[2.193s] -- Up-to-date: /media/sf_GhostRider/ros2_ws/install/my_robot_interfaces/include/my_robot_interfaces/my_robot_interfaces/srv/detail/compute_rectangle_area__rosidl_typesupport_introspection_c.h
[2.195s] -- Installing: /media/sf_GhostRider/ros2_ws/install/my_robot_interfaces/include/my_robot_interfaces/my_robot_interfaces/srv/detail/compute_rectangle_area__type_support.c
[2.201s] -- Up-to-date: /media/sf_GhostRider/ros2_ws/install/my_robot_interfaces/include/my_robot_interfaces/my_robot_interfaces/srv/detail/set_led__rosidl_typesupport_introspection_c.h
[2.202s] -- Installing: /media/sf_GhostRider/ros2_ws/install/my_robot_interfaces/include/my_robot_interfaces/my_robot_interfaces/srv/detail/set_led__type_support.c
[2.217s] -- Up-to-date: /media/sf_GhostRider/ros2_ws/install/my_robot_interfaces/lib/libmy_robot_interfaces__rosidl_typesupport_introspection_c.so
[2.252s] -- Up-to-date: /media/sf_GhostRider/ros2_ws/install/my_robot_interfaces/lib/libmy_robot_interfaces__rosidl_typesupport_c.so
[2.262s] -- Up-to-date: /media/sf_GhostRider/ros2_ws/install/my_robot_interfaces/include/my_robot_interfaces/my_robot_interfaces
[2.263s] -- Up-to-date: /media/sf_GhostRider/ros2_ws/install/my_robot_interfaces/include/my_robot_interfaces/my_robot_interfaces/msg
[2.264s] -- Up-to-date: /media/sf_GhostRider/ros2_ws/install/my_robot_interfaces/include/my_robot_interfaces/my_robot_interfaces/msg/detail
[2.266s] -- Up-to-date: /media/sf_GhostRider/ros2_ws/install/my_robot_interfaces/include/my_robot_interfaces/my_robot_interfaces/msg/detail/hardware_status__builder.hpp
[2.266s] -- Up-to-date: /media/sf_GhostRider/ros2_ws/install/my_robot_interfaces/include/my_robot_interfaces/my_robot_interfaces/msg/detail/hardware_status__struct.hpp
[2.267s] -- Up-to-date: /media/sf_GhostRider/ros2_ws/install/my_robot_interfaces/include/my_robot_interfaces/my_robot_interfaces/msg/detail/hardware_status__traits.hpp
[2.268s] -- Up-to-date: /media/sf_GhostRider/ros2_ws/install/my_robot_interfaces/include/my_robot_interfaces/my_robot_interfaces/msg/detail/hardware_status__type_support.hpp
[2.269s] -- Up-to-date: /media/sf_GhostRider/ros2_ws/install/my_robot_interfaces/include/my_robot_interfaces/my_robot_interfaces/msg/detail/led_state_array__builder.hpp
[2.269s] -- Up-to-date: /media/sf_GhostRider/ros2_ws/install/my_robot_interfaces/include/my_robot_interfaces/my_robot_interfaces/msg/detail/led_state_array__struct.hpp
[2.270s] -- Up-to-date: /media/sf_GhostRider/ros2_ws/install/my_robot_interfaces/include/my_robot_interfaces/my_robot_interfaces/msg/detail/led_state_array__traits.hpp
[2.271s] -- Up-to-date: /media/sf_GhostRider/ros2_ws/install/my_robot_interfaces/include/my_robot_interfaces/my_robot_interfaces/msg/detail/led_state_array__type_support.hpp
[2.272s] -- Up-to-date: /media/sf_GhostRider/ros2_ws/install/my_robot_interfaces/include/my_robot_interfaces/my_robot_interfaces/msg/hardware_status.hpp
[2.273s] -- Up-to-date: /media/sf_GhostRider/ros2_ws/install/my_robot_interfaces/include/my_robot_interfaces/my_robot_interfaces/msg/led_state_array.hpp
[2.274s] -- Up-to-date: /media/sf_GhostRider/ros2_ws/install/my_robot_interfaces/include/my_robot_interfaces/my_robot_interfaces/msg/rosidl_generator_cpp__visibility_control.hpp
[2.274s] -- Up-to-date: /media/sf_GhostRider/ros2_ws/install/my_robot_interfaces/include/my_robot_interfaces/my_robot_interfaces/srv
[2.276s] -- Up-to-date: /media/sf_GhostRider/ros2_ws/install/my_robot_interfaces/include/my_robot_interfaces/my_robot_interfaces/srv/compute_rectangle_area.hpp
[2.277s] -- Up-to-date: /media/sf_GhostRider/ros2_ws/install/my_robot_interfaces/include/my_robot_interfaces/my_robot_interfaces/srv/detail
[2.278s] -- Up-to-date: /media/sf_GhostRider/ros2_ws/install/my_robot_interfaces/include/my_robot_interfaces/my_robot_interfaces/srv/detail/compute_rectangle_area__builder.hpp
[2.279s] -- Up-to-date: /media/sf_GhostRider/ros2_ws/install/my_robot_interfaces/include/my_robot_interfaces/my_robot_interfaces/srv/detail/compute_rectangle_area__struct.hpp
[2.281s] -- Up-to-date: /media/sf_GhostRider/ros2_ws/install/my_robot_interfaces/include/my_robot_interfaces/my_robot_interfaces/srv/detail/compute_rectangle_area__traits.hpp
[2.282s] -- Up-to-date: /media/sf_GhostRider/ros2_ws/install/my_robot_interfaces/include/my_robot_interfaces/my_robot_interfaces/srv/detail/compute_rectangle_area__type_support.hpp
[2.283s] -- Up-to-date: /media/sf_GhostRider/ros2_ws/install/my_robot_interfaces/include/my_robot_interfaces/my_robot_interfaces/srv/detail/set_led__builder.hpp
[2.284s] -- Up-to-date: /media/sf_GhostRider/ros2_ws/install/my_robot_interfaces/include/my_robot_interfaces/my_robot_interfaces/srv/detail/set_led__struct.hpp
[2.284s] -- Up-to-date: /media/sf_GhostRider/ros2_ws/install/my_robot_interfaces/include/my_robot_interfaces/my_robot_interfaces/srv/detail/set_led__traits.hpp
[2.285s] -- Up-to-date: /media/sf_GhostRider/ros2_ws/install/my_robot_interfaces/include/my_robot_interfaces/my_robot_interfaces/srv/detail/set_led__type_support.hpp
[2.286s] -- Up-to-date: /media/sf_GhostRider/ros2_ws/install/my_robot_interfaces/include/my_robot_interfaces/my_robot_interfaces/srv/set_led.hpp
[2.288s] -- Up-to-date: /media/sf_GhostRider/ros2_ws/install/my_robot_interfaces/include/my_robot_interfaces/my_robot_interfaces
[2.289s] -- Up-to-date: /media/sf_GhostRider/ros2_ws/install/my_robot_interfaces/include/my_robot_interfaces/my_robot_interfaces/msg
[2.290s] -- Up-to-date: /media/sf_GhostRider/ros2_ws/install/my_robot_interfaces/include/my_robot_interfaces/my_robot_interfaces/msg/detail
[2.291s] -- Up-to-date: /media/sf_GhostRider/ros2_ws/install/my_robot_interfaces/include/my_robot_interfaces/my_robot_interfaces/msg/detail/dds_fastrtps
[2.293s] -- Up-to-date: /media/sf_GhostRider/ros2_ws/install/my_robot_interfaces/include/my_robot_interfaces/my_robot_interfaces/msg/detail/hardware_status__rosidl_typesupport_fastrtps_cpp.hpp
[2.294s] -- Up-to-date: /media/sf_GhostRider/ros2_ws/install/my_robot_interfaces/include/my_robot_interfaces/my_robot_interfaces/msg/detail/led_state_array__rosidl_typesupport_fastrtps_cpp.hpp
[2.294s] -- Up-to-date: /media/sf_GhostRider/ros2_ws/install/my_robot_interfaces/include/my_robot_interfaces/my_robot_interfaces/msg/rosidl_typesupport_fastrtps_cpp__visibility_control.h
[2.295s] -- Up-to-date: /media/sf_GhostRider/ros2_ws/install/my_robot_interfaces/include/my_robot_interfaces/my_robot_interfaces/srv
[2.296s] -- Up-to-date: /media/sf_GhostRider/ros2_ws/install/my_robot_interfaces/include/my_robot_interfaces/my_robot_interfaces/srv/detail
[2.298s] -- Up-to-date: /media/sf_GhostRider/ros2_ws/install/my_robot_interfaces/include/my_robot_interfaces/my_robot_interfaces/srv/detail/compute_rectangle_area__rosidl_typesupport_fastrtps_cpp.hpp
[2.298s] -- Up-to-date: /media/sf_GhostRider/ros2_ws/install/my_robot_interfaces/include/my_robot_interfaces/my_robot_interfaces/srv/detail/dds_fastrtps
[2.300s] -- Up-to-date: /media/sf_GhostRider/ros2_ws/install/my_robot_interfaces/include/my_robot_interfaces/my_robot_interfaces/srv/detail/set_led__rosidl_typesupport_fastrtps_cpp.hpp
[2.312s] -- Up-to-date: /media/sf_GhostRider/ros2_ws/install/my_robot_interfaces/lib/libmy_robot_interfaces__rosidl_typesupport_fastrtps_cpp.so
[2.340s] -- Up-to-date: /media/sf_GhostRider/ros2_ws/install/my_robot_interfaces/include/my_robot_interfaces/my_robot_interfaces
[2.341s] -- Up-to-date: /media/sf_GhostRider/ros2_ws/install/my_robot_interfaces/include/my_robot_interfaces/my_robot_interfaces/msg
[2.342s] -- Up-to-date: /media/sf_GhostRider/ros2_ws/install/my_robot_interfaces/include/my_robot_interfaces/my_robot_interfaces/msg/detail
[2.344s] -- Up-to-date: /media/sf_GhostRider/ros2_ws/install/my_robot_interfaces/include/my_robot_interfaces/my_robot_interfaces/msg/detail/hardware_status__rosidl_typesupport_introspection_cpp.hpp
[2.345s] -- Up-to-date: /media/sf_GhostRider/ros2_ws/install/my_robot_interfaces/include/my_robot_interfaces/my_robot_interfaces/msg/detail/hardware_status__type_support.cpp
[2.346s] -- Up-to-date: /media/sf_GhostRider/ros2_ws/install/my_robot_interfaces/include/my_robot_interfaces/my_robot_interfaces/msg/detail/led_state_array__rosidl_typesupport_introspection_cpp.hpp
[2.347s] -- Up-to-date: /media/sf_GhostRider/ros2_ws/install/my_robot_interfaces/include/my_robot_interfaces/my_robot_interfaces/msg/detail/led_state_array__type_support.cpp
[2.348s] -- Up-to-date: /media/sf_GhostRider/ros2_ws/install/my_robot_interfaces/include/my_robot_interfaces/my_robot_interfaces/srv
[2.349s] -- Up-to-date: /media/sf_GhostRider/ros2_ws/install/my_robot_interfaces/include/my_robot_interfaces/my_robot_interfaces/srv/detail
[2.351s] -- Up-to-date: /media/sf_GhostRider/ros2_ws/install/my_robot_interfaces/include/my_robot_interfaces/my_robot_interfaces/srv/detail/compute_rectangle_area__rosidl_typesupport_introspection_cpp.hpp
[2.352s] -- Up-to-date: /media/sf_GhostRider/ros2_ws/install/my_robot_interfaces/include/my_robot_interfaces/my_robot_interfaces/srv/detail/compute_rectangle_area__type_support.cpp
[2.353s] -- Up-to-date: /media/sf_GhostRider/ros2_ws/install/my_robot_interfaces/include/my_robot_interfaces/my_robot_interfaces/srv/detail/set_led__rosidl_typesupport_introspection_cpp.hpp
[2.354s] -- Up-to-date: /media/sf_GhostRider/ros2_ws/install/my_robot_interfaces/include/my_robot_interfaces/my_robot_interfaces/srv/detail/set_led__type_support.cpp
[2.365s] -- Up-to-date: /media/sf_GhostRider/ros2_ws/install/my_robot_interfaces/lib/libmy_robot_interfaces__rosidl_typesupport_introspection_cpp.so
[2.388s] -- Up-to-date: /media/sf_GhostRider/ros2_ws/install/my_robot_interfaces/lib/libmy_robot_interfaces__rosidl_typesupport_cpp.so
[2.400s] -- Up-to-date: /media/sf_GhostRider/ros2_ws/install/my_robot_interfaces/share/my_robot_interfaces/environment/pythonpath.sh
[2.401s] -- Up-to-date: /media/sf_GhostRider/ros2_ws/install/my_robot_interfaces/share/my_robot_interfaces/environment/pythonpath.dsv
[2.403s] -- Up-to-date: /media/sf_GhostRider/ros2_ws/install/my_robot_interfaces/lib/python3.12/site-packages/my_robot_interfaces-0.0.0-py3.12.egg-info
[2.405s] -- Installing: /media/sf_GhostRider/ros2_ws/install/my_robot_interfaces/lib/python3.12/site-packages/my_robot_interfaces-0.0.0-py3.12.egg-info/dependency_links.txt
[2.410s] -- Installing: /media/sf_GhostRider/ros2_ws/install/my_robot_interfaces/lib/python3.12/site-packages/my_robot_interfaces-0.0.0-py3.12.egg-info/PKG-INFO
[2.415s] -- Installing: /media/sf_GhostRider/ros2_ws/install/my_robot_interfaces/lib/python3.12/site-packages/my_robot_interfaces-0.0.0-py3.12.egg-info/SOURCES.txt
[2.422s] -- Installing: /media/sf_GhostRider/ros2_ws/install/my_robot_interfaces/lib/python3.12/site-packages/my_robot_interfaces-0.0.0-py3.12.egg-info/top_level.txt
[2.431s] -- Up-to-date: /media/sf_GhostRider/ros2_ws/install/my_robot_interfaces/lib/python3.12/site-packages/my_robot_interfaces
[2.433s] -- Up-to-date: /media/sf_GhostRider/ros2_ws/install/my_robot_interfaces/lib/python3.12/site-packages/my_robot_interfaces/msg
[2.434s] -- Up-to-date: /media/sf_GhostRider/ros2_ws/install/my_robot_interfaces/lib/python3.12/site-packages/my_robot_interfaces/msg/_hardware_status.py
[2.435s] -- Up-to-date: /media/sf_GhostRider/ros2_ws/install/my_robot_interfaces/lib/python3.12/site-packages/my_robot_interfaces/msg/_hardware_status_s.c
[2.436s] -- Up-to-date: /media/sf_GhostRider/ros2_ws/install/my_robot_interfaces/lib/python3.12/site-packages/my_robot_interfaces/msg/_led_state_array.py
[2.437s] -- Up-to-date: /media/sf_GhostRider/ros2_ws/install/my_robot_interfaces/lib/python3.12/site-packages/my_robot_interfaces/msg/_led_state_array_s.c
[2.437s] -- Up-to-date: /media/sf_GhostRider/ros2_ws/install/my_robot_interfaces/lib/python3.12/site-packages/my_robot_interfaces/msg/__init__.py
[2.438s] -- Up-to-date: /media/sf_GhostRider/ros2_ws/install/my_robot_interfaces/lib/python3.12/site-packages/my_robot_interfaces/my_robot_interfaces_s__rosidl_typesupport_c.so
[2.439s] -- Up-to-date: /media/sf_GhostRider/ros2_ws/install/my_robot_interfaces/lib/python3.12/site-packages/my_robot_interfaces/my_robot_interfaces_s__rosidl_typesupport_fastrtps_c.so
[2.440s] -- Up-to-date: /media/sf_GhostRider/ros2_ws/install/my_robot_interfaces/lib/python3.12/site-packages/my_robot_interfaces/my_robot_interfaces_s__rosidl_typesupport_introspection_c.so
[2.440s] -- Up-to-date: /media/sf_GhostRider/ros2_ws/install/my_robot_interfaces/lib/python3.12/site-packages/my_robot_interfaces/srv
[2.442s] -- Up-to-date: /media/sf_GhostRider/ros2_ws/install/my_robot_interfaces/lib/python3.12/site-packages/my_robot_interfaces/srv/_compute_rectangle_area.py
[2.443s] -- Up-to-date: /media/sf_GhostRider/ros2_ws/install/my_robot_interfaces/lib/python3.12/site-packages/my_robot_interfaces/srv/_compute_rectangle_area_s.c
[2.443s] -- Up-to-date: /media/sf_GhostRider/ros2_ws/install/my_robot_interfaces/lib/python3.12/site-packages/my_robot_interfaces/srv/_set_led.py
[2.444s] -- Up-to-date: /media/sf_GhostRider/ros2_ws/install/my_robot_interfaces/lib/python3.12/site-packages/my_robot_interfaces/srv/_set_led_s.c
[2.445s] -- Up-to-date: /media/sf_GhostRider/ros2_ws/install/my_robot_interfaces/lib/python3.12/site-packages/my_robot_interfaces/srv/__init__.py
[2.446s] -- Up-to-date: /media/sf_GhostRider/ros2_ws/install/my_robot_interfaces/lib/python3.12/site-packages/my_robot_interfaces/_my_robot_interfaces_s.ep.rosidl_typesupport_c.c
[2.447s] -- Up-to-date: /media/sf_GhostRider/ros2_ws/install/my_robot_interfaces/lib/python3.12/site-packages/my_robot_interfaces/_my_robot_interfaces_s.ep.rosidl_typesupport_fastrtps_c.c
[2.448s] -- Up-to-date: /media/sf_GhostRider/ros2_ws/install/my_robot_interfaces/lib/python3.12/site-packages/my_robot_interfaces/_my_robot_interfaces_s.ep.rosidl_typesupport_introspection_c.c
[2.449s] -- Up-to-date: /media/sf_GhostRider/ros2_ws/install/my_robot_interfaces/lib/python3.12/site-packages/my_robot_interfaces/__init__.py
[2.483s] Listing '/media/sf_GhostRider/ros2_ws/install/my_robot_interfaces/lib/python3.12/site-packages/my_robot_interfaces'...
[2.484s] Listing '/media/sf_GhostRider/ros2_ws/install/my_robot_interfaces/lib/python3.12/site-packages/my_robot_interfaces/msg'...
[2.484s] Listing '/media/sf_GhostRider/ros2_ws/install/my_robot_interfaces/lib/python3.12/site-packages/my_robot_interfaces/srv'...
[2.496s] -- Up-to-date: /media/sf_GhostRider/ros2_ws/install/my_robot_interfaces/lib/python3.12/site-packages/my_robot_interfaces/my_robot_interfaces_s__rosidl_typesupport_fastrtps_c.so
[2.514s] -- Up-to-date: /media/sf_GhostRider/ros2_ws/install/my_robot_interfaces/lib/python3.12/site-packages/my_robot_interfaces/my_robot_interfaces_s__rosidl_typesupport_introspection_c.so
[2.531s] -- Up-to-date: /media/sf_GhostRider/ros2_ws/install/my_robot_interfaces/lib/python3.12/site-packages/my_robot_interfaces/my_robot_interfaces_s__rosidl_typesupport_c.so
[2.551s] -- Up-to-date: /media/sf_GhostRider/ros2_ws/install/my_robot_interfaces/lib/libmy_robot_interfaces__rosidl_generator_py.so
[2.560s] -- Up-to-date: /media/sf_GhostRider/ros2_ws/install/my_robot_interfaces/share/my_robot_interfaces/msg/HardwareStatus.idl
[2.561s] -- Up-to-date: /media/sf_GhostRider/ros2_ws/install/my_robot_interfaces/share/my_robot_interfaces/srv/ComputeRectangleArea.idl
[2.561s] -- Up-to-date: /media/sf_GhostRider/ros2_ws/install/my_robot_interfaces/share/my_robot_interfaces/msg/LedStateArray.idl
[2.562s] -- Up-to-date: /media/sf_GhostRider/ros2_ws/install/my_robot_interfaces/share/my_robot_interfaces/srv/SetLed.idl
[2.564s] -- Up-to-date: /media/sf_GhostRider/ros2_ws/install/my_robot_interfaces/share/my_robot_interfaces/msg/HardwareStatus.msg
[2.564s] -- Up-to-date: /media/sf_GhostRider/ros2_ws/install/my_robot_interfaces/share/my_robot_interfaces/srv/ComputeRectangleArea.srv
[2.565s] -- Up-to-date: /media/sf_GhostRider/ros2_ws/install/my_robot_interfaces/share/my_robot_interfaces/msg/LedStateArray.msg
[2.566s] -- Up-to-date: /media/sf_GhostRider/ros2_ws/install/my_robot_interfaces/share/my_robot_interfaces/srv/SetLed.srv
[2.568s] -- Up-to-date: /media/sf_GhostRider/ros2_ws/install/my_robot_interfaces/share/ament_index/resource_index/package_run_dependencies/my_robot_interfaces
[2.569s] -- Up-to-date: /media/sf_GhostRider/ros2_ws/install/my_robot_interfaces/share/ament_index/resource_index/parent_prefix_path/my_robot_interfaces
[2.570s] -- Up-to-date: /media/sf_GhostRider/ros2_ws/install/my_robot_interfaces/share/my_robot_interfaces/environment/ament_prefix_path.sh
[2.571s] -- Up-to-date: /media/sf_GhostRider/ros2_ws/install/my_robot_interfaces/share/my_robot_interfaces/environment/ament_prefix_path.dsv
[2.572s] -- Up-to-date: /media/sf_GhostRider/ros2_ws/install/my_robot_interfaces/share/my_robot_interfaces/environment/path.sh
[2.573s] -- Up-to-date: /media/sf_GhostRider/ros2_ws/install/my_robot_interfaces/share/my_robot_interfaces/environment/path.dsv
[2.573s] -- Up-to-date: /media/sf_GhostRider/ros2_ws/install/my_robot_interfaces/share/my_robot_interfaces/local_setup.bash
[2.574s] -- Up-to-date: /media/sf_GhostRider/ros2_ws/install/my_robot_interfaces/share/my_robot_interfaces/local_setup.sh
[2.575s] -- Up-to-date: /media/sf_GhostRider/ros2_ws/install/my_robot_interfaces/share/my_robot_interfaces/local_setup.zsh
[2.575s] -- Up-to-date: /media/sf_GhostRider/ros2_ws/install/my_robot_interfaces/share/my_robot_interfaces/local_setup.dsv
[2.576s] -- Installing: /media/sf_GhostRider/ros2_ws/install/my_robot_interfaces/share/my_robot_interfaces/package.dsv
[2.582s] -- Up-to-date: /media/sf_GhostRider/ros2_ws/install/my_robot_interfaces/share/ament_index/resource_index/packages/my_robot_interfaces
[2.584s] -- Up-to-date: /media/sf_GhostRider/ros2_ws/install/my_robot_interfaces/share/my_robot_interfaces/cmake/export_my_robot_interfaces__rosidl_generator_cExport.cmake
[2.585s] -- Up-to-date: /media/sf_GhostRider/ros2_ws/install/my_robot_interfaces/share/my_robot_interfaces/cmake/export_my_robot_interfaces__rosidl_generator_cExport-noconfig.cmake
[2.587s] -- Up-to-date: /media/sf_GhostRider/ros2_ws/install/my_robot_interfaces/share/my_robot_interfaces/cmake/export_my_robot_interfaces__rosidl_typesupport_fastrtps_cExport.cmake
[2.587s] -- Up-to-date: /media/sf_GhostRider/ros2_ws/install/my_robot_interfaces/share/my_robot_interfaces/cmake/export_my_robot_interfaces__rosidl_typesupport_fastrtps_cExport-noconfig.cmake
[2.589s] -- Up-to-date: /media/sf_GhostRider/ros2_ws/install/my_robot_interfaces/share/my_robot_interfaces/cmake/my_robot_interfaces__rosidl_typesupport_introspection_cExport.cmake
[2.590s] -- Up-to-date: /media/sf_GhostRider/ros2_ws/install/my_robot_interfaces/share/my_robot_interfaces/cmake/my_robot_interfaces__rosidl_typesupport_introspection_cExport-noconfig.cmake
[2.592s] -- Up-to-date: /media/sf_GhostRider/ros2_ws/install/my_robot_interfaces/share/my_robot_interfaces/cmake/my_robot_interfaces__rosidl_typesupport_cExport.cmake
[2.592s] -- Up-to-date: /media/sf_GhostRider/ros2_ws/install/my_robot_interfaces/share/my_robot_interfaces/cmake/my_robot_interfaces__rosidl_typesupport_cExport-noconfig.cmake
[2.594s] -- Up-to-date: /media/sf_GhostRider/ros2_ws/install/my_robot_interfaces/share/my_robot_interfaces/cmake/export_my_robot_interfaces__rosidl_generator_cppExport.cmake
[2.596s] -- Up-to-date: /media/sf_GhostRider/ros2_ws/install/my_robot_interfaces/share/my_robot_interfaces/cmake/export_my_robot_interfaces__rosidl_typesupport_fastrtps_cppExport.cmake
[2.596s] -- Up-to-date: /media/sf_GhostRider/ros2_ws/install/my_robot_interfaces/share/my_robot_interfaces/cmake/export_my_robot_interfaces__rosidl_typesupport_fastrtps_cppExport-noconfig.cmake
[2.598s] -- Up-to-date: /media/sf_GhostRider/ros2_ws/install/my_robot_interfaces/share/my_robot_interfaces/cmake/my_robot_interfaces__rosidl_typesupport_introspection_cppExport.cmake
[2.599s] -- Up-to-date: /media/sf_GhostRider/ros2_ws/install/my_robot_interfaces/share/my_robot_interfaces/cmake/my_robot_interfaces__rosidl_typesupport_introspection_cppExport-noconfig.cmake
[2.601s] -- Up-to-date: /media/sf_GhostRider/ros2_ws/install/my_robot_interfaces/share/my_robot_interfaces/cmake/my_robot_interfaces__rosidl_typesupport_cppExport.cmake
[2.601s] -- Up-to-date: /media/sf_GhostRider/ros2_ws/install/my_robot_interfaces/share/my_robot_interfaces/cmake/my_robot_interfaces__rosidl_typesupport_cppExport-noconfig.cmake
[2.603s] -- Up-to-date: /media/sf_GhostRider/ros2_ws/install/my_robot_interfaces/share/my_robot_interfaces/cmake/export_my_robot_interfaces__rosidl_generator_pyExport.cmake
[2.603s] -- Up-to-date: /media/sf_GhostRider/ros2_ws/install/my_robot_interfaces/share/my_robot_interfaces/cmake/export_my_robot_interfaces__rosidl_generator_pyExport-noconfig.cmake
[2.605s] -- Up-to-date: /media/sf_GhostRider/ros2_ws/install/my_robot_interfaces/share/my_robot_interfaces/cmake/rosidl_cmake-extras.cmake
[2.605s] -- Up-to-date: /media/sf_GhostRider/ros2_ws/install/my_robot_interfaces/share/my_robot_interfaces/cmake/ament_cmake_export_dependencies-extras.cmake
[2.606s] -- Up-to-date: /media/sf_GhostRider/ros2_ws/install/my_robot_interfaces/share/my_robot_interfaces/cmake/ament_cmake_export_include_directories-extras.cmake
[2.607s] -- Up-to-date: /media/sf_GhostRider/ros2_ws/install/my_robot_interfaces/share/my_robot_interfaces/cmake/ament_cmake_export_libraries-extras.cmake
[2.608s] -- Up-to-date: /media/sf_GhostRider/ros2_ws/install/my_robot_interfaces/share/my_robot_interfaces/cmake/ament_cmake_export_targets-extras.cmake
[2.609s] -- Up-to-date: /media/sf_GhostRider/ros2_ws/install/my_robot_interfaces/share/my_robot_interfaces/cmake/rosidl_cmake_export_typesupport_targets-extras.cmake
[2.609s] -- Up-to-date: /media/sf_GhostRider/ros2_ws/install/my_robot_interfaces/share/my_robot_interfaces/cmake/rosidl_cmake_export_typesupport_libraries-extras.cmake
[2.610s] -- Up-to-date: /media/sf_GhostRider/ros2_ws/install/my_robot_interfaces/share/my_robot_interfaces/cmake/my_robot_interfacesConfig.cmake
[2.610s] -- Up-to-date: /media/sf_GhostRider/ros2_ws/install/my_robot_interfaces/share/my_robot_interfaces/cmake/my_robot_interfacesConfig-version.cmake
[2.611s] -- Up-to-date: /media/sf_GhostRider/ros2_ws/install/my_robot_interfaces/share/my_robot_interfaces/package.xml
[2.616s] Invoked command in '/media/sf_GhostRider/ros2_ws/build/my_robot_interfaces' returned '0': CMAKE_PREFIX_PATH=${CMAKE_PREFIX_PATH}:/media/sf_GhostRider/ros2_ws/install/my_py_pkg:/opt/ros/jazzy DEBUGINFOD_URLS=https://debuginfod.ubuntu.com /usr/bin/cmake --install /media/sf_GhostRider/ros2_ws/build/my_robot_interfaces
