[1.428s] Invoking command in '/media/sf_GhostRider/ros2_ws/src/my_py_pkg': DEBUGINFOD_URLS=https://debuginfod.ubuntu.com PYTHONPATH=/media/sf_GhostRider/ros2_ws/build/my_py_pkg/prefix_override:/usr/lib/python3/dist-packages/colcon_core/task/python/colcon_distutils_commands:/media/sf_GhostRider/ros2_ws/install/my_py_pkg/lib/python3.12/site-packages:${PYTHONPATH} /usr/bin/python3 -W ignore:setup.py install is deprecated -W ignore:easy_install command is deprecated setup.py egg_info --egg-base ../../build/my_py_pkg build --build-base /media/sf_GhostRider/ros2_ws/build/my_py_pkg/build install --record /media/sf_GhostRider/ros2_ws/build/my_py_pkg/install.log --single-version-externally-managed install_data
[1.629s] running egg_info
[1.640s] writing ../../build/my_py_pkg/my_py_pkg.egg-info/PKG-INFO
[1.641s] writing dependency_links to ../../build/my_py_pkg/my_py_pkg.egg-info/dependency_links.txt
[1.643s] writing entry points to ../../build/my_py_pkg/my_py_pkg.egg-info/entry_points.txt
[1.644s] writing requirements to ../../build/my_py_pkg/my_py_pkg.egg-info/requires.txt
[1.646s] writing top-level names to ../../build/my_py_pkg/my_py_pkg.egg-info/top_level.txt
[1.680s] reading manifest file '../../build/my_py_pkg/my_py_pkg.egg-info/SOURCES.txt'
[1.684s] writing manifest file '../../build/my_py_pkg/my_py_pkg.egg-info/SOURCES.txt'
[1.688s] running build
[1.689s] running build_py
[1.690s] copying my_py_pkg/battery.py -> /media/sf_GhostRider/ros2_ws/build/my_py_pkg/build/lib/my_py_pkg
[1.695s] copying my_py_pkg/led_panel.py -> /media/sf_GhostRider/ros2_ws/build/my_py_pkg/build/lib/my_py_pkg
[1.700s] running install
[1.705s] running install_lib
[1.718s] copying /media/sf_GhostRider/ros2_ws/build/my_py_pkg/build/lib/my_py_pkg/battery.py -> /media/sf_GhostRider/ros2_ws/install/my_py_pkg/lib/python3.12/site-packages/my_py_pkg
[1.722s] copying /media/sf_GhostRider/ros2_ws/build/my_py_pkg/build/lib/my_py_pkg/led_panel.py -> /media/sf_GhostRider/ros2_ws/install/my_py_pkg/lib/python3.12/site-packages/my_py_pkg
[1.728s] byte-compiling /media/sf_GhostRider/ros2_ws/install/my_py_pkg/lib/python3.12/site-packages/my_py_pkg/battery.py to battery.cpython-312.pyc
[1.730s] Sorry: IndentationError: unexpected indent (battery.py, line 4)
[1.730s] byte-compiling /media/sf_GhostRider/ros2_ws/install/my_py_pkg/lib/python3.12/site-packages/my_py_pkg/led_panel.py to led_panel.cpython-312.pyc
[1.734s] running install_data
[1.735s] running install_egg_info
[1.747s] removing '/media/sf_GhostRider/ros2_ws/install/my_py_pkg/lib/python3.12/site-packages/my_py_pkg-0.0.0-py3.12.egg-info' (and everything under it)
[1.751s] Copying ../../build/my_py_pkg/my_py_pkg.egg-info to /media/sf_GhostRider/ros2_ws/install/my_py_pkg/lib/python3.12/site-packages/my_py_pkg-0.0.0-py3.12.egg-info
[1.776s] running install_scripts
[1.867s] Installing add_two_ints_client_no_oop script to /media/sf_GhostRider/ros2_ws/install/my_py_pkg/lib/my_py_pkg
[1.869s] Installing add_two_ints_client_oop script to /media/sf_GhostRider/ros2_ws/install/my_py_pkg/lib/my_py_pkg
[1.871s] Installing add_two_ints_server script to /media/sf_GhostRider/ros2_ws/install/my_py_pkg/lib/my_py_pkg
[1.873s] Installing battery script to /media/sf_GhostRider/ros2_ws/install/my_py_pkg/lib/my_py_pkg
[1.874s] Installing hardware_status_publisher script to /media/sf_GhostRider/ros2_ws/install/my_py_pkg/lib/my_py_pkg
[1.876s] Installing led_panel script to /media/sf_GhostRider/ros2_ws/install/my_py_pkg/lib/my_py_pkg
[1.878s] Installing number_counter script to /media/sf_GhostRider/ros2_ws/install/my_py_pkg/lib/my_py_pkg
[1.882s] Installing number_publisher script to /media/sf_GhostRider/ros2_ws/install/my_py_pkg/lib/my_py_pkg
[1.896s] Installing py_node script to /media/sf_GhostRider/ros2_ws/install/my_py_pkg/lib/my_py_pkg
[1.900s] Installing robot_news_station script to /media/sf_GhostRider/ros2_ws/install/my_py_pkg/lib/my_py_pkg
[1.903s] Installing smartphone script to /media/sf_GhostRider/ros2_ws/install/my_py_pkg/lib/my_py_pkg
[1.906s] writing list of installed files to '/media/sf_GhostRider/ros2_ws/build/my_py_pkg/install.log'
[1.929s] Invoked command in '/media/sf_GhostRider/ros2_ws/src/my_py_pkg' returned '0': DEBUGINFOD_URLS=https://debuginfod.ubuntu.com PYTHONPATH=/media/sf_GhostRider/ros2_ws/build/my_py_pkg/prefix_override:/usr/lib/python3/dist-packages/colcon_core/task/python/colcon_distutils_commands:/media/sf_GhostRider/ros2_ws/install/my_py_pkg/lib/python3.12/site-packages:${PYTHONPATH} /usr/bin/python3 -W ignore:setup.py install is deprecated -W ignore:easy_install command is deprecated setup.py egg_info --egg-base ../../build/my_py_pkg build --build-base /media/sf_GhostRider/ros2_ws/build/my_py_pkg/build install --record /media/sf_GhostRider/ros2_ws/build/my_py_pkg/install.log --single-version-externally-managed install_data
