[0.062s] DEBUG:colcon:Command line arguments: ['/usr/bin/colcon', 'build', '--packages-select', 'my_cpp_pkg']
[0.062s] DEBUG:colcon:Parsed command line arguments: Namespace(log_base=None, log_level=None, verb_name='build', build_base='build', install_base='install', merge_install=False, symlink_install=False, test_result_base=None, continue_on_error=False, executor='parallel', parallel_workers=20, event_handlers=None, ignore_user_meta=False, metas=['./colcon.meta'], base_paths=['.'], packages_ignore=None, packages_ignore_regex=None, paths=None, packages_up_to=None, packages_up_to_regex=None, packages_above=None, packages_above_and_dependencies=None, packages_above_depth=None, packages_select_by_dep=None, packages_skip_by_dep=None, packages_skip_up_to=None, packages_select_build_failed=False, packages_skip_build_finished=False, packages_select_test_failures=False, packages_skip_test_passed=False, packages_select=['my_cpp_pkg'], packages_skip=None, packages_select_regex=None, packages_skip_regex=None, packages_start=None, packages_end=None, allow_overriding=[], cmake_args=None, cmake_target=None, cmake_target_skip_unavailable=False, cmake_clean_cache=False, cmake_clean_first=False, cmake_force_configure=False, ament_cmake_args=None, catkin_cmake_args=None, catkin_skip_building_tests=False, mixin_files=None, mixin=None, verb_parser=<colcon_mixin.mixin.mixin_argument.MixinArgumentDecorator object at 0x7b06a6a6bce0>, verb_extension=<colcon_core.verb.build.BuildVerb object at 0x7b06a6a6af90>, main=<bound method BuildVerb.main of <colcon_core.verb.build.BuildVerb object at 0x7b06a6a6af90>>, mixin_verb=('build',))
[0.087s] Level 1:colcon.colcon_core.package_discovery:discover_packages(colcon_meta) check parameters
[0.087s] Level 1:colcon.colcon_core.package_discovery:discover_packages(recursive) check parameters
[0.088s] Level 1:colcon.colcon_core.package_discovery:discover_packages(ignore) check parameters
[0.088s] Level 1:colcon.colcon_core.package_discovery:discover_packages(path) check parameters
[0.088s] Level 1:colcon.colcon_core.package_discovery:discover_packages(colcon_meta) discover
[0.088s] Level 1:colcon.colcon_core.package_discovery:discover_packages(recursive) discover
[0.088s] INFO:colcon.colcon_core.package_discovery:Crawling recursively for packages in '/media/sf_GhostRider/ros2_ws'
[0.089s] Level 1:colcon.colcon_core.package_identification:_identify(.) by extensions ['ignore', 'ignore_ament_install']
[0.089s] Level 1:colcon.colcon_core.package_identification:_identify(.) by extension 'ignore'
[0.089s] Level 1:colcon.colcon_core.package_identification:_identify(.) by extension 'ignore_ament_install'
[0.090s] Level 1:colcon.colcon_core.package_identification:_identify(.) by extensions ['colcon_pkg']
[0.090s] Level 1:colcon.colcon_core.package_identification:_identify(.) by extension 'colcon_pkg'
[0.090s] Level 1:colcon.colcon_core.package_identification:_identify(.) by extensions ['colcon_meta']
[0.090s] Level 1:colcon.colcon_core.package_identification:_identify(.) by extension 'colcon_meta'
[0.090s] Level 1:colcon.colcon_core.package_identification:_identify(.) by extensions ['ros']
[0.091s] Level 1:colcon.colcon_core.package_identification:_identify(.) by extension 'ros'
[0.106s] Level 1:colcon.colcon_core.package_identification:_identify(.) by extensions ['cmake', 'python']
[0.106s] Level 1:colcon.colcon_core.package_identification:_identify(.) by extension 'cmake'
[0.106s] Level 1:colcon.colcon_core.package_identification:_identify(.) by extension 'python'
[0.106s] Level 1:colcon.colcon_core.package_identification:_identify(.) by extensions ['python_setup_py']
[0.107s] Level 1:colcon.colcon_core.package_identification:_identify(.) by extension 'python_setup_py'
[0.107s] Level 1:colcon.colcon_core.package_identification:_identify(build) by extensions ['ignore', 'ignore_ament_install']
[0.107s] Level 1:colcon.colcon_core.package_identification:_identify(build) by extension 'ignore'
[0.107s] Level 1:colcon.colcon_core.package_identification:_identify(build) ignored
[0.108s] Level 1:colcon.colcon_core.package_identification:_identify(install) by extensions ['ignore', 'ignore_ament_install']
[0.108s] Level 1:colcon.colcon_core.package_identification:_identify(install) by extension 'ignore'
[0.109s] Level 1:colcon.colcon_core.package_identification:_identify(install) ignored
[0.109s] Level 1:colcon.colcon_core.package_identification:_identify(log) by extensions ['ignore', 'ignore_ament_install']
[0.109s] Level 1:colcon.colcon_core.package_identification:_identify(log) by extension 'ignore'
[0.110s] Level 1:colcon.colcon_core.package_identification:_identify(log) ignored
[0.110s] Level 1:colcon.colcon_core.package_identification:_identify(src) by extensions ['ignore', 'ignore_ament_install']
[0.111s] Level 1:colcon.colcon_core.package_identification:_identify(src) by extension 'ignore'
[0.111s] Level 1:colcon.colcon_core.package_identification:_identify(src) by extension 'ignore_ament_install'
[0.111s] Level 1:colcon.colcon_core.package_identification:_identify(src) by extensions ['colcon_pkg']
[0.112s] Level 1:colcon.colcon_core.package_identification:_identify(src) by extension 'colcon_pkg'
[0.112s] Level 1:colcon.colcon_core.package_identification:_identify(src) by extensions ['colcon_meta']
[0.112s] Level 1:colcon.colcon_core.package_identification:_identify(src) by extension 'colcon_meta'
[0.112s] Level 1:colcon.colcon_core.package_identification:_identify(src) by extensions ['ros']
[0.112s] Level 1:colcon.colcon_core.package_identification:_identify(src) by extension 'ros'
[0.113s] Level 1:colcon.colcon_core.package_identification:_identify(src) by extensions ['cmake', 'python']
[0.113s] Level 1:colcon.colcon_core.package_identification:_identify(src) by extension 'cmake'
[0.113s] Level 1:colcon.colcon_core.package_identification:_identify(src) by extension 'python'
[0.113s] Level 1:colcon.colcon_core.package_identification:_identify(src) by extensions ['python_setup_py']
[0.114s] Level 1:colcon.colcon_core.package_identification:_identify(src) by extension 'python_setup_py'
[0.114s] Level 1:colcon.colcon_core.package_identification:_identify(src/build) by extensions ['ignore', 'ignore_ament_install']
[0.115s] Level 1:colcon.colcon_core.package_identification:_identify(src/build) by extension 'ignore'
[0.115s] Level 1:colcon.colcon_core.package_identification:_identify(src/build) by extension 'ignore_ament_install'
[0.115s] Level 1:colcon.colcon_core.package_identification:_identify(src/build) by extensions ['colcon_pkg']
[0.115s] Level 1:colcon.colcon_core.package_identification:_identify(src/build) by extension 'colcon_pkg'
[0.116s] Level 1:colcon.colcon_core.package_identification:_identify(src/build) by extensions ['colcon_meta']
[0.116s] Level 1:colcon.colcon_core.package_identification:_identify(src/build) by extension 'colcon_meta'
[0.116s] Level 1:colcon.colcon_core.package_identification:_identify(src/build) by extensions ['ros']
[0.116s] Level 1:colcon.colcon_core.package_identification:_identify(src/build) by extension 'ros'
[0.117s] Level 1:colcon.colcon_core.package_identification:_identify(src/build) by extensions ['cmake', 'python']
[0.117s] Level 1:colcon.colcon_core.package_identification:_identify(src/build) by extension 'cmake'
[0.117s] Level 1:colcon.colcon_core.package_identification:_identify(src/build) by extension 'python'
[0.118s] Level 1:colcon.colcon_core.package_identification:_identify(src/build) by extensions ['python_setup_py']
[0.118s] Level 1:colcon.colcon_core.package_identification:_identify(src/build) by extension 'python_setup_py'
[0.119s] Level 1:colcon.colcon_core.package_identification:_identify(src/build/CMakeFiles) by extensions ['ignore', 'ignore_ament_install']
[0.119s] Level 1:colcon.colcon_core.package_identification:_identify(src/build/CMakeFiles) by extension 'ignore'
[0.119s] Level 1:colcon.colcon_core.package_identification:_identify(src/build/CMakeFiles) by extension 'ignore_ament_install'
[0.120s] Level 1:colcon.colcon_core.package_identification:_identify(src/build/CMakeFiles) by extensions ['colcon_pkg']
[0.120s] Level 1:colcon.colcon_core.package_identification:_identify(src/build/CMakeFiles) by extension 'colcon_pkg'
[0.120s] Level 1:colcon.colcon_core.package_identification:_identify(src/build/CMakeFiles) by extensions ['colcon_meta']
[0.121s] Level 1:colcon.colcon_core.package_identification:_identify(src/build/CMakeFiles) by extension 'colcon_meta'
[0.121s] Level 1:colcon.colcon_core.package_identification:_identify(src/build/CMakeFiles) by extensions ['ros']
[0.121s] Level 1:colcon.colcon_core.package_identification:_identify(src/build/CMakeFiles) by extension 'ros'
[0.122s] Level 1:colcon.colcon_core.package_identification:_identify(src/build/CMakeFiles) by extensions ['cmake', 'python']
[0.122s] Level 1:colcon.colcon_core.package_identification:_identify(src/build/CMakeFiles) by extension 'cmake'
[0.122s] Level 1:colcon.colcon_core.package_identification:_identify(src/build/CMakeFiles) by extension 'python'
[0.122s] Level 1:colcon.colcon_core.package_identification:_identify(src/build/CMakeFiles) by extensions ['python_setup_py']
[0.122s] Level 1:colcon.colcon_core.package_identification:_identify(src/build/CMakeFiles) by extension 'python_setup_py'
[0.123s] Level 1:colcon.colcon_core.package_identification:_identify(src/build/CMakeFiles/4.1.2-msvc8) by extensions ['ignore', 'ignore_ament_install']
[0.123s] Level 1:colcon.colcon_core.package_identification:_identify(src/build/CMakeFiles/4.1.2-msvc8) by extension 'ignore'
[0.124s] Level 1:colcon.colcon_core.package_identification:_identify(src/build/CMakeFiles/4.1.2-msvc8) by extension 'ignore_ament_install'
[0.124s] Level 1:colcon.colcon_core.package_identification:_identify(src/build/CMakeFiles/4.1.2-msvc8) by extensions ['colcon_pkg']
[0.124s] Level 1:colcon.colcon_core.package_identification:_identify(src/build/CMakeFiles/4.1.2-msvc8) by extension 'colcon_pkg'
[0.124s] Level 1:colcon.colcon_core.package_identification:_identify(src/build/CMakeFiles/4.1.2-msvc8) by extensions ['colcon_meta']
[0.124s] Level 1:colcon.colcon_core.package_identification:_identify(src/build/CMakeFiles/4.1.2-msvc8) by extension 'colcon_meta'
[0.125s] Level 1:colcon.colcon_core.package_identification:_identify(src/build/CMakeFiles/4.1.2-msvc8) by extensions ['ros']
[0.125s] Level 1:colcon.colcon_core.package_identification:_identify(src/build/CMakeFiles/4.1.2-msvc8) by extension 'ros'
[0.125s] Level 1:colcon.colcon_core.package_identification:_identify(src/build/CMakeFiles/4.1.2-msvc8) by extensions ['cmake', 'python']
[0.126s] Level 1:colcon.colcon_core.package_identification:_identify(src/build/CMakeFiles/4.1.2-msvc8) by extension 'cmake'
[0.126s] Level 1:colcon.colcon_core.package_identification:_identify(src/build/CMakeFiles/4.1.2-msvc8) by extension 'python'
[0.126s] Level 1:colcon.colcon_core.package_identification:_identify(src/build/CMakeFiles/4.1.2-msvc8) by extensions ['python_setup_py']
[0.126s] Level 1:colcon.colcon_core.package_identification:_identify(src/build/CMakeFiles/4.1.2-msvc8) by extension 'python_setup_py'
[0.127s] Level 1:colcon.colcon_core.package_identification:_identify(src/build/CMakeFiles/4.1.2-msvc8/CompilerIdC) by extensions ['ignore', 'ignore_ament_install']
[0.127s] Level 1:colcon.colcon_core.package_identification:_identify(src/build/CMakeFiles/4.1.2-msvc8/CompilerIdC) by extension 'ignore'
[0.128s] Level 1:colcon.colcon_core.package_identification:_identify(src/build/CMakeFiles/4.1.2-msvc8/CompilerIdC) by extension 'ignore_ament_install'
[0.128s] Level 1:colcon.colcon_core.package_identification:_identify(src/build/CMakeFiles/4.1.2-msvc8/CompilerIdC) by extensions ['colcon_pkg']
[0.128s] Level 1:colcon.colcon_core.package_identification:_identify(src/build/CMakeFiles/4.1.2-msvc8/CompilerIdC) by extension 'colcon_pkg'
[0.128s] Level 1:colcon.colcon_core.package_identification:_identify(src/build/CMakeFiles/4.1.2-msvc8/CompilerIdC) by extensions ['colcon_meta']
[0.129s] Level 1:colcon.colcon_core.package_identification:_identify(src/build/CMakeFiles/4.1.2-msvc8/CompilerIdC) by extension 'colcon_meta'
[0.129s] Level 1:colcon.colcon_core.package_identification:_identify(src/build/CMakeFiles/4.1.2-msvc8/CompilerIdC) by extensions ['ros']
[0.129s] Level 1:colcon.colcon_core.package_identification:_identify(src/build/CMakeFiles/4.1.2-msvc8/CompilerIdC) by extension 'ros'
[0.130s] Level 1:colcon.colcon_core.package_identification:_identify(src/build/CMakeFiles/4.1.2-msvc8/CompilerIdC) by extensions ['cmake', 'python']
[0.130s] Level 1:colcon.colcon_core.package_identification:_identify(src/build/CMakeFiles/4.1.2-msvc8/CompilerIdC) by extension 'cmake'
[0.130s] Level 1:colcon.colcon_core.package_identification:_identify(src/build/CMakeFiles/4.1.2-msvc8/CompilerIdC) by extension 'python'
[0.130s] Level 1:colcon.colcon_core.package_identification:_identify(src/build/CMakeFiles/4.1.2-msvc8/CompilerIdC) by extensions ['python_setup_py']
[0.130s] Level 1:colcon.colcon_core.package_identification:_identify(src/build/CMakeFiles/4.1.2-msvc8/CompilerIdC) by extension 'python_setup_py'
[0.131s] Level 1:colcon.colcon_core.package_identification:_identify(src/build/CMakeFiles/4.1.2-msvc8/CompilerIdC/tmp) by extensions ['ignore', 'ignore_ament_install']
[0.131s] Level 1:colcon.colcon_core.package_identification:_identify(src/build/CMakeFiles/4.1.2-msvc8/CompilerIdC/tmp) by extension 'ignore'
[0.132s] Level 1:colcon.colcon_core.package_identification:_identify(src/build/CMakeFiles/4.1.2-msvc8/CompilerIdC/tmp) by extension 'ignore_ament_install'
[0.132s] Level 1:colcon.colcon_core.package_identification:_identify(src/build/CMakeFiles/4.1.2-msvc8/CompilerIdC/tmp) by extensions ['colcon_pkg']
[0.132s] Level 1:colcon.colcon_core.package_identification:_identify(src/build/CMakeFiles/4.1.2-msvc8/CompilerIdC/tmp) by extension 'colcon_pkg'
[0.132s] Level 1:colcon.colcon_core.package_identification:_identify(src/build/CMakeFiles/4.1.2-msvc8/CompilerIdC/tmp) by extensions ['colcon_meta']
[0.132s] Level 1:colcon.colcon_core.package_identification:_identify(src/build/CMakeFiles/4.1.2-msvc8/CompilerIdC/tmp) by extension 'colcon_meta'
[0.133s] Level 1:colcon.colcon_core.package_identification:_identify(src/build/CMakeFiles/4.1.2-msvc8/CompilerIdC/tmp) by extensions ['ros']
[0.133s] Level 1:colcon.colcon_core.package_identification:_identify(src/build/CMakeFiles/4.1.2-msvc8/CompilerIdC/tmp) by extension 'ros'
[0.133s] Level 1:colcon.colcon_core.package_identification:_identify(src/build/CMakeFiles/4.1.2-msvc8/CompilerIdC/tmp) by extensions ['cmake', 'python']
[0.133s] Level 1:colcon.colcon_core.package_identification:_identify(src/build/CMakeFiles/4.1.2-msvc8/CompilerIdC/tmp) by extension 'cmake'
[0.134s] Level 1:colcon.colcon_core.package_identification:_identify(src/build/CMakeFiles/4.1.2-msvc8/CompilerIdC/tmp) by extension 'python'
[0.134s] Level 1:colcon.colcon_core.package_identification:_identify(src/build/CMakeFiles/4.1.2-msvc8/CompilerIdC/tmp) by extensions ['python_setup_py']
[0.134s] Level 1:colcon.colcon_core.package_identification:_identify(src/build/CMakeFiles/4.1.2-msvc8/CompilerIdC/tmp) by extension 'python_setup_py'
[0.135s] Level 1:colcon.colcon_core.package_identification:_identify(src/build/CMakeFiles/4.1.2-msvc8/CompilerIdCXX) by extensions ['ignore', 'ignore_ament_install']
[0.135s] Level 1:colcon.colcon_core.package_identification:_identify(src/build/CMakeFiles/4.1.2-msvc8/CompilerIdCXX) by extension 'ignore'
[0.136s] Level 1:colcon.colcon_core.package_identification:_identify(src/build/CMakeFiles/4.1.2-msvc8/CompilerIdCXX) by extension 'ignore_ament_install'
[0.136s] Level 1:colcon.colcon_core.package_identification:_identify(src/build/CMakeFiles/4.1.2-msvc8/CompilerIdCXX) by extensions ['colcon_pkg']
[0.136s] Level 1:colcon.colcon_core.package_identification:_identify(src/build/CMakeFiles/4.1.2-msvc8/CompilerIdCXX) by extension 'colcon_pkg'
[0.136s] Level 1:colcon.colcon_core.package_identification:_identify(src/build/CMakeFiles/4.1.2-msvc8/CompilerIdCXX) by extensions ['colcon_meta']
[0.137s] Level 1:colcon.colcon_core.package_identification:_identify(src/build/CMakeFiles/4.1.2-msvc8/CompilerIdCXX) by extension 'colcon_meta'
[0.137s] Level 1:colcon.colcon_core.package_identification:_identify(src/build/CMakeFiles/4.1.2-msvc8/CompilerIdCXX) by extensions ['ros']
[0.137s] Level 1:colcon.colcon_core.package_identification:_identify(src/build/CMakeFiles/4.1.2-msvc8/CompilerIdCXX) by extension 'ros'
[0.138s] Level 1:colcon.colcon_core.package_identification:_identify(src/build/CMakeFiles/4.1.2-msvc8/CompilerIdCXX) by extensions ['cmake', 'python']
[0.138s] Level 1:colcon.colcon_core.package_identification:_identify(src/build/CMakeFiles/4.1.2-msvc8/CompilerIdCXX) by extension 'cmake'
[0.138s] Level 1:colcon.colcon_core.package_identification:_identify(src/build/CMakeFiles/4.1.2-msvc8/CompilerIdCXX) by extension 'python'
[0.138s] Level 1:colcon.colcon_core.package_identification:_identify(src/build/CMakeFiles/4.1.2-msvc8/CompilerIdCXX) by extensions ['python_setup_py']
[0.139s] Level 1:colcon.colcon_core.package_identification:_identify(src/build/CMakeFiles/4.1.2-msvc8/CompilerIdCXX) by extension 'python_setup_py'
[0.139s] Level 1:colcon.colcon_core.package_identification:_identify(src/build/CMakeFiles/4.1.2-msvc8/CompilerIdCXX/tmp) by extensions ['ignore', 'ignore_ament_install']
[0.139s] Level 1:colcon.colcon_core.package_identification:_identify(src/build/CMakeFiles/4.1.2-msvc8/CompilerIdCXX/tmp) by extension 'ignore'
[0.140s] Level 1:colcon.colcon_core.package_identification:_identify(src/build/CMakeFiles/4.1.2-msvc8/CompilerIdCXX/tmp) by extension 'ignore_ament_install'
[0.140s] Level 1:colcon.colcon_core.package_identification:_identify(src/build/CMakeFiles/4.1.2-msvc8/CompilerIdCXX/tmp) by extensions ['colcon_pkg']
[0.140s] Level 1:colcon.colcon_core.package_identification:_identify(src/build/CMakeFiles/4.1.2-msvc8/CompilerIdCXX/tmp) by extension 'colcon_pkg'
[0.141s] Level 1:colcon.colcon_core.package_identification:_identify(src/build/CMakeFiles/4.1.2-msvc8/CompilerIdCXX/tmp) by extensions ['colcon_meta']
[0.141s] Level 1:colcon.colcon_core.package_identification:_identify(src/build/CMakeFiles/4.1.2-msvc8/CompilerIdCXX/tmp) by extension 'colcon_meta'
[0.141s] Level 1:colcon.colcon_core.package_identification:_identify(src/build/CMakeFiles/4.1.2-msvc8/CompilerIdCXX/tmp) by extensions ['ros']
[0.141s] Level 1:colcon.colcon_core.package_identification:_identify(src/build/CMakeFiles/4.1.2-msvc8/CompilerIdCXX/tmp) by extension 'ros'
[0.142s] Level 1:colcon.colcon_core.package_identification:_identify(src/build/CMakeFiles/4.1.2-msvc8/CompilerIdCXX/tmp) by extensions ['cmake', 'python']
[0.142s] Level 1:colcon.colcon_core.package_identification:_identify(src/build/CMakeFiles/4.1.2-msvc8/CompilerIdCXX/tmp) by extension 'cmake'
[0.142s] Level 1:colcon.colcon_core.package_identification:_identify(src/build/CMakeFiles/4.1.2-msvc8/CompilerIdCXX/tmp) by extension 'python'
[0.142s] Level 1:colcon.colcon_core.package_identification:_identify(src/build/CMakeFiles/4.1.2-msvc8/CompilerIdCXX/tmp) by extensions ['python_setup_py']
[0.143s] Level 1:colcon.colcon_core.package_identification:_identify(src/build/CMakeFiles/4.1.2-msvc8/CompilerIdCXX/tmp) by extension 'python_setup_py'
[0.143s] Level 1:colcon.colcon_core.package_identification:_identify(src/build/CMakeFiles/ShowIncludes) by extensions ['ignore', 'ignore_ament_install']
[0.143s] Level 1:colcon.colcon_core.package_identification:_identify(src/build/CMakeFiles/ShowIncludes) by extension 'ignore'
[0.144s] Level 1:colcon.colcon_core.package_identification:_identify(src/build/CMakeFiles/ShowIncludes) by extension 'ignore_ament_install'
[0.144s] Level 1:colcon.colcon_core.package_identification:_identify(src/build/CMakeFiles/ShowIncludes) by extensions ['colcon_pkg']
[0.144s] Level 1:colcon.colcon_core.package_identification:_identify(src/build/CMakeFiles/ShowIncludes) by extension 'colcon_pkg'
[0.144s] Level 1:colcon.colcon_core.package_identification:_identify(src/build/CMakeFiles/ShowIncludes) by extensions ['colcon_meta']
[0.145s] Level 1:colcon.colcon_core.package_identification:_identify(src/build/CMakeFiles/ShowIncludes) by extension 'colcon_meta'
[0.145s] Level 1:colcon.colcon_core.package_identification:_identify(src/build/CMakeFiles/ShowIncludes) by extensions ['ros']
[0.145s] Level 1:colcon.colcon_core.package_identification:_identify(src/build/CMakeFiles/ShowIncludes) by extension 'ros'
[0.145s] Level 1:colcon.colcon_core.package_identification:_identify(src/build/CMakeFiles/ShowIncludes) by extensions ['cmake', 'python']
[0.146s] Level 1:colcon.colcon_core.package_identification:_identify(src/build/CMakeFiles/ShowIncludes) by extension 'cmake'
[0.146s] Level 1:colcon.colcon_core.package_identification:_identify(src/build/CMakeFiles/ShowIncludes) by extension 'python'
[0.146s] Level 1:colcon.colcon_core.package_identification:_identify(src/build/CMakeFiles/ShowIncludes) by extensions ['python_setup_py']
[0.146s] Level 1:colcon.colcon_core.package_identification:_identify(src/build/CMakeFiles/ShowIncludes) by extension 'python_setup_py'
[0.147s] Level 1:colcon.colcon_core.package_identification:_identify(src/build/CMakeFiles/pkgRedirects) by extensions ['ignore', 'ignore_ament_install']
[0.147s] Level 1:colcon.colcon_core.package_identification:_identify(src/build/CMakeFiles/pkgRedirects) by extension 'ignore'
[0.148s] Level 1:colcon.colcon_core.package_identification:_identify(src/build/CMakeFiles/pkgRedirects) by extension 'ignore_ament_install'
[0.148s] Level 1:colcon.colcon_core.package_identification:_identify(src/build/CMakeFiles/pkgRedirects) by extensions ['colcon_pkg']
[0.148s] Level 1:colcon.colcon_core.package_identification:_identify(src/build/CMakeFiles/pkgRedirects) by extension 'colcon_pkg'
[0.148s] Level 1:colcon.colcon_core.package_identification:_identify(src/build/CMakeFiles/pkgRedirects) by extensions ['colcon_meta']
[0.149s] Level 1:colcon.colcon_core.package_identification:_identify(src/build/CMakeFiles/pkgRedirects) by extension 'colcon_meta'
[0.149s] Level 1:colcon.colcon_core.package_identification:_identify(src/build/CMakeFiles/pkgRedirects) by extensions ['ros']
[0.149s] Level 1:colcon.colcon_core.package_identification:_identify(src/build/CMakeFiles/pkgRedirects) by extension 'ros'
[0.149s] Level 1:colcon.colcon_core.package_identification:_identify(src/build/CMakeFiles/pkgRedirects) by extensions ['cmake', 'python']
[0.150s] Level 1:colcon.colcon_core.package_identification:_identify(src/build/CMakeFiles/pkgRedirects) by extension 'cmake'
[0.150s] Level 1:colcon.colcon_core.package_identification:_identify(src/build/CMakeFiles/pkgRedirects) by extension 'python'
[0.150s] Level 1:colcon.colcon_core.package_identification:_identify(src/build/CMakeFiles/pkgRedirects) by extensions ['python_setup_py']
[0.150s] Level 1:colcon.colcon_core.package_identification:_identify(src/build/CMakeFiles/pkgRedirects) by extension 'python_setup_py'
[0.151s] Level 1:colcon.colcon_core.package_identification:_identify(src/my_cpp_pkg) by extensions ['ignore', 'ignore_ament_install']
[0.151s] Level 1:colcon.colcon_core.package_identification:_identify(src/my_cpp_pkg) by extension 'ignore'
[0.151s] Level 1:colcon.colcon_core.package_identification:_identify(src/my_cpp_pkg) by extension 'ignore_ament_install'
[0.152s] Level 1:colcon.colcon_core.package_identification:_identify(src/my_cpp_pkg) by extensions ['colcon_pkg']
[0.152s] Level 1:colcon.colcon_core.package_identification:_identify(src/my_cpp_pkg) by extension 'colcon_pkg'
[0.152s] Level 1:colcon.colcon_core.package_identification:_identify(src/my_cpp_pkg) by extensions ['colcon_meta']
[0.152s] Level 1:colcon.colcon_core.package_identification:_identify(src/my_cpp_pkg) by extension 'colcon_meta'
[0.153s] Level 1:colcon.colcon_core.package_identification:_identify(src/my_cpp_pkg) by extensions ['ros']
[0.153s] Level 1:colcon.colcon_core.package_identification:_identify(src/my_cpp_pkg) by extension 'ros'
[0.155s] DEBUG:colcon.colcon_core.package_identification:Package 'src/my_cpp_pkg' with type 'ros.ament_cmake' and name 'my_cpp_pkg'
[0.156s] Level 1:colcon.colcon_core.package_identification:_identify(src/my_py_pkg) by extensions ['ignore', 'ignore_ament_install']
[0.156s] Level 1:colcon.colcon_core.package_identification:_identify(src/my_py_pkg) by extension 'ignore'
[0.157s] Level 1:colcon.colcon_core.package_identification:_identify(src/my_py_pkg) by extension 'ignore_ament_install'
[0.157s] Level 1:colcon.colcon_core.package_identification:_identify(src/my_py_pkg) by extensions ['colcon_pkg']
[0.157s] Level 1:colcon.colcon_core.package_identification:_identify(src/my_py_pkg) by extension 'colcon_pkg'
[0.158s] Level 1:colcon.colcon_core.package_identification:_identify(src/my_py_pkg) by extensions ['colcon_meta']
[0.158s] Level 1:colcon.colcon_core.package_identification:_identify(src/my_py_pkg) by extension 'colcon_meta'
[0.158s] Level 1:colcon.colcon_core.package_identification:_identify(src/my_py_pkg) by extensions ['ros']
[0.158s] Level 1:colcon.colcon_core.package_identification:_identify(src/my_py_pkg) by extension 'ros'
[0.160s] DEBUG:colcon.colcon_core.package_identification:Package 'src/my_py_pkg' with type 'ros.ament_python' and name 'my_py_pkg'
[0.160s] Level 1:colcon.colcon_core.package_discovery:discover_packages(recursive) using defaults
[0.160s] Level 1:colcon.colcon_core.package_discovery:discover_packages(ignore) discover
[0.160s] Level 1:colcon.colcon_core.package_discovery:discover_packages(ignore) using defaults
[0.160s] Level 1:colcon.colcon_core.package_discovery:discover_packages(path) discover
[0.160s] Level 1:colcon.colcon_core.package_discovery:discover_packages(path) using defaults
[0.171s] INFO:colcon.colcon_core.package_selection:Skipping not selected package 'my_py_pkg' in 'src/my_py_pkg'
[0.172s] Level 1:colcon.colcon_core.package_discovery:discover_packages(prefix_path) check parameters
[0.172s] Level 1:colcon.colcon_core.package_discovery:discover_packages(prefix_path) discover
[0.179s] DEBUG:colcon.colcon_installed_package_information.package_discovery:Found 2 installed packages in /media/sf_GhostRider/ros2_ws/install
[0.180s] DEBUG:colcon.colcon_installed_package_information.package_discovery:Found 286 installed packages in /opt/ros/jazzy
[0.181s] Level 1:colcon.colcon_core.package_discovery:discover_packages(prefix_path) using defaults
[0.203s] Level 5:colcon.colcon_core.verb:set package 'my_cpp_pkg' build argument 'cmake_args' from command line to 'None'
[0.204s] Level 5:colcon.colcon_core.verb:set package 'my_cpp_pkg' build argument 'cmake_target' from command line to 'None'
[0.204s] Level 5:colcon.colcon_core.verb:set package 'my_cpp_pkg' build argument 'cmake_target_skip_unavailable' from command line to 'False'
[0.204s] Level 5:colcon.colcon_core.verb:set package 'my_cpp_pkg' build argument 'cmake_clean_cache' from command line to 'False'
[0.204s] Level 5:colcon.colcon_core.verb:set package 'my_cpp_pkg' build argument 'cmake_clean_first' from command line to 'False'
[0.204s] Level 5:colcon.colcon_core.verb:set package 'my_cpp_pkg' build argument 'cmake_force_configure' from command line to 'False'
[0.204s] Level 5:colcon.colcon_core.verb:set package 'my_cpp_pkg' build argument 'ament_cmake_args' from command line to 'None'
[0.205s] Level 5:colcon.colcon_core.verb:set package 'my_cpp_pkg' build argument 'catkin_cmake_args' from command line to 'None'
[0.205s] Level 5:colcon.colcon_core.verb:set package 'my_cpp_pkg' build argument 'catkin_skip_building_tests' from command line to 'False'
[0.205s] DEBUG:colcon.colcon_core.verb:Building package 'my_cpp_pkg' with the following arguments: {'ament_cmake_args': None, 'build_base': '/media/sf_GhostRider/ros2_ws/build/my_cpp_pkg', 'catkin_cmake_args': None, 'catkin_skip_building_tests': False, 'cmake_args': None, 'cmake_clean_cache': False, 'cmake_clean_first': False, 'cmake_force_configure': False, 'cmake_target': None, 'cmake_target_skip_unavailable': False, 'install_base': '/media/sf_GhostRider/ros2_ws/install/my_cpp_pkg', 'merge_install': False, 'path': '/media/sf_GhostRider/ros2_ws/src/my_cpp_pkg', 'symlink_install': False, 'test_result_base': None}
[0.205s] INFO:colcon.colcon_core.executor:Executing jobs using 'parallel' executor
[0.206s] DEBUG:colcon.colcon_parallel_executor.executor.parallel:run_until_complete
[0.207s] INFO:colcon.colcon_ros.task.ament_cmake.build:Building ROS package in '/media/sf_GhostRider/ros2_ws/src/my_cpp_pkg' with build type 'ament_cmake'
[0.208s] INFO:colcon.colcon_cmake.task.cmake.build:Building CMake package in '/media/sf_GhostRider/ros2_ws/src/my_cpp_pkg'
[0.211s] INFO:colcon.colcon_core.plugin_system:Skipping extension 'colcon_core.shell.bat': Not used on non-Windows systems
[0.211s] INFO:colcon.colcon_core.shell:Skip shell extension 'powershell' for command environment: Not usable outside of PowerShell
[0.211s] DEBUG:colcon.colcon_core.shell:Skip shell extension 'dsv' for command environment
[0.257s] DEBUG:colcon.colcon_core.event_handler.log_command:Invoking command in '/media/sf_GhostRider/ros2_ws/build/my_cpp_pkg': CMAKE_PREFIX_PATH=${CMAKE_PREFIX_PATH}:/media/sf_GhostRider/ros2_ws/install/my_py_pkg:/opt/ros/jazzy DEBUGINFOD_URLS=https://debuginfod.ubuntu.com /usr/bin/cmake --build /media/sf_GhostRider/ros2_ws/build/my_cpp_pkg -- -j20 -l20
[3.749s] DEBUG:colcon.colcon_core.event_handler.log_command:Invoked command in '/media/sf_GhostRider/ros2_ws/build/my_cpp_pkg' returned '0': CMAKE_PREFIX_PATH=${CMAKE_PREFIX_PATH}:/media/sf_GhostRider/ros2_ws/install/my_py_pkg:/opt/ros/jazzy DEBUGINFOD_URLS=https://debuginfod.ubuntu.com /usr/bin/cmake --build /media/sf_GhostRider/ros2_ws/build/my_cpp_pkg -- -j20 -l20
[3.774s] DEBUG:colcon.colcon_core.event_handler.log_command:Invoking command in '/media/sf_GhostRider/ros2_ws/build/my_cpp_pkg': CMAKE_PREFIX_PATH=${CMAKE_PREFIX_PATH}:/media/sf_GhostRider/ros2_ws/install/my_py_pkg:/opt/ros/jazzy DEBUGINFOD_URLS=https://debuginfod.ubuntu.com /usr/bin/cmake --install /media/sf_GhostRider/ros2_ws/build/my_cpp_pkg
[4.024s] Level 1:colcon.colcon_core.environment:create_environment_scripts_only(my_cpp_pkg)
[4.025s] DEBUG:colcon.colcon_core.event_handler.log_command:Invoked command in '/media/sf_GhostRider/ros2_ws/build/my_cpp_pkg' returned '0': CMAKE_PREFIX_PATH=${CMAKE_PREFIX_PATH}:/media/sf_GhostRider/ros2_ws/install/my_py_pkg:/opt/ros/jazzy DEBUGINFOD_URLS=https://debuginfod.ubuntu.com /usr/bin/cmake --install /media/sf_GhostRider/ros2_ws/build/my_cpp_pkg
[4.026s] Level 1:colcon.colcon_core.environment:checking '/media/sf_GhostRider/ros2_ws/install/my_cpp_pkg' for CMake module files
[4.032s] Level 1:colcon.colcon_core.environment:checking '/media/sf_GhostRider/ros2_ws/install/my_cpp_pkg' for CMake config files
[4.038s] Level 1:colcon.colcon_core.shell:create_environment_hook('my_cpp_pkg', 'cmake_prefix_path')
[4.038s] INFO:colcon.colcon_core.shell:Creating environment hook '/media/sf_GhostRider/ros2_ws/install/my_cpp_pkg/share/my_cpp_pkg/hook/cmake_prefix_path.ps1'
[4.040s] INFO:colcon.colcon_core.shell:Creating environment descriptor '/media/sf_GhostRider/ros2_ws/install/my_cpp_pkg/share/my_cpp_pkg/hook/cmake_prefix_path.dsv'
[4.041s] INFO:colcon.colcon_core.shell:Creating environment hook '/media/sf_GhostRider/ros2_ws/install/my_cpp_pkg/share/my_cpp_pkg/hook/cmake_prefix_path.sh'
[4.044s] Level 1:colcon.colcon_core.environment:checking '/media/sf_GhostRider/ros2_ws/install/my_cpp_pkg/lib'
[4.045s] Level 1:colcon.colcon_core.environment:checking '/media/sf_GhostRider/ros2_ws/install/my_cpp_pkg/bin'
[4.046s] Level 1:colcon.colcon_core.environment:checking '/media/sf_GhostRider/ros2_ws/install/my_cpp_pkg/lib/pkgconfig/my_cpp_pkg.pc'
[4.046s] Level 1:colcon.colcon_core.environment:checking '/media/sf_GhostRider/ros2_ws/install/my_cpp_pkg/lib/python3.12/site-packages'
[4.047s] Level 1:colcon.colcon_core.environment:checking '/media/sf_GhostRider/ros2_ws/install/my_cpp_pkg/bin'
[4.047s] INFO:colcon.colcon_core.shell:Creating package script '/media/sf_GhostRider/ros2_ws/install/my_cpp_pkg/share/my_cpp_pkg/package.ps1'
[4.049s] INFO:colcon.colcon_core.shell:Creating package descriptor '/media/sf_GhostRider/ros2_ws/install/my_cpp_pkg/share/my_cpp_pkg/package.dsv'
[4.050s] INFO:colcon.colcon_core.shell:Creating package script '/media/sf_GhostRider/ros2_ws/install/my_cpp_pkg/share/my_cpp_pkg/package.sh'
[4.051s] INFO:colcon.colcon_core.shell:Creating package script '/media/sf_GhostRider/ros2_ws/install/my_cpp_pkg/share/my_cpp_pkg/package.bash'
[4.053s] INFO:colcon.colcon_core.shell:Creating package script '/media/sf_GhostRider/ros2_ws/install/my_cpp_pkg/share/my_cpp_pkg/package.zsh'
[4.054s] Level 1:colcon.colcon_core.environment:create_file_with_runtime_dependencies(/media/sf_GhostRider/ros2_ws/install/my_cpp_pkg/share/colcon-core/packages/my_cpp_pkg)
[4.057s] Level 1:colcon.colcon_core.environment:create_environment_scripts_only(my_cpp_pkg)
[4.057s] Level 1:colcon.colcon_core.environment:checking '/media/sf_GhostRider/ros2_ws/install/my_cpp_pkg' for CMake module files
[4.063s] Level 1:colcon.colcon_core.environment:checking '/media/sf_GhostRider/ros2_ws/install/my_cpp_pkg' for CMake config files
[4.069s] Level 1:colcon.colcon_core.shell:create_environment_hook('my_cpp_pkg', 'cmake_prefix_path')
[4.070s] INFO:colcon.colcon_core.shell:Creating environment hook '/media/sf_GhostRider/ros2_ws/install/my_cpp_pkg/share/my_cpp_pkg/hook/cmake_prefix_path.ps1'
[4.071s] INFO:colcon.colcon_core.shell:Creating environment descriptor '/media/sf_GhostRider/ros2_ws/install/my_cpp_pkg/share/my_cpp_pkg/hook/cmake_prefix_path.dsv'
[4.073s] INFO:colcon.colcon_core.shell:Creating environment hook '/media/sf_GhostRider/ros2_ws/install/my_cpp_pkg/share/my_cpp_pkg/hook/cmake_prefix_path.sh'
[4.075s] Level 1:colcon.colcon_core.environment:checking '/media/sf_GhostRider/ros2_ws/install/my_cpp_pkg/lib'
[4.076s] Level 1:colcon.colcon_core.environment:checking '/media/sf_GhostRider/ros2_ws/install/my_cpp_pkg/bin'
[4.076s] Level 1:colcon.colcon_core.environment:checking '/media/sf_GhostRider/ros2_ws/install/my_cpp_pkg/lib/pkgconfig/my_cpp_pkg.pc'
[4.077s] Level 1:colcon.colcon_core.environment:checking '/media/sf_GhostRider/ros2_ws/install/my_cpp_pkg/lib/python3.12/site-packages'
[4.077s] Level 1:colcon.colcon_core.environment:checking '/media/sf_GhostRider/ros2_ws/install/my_cpp_pkg/bin'
[4.077s] INFO:colcon.colcon_core.shell:Creating package script '/media/sf_GhostRider/ros2_ws/install/my_cpp_pkg/share/my_cpp_pkg/package.ps1'
[4.079s] INFO:colcon.colcon_core.shell:Creating package descriptor '/media/sf_GhostRider/ros2_ws/install/my_cpp_pkg/share/my_cpp_pkg/package.dsv'
[4.080s] INFO:colcon.colcon_core.shell:Creating package script '/media/sf_GhostRider/ros2_ws/install/my_cpp_pkg/share/my_cpp_pkg/package.sh'
[4.082s] INFO:colcon.colcon_core.shell:Creating package script '/media/sf_GhostRider/ros2_ws/install/my_cpp_pkg/share/my_cpp_pkg/package.bash'
[4.084s] INFO:colcon.colcon_core.shell:Creating package script '/media/sf_GhostRider/ros2_ws/install/my_cpp_pkg/share/my_cpp_pkg/package.zsh'
[4.091s] Level 1:colcon.colcon_core.environment:create_file_with_runtime_dependencies(/media/sf_GhostRider/ros2_ws/install/my_cpp_pkg/share/colcon-core/packages/my_cpp_pkg)
[4.094s] DEBUG:colcon.colcon_parallel_executor.executor.parallel:closing loop
[4.094s] DEBUG:colcon.colcon_parallel_executor.executor.parallel:loop closed
[4.095s] DEBUG:colcon.colcon_parallel_executor.executor.parallel:run_until_complete finished with '0'
[4.095s] DEBUG:colcon.colcon_core.event_reactor:joining thread
[4.102s] INFO:colcon.colcon_core.plugin_system:Skipping extension 'colcon_notification.desktop_notification.terminal_notifier': Not used on non-Darwin systems
[4.102s] INFO:colcon.colcon_core.plugin_system:Skipping extension 'colcon_notification.desktop_notification.win32': Not used on non-Windows systems
[4.103s] INFO:colcon.colcon_notification.desktop_notification:Sending desktop notification using 'notify2'
[4.116s] DEBUG:colcon.colcon_core.event_reactor:joined thread
[4.117s] INFO:colcon.colcon_core.shell:Creating prefix script '/media/sf_GhostRider/ros2_ws/install/local_setup.ps1'
[4.125s] INFO:colcon.colcon_core.shell:Creating prefix util module '/media/sf_GhostRider/ros2_ws/install/_local_setup_util_ps1.py'
[4.142s] INFO:colcon.colcon_core.shell:Creating prefix chain script '/media/sf_GhostRider/ros2_ws/install/setup.ps1'
[4.179s] INFO:colcon.colcon_core.shell:Creating prefix script '/media/sf_GhostRider/ros2_ws/install/local_setup.sh'
[4.190s] INFO:colcon.colcon_core.shell:Creating prefix util module '/media/sf_GhostRider/ros2_ws/install/_local_setup_util_sh.py'
[4.193s] INFO:colcon.colcon_core.shell:Creating prefix chain script '/media/sf_GhostRider/ros2_ws/install/setup.sh'
[4.227s] INFO:colcon.colcon_core.shell:Creating prefix script '/media/sf_GhostRider/ros2_ws/install/local_setup.bash'
[4.229s] INFO:colcon.colcon_core.shell:Creating prefix chain script '/media/sf_GhostRider/ros2_ws/install/setup.bash'
[4.237s] INFO:colcon.colcon_core.shell:Creating prefix script '/media/sf_GhostRider/ros2_ws/install/local_setup.zsh'
[4.239s] INFO:colcon.colcon_core.shell:Creating prefix chain script '/media/sf_GhostRider/ros2_ws/install/setup.zsh'
