[0.693s] Invoking command in '/media/sf_GhostRider/ros2_ws/src/turtlesim_catch_them_all': DEBUGINFOD_URLS=https://debuginfod.ubuntu.com PYTHONPATH=/media/sf_GhostRider/ros2_ws/build/turtlesim_catch_them_all/prefix_override:/usr/lib/python3/dist-packages/colcon_core/task/python/colcon_distutils_commands:/media/sf_GhostRider/ros2_ws/install/turtlesim_catch_them_all/lib/python3.12/site-packages:${PYTHONPATH} /usr/bin/python3 -W ignore:setup.py install is deprecated -W ignore:easy_install command is deprecated setup.py egg_info --egg-base ../../build/turtlesim_catch_them_all build --build-base /media/sf_GhostRider/ros2_ws/build/turtlesim_catch_them_all/build install --record /media/sf_GhostRider/ros2_ws/build/turtlesim_catch_them_all/install.log --single-version-externally-managed install_data
[0.889s] running egg_info
[0.904s] writing ../../build/turtlesim_catch_them_all/turtlesim_catch_them_all.egg-info/PKG-INFO
[0.906s] writing dependency_links to ../../build/turtlesim_catch_them_all/turtlesim_catch_them_all.egg-info/dependency_links.txt
[0.907s] writing entry points to ../../build/turtlesim_catch_them_all/turtlesim_catch_them_all.egg-info/entry_points.txt
[0.909s] writing requirements to ../../build/turtlesim_catch_them_all/turtlesim_catch_them_all.egg-info/requires.txt
[0.910s] writing top-level names to ../../build/turtlesim_catch_them_all/turtlesim_catch_them_all.egg-info/top_level.txt
[0.939s] reading manifest file '../../build/turtlesim_catch_them_all/turtlesim_catch_them_all.egg-info/SOURCES.txt'
[0.942s] writing manifest file '../../build/turtlesim_catch_them_all/turtlesim_catch_them_all.egg-info/SOURCES.txt'
[0.943s] running build
[0.944s] running build_py
[0.945s] copying turtlesim_catch_them_all/turtle_spawner.py -> /media/sf_GhostRider/ros2_ws/build/turtlesim_catch_them_all/build/lib/turtlesim_catch_them_all
[0.949s] running install
[0.954s] running install_lib
[0.968s] copying /media/sf_GhostRider/ros2_ws/build/turtlesim_catch_them_all/build/lib/turtlesim_catch_them_all/turtle_spawner.py -> /media/sf_GhostRider/ros2_ws/install/turtlesim_catch_them_all/lib/python3.12/site-packages/turtlesim_catch_them_all
[0.973s] byte-compiling /media/sf_GhostRider/ros2_ws/install/turtlesim_catch_them_all/lib/python3.12/site-packages/turtlesim_catch_them_all/turtle_spawner.py to turtle_spawner.cpython-312.pyc
[0.978s] running install_data
[0.979s] running install_egg_info
[0.998s] removing '/media/sf_GhostRider/ros2_ws/install/turtlesim_catch_them_all/lib/python3.12/site-packages/turtlesim_catch_them_all-0.0.0-py3.12.egg-info' (and everything under it)
[1.002s] Copying ../../build/turtlesim_catch_them_all/turtlesim_catch_them_all.egg-info to /media/sf_GhostRider/ros2_ws/install/turtlesim_catch_them_all/lib/python3.12/site-packages/turtlesim_catch_them_all-0.0.0-py3.12.egg-info
[1.027s] running install_scripts
[1.115s] Installing controller script to /media/sf_GhostRider/ros2_ws/install/turtlesim_catch_them_all/lib/turtlesim_catch_them_all
[1.118s] Installing spawner script to /media/sf_GhostRider/ros2_ws/install/turtlesim_catch_them_all/lib/turtlesim_catch_them_all
[1.120s] writing list of installed files to '/media/sf_GhostRider/ros2_ws/build/turtlesim_catch_them_all/install.log'
[1.139s] Invoked command in '/media/sf_GhostRider/ros2_ws/src/turtlesim_catch_them_all' returned '0': DEBUGINFOD_URLS=https://debuginfod.ubuntu.com PYTHONPATH=/media/sf_GhostRider/ros2_ws/build/turtlesim_catch_them_all/prefix_override:/usr/lib/python3/dist-packages/colcon_core/task/python/colcon_distutils_commands:/media/sf_GhostRider/ros2_ws/install/turtlesim_catch_them_all/lib/python3.12/site-packages:${PYTHONPATH} /usr/bin/python3 -W ignore:setup.py install is deprecated -W ignore:easy_install command is deprecated setup.py egg_info --egg-base ../../build/turtlesim_catch_them_all build --build-base /media/sf_GhostRider/ros2_ws/build/turtlesim_catch_them_all/build install --record /media/sf_GhostRider/ros2_ws/build/turtlesim_catch_them_all/install.log --single-version-externally-managed install_data
