[0.693s] Invoking command in '/media/sf_GhostRider/ros2_ws/src/my_py_pkg': DEBUGINFOD_URLS=https://debuginfod.ubuntu.com PYTHONPATH=/media/sf_GhostRider/ros2_ws/build/my_py_pkg/prefix_override:/usr/lib/python3/dist-packages/colcon_core/task/python/colcon_distutils_commands:/media/sf_GhostRider/ros2_ws/install/my_py_pkg/lib/python3.12/site-packages:${PYTHONPATH} /usr/bin/python3 -W ignore:setup.py install is deprecated -W ignore:easy_install command is deprecated setup.py egg_info --egg-base ../../build/my_py_pkg build --build-base /media/sf_GhostRider/ros2_ws/build/my_py_pkg/build install --record /media/sf_GhostRider/ros2_ws/build/my_py_pkg/install.log --single-version-externally-managed install_data
[0.890s] running egg_info
[0.916s] writing ../../build/my_py_pkg/my_py_pkg.egg-info/PKG-INFO
[0.919s] writing dependency_links to ../../build/my_py_pkg/my_py_pkg.egg-info/dependency_links.txt
[0.920s] writing entry points to ../../build/my_py_pkg/my_py_pkg.egg-info/entry_points.txt
[0.925s] writing requirements to ../../build/my_py_pkg/my_py_pkg.egg-info/requires.txt
[0.928s] writing top-level names to ../../build/my_py_pkg/my_py_pkg.egg-info/top_level.txt
[0.968s] reading manifest file '../../build/my_py_pkg/my_py_pkg.egg-info/SOURCES.txt'
[0.971s] writing manifest file '../../build/my_py_pkg/my_py_pkg.egg-info/SOURCES.txt'
[0.973s] running build
[0.975s] running build_py
[0.981s] copying my_py_pkg/number_counter.py -> /media/sf_GhostRider/ros2_ws/build/my_py_pkg/build/lib/my_py_pkg
[0.987s] running install
[0.992s] running install_lib
[1.007s] copying /media/sf_GhostRider/ros2_ws/build/my_py_pkg/build/lib/my_py_pkg/number_counter.py -> /media/sf_GhostRider/ros2_ws/install/my_py_pkg/lib/python3.12/site-packages/my_py_pkg
[1.013s] byte-compiling /media/sf_GhostRider/ros2_ws/install/my_py_pkg/lib/python3.12/site-packages/my_py_pkg/number_counter.py to number_counter.cpython-312.pyc
[1.017s] running install_data
[1.019s] running install_egg_info
[1.049s] removing '/media/sf_GhostRider/ros2_ws/install/my_py_pkg/lib/python3.12/site-packages/my_py_pkg-0.0.0-py3.12.egg-info' (and everything under it)
[1.054s] Copying ../../build/my_py_pkg/my_py_pkg.egg-info to /media/sf_GhostRider/ros2_ws/install/my_py_pkg/lib/python3.12/site-packages/my_py_pkg-0.0.0-py3.12.egg-info
[1.115s] running install_scripts
[1.236s] Installing number_counter script to /media/sf_GhostRider/ros2_ws/install/my_py_pkg/lib/my_py_pkg
[1.240s] Installing number_publisher script to /media/sf_GhostRider/ros2_ws/install/my_py_pkg/lib/my_py_pkg
[1.243s] Installing py_node script to /media/sf_GhostRider/ros2_ws/install/my_py_pkg/lib/my_py_pkg
[1.247s] Installing robot_news_station script to /media/sf_GhostRider/ros2_ws/install/my_py_pkg/lib/my_py_pkg
[1.250s] Installing smartphone script to /media/sf_GhostRider/ros2_ws/install/my_py_pkg/lib/my_py_pkg
[1.256s] writing list of installed files to '/media/sf_GhostRider/ros2_ws/build/my_py_pkg/install.log'
[1.277s] Invoked command in '/media/sf_GhostRider/ros2_ws/src/my_py_pkg' returned '0': DEBUGINFOD_URLS=https://debuginfod.ubuntu.com PYTHONPATH=/media/sf_GhostRider/ros2_ws/build/my_py_pkg/prefix_override:/usr/lib/python3/dist-packages/colcon_core/task/python/colcon_distutils_commands:/media/sf_GhostRider/ros2_ws/install/my_py_pkg/lib/python3.12/site-packages:${PYTHONPATH} /usr/bin/python3 -W ignore:setup.py install is deprecated -W ignore:easy_install command is deprecated setup.py egg_info --egg-base ../../build/my_py_pkg build --build-base /media/sf_GhostRider/ros2_ws/build/my_py_pkg/build install --record /media/sf_GhostRider/ros2_ws/build/my_py_pkg/install.log --single-version-externally-managed install_data
