gmake[2]: Warning: File '/media/sf_GhostRider/ros2_ws/src/my_cpp_pkg/src/number_publisher.cpp' has modification time 3.4 s in the future
[ 16%] [32mBuilding CXX object CMakeFiles/number_publisher.dir/src/number_publisher.cpp.o[0m
[ 16%] Built target add_two_ints_client
[ 38%] Built target robot_news_station
[ 61%] Built target add_two_ints_server
[ 61%] Built target smartphone
[ 77%] Built target add_two_ints_client_no_oop
[ 83%] Built target number_counter
[ 83%] Built target cpp_node_test
[ 94%] Built target hardware_status_publisher
[100%] [32m[1mLinking CXX executable number_publisher[0m
gmake[2]: warning:  Clock skew detected.  Your build may be incomplete.
[100%] Built target number_publisher
-- Install configuration: ""
-- Up-to-date: /media/sf_GhostRider/ros2_ws/install/my_cpp_pkg/lib/my_cpp_pkg/cpp_node_test
-- Up-to-date: /media/sf_GhostRider/ros2_ws/install/my_cpp_pkg/lib/my_cpp_pkg/robot_news_station
-- Up-to-date: /media/sf_GhostRider/ros2_ws/install/my_cpp_pkg/lib/my_cpp_pkg/smartphone
-- Installing: /media/sf_GhostRider/ros2_ws/install/my_cpp_pkg/lib/my_cpp_pkg/number_publisher
-- Set non-toolchain portion of runtime path of "/media/sf_GhostRider/ros2_ws/install/my_cpp_pkg/lib/my_cpp_pkg/number_publisher" to ""
-- Up-to-date: /media/sf_GhostRider/ros2_ws/install/my_cpp_pkg/lib/my_cpp_pkg/number_counter
-- Up-to-date: /media/sf_GhostRider/ros2_ws/install/my_cpp_pkg/lib/my_cpp_pkg/add_two_ints_server
-- Up-to-date: /media/sf_GhostRider/ros2_ws/install/my_cpp_pkg/lib/my_cpp_pkg/hardware_status_publisher
-- Up-to-date: /media/sf_GhostRider/ros2_ws/install/my_cpp_pkg/lib/my_cpp_pkg/add_two_ints_client_no_oop
-- Up-to-date: /media/sf_GhostRider/ros2_ws/install/my_cpp_pkg/lib/my_cpp_pkg/add_two_ints_client
-- Up-to-date: /media/sf_GhostRider/ros2_ws/install/my_cpp_pkg/share/ament_index/resource_index/package_run_dependencies/my_cpp_pkg
-- Up-to-date: /media/sf_GhostRider/ros2_ws/install/my_cpp_pkg/share/ament_index/resource_index/parent_prefix_path/my_cpp_pkg
-- Up-to-date: /media/sf_GhostRider/ros2_ws/install/my_cpp_pkg/share/my_cpp_pkg/environment/ament_prefix_path.sh
-- Up-to-date: /media/sf_GhostRider/ros2_ws/install/my_cpp_pkg/share/my_cpp_pkg/environment/ament_prefix_path.dsv
-- Up-to-date: /media/sf_GhostRider/ros2_ws/install/my_cpp_pkg/share/my_cpp_pkg/environment/path.sh
-- Up-to-date: /media/sf_GhostRider/ros2_ws/install/my_cpp_pkg/share/my_cpp_pkg/environment/path.dsv
-- Up-to-date: /media/sf_GhostRider/ros2_ws/install/my_cpp_pkg/share/my_cpp_pkg/local_setup.bash
-- Up-to-date: /media/sf_GhostRider/ros2_ws/install/my_cpp_pkg/share/my_cpp_pkg/local_setup.sh
-- Up-to-date: /media/sf_GhostRider/ros2_ws/install/my_cpp_pkg/share/my_cpp_pkg/local_setup.zsh
-- Up-to-date: /media/sf_GhostRider/ros2_ws/install/my_cpp_pkg/share/my_cpp_pkg/local_setup.dsv
-- Installing: /media/sf_GhostRider/ros2_ws/install/my_cpp_pkg/share/my_cpp_pkg/package.dsv
-- Up-to-date: /media/sf_GhostRider/ros2_ws/install/my_cpp_pkg/share/ament_index/resource_index/packages/my_cpp_pkg
-- Up-to-date: /media/sf_GhostRider/ros2_ws/install/my_cpp_pkg/share/my_cpp_pkg/cmake/my_cpp_pkgConfig.cmake
-- Up-to-date: /media/sf_GhostRider/ros2_ws/install/my_cpp_pkg/share/my_cpp_pkg/cmake/my_cpp_pkgConfig-version.cmake
-- Up-to-date: /media/sf_GhostRider/ros2_ws/install/my_cpp_pkg/share/my_cpp_pkg/package.xml
