gmake: Warning: File 'Makefile' has modification time 0.15 s in the future
gmake[1]: Warning: File 'CMakeFiles/Makefile2' has modification time 0.21 s in the future
gmake[2]: Warning: File 'CMakeFiles/ament_cmake_python_copy_turtle_catch_all_interfaces.dir/progress.make' has modification time 0.17 s in the future
gmake[2]: Warning: File 'CMakeFiles/turtle_catch_all_interfaces__rosidl_generator_type_description.dir/progress.make' has modification time 0.17 s in the future
gmake[2]: warning:  Clock skew detected.  Your build may be incomplete.
gmake[2]: warning:  Clock skew detected.  Your build may be incomplete.
gmake[2]: Warning: File 'CMakeFiles/ament_cmake_python_copy_turtle_catch_all_interfaces.dir/progress.make' has modification time 0.12 s in the future
gmake[2]: Warning: File 'CMakeFiles/turtle_catch_all_interfaces__rosidl_generator_type_description.dir/progress.make' has modification time 0.13 s in the future
gmake[2]: warning:  Clock skew detected.  Your build may be incomplete.
gmake[2]: Warning: File 'CMakeFiles/turtle_catch_all_interfaces__cpp.dir/progress.make' has modification time 0.056 s in the future
gmake[2]: Warning: File 'CMakeFiles/turtle_catch_all_interfaces__rosidl_generator_c.dir/progress.make' has modification time 0.049 s in the future
gmake[2]: warning:  Clock skew detected.  Your build may be incomplete.
gmake[2]: warning:  Clock skew detected.  Your build may be incomplete.
gmake[2]: warning:  Clock skew detected.  Your build may be incomplete.
gmake[2]: Warning: File 'CMakeFiles/turtle_catch_all_interfaces__rosidl_generator_py.dir/compiler_depend.make' has modification time 0.29 s in the future
gmake[2]: warning:  Clock skew detected.  Your build may be incomplete.
gmake[2]: Warning: File 'CMakeFiles/turtle_catch_all_interfaces_s__rosidl_typesupport_fastrtps_c.dir/compiler_depend.make' has modification time 0.33 s in the future
gmake[2]: Warning: File 'CMakeFiles/turtle_catch_all_interfaces_s__rosidl_typesupport_c.dir/compiler_depend.make' has modification time 0.25 s in the future
gmake[2]: Warning: File 'CMakeFiles/turtle_catch_all_interfaces_s__rosidl_typesupport_introspection_c.dir/compiler_depend.make' has modification time 0.24 s in the future
gmake[2]: warning:  Clock skew detected.  Your build may be incomplete.
gmake[2]: warning:  Clock skew detected.  Your build may be incomplete.
gmake[2]: warning:  Clock skew detected.  Your build may be incomplete.
gmake[1]: warning:  Clock skew detected.  Your build may be incomplete.
gmake: warning:  Clock skew detected.  Your build may be incomplete.
