[0.051s] Invoking command in '/media/sf_GhostRider/ros2_ws/build/turtle_catch_all_interfaces': CMAKE_PREFIX_PATH=${CMAKE_PREFIX_PATH}:/media/sf_GhostRider/ros2_ws/install/turtlesim_catch_them_all:/media/sf_GhostRider/ros2_ws/install/my_py_pkg:/opt/ros/jazzy DEBUGINFOD_URLS=https://debuginfod.ubuntu.com /usr/bin/cmake /media/sf_GhostRider/ros2_ws/src/turtle_catch_all_interfaces -DCMAKE_INSTALL_PREFIX=/media/sf_GhostRider/ros2_ws/install/turtle_catch_all_interfaces
[0.174s] -- The C compiler identification is GNU 13.3.0
[0.265s] -- The CXX compiler identification is GNU 13.3.0
[0.296s] -- Detecting C compiler ABI info
[0.556s] -- Detecting C compiler ABI info - done
[0.585s] -- Check for working C compiler: /usr/bin/cc - skipped
[0.586s] -- Detecting C compile features
[0.587s] -- Detecting C compile features - done
[0.604s] -- Detecting CXX compiler ABI info
[0.845s] -- Detecting CXX compiler ABI info - done
[0.866s] -- Check for working CXX compiler: /usr/bin/c++ - skipped
[0.867s] -- Detecting CXX compile features
[0.868s] -- Detecting CXX compile features - done
[0.901s] -- Found ament_cmake: 2.5.5 (/opt/ros/jazzy/share/ament_cmake/cmake)
[1.105s] -- Found Python3: /usr/bin/python3 (found version "3.12.3") found components: Interpreter 
[1.582s] -- Found rosidl_default_generators: 1.6.0 (/opt/ros/jazzy/share/rosidl_default_generators/cmake)
[1.646s] -- Using all available rosidl_typesupport_c: rosidl_typesupport_fastrtps_c;rosidl_typesupport_introspection_c
[2.005s] -- Using all available rosidl_typesupport_cpp: rosidl_typesupport_fastrtps_cpp;rosidl_typesupport_introspection_cpp
[2.333s] -- Found rosidl_adapter: 4.6.7 (/opt/ros/jazzy/share/rosidl_adapter/cmake)
[3.075s] -- Found ament_cmake_ros: 0.12.0 (/opt/ros/jazzy/share/ament_cmake_ros/cmake)
[3.615s] -- Using all available rosidl_typesupport_c: rosidl_typesupport_fastrtps_c;rosidl_typesupport_introspection_c
[4.260s] -- Using all available rosidl_typesupport_cpp: rosidl_typesupport_fastrtps_cpp;rosidl_typesupport_introspection_cpp
[4.290s] -- Found python_cmake_module: 0.11.1 (/opt/ros/jazzy/share/python_cmake_module/cmake)
[4.411s] -- Found PythonExtra: /usr/bin/python3  
[4.766s] -- Found Python3: /usr/bin/python3 (found version "3.12.3") found components: Interpreter Development NumPy Development.Module Development.Embed 
[4.878s] -- Configuring done (4.8s)
[5.283s] -- Generating done (0.4s)
[5.405s] -- Build files have been written to: /media/sf_GhostRider/ros2_ws/build/turtle_catch_all_interfaces
[5.414s] Invoked command in '/media/sf_GhostRider/ros2_ws/build/turtle_catch_all_interfaces' returned '0': CMAKE_PREFIX_PATH=${CMAKE_PREFIX_PATH}:/media/sf_GhostRider/ros2_ws/install/turtlesim_catch_them_all:/media/sf_GhostRider/ros2_ws/install/my_py_pkg:/opt/ros/jazzy DEBUGINFOD_URLS=https://debuginfod.ubuntu.com /usr/bin/cmake /media/sf_GhostRider/ros2_ws/src/turtle_catch_all_interfaces -DCMAKE_INSTALL_PREFIX=/media/sf_GhostRider/ros2_ws/install/turtle_catch_all_interfaces
[5.418s] Invoking command in '/media/sf_GhostRider/ros2_ws/build/turtle_catch_all_interfaces': CMAKE_PREFIX_PATH=${CMAKE_PREFIX_PATH}:/media/sf_GhostRider/ros2_ws/install/turtlesim_catch_them_all:/media/sf_GhostRider/ros2_ws/install/my_py_pkg:/opt/ros/jazzy DEBUGINFOD_URLS=https://debuginfod.ubuntu.com /usr/bin/cmake --build /media/sf_GhostRider/ros2_ws/build/turtle_catch_all_interfaces -- -j20 -l20
[5.458s] gmake: Warning: File 'Makefile' has modification time 0.15 s in the future
[5.520s] gmake[1]: Warning: File 'CMakeFiles/Makefile2' has modification time 0.21 s in the future
[5.529s] gmake[2]: Warning: File 'CMakeFiles/ament_cmake_python_copy_turtle_catch_all_interfaces.dir/progress.make' has modification time 0.17 s in the future
[5.530s] gmake[2]: Warning: File 'CMakeFiles/turtle_catch_all_interfaces__rosidl_generator_type_description.dir/progress.make' has modification time 0.17 s in the future
[5.567s] gmake[2]: warning:  Clock skew detected.  Your build may be incomplete.
[5.568s] gmake[2]: warning:  Clock skew detected.  Your build may be incomplete.
[5.572s] gmake[2]: Warning: File 'CMakeFiles/ament_cmake_python_copy_turtle_catch_all_interfaces.dir/progress.make' has modification time 0.12 s in the future
[5.573s] gmake[2]: Warning: File 'CMakeFiles/turtle_catch_all_interfaces__rosidl_generator_type_description.dir/progress.make' has modification time 0.13 s in the future
[5.594s] gmake[2]: warning:  Clock skew detected.  Your build may be incomplete.
[5.619s] [  1%] Built target turtle_catch_all_interfaces__rosidl_generator_type_description
[5.642s] gmake[2]: Warning: File 'CMakeFiles/turtle_catch_all_interfaces__cpp.dir/progress.make' has modification time 0.056 s in the future
[5.653s] gmake[2]: Warning: File 'CMakeFiles/turtle_catch_all_interfaces__rosidl_generator_c.dir/progress.make' has modification time 0.049 s in the future
[5.689s] gmake[2]: warning:  Clock skew detected.  Your build may be incomplete.
[5.709s] gmake[2]: warning:  Clock skew detected.  Your build may be incomplete.
[5.742s] [  1%] Built target ament_cmake_python_copy_turtle_catch_all_interfaces
[8.065s] [  3%] Built target turtle_catch_all_interfaces__cpp
[8.086s] gmake[2]: warning:  Clock skew detected.  Your build may be incomplete.
[8.140s] [ 24%] Built target turtle_catch_all_interfaces__rosidl_generator_c
[8.337s] running egg_info
[8.373s] writing turtle_catch_all_interfaces.egg-info/PKG-INFO
[8.379s] writing dependency_links to turtle_catch_all_interfaces.egg-info/dependency_links.txt
[8.391s] writing top-level names to turtle_catch_all_interfaces.egg-info/top_level.txt
[8.512s] reading manifest file 'turtle_catch_all_interfaces.egg-info/SOURCES.txt'
[8.528s] writing manifest file 'turtle_catch_all_interfaces.egg-info/SOURCES.txt'
[8.711s] [ 24%] Built target ament_cmake_python_build_turtle_catch_all_interfaces_egg
[9.296s] [ 42%] Built target turtle_catch_all_interfaces__rosidl_typesupport_c
[9.300s] [ 42%] Built target turtle_catch_all_interfaces__rosidl_typesupport_introspection_c
[10.073s] [ 48%] [32mBuilding CXX object CMakeFiles/turtle_catch_all_interfaces__rosidl_typesupport_introspection_cpp.dir/rosidl_typesupport_introspection_cpp/turtle_catch_all_interfaces/msg/detail/turtle__type_support.cpp.o[0m
[10.077s] [ 48%] [32mBuilding CXX object CMakeFiles/turtle_catch_all_interfaces__rosidl_typesupport_cpp.dir/rosidl_typesupport_cpp/turtle_catch_all_interfaces/msg/turtle__type_support.cpp.o[0m
[10.082s] [ 48%] [32mBuilding CXX object CMakeFiles/turtle_catch_all_interfaces__rosidl_typesupport_cpp.dir/rosidl_typesupport_cpp/turtle_catch_all_interfaces/msg/turtle_array__type_support.cpp.o[0m
[10.087s] [ 50%] [32mBuilding CXX object CMakeFiles/turtle_catch_all_interfaces__rosidl_typesupport_introspection_cpp.dir/rosidl_typesupport_introspection_cpp/turtle_catch_all_interfaces/msg/detail/turtle_array__type_support.cpp.o[0m
[10.092s] [ 53%] [32mBuilding CXX object CMakeFiles/turtle_catch_all_interfaces__rosidl_typesupport_introspection_cpp.dir/rosidl_typesupport_introspection_cpp/turtle_catch_all_interfaces/srv/detail/catch_turtle__type_support.cpp.o[0m
[10.111s] [ 53%] [32mBuilding CXX object CMakeFiles/turtle_catch_all_interfaces__rosidl_typesupport_cpp.dir/rosidl_typesupport_cpp/turtle_catch_all_interfaces/srv/catch_turtle__type_support.cpp.o[0m
[10.961s] [ 62%] Built target turtle_catch_all_interfaces__rosidl_typesupport_fastrtps_c
[11.014s] [ 66%] [32mBuilding CXX object CMakeFiles/turtle_catch_all_interfaces__rosidl_typesupport_fastrtps_cpp.dir/rosidl_typesupport_fastrtps_cpp/turtle_catch_all_interfaces/msg/detail/dds_fastrtps/turtle__type_support.cpp.o[0m
[11.020s] [ 66%] [32mBuilding CXX object CMakeFiles/turtle_catch_all_interfaces__rosidl_typesupport_fastrtps_cpp.dir/rosidl_typesupport_fastrtps_cpp/turtle_catch_all_interfaces/srv/detail/dds_fastrtps/catch_turtle__type_support.cpp.o[0m
[11.040s] [ 68%] [32mBuilding CXX object CMakeFiles/turtle_catch_all_interfaces__rosidl_typesupport_fastrtps_cpp.dir/rosidl_typesupport_fastrtps_cpp/turtle_catch_all_interfaces/msg/detail/dds_fastrtps/turtle_array__type_support.cpp.o[0m
[11.607s] [ 70%] [32m[1mLinking CXX shared library libturtle_catch_all_interfaces__rosidl_typesupport_introspection_cpp.so[0m
[11.743s] [ 72%] [32m[1mLinking CXX shared library libturtle_catch_all_interfaces__rosidl_typesupport_cpp.so[0m
[11.886s] [ 74%] Built target turtle_catch_all_interfaces__rosidl_typesupport_introspection_cpp
[11.939s] [ 75%] [32m[1mLinking CXX shared library libturtle_catch_all_interfaces__rosidl_typesupport_fastrtps_cpp.so[0m
[11.989s] [ 77%] Built target turtle_catch_all_interfaces__rosidl_typesupport_cpp
[12.113s] [ 79%] Built target turtle_catch_all_interfaces__rosidl_typesupport_fastrtps_cpp
[12.175s] [ 79%] Built target turtle_catch_all_interfaces
[12.454s] [ 81%] Built target turtle_catch_all_interfaces__py
[12.683s] gmake[2]: Warning: File 'CMakeFiles/turtle_catch_all_interfaces__rosidl_generator_py.dir/compiler_depend.make' has modification time 0.29 s in the future
[12.717s] [ 87%] [32mBuilding C object CMakeFiles/turtle_catch_all_interfaces__rosidl_generator_py.dir/rosidl_generator_py/turtle_catch_all_interfaces/msg/_turtle_s.c.o[0m
[12.717s] [ 87%] [32mBuilding C object CMakeFiles/turtle_catch_all_interfaces__rosidl_generator_py.dir/rosidl_generator_py/turtle_catch_all_interfaces/msg/_turtle_array_s.c.o[0m
[12.718s] [ 87%] [32mBuilding C object CMakeFiles/turtle_catch_all_interfaces__rosidl_generator_py.dir/rosidl_generator_py/turtle_catch_all_interfaces/srv/_catch_turtle_s.c.o[0m
[12.992s] [ 88%] [32m[1mLinking C shared library libturtle_catch_all_interfaces__rosidl_generator_py.so[0m
[13.068s] gmake[2]: warning:  Clock skew detected.  Your build may be incomplete.
[13.092s] [ 88%] Built target turtle_catch_all_interfaces__rosidl_generator_py
[13.428s] gmake[2]: Warning: File 'CMakeFiles/turtle_catch_all_interfaces_s__rosidl_typesupport_fastrtps_c.dir/compiler_depend.make' has modification time 0.33 s in the future
[13.522s] gmake[2]: Warning: File 'CMakeFiles/turtle_catch_all_interfaces_s__rosidl_typesupport_c.dir/compiler_depend.make' has modification time 0.25 s in the future
[13.530s] gmake[2]: Warning: File 'CMakeFiles/turtle_catch_all_interfaces_s__rosidl_typesupport_introspection_c.dir/compiler_depend.make' has modification time 0.24 s in the future
[13.548s] [ 90%] [32m[1mLinking C shared module rosidl_generator_py/turtle_catch_all_interfaces/turtle_catch_all_interfaces_s__rosidl_typesupport_fastrtps_c.so[0m
[13.558s] [ 92%] [32mBuilding C object CMakeFiles/turtle_catch_all_interfaces_s__rosidl_typesupport_c.dir/rosidl_generator_py/turtle_catch_all_interfaces/_turtle_catch_all_interfaces_s.ep.rosidl_typesupport_c.c.o[0m
[13.576s] [ 94%] [32mBuilding C object CMakeFiles/turtle_catch_all_interfaces_s__rosidl_typesupport_introspection_c.dir/rosidl_generator_py/turtle_catch_all_interfaces/_turtle_catch_all_interfaces_s.ep.rosidl_typesupport_introspection_c.c.o[0m
[13.650s] gmake[2]: warning:  Clock skew detected.  Your build may be incomplete.
[13.726s] [ 96%] Built target turtle_catch_all_interfaces_s__rosidl_typesupport_fastrtps_c
[13.795s] [ 98%] [32m[1mLinking C shared module rosidl_generator_py/turtle_catch_all_interfaces/turtle_catch_all_interfaces_s__rosidl_typesupport_c.so[0m
[13.810s] [100%] [32m[1mLinking C shared module rosidl_generator_py/turtle_catch_all_interfaces/turtle_catch_all_interfaces_s__rosidl_typesupport_introspection_c.so[0m
[13.873s] gmake[2]: warning:  Clock skew detected.  Your build may be incomplete.
[13.887s] gmake[2]: warning:  Clock skew detected.  Your build may be incomplete.
[13.907s] [100%] Built target turtle_catch_all_interfaces_s__rosidl_typesupport_c
[13.925s] [100%] Built target turtle_catch_all_interfaces_s__rosidl_typesupport_introspection_c
[13.927s] gmake[1]: warning:  Clock skew detected.  Your build may be incomplete.
[13.962s] gmake: warning:  Clock skew detected.  Your build may be incomplete.
[13.965s] Invoked command in '/media/sf_GhostRider/ros2_ws/build/turtle_catch_all_interfaces' returned '0': CMAKE_PREFIX_PATH=${CMAKE_PREFIX_PATH}:/media/sf_GhostRider/ros2_ws/install/turtlesim_catch_them_all:/media/sf_GhostRider/ros2_ws/install/my_py_pkg:/opt/ros/jazzy DEBUGINFOD_URLS=https://debuginfod.ubuntu.com /usr/bin/cmake --build /media/sf_GhostRider/ros2_ws/build/turtle_catch_all_interfaces -- -j20 -l20
[13.998s] Invoking command in '/media/sf_GhostRider/ros2_ws/build/turtle_catch_all_interfaces': CMAKE_PREFIX_PATH=${CMAKE_PREFIX_PATH}:/media/sf_GhostRider/ros2_ws/install/turtlesim_catch_them_all:/media/sf_GhostRider/ros2_ws/install/my_py_pkg:/opt/ros/jazzy DEBUGINFOD_URLS=https://debuginfod.ubuntu.com /usr/bin/cmake --install /media/sf_GhostRider/ros2_ws/build/turtle_catch_all_interfaces
[14.018s] -- Install configuration: ""
[14.019s] -- Up-to-date: /media/sf_GhostRider/ros2_ws/install/turtle_catch_all_interfaces/share/ament_index/resource_index/rosidl_interfaces/turtle_catch_all_interfaces
[14.021s] -- Up-to-date: /media/sf_GhostRider/ros2_ws/install/turtle_catch_all_interfaces/share/turtle_catch_all_interfaces/msg/Turtle.json
[14.022s] -- Installing: /media/sf_GhostRider/ros2_ws/install/turtle_catch_all_interfaces/share/turtle_catch_all_interfaces/msg/TurtleArray.json
[14.027s] -- Installing: /media/sf_GhostRider/ros2_ws/install/turtle_catch_all_interfaces/share/turtle_catch_all_interfaces/srv/CatchTurtle.json
[14.032s] -- Up-to-date: /media/sf_GhostRider/ros2_ws/install/turtle_catch_all_interfaces/include/turtle_catch_all_interfaces/turtle_catch_all_interfaces
[14.033s] -- Up-to-date: /media/sf_GhostRider/ros2_ws/install/turtle_catch_all_interfaces/include/turtle_catch_all_interfaces/turtle_catch_all_interfaces/msg
[14.035s] -- Up-to-date: /media/sf_GhostRider/ros2_ws/install/turtle_catch_all_interfaces/include/turtle_catch_all_interfaces/turtle_catch_all_interfaces/msg/detail
[14.036s] -- Up-to-date: /media/sf_GhostRider/ros2_ws/install/turtle_catch_all_interfaces/include/turtle_catch_all_interfaces/turtle_catch_all_interfaces/msg/detail/turtle_array__description.c
[14.036s] -- Up-to-date: /media/sf_GhostRider/ros2_ws/install/turtle_catch_all_interfaces/include/turtle_catch_all_interfaces/turtle_catch_all_interfaces/msg/detail/turtle_array__functions.c
[14.037s] -- Up-to-date: /media/sf_GhostRider/ros2_ws/install/turtle_catch_all_interfaces/include/turtle_catch_all_interfaces/turtle_catch_all_interfaces/msg/detail/turtle_array__functions.h
[14.038s] -- Up-to-date: /media/sf_GhostRider/ros2_ws/install/turtle_catch_all_interfaces/include/turtle_catch_all_interfaces/turtle_catch_all_interfaces/msg/detail/turtle_array__struct.h
[14.039s] -- Installing: /media/sf_GhostRider/ros2_ws/install/turtle_catch_all_interfaces/include/turtle_catch_all_interfaces/turtle_catch_all_interfaces/msg/detail/turtle_array__type_support.c
[14.043s] -- Up-to-date: /media/sf_GhostRider/ros2_ws/install/turtle_catch_all_interfaces/include/turtle_catch_all_interfaces/turtle_catch_all_interfaces/msg/detail/turtle_array__type_support.h
[14.044s] -- Up-to-date: /media/sf_GhostRider/ros2_ws/install/turtle_catch_all_interfaces/include/turtle_catch_all_interfaces/turtle_catch_all_interfaces/msg/detail/turtle__description.c
[14.045s] -- Up-to-date: /media/sf_GhostRider/ros2_ws/install/turtle_catch_all_interfaces/include/turtle_catch_all_interfaces/turtle_catch_all_interfaces/msg/detail/turtle__functions.c
[14.045s] -- Up-to-date: /media/sf_GhostRider/ros2_ws/install/turtle_catch_all_interfaces/include/turtle_catch_all_interfaces/turtle_catch_all_interfaces/msg/detail/turtle__functions.h
[14.046s] -- Up-to-date: /media/sf_GhostRider/ros2_ws/install/turtle_catch_all_interfaces/include/turtle_catch_all_interfaces/turtle_catch_all_interfaces/msg/detail/turtle__struct.h
[14.047s] -- Installing: /media/sf_GhostRider/ros2_ws/install/turtle_catch_all_interfaces/include/turtle_catch_all_interfaces/turtle_catch_all_interfaces/msg/detail/turtle__type_support.c
[14.052s] -- Up-to-date: /media/sf_GhostRider/ros2_ws/install/turtle_catch_all_interfaces/include/turtle_catch_all_interfaces/turtle_catch_all_interfaces/msg/detail/turtle__type_support.h
[14.053s] -- Up-to-date: /media/sf_GhostRider/ros2_ws/install/turtle_catch_all_interfaces/include/turtle_catch_all_interfaces/turtle_catch_all_interfaces/msg/rosidl_generator_c__visibility_control.h
[14.053s] -- Up-to-date: /media/sf_GhostRider/ros2_ws/install/turtle_catch_all_interfaces/include/turtle_catch_all_interfaces/turtle_catch_all_interfaces/msg/turtle.h
[14.055s] -- Up-to-date: /media/sf_GhostRider/ros2_ws/install/turtle_catch_all_interfaces/include/turtle_catch_all_interfaces/turtle_catch_all_interfaces/msg/turtle_array.h
[14.059s] -- Up-to-date: /media/sf_GhostRider/ros2_ws/install/turtle_catch_all_interfaces/include/turtle_catch_all_interfaces/turtle_catch_all_interfaces/srv
[14.061s] -- Up-to-date: /media/sf_GhostRider/ros2_ws/install/turtle_catch_all_interfaces/include/turtle_catch_all_interfaces/turtle_catch_all_interfaces/srv/catch_turtle.h
[14.062s] -- Up-to-date: /media/sf_GhostRider/ros2_ws/install/turtle_catch_all_interfaces/include/turtle_catch_all_interfaces/turtle_catch_all_interfaces/srv/detail
[14.064s] -- Up-to-date: /media/sf_GhostRider/ros2_ws/install/turtle_catch_all_interfaces/include/turtle_catch_all_interfaces/turtle_catch_all_interfaces/srv/detail/catch_turtle__description.c
[14.064s] -- Up-to-date: /media/sf_GhostRider/ros2_ws/install/turtle_catch_all_interfaces/include/turtle_catch_all_interfaces/turtle_catch_all_interfaces/srv/detail/catch_turtle__functions.c
[14.065s] -- Up-to-date: /media/sf_GhostRider/ros2_ws/install/turtle_catch_all_interfaces/include/turtle_catch_all_interfaces/turtle_catch_all_interfaces/srv/detail/catch_turtle__functions.h
[14.066s] -- Up-to-date: /media/sf_GhostRider/ros2_ws/install/turtle_catch_all_interfaces/include/turtle_catch_all_interfaces/turtle_catch_all_interfaces/srv/detail/catch_turtle__struct.h
[14.067s] -- Installing: /media/sf_GhostRider/ros2_ws/install/turtle_catch_all_interfaces/include/turtle_catch_all_interfaces/turtle_catch_all_interfaces/srv/detail/catch_turtle__type_support.c
[14.072s] -- Up-to-date: /media/sf_GhostRider/ros2_ws/install/turtle_catch_all_interfaces/include/turtle_catch_all_interfaces/turtle_catch_all_interfaces/srv/detail/catch_turtle__type_support.h
[14.073s] -- Up-to-date: /media/sf_GhostRider/ros2_ws/install/turtle_catch_all_interfaces/share/turtle_catch_all_interfaces/environment/library_path.sh
[14.074s] -- Up-to-date: /media/sf_GhostRider/ros2_ws/install/turtle_catch_all_interfaces/share/turtle_catch_all_interfaces/environment/library_path.dsv
[14.082s] -- Up-to-date: /media/sf_GhostRider/ros2_ws/install/turtle_catch_all_interfaces/lib/libturtle_catch_all_interfaces__rosidl_generator_c.so
[14.090s] -- Up-to-date: /media/sf_GhostRider/ros2_ws/install/turtle_catch_all_interfaces/include/turtle_catch_all_interfaces/turtle_catch_all_interfaces
[14.091s] -- Up-to-date: /media/sf_GhostRider/ros2_ws/install/turtle_catch_all_interfaces/include/turtle_catch_all_interfaces/turtle_catch_all_interfaces/msg
[14.093s] -- Up-to-date: /media/sf_GhostRider/ros2_ws/install/turtle_catch_all_interfaces/include/turtle_catch_all_interfaces/turtle_catch_all_interfaces/msg/detail
[14.094s] -- Up-to-date: /media/sf_GhostRider/ros2_ws/install/turtle_catch_all_interfaces/include/turtle_catch_all_interfaces/turtle_catch_all_interfaces/msg/detail/turtle_array__rosidl_typesupport_fastrtps_c.h
[14.095s] -- Up-to-date: /media/sf_GhostRider/ros2_ws/install/turtle_catch_all_interfaces/include/turtle_catch_all_interfaces/turtle_catch_all_interfaces/msg/detail/turtle__rosidl_typesupport_fastrtps_c.h
[14.096s] -- Up-to-date: /media/sf_GhostRider/ros2_ws/install/turtle_catch_all_interfaces/include/turtle_catch_all_interfaces/turtle_catch_all_interfaces/msg/rosidl_typesupport_fastrtps_c__visibility_control.h
[14.096s] -- Up-to-date: /media/sf_GhostRider/ros2_ws/install/turtle_catch_all_interfaces/include/turtle_catch_all_interfaces/turtle_catch_all_interfaces/srv
[14.098s] -- Up-to-date: /media/sf_GhostRider/ros2_ws/install/turtle_catch_all_interfaces/include/turtle_catch_all_interfaces/turtle_catch_all_interfaces/srv/detail
[14.099s] -- Up-to-date: /media/sf_GhostRider/ros2_ws/install/turtle_catch_all_interfaces/include/turtle_catch_all_interfaces/turtle_catch_all_interfaces/srv/detail/catch_turtle__rosidl_typesupport_fastrtps_c.h
[14.109s] -- Up-to-date: /media/sf_GhostRider/ros2_ws/install/turtle_catch_all_interfaces/lib/libturtle_catch_all_interfaces__rosidl_typesupport_fastrtps_c.so
[14.118s] -- Up-to-date: /media/sf_GhostRider/ros2_ws/install/turtle_catch_all_interfaces/include/turtle_catch_all_interfaces/turtle_catch_all_interfaces
[14.120s] -- Up-to-date: /media/sf_GhostRider/ros2_ws/install/turtle_catch_all_interfaces/include/turtle_catch_all_interfaces/turtle_catch_all_interfaces/msg
[14.120s] -- Up-to-date: /media/sf_GhostRider/ros2_ws/install/turtle_catch_all_interfaces/include/turtle_catch_all_interfaces/turtle_catch_all_interfaces/msg/detail
[14.122s] -- Up-to-date: /media/sf_GhostRider/ros2_ws/install/turtle_catch_all_interfaces/include/turtle_catch_all_interfaces/turtle_catch_all_interfaces/msg/detail/turtle_array__rosidl_typesupport_introspection_c.h
[14.123s] -- Installing: /media/sf_GhostRider/ros2_ws/install/turtle_catch_all_interfaces/include/turtle_catch_all_interfaces/turtle_catch_all_interfaces/msg/detail/turtle_array__type_support.c
[14.128s] -- Up-to-date: /media/sf_GhostRider/ros2_ws/install/turtle_catch_all_interfaces/include/turtle_catch_all_interfaces/turtle_catch_all_interfaces/msg/detail/turtle__rosidl_typesupport_introspection_c.h
[14.129s] -- Installing: /media/sf_GhostRider/ros2_ws/install/turtle_catch_all_interfaces/include/turtle_catch_all_interfaces/turtle_catch_all_interfaces/msg/detail/turtle__type_support.c
[14.134s] -- Up-to-date: /media/sf_GhostRider/ros2_ws/install/turtle_catch_all_interfaces/include/turtle_catch_all_interfaces/turtle_catch_all_interfaces/msg/rosidl_typesupport_introspection_c__visibility_control.h
[14.134s] -- Up-to-date: /media/sf_GhostRider/ros2_ws/install/turtle_catch_all_interfaces/include/turtle_catch_all_interfaces/turtle_catch_all_interfaces/srv
[14.135s] -- Up-to-date: /media/sf_GhostRider/ros2_ws/install/turtle_catch_all_interfaces/include/turtle_catch_all_interfaces/turtle_catch_all_interfaces/srv/detail
[14.136s] -- Up-to-date: /media/sf_GhostRider/ros2_ws/install/turtle_catch_all_interfaces/include/turtle_catch_all_interfaces/turtle_catch_all_interfaces/srv/detail/catch_turtle__rosidl_typesupport_introspection_c.h
[14.137s] -- Installing: /media/sf_GhostRider/ros2_ws/install/turtle_catch_all_interfaces/include/turtle_catch_all_interfaces/turtle_catch_all_interfaces/srv/detail/catch_turtle__type_support.c
[14.149s] -- Up-to-date: /media/sf_GhostRider/ros2_ws/install/turtle_catch_all_interfaces/lib/libturtle_catch_all_interfaces__rosidl_typesupport_introspection_c.so
[14.163s] -- Up-to-date: /media/sf_GhostRider/ros2_ws/install/turtle_catch_all_interfaces/lib/libturtle_catch_all_interfaces__rosidl_typesupport_c.so
[14.170s] -- Up-to-date: /media/sf_GhostRider/ros2_ws/install/turtle_catch_all_interfaces/include/turtle_catch_all_interfaces/turtle_catch_all_interfaces
[14.171s] -- Up-to-date: /media/sf_GhostRider/ros2_ws/install/turtle_catch_all_interfaces/include/turtle_catch_all_interfaces/turtle_catch_all_interfaces/msg
[14.172s] -- Up-to-date: /media/sf_GhostRider/ros2_ws/install/turtle_catch_all_interfaces/include/turtle_catch_all_interfaces/turtle_catch_all_interfaces/msg/detail
[14.174s] -- Installing: /media/sf_GhostRider/ros2_ws/install/turtle_catch_all_interfaces/include/turtle_catch_all_interfaces/turtle_catch_all_interfaces/msg/detail/turtle_array__builder.hpp
[14.179s] -- Installing: /media/sf_GhostRider/ros2_ws/install/turtle_catch_all_interfaces/include/turtle_catch_all_interfaces/turtle_catch_all_interfaces/msg/detail/turtle_array__struct.hpp
[14.185s] -- Installing: /media/sf_GhostRider/ros2_ws/install/turtle_catch_all_interfaces/include/turtle_catch_all_interfaces/turtle_catch_all_interfaces/msg/detail/turtle_array__traits.hpp
[14.190s] -- Installing: /media/sf_GhostRider/ros2_ws/install/turtle_catch_all_interfaces/include/turtle_catch_all_interfaces/turtle_catch_all_interfaces/msg/detail/turtle_array__type_support.hpp
[14.195s] -- Installing: /media/sf_GhostRider/ros2_ws/install/turtle_catch_all_interfaces/include/turtle_catch_all_interfaces/turtle_catch_all_interfaces/msg/detail/turtle__builder.hpp
[14.200s] -- Installing: /media/sf_GhostRider/ros2_ws/install/turtle_catch_all_interfaces/include/turtle_catch_all_interfaces/turtle_catch_all_interfaces/msg/detail/turtle__struct.hpp
[14.205s] -- Installing: /media/sf_GhostRider/ros2_ws/install/turtle_catch_all_interfaces/include/turtle_catch_all_interfaces/turtle_catch_all_interfaces/msg/detail/turtle__traits.hpp
[14.210s] -- Installing: /media/sf_GhostRider/ros2_ws/install/turtle_catch_all_interfaces/include/turtle_catch_all_interfaces/turtle_catch_all_interfaces/msg/detail/turtle__type_support.hpp
[14.215s] -- Installing: /media/sf_GhostRider/ros2_ws/install/turtle_catch_all_interfaces/include/turtle_catch_all_interfaces/turtle_catch_all_interfaces/msg/rosidl_generator_cpp__visibility_control.hpp
[14.219s] -- Up-to-date: /media/sf_GhostRider/ros2_ws/install/turtle_catch_all_interfaces/include/turtle_catch_all_interfaces/turtle_catch_all_interfaces/msg/turtle.hpp
[14.220s] -- Installing: /media/sf_GhostRider/ros2_ws/install/turtle_catch_all_interfaces/include/turtle_catch_all_interfaces/turtle_catch_all_interfaces/msg/turtle_array.hpp
[14.226s] -- Up-to-date: /media/sf_GhostRider/ros2_ws/install/turtle_catch_all_interfaces/include/turtle_catch_all_interfaces/turtle_catch_all_interfaces/srv
[14.227s] -- Installing: /media/sf_GhostRider/ros2_ws/install/turtle_catch_all_interfaces/include/turtle_catch_all_interfaces/turtle_catch_all_interfaces/srv/catch_turtle.hpp
[14.231s] -- Up-to-date: /media/sf_GhostRider/ros2_ws/install/turtle_catch_all_interfaces/include/turtle_catch_all_interfaces/turtle_catch_all_interfaces/srv/detail
[14.233s] -- Installing: /media/sf_GhostRider/ros2_ws/install/turtle_catch_all_interfaces/include/turtle_catch_all_interfaces/turtle_catch_all_interfaces/srv/detail/catch_turtle__builder.hpp
[14.238s] -- Installing: /media/sf_GhostRider/ros2_ws/install/turtle_catch_all_interfaces/include/turtle_catch_all_interfaces/turtle_catch_all_interfaces/srv/detail/catch_turtle__struct.hpp
[14.243s] -- Installing: /media/sf_GhostRider/ros2_ws/install/turtle_catch_all_interfaces/include/turtle_catch_all_interfaces/turtle_catch_all_interfaces/srv/detail/catch_turtle__traits.hpp
[14.248s] -- Installing: /media/sf_GhostRider/ros2_ws/install/turtle_catch_all_interfaces/include/turtle_catch_all_interfaces/turtle_catch_all_interfaces/srv/detail/catch_turtle__type_support.hpp
[14.253s] -- Up-to-date: /media/sf_GhostRider/ros2_ws/install/turtle_catch_all_interfaces/include/turtle_catch_all_interfaces/turtle_catch_all_interfaces
[14.254s] -- Up-to-date: /media/sf_GhostRider/ros2_ws/install/turtle_catch_all_interfaces/include/turtle_catch_all_interfaces/turtle_catch_all_interfaces/msg
[14.255s] -- Up-to-date: /media/sf_GhostRider/ros2_ws/install/turtle_catch_all_interfaces/include/turtle_catch_all_interfaces/turtle_catch_all_interfaces/msg/detail
[14.259s] -- Up-to-date: /media/sf_GhostRider/ros2_ws/install/turtle_catch_all_interfaces/include/turtle_catch_all_interfaces/turtle_catch_all_interfaces/msg/detail/dds_fastrtps
[14.262s] -- Up-to-date: /media/sf_GhostRider/ros2_ws/install/turtle_catch_all_interfaces/include/turtle_catch_all_interfaces/turtle_catch_all_interfaces/msg/detail/turtle_array__rosidl_typesupport_fastrtps_cpp.hpp
[14.263s] -- Up-to-date: /media/sf_GhostRider/ros2_ws/install/turtle_catch_all_interfaces/include/turtle_catch_all_interfaces/turtle_catch_all_interfaces/msg/detail/turtle__rosidl_typesupport_fastrtps_cpp.hpp
[14.264s] -- Up-to-date: /media/sf_GhostRider/ros2_ws/install/turtle_catch_all_interfaces/include/turtle_catch_all_interfaces/turtle_catch_all_interfaces/msg/rosidl_typesupport_fastrtps_cpp__visibility_control.h
[14.264s] -- Up-to-date: /media/sf_GhostRider/ros2_ws/install/turtle_catch_all_interfaces/include/turtle_catch_all_interfaces/turtle_catch_all_interfaces/srv
[14.265s] -- Up-to-date: /media/sf_GhostRider/ros2_ws/install/turtle_catch_all_interfaces/include/turtle_catch_all_interfaces/turtle_catch_all_interfaces/srv/detail
[14.267s] -- Up-to-date: /media/sf_GhostRider/ros2_ws/install/turtle_catch_all_interfaces/include/turtle_catch_all_interfaces/turtle_catch_all_interfaces/srv/detail/catch_turtle__rosidl_typesupport_fastrtps_cpp.hpp
[14.267s] -- Up-to-date: /media/sf_GhostRider/ros2_ws/install/turtle_catch_all_interfaces/include/turtle_catch_all_interfaces/turtle_catch_all_interfaces/srv/detail/dds_fastrtps
[14.277s] -- Installing: /media/sf_GhostRider/ros2_ws/install/turtle_catch_all_interfaces/lib/libturtle_catch_all_interfaces__rosidl_typesupport_fastrtps_cpp.so
[14.304s] -- Set non-toolchain portion of runtime path of "/media/sf_GhostRider/ros2_ws/install/turtle_catch_all_interfaces/lib/libturtle_catch_all_interfaces__rosidl_typesupport_fastrtps_cpp.so" to ""
[14.305s] -- Up-to-date: /media/sf_GhostRider/ros2_ws/install/turtle_catch_all_interfaces/include/turtle_catch_all_interfaces/turtle_catch_all_interfaces
[14.307s] -- Up-to-date: /media/sf_GhostRider/ros2_ws/install/turtle_catch_all_interfaces/include/turtle_catch_all_interfaces/turtle_catch_all_interfaces/msg
[14.308s] -- Up-to-date: /media/sf_GhostRider/ros2_ws/install/turtle_catch_all_interfaces/include/turtle_catch_all_interfaces/turtle_catch_all_interfaces/msg/detail
[14.309s] -- Up-to-date: /media/sf_GhostRider/ros2_ws/install/turtle_catch_all_interfaces/include/turtle_catch_all_interfaces/turtle_catch_all_interfaces/msg/detail/turtle_array__rosidl_typesupport_introspection_cpp.hpp
[14.310s] -- Up-to-date: /media/sf_GhostRider/ros2_ws/install/turtle_catch_all_interfaces/include/turtle_catch_all_interfaces/turtle_catch_all_interfaces/msg/detail/turtle_array__type_support.cpp
[14.311s] -- Up-to-date: /media/sf_GhostRider/ros2_ws/install/turtle_catch_all_interfaces/include/turtle_catch_all_interfaces/turtle_catch_all_interfaces/msg/detail/turtle__rosidl_typesupport_introspection_cpp.hpp
[14.312s] -- Up-to-date: /media/sf_GhostRider/ros2_ws/install/turtle_catch_all_interfaces/include/turtle_catch_all_interfaces/turtle_catch_all_interfaces/msg/detail/turtle__type_support.cpp
[14.312s] -- Up-to-date: /media/sf_GhostRider/ros2_ws/install/turtle_catch_all_interfaces/include/turtle_catch_all_interfaces/turtle_catch_all_interfaces/srv
[14.313s] -- Up-to-date: /media/sf_GhostRider/ros2_ws/install/turtle_catch_all_interfaces/include/turtle_catch_all_interfaces/turtle_catch_all_interfaces/srv/detail
[14.315s] -- Up-to-date: /media/sf_GhostRider/ros2_ws/install/turtle_catch_all_interfaces/include/turtle_catch_all_interfaces/turtle_catch_all_interfaces/srv/detail/catch_turtle__rosidl_typesupport_introspection_cpp.hpp
[14.315s] -- Up-to-date: /media/sf_GhostRider/ros2_ws/install/turtle_catch_all_interfaces/include/turtle_catch_all_interfaces/turtle_catch_all_interfaces/srv/detail/catch_turtle__type_support.cpp
[14.327s] -- Installing: /media/sf_GhostRider/ros2_ws/install/turtle_catch_all_interfaces/lib/libturtle_catch_all_interfaces__rosidl_typesupport_introspection_cpp.so
[14.353s] -- Set non-toolchain portion of runtime path of "/media/sf_GhostRider/ros2_ws/install/turtle_catch_all_interfaces/lib/libturtle_catch_all_interfaces__rosidl_typesupport_introspection_cpp.so" to ""
[14.368s] -- Installing: /media/sf_GhostRider/ros2_ws/install/turtle_catch_all_interfaces/lib/libturtle_catch_all_interfaces__rosidl_typesupport_cpp.so
[14.392s] -- Set non-toolchain portion of runtime path of "/media/sf_GhostRider/ros2_ws/install/turtle_catch_all_interfaces/lib/libturtle_catch_all_interfaces__rosidl_typesupport_cpp.so" to ""
[14.394s] -- Up-to-date: /media/sf_GhostRider/ros2_ws/install/turtle_catch_all_interfaces/share/turtle_catch_all_interfaces/environment/pythonpath.sh
[14.394s] -- Up-to-date: /media/sf_GhostRider/ros2_ws/install/turtle_catch_all_interfaces/share/turtle_catch_all_interfaces/environment/pythonpath.dsv
[14.396s] -- Up-to-date: /media/sf_GhostRider/ros2_ws/install/turtle_catch_all_interfaces/lib/python3.12/site-packages/turtle_catch_all_interfaces-0.0.0-py3.12.egg-info
[14.397s] -- Installing: /media/sf_GhostRider/ros2_ws/install/turtle_catch_all_interfaces/lib/python3.12/site-packages/turtle_catch_all_interfaces-0.0.0-py3.12.egg-info/dependency_links.txt
[14.402s] -- Installing: /media/sf_GhostRider/ros2_ws/install/turtle_catch_all_interfaces/lib/python3.12/site-packages/turtle_catch_all_interfaces-0.0.0-py3.12.egg-info/PKG-INFO
[14.407s] -- Installing: /media/sf_GhostRider/ros2_ws/install/turtle_catch_all_interfaces/lib/python3.12/site-packages/turtle_catch_all_interfaces-0.0.0-py3.12.egg-info/SOURCES.txt
[14.412s] -- Installing: /media/sf_GhostRider/ros2_ws/install/turtle_catch_all_interfaces/lib/python3.12/site-packages/turtle_catch_all_interfaces-0.0.0-py3.12.egg-info/top_level.txt
[14.418s] -- Up-to-date: /media/sf_GhostRider/ros2_ws/install/turtle_catch_all_interfaces/lib/python3.12/site-packages/turtle_catch_all_interfaces
[14.418s] -- Up-to-date: /media/sf_GhostRider/ros2_ws/install/turtle_catch_all_interfaces/lib/python3.12/site-packages/turtle_catch_all_interfaces/msg
[14.420s] -- Installing: /media/sf_GhostRider/ros2_ws/install/turtle_catch_all_interfaces/lib/python3.12/site-packages/turtle_catch_all_interfaces/msg/_turtle.py
[14.425s] -- Installing: /media/sf_GhostRider/ros2_ws/install/turtle_catch_all_interfaces/lib/python3.12/site-packages/turtle_catch_all_interfaces/msg/_turtle_array.py
[14.431s] -- Installing: /media/sf_GhostRider/ros2_ws/install/turtle_catch_all_interfaces/lib/python3.12/site-packages/turtle_catch_all_interfaces/msg/_turtle_array_s.c
[14.436s] -- Installing: /media/sf_GhostRider/ros2_ws/install/turtle_catch_all_interfaces/lib/python3.12/site-packages/turtle_catch_all_interfaces/msg/_turtle_s.c
[14.440s] -- Installing: /media/sf_GhostRider/ros2_ws/install/turtle_catch_all_interfaces/lib/python3.12/site-packages/turtle_catch_all_interfaces/msg/__init__.py
[14.445s] -- Up-to-date: /media/sf_GhostRider/ros2_ws/install/turtle_catch_all_interfaces/lib/python3.12/site-packages/turtle_catch_all_interfaces/srv
[14.446s] -- Installing: /media/sf_GhostRider/ros2_ws/install/turtle_catch_all_interfaces/lib/python3.12/site-packages/turtle_catch_all_interfaces/srv/_catch_turtle.py
[14.452s] -- Installing: /media/sf_GhostRider/ros2_ws/install/turtle_catch_all_interfaces/lib/python3.12/site-packages/turtle_catch_all_interfaces/srv/_catch_turtle_s.c
[14.457s] -- Installing: /media/sf_GhostRider/ros2_ws/install/turtle_catch_all_interfaces/lib/python3.12/site-packages/turtle_catch_all_interfaces/srv/__init__.py
[14.468s] -- Installing: /media/sf_GhostRider/ros2_ws/install/turtle_catch_all_interfaces/lib/python3.12/site-packages/turtle_catch_all_interfaces/turtle_catch_all_interfaces_s__rosidl_typesupport_c.so
[14.476s] -- Installing: /media/sf_GhostRider/ros2_ws/install/turtle_catch_all_interfaces/lib/python3.12/site-packages/turtle_catch_all_interfaces/turtle_catch_all_interfaces_s__rosidl_typesupport_fastrtps_c.so
[14.482s] -- Installing: /media/sf_GhostRider/ros2_ws/install/turtle_catch_all_interfaces/lib/python3.12/site-packages/turtle_catch_all_interfaces/turtle_catch_all_interfaces_s__rosidl_typesupport_introspection_c.so
[14.490s] -- Installing: /media/sf_GhostRider/ros2_ws/install/turtle_catch_all_interfaces/lib/python3.12/site-packages/turtle_catch_all_interfaces/_turtle_catch_all_interfaces_s.ep.rosidl_typesupport_c.c
[14.497s] -- Up-to-date: /media/sf_GhostRider/ros2_ws/install/turtle_catch_all_interfaces/lib/python3.12/site-packages/turtle_catch_all_interfaces/_turtle_catch_all_interfaces_s.ep.rosidl_typesupport_fastrtps_c.c
[14.498s] -- Installing: /media/sf_GhostRider/ros2_ws/install/turtle_catch_all_interfaces/lib/python3.12/site-packages/turtle_catch_all_interfaces/_turtle_catch_all_interfaces_s.ep.rosidl_typesupport_introspection_c.c
[14.504s] -- Installing: /media/sf_GhostRider/ros2_ws/install/turtle_catch_all_interfaces/lib/python3.12/site-packages/turtle_catch_all_interfaces/__init__.py
[14.555s] Listing '/media/sf_GhostRider/ros2_ws/install/turtle_catch_all_interfaces/lib/python3.12/site-packages/turtle_catch_all_interfaces'...
[14.555s] Compiling '/media/sf_GhostRider/ros2_ws/install/turtle_catch_all_interfaces/lib/python3.12/site-packages/turtle_catch_all_interfaces/__init__.py'...
[14.555s] Listing '/media/sf_GhostRider/ros2_ws/install/turtle_catch_all_interfaces/lib/python3.12/site-packages/turtle_catch_all_interfaces/msg'...
[14.556s] Compiling '/media/sf_GhostRider/ros2_ws/install/turtle_catch_all_interfaces/lib/python3.12/site-packages/turtle_catch_all_interfaces/msg/__init__.py'...
[14.557s] Compiling '/media/sf_GhostRider/ros2_ws/install/turtle_catch_all_interfaces/lib/python3.12/site-packages/turtle_catch_all_interfaces/msg/_turtle.py'...
[14.557s] Compiling '/media/sf_GhostRider/ros2_ws/install/turtle_catch_all_interfaces/lib/python3.12/site-packages/turtle_catch_all_interfaces/msg/_turtle_array.py'...
[14.558s] Listing '/media/sf_GhostRider/ros2_ws/install/turtle_catch_all_interfaces/lib/python3.12/site-packages/turtle_catch_all_interfaces/srv'...
[14.559s] Compiling '/media/sf_GhostRider/ros2_ws/install/turtle_catch_all_interfaces/lib/python3.12/site-packages/turtle_catch_all_interfaces/srv/__init__.py'...
[14.560s] Compiling '/media/sf_GhostRider/ros2_ws/install/turtle_catch_all_interfaces/lib/python3.12/site-packages/turtle_catch_all_interfaces/srv/_catch_turtle.py'...
[14.574s] -- Installing: /media/sf_GhostRider/ros2_ws/install/turtle_catch_all_interfaces/lib/python3.12/site-packages/turtle_catch_all_interfaces/turtle_catch_all_interfaces_s__rosidl_typesupport_fastrtps_c.so
[14.595s] -- Set non-toolchain portion of runtime path of "/media/sf_GhostRider/ros2_ws/install/turtle_catch_all_interfaces/lib/python3.12/site-packages/turtle_catch_all_interfaces/turtle_catch_all_interfaces_s__rosidl_typesupport_fastrtps_c.so" to ""
[14.604s] -- Installing: /media/sf_GhostRider/ros2_ws/install/turtle_catch_all_interfaces/lib/python3.12/site-packages/turtle_catch_all_interfaces/turtle_catch_all_interfaces_s__rosidl_typesupport_introspection_c.so
[14.623s] -- Set non-toolchain portion of runtime path of "/media/sf_GhostRider/ros2_ws/install/turtle_catch_all_interfaces/lib/python3.12/site-packages/turtle_catch_all_interfaces/turtle_catch_all_interfaces_s__rosidl_typesupport_introspection_c.so" to ""
[14.631s] -- Installing: /media/sf_GhostRider/ros2_ws/install/turtle_catch_all_interfaces/lib/python3.12/site-packages/turtle_catch_all_interfaces/turtle_catch_all_interfaces_s__rosidl_typesupport_c.so
[14.650s] -- Set non-toolchain portion of runtime path of "/media/sf_GhostRider/ros2_ws/install/turtle_catch_all_interfaces/lib/python3.12/site-packages/turtle_catch_all_interfaces/turtle_catch_all_interfaces_s__rosidl_typesupport_c.so" to ""
[14.659s] -- Installing: /media/sf_GhostRider/ros2_ws/install/turtle_catch_all_interfaces/lib/libturtle_catch_all_interfaces__rosidl_generator_py.so
[14.692s] -- Set non-toolchain portion of runtime path of "/media/sf_GhostRider/ros2_ws/install/turtle_catch_all_interfaces/lib/libturtle_catch_all_interfaces__rosidl_generator_py.so" to ""
[14.694s] -- Up-to-date: /media/sf_GhostRider/ros2_ws/install/turtle_catch_all_interfaces/share/turtle_catch_all_interfaces/msg/Turtle.idl
[14.695s] -- Up-to-date: /media/sf_GhostRider/ros2_ws/install/turtle_catch_all_interfaces/share/turtle_catch_all_interfaces/msg/TurtleArray.idl
[14.696s] -- Up-to-date: /media/sf_GhostRider/ros2_ws/install/turtle_catch_all_interfaces/share/turtle_catch_all_interfaces/srv/CatchTurtle.idl
[14.697s] -- Up-to-date: /media/sf_GhostRider/ros2_ws/install/turtle_catch_all_interfaces/share/turtle_catch_all_interfaces/msg/Turtle.msg
[14.699s] -- Up-to-date: /media/sf_GhostRider/ros2_ws/install/turtle_catch_all_interfaces/share/turtle_catch_all_interfaces/msg/TurtleArray.msg
[14.700s] -- Up-to-date: /media/sf_GhostRider/ros2_ws/install/turtle_catch_all_interfaces/share/turtle_catch_all_interfaces/srv/CatchTurtle.srv
[14.702s] -- Up-to-date: /media/sf_GhostRider/ros2_ws/install/turtle_catch_all_interfaces/share/ament_index/resource_index/package_run_dependencies/turtle_catch_all_interfaces
[14.703s] -- Up-to-date: /media/sf_GhostRider/ros2_ws/install/turtle_catch_all_interfaces/share/ament_index/resource_index/parent_prefix_path/turtle_catch_all_interfaces
[14.705s] -- Up-to-date: /media/sf_GhostRider/ros2_ws/install/turtle_catch_all_interfaces/share/turtle_catch_all_interfaces/environment/ament_prefix_path.sh
[14.705s] -- Up-to-date: /media/sf_GhostRider/ros2_ws/install/turtle_catch_all_interfaces/share/turtle_catch_all_interfaces/environment/ament_prefix_path.dsv
[14.706s] -- Up-to-date: /media/sf_GhostRider/ros2_ws/install/turtle_catch_all_interfaces/share/turtle_catch_all_interfaces/environment/path.sh
[14.707s] -- Up-to-date: /media/sf_GhostRider/ros2_ws/install/turtle_catch_all_interfaces/share/turtle_catch_all_interfaces/environment/path.dsv
[14.708s] -- Up-to-date: /media/sf_GhostRider/ros2_ws/install/turtle_catch_all_interfaces/share/turtle_catch_all_interfaces/local_setup.bash
[14.709s] -- Up-to-date: /media/sf_GhostRider/ros2_ws/install/turtle_catch_all_interfaces/share/turtle_catch_all_interfaces/local_setup.sh
[14.710s] -- Up-to-date: /media/sf_GhostRider/ros2_ws/install/turtle_catch_all_interfaces/share/turtle_catch_all_interfaces/local_setup.zsh
[14.711s] -- Up-to-date: /media/sf_GhostRider/ros2_ws/install/turtle_catch_all_interfaces/share/turtle_catch_all_interfaces/local_setup.dsv
[14.713s] -- Installing: /media/sf_GhostRider/ros2_ws/install/turtle_catch_all_interfaces/share/turtle_catch_all_interfaces/package.dsv
[14.718s] -- Up-to-date: /media/sf_GhostRider/ros2_ws/install/turtle_catch_all_interfaces/share/ament_index/resource_index/packages/turtle_catch_all_interfaces
[14.720s] -- Up-to-date: /media/sf_GhostRider/ros2_ws/install/turtle_catch_all_interfaces/share/turtle_catch_all_interfaces/cmake/export_turtle_catch_all_interfaces__rosidl_generator_cExport.cmake
[14.721s] -- Up-to-date: /media/sf_GhostRider/ros2_ws/install/turtle_catch_all_interfaces/share/turtle_catch_all_interfaces/cmake/export_turtle_catch_all_interfaces__rosidl_generator_cExport-noconfig.cmake
[14.723s] -- Up-to-date: /media/sf_GhostRider/ros2_ws/install/turtle_catch_all_interfaces/share/turtle_catch_all_interfaces/cmake/export_turtle_catch_all_interfaces__rosidl_typesupport_fastrtps_cExport.cmake
[14.725s] -- Up-to-date: /media/sf_GhostRider/ros2_ws/install/turtle_catch_all_interfaces/share/turtle_catch_all_interfaces/cmake/export_turtle_catch_all_interfaces__rosidl_typesupport_fastrtps_cExport-noconfig.cmake
[14.726s] -- Up-to-date: /media/sf_GhostRider/ros2_ws/install/turtle_catch_all_interfaces/share/turtle_catch_all_interfaces/cmake/turtle_catch_all_interfaces__rosidl_typesupport_introspection_cExport.cmake
[14.727s] -- Up-to-date: /media/sf_GhostRider/ros2_ws/install/turtle_catch_all_interfaces/share/turtle_catch_all_interfaces/cmake/turtle_catch_all_interfaces__rosidl_typesupport_introspection_cExport-noconfig.cmake
[14.729s] -- Up-to-date: /media/sf_GhostRider/ros2_ws/install/turtle_catch_all_interfaces/share/turtle_catch_all_interfaces/cmake/turtle_catch_all_interfaces__rosidl_typesupport_cExport.cmake
[14.730s] -- Up-to-date: /media/sf_GhostRider/ros2_ws/install/turtle_catch_all_interfaces/share/turtle_catch_all_interfaces/cmake/turtle_catch_all_interfaces__rosidl_typesupport_cExport-noconfig.cmake
[14.731s] -- Up-to-date: /media/sf_GhostRider/ros2_ws/install/turtle_catch_all_interfaces/share/turtle_catch_all_interfaces/cmake/export_turtle_catch_all_interfaces__rosidl_generator_cppExport.cmake
[14.733s] -- Up-to-date: /media/sf_GhostRider/ros2_ws/install/turtle_catch_all_interfaces/share/turtle_catch_all_interfaces/cmake/export_turtle_catch_all_interfaces__rosidl_typesupport_fastrtps_cppExport.cmake
[14.734s] -- Up-to-date: /media/sf_GhostRider/ros2_ws/install/turtle_catch_all_interfaces/share/turtle_catch_all_interfaces/cmake/export_turtle_catch_all_interfaces__rosidl_typesupport_fastrtps_cppExport-noconfig.cmake
[14.736s] -- Up-to-date: /media/sf_GhostRider/ros2_ws/install/turtle_catch_all_interfaces/share/turtle_catch_all_interfaces/cmake/turtle_catch_all_interfaces__rosidl_typesupport_introspection_cppExport.cmake
[14.737s] -- Up-to-date: /media/sf_GhostRider/ros2_ws/install/turtle_catch_all_interfaces/share/turtle_catch_all_interfaces/cmake/turtle_catch_all_interfaces__rosidl_typesupport_introspection_cppExport-noconfig.cmake
[14.739s] -- Up-to-date: /media/sf_GhostRider/ros2_ws/install/turtle_catch_all_interfaces/share/turtle_catch_all_interfaces/cmake/turtle_catch_all_interfaces__rosidl_typesupport_cppExport.cmake
[14.740s] -- Up-to-date: /media/sf_GhostRider/ros2_ws/install/turtle_catch_all_interfaces/share/turtle_catch_all_interfaces/cmake/turtle_catch_all_interfaces__rosidl_typesupport_cppExport-noconfig.cmake
[14.742s] -- Up-to-date: /media/sf_GhostRider/ros2_ws/install/turtle_catch_all_interfaces/share/turtle_catch_all_interfaces/cmake/export_turtle_catch_all_interfaces__rosidl_generator_pyExport.cmake
[14.743s] -- Up-to-date: /media/sf_GhostRider/ros2_ws/install/turtle_catch_all_interfaces/share/turtle_catch_all_interfaces/cmake/export_turtle_catch_all_interfaces__rosidl_generator_pyExport-noconfig.cmake
[14.744s] -- Up-to-date: /media/sf_GhostRider/ros2_ws/install/turtle_catch_all_interfaces/share/turtle_catch_all_interfaces/cmake/rosidl_cmake-extras.cmake
[14.745s] -- Up-to-date: /media/sf_GhostRider/ros2_ws/install/turtle_catch_all_interfaces/share/turtle_catch_all_interfaces/cmake/ament_cmake_export_dependencies-extras.cmake
[14.747s] -- Up-to-date: /media/sf_GhostRider/ros2_ws/install/turtle_catch_all_interfaces/share/turtle_catch_all_interfaces/cmake/ament_cmake_export_include_directories-extras.cmake
[14.748s] -- Up-to-date: /media/sf_GhostRider/ros2_ws/install/turtle_catch_all_interfaces/share/turtle_catch_all_interfaces/cmake/ament_cmake_export_libraries-extras.cmake
[14.748s] -- Up-to-date: /media/sf_GhostRider/ros2_ws/install/turtle_catch_all_interfaces/share/turtle_catch_all_interfaces/cmake/ament_cmake_export_targets-extras.cmake
[14.749s] -- Up-to-date: /media/sf_GhostRider/ros2_ws/install/turtle_catch_all_interfaces/share/turtle_catch_all_interfaces/cmake/rosidl_cmake_export_typesupport_targets-extras.cmake
[14.750s] -- Up-to-date: /media/sf_GhostRider/ros2_ws/install/turtle_catch_all_interfaces/share/turtle_catch_all_interfaces/cmake/rosidl_cmake_export_typesupport_libraries-extras.cmake
[14.751s] -- Up-to-date: /media/sf_GhostRider/ros2_ws/install/turtle_catch_all_interfaces/share/turtle_catch_all_interfaces/cmake/turtle_catch_all_interfacesConfig.cmake
[14.752s] -- Up-to-date: /media/sf_GhostRider/ros2_ws/install/turtle_catch_all_interfaces/share/turtle_catch_all_interfaces/cmake/turtle_catch_all_interfacesConfig-version.cmake
[14.753s] -- Up-to-date: /media/sf_GhostRider/ros2_ws/install/turtle_catch_all_interfaces/share/turtle_catch_all_interfaces/package.xml
[14.759s] Invoked command in '/media/sf_GhostRider/ros2_ws/build/turtle_catch_all_interfaces' returned '0': CMAKE_PREFIX_PATH=${CMAKE_PREFIX_PATH}:/media/sf_GhostRider/ros2_ws/install/turtlesim_catch_them_all:/media/sf_GhostRider/ros2_ws/install/my_py_pkg:/opt/ros/jazzy DEBUGINFOD_URLS=https://debuginfod.ubuntu.com /usr/bin/cmake --install /media/sf_GhostRider/ros2_ws/build/turtle_catch_all_interfaces
