[0.069s] DEBUG:colcon:Command line arguments: ['/usr/bin/colcon', 'build', '--cmake-clean-cache', '--packages-select', 'turtle_mine_bringup']
[0.069s] DEBUG:colcon:Parsed command line arguments: Namespace(log_base=None, log_level=None, verb_name='build', build_base='build', install_base='install', merge_install=False, symlink_install=False, test_result_base=None, continue_on_error=False, executor='parallel', parallel_workers=20, event_handlers=None, ignore_user_meta=False, metas=['./colcon.meta'], base_paths=['.'], packages_ignore=None, packages_ignore_regex=None, paths=None, packages_up_to=None, packages_up_to_regex=None, packages_above=None, packages_above_and_dependencies=None, packages_above_depth=None, packages_select_by_dep=None, packages_skip_by_dep=None, packages_skip_up_to=None, packages_select_build_failed=False, packages_skip_build_finished=False, packages_select_test_failures=False, packages_skip_test_passed=False, packages_select=['turtle_mine_bringup'], packages_skip=None, packages_select_regex=None, packages_skip_regex=None, packages_start=None, packages_end=None, allow_overriding=[], cmake_args=None, cmake_target=None, cmake_target_skip_unavailable=False, cmake_clean_cache=True, cmake_clean_first=False, cmake_force_configure=False, ament_cmake_args=None, catkin_cmake_args=None, catkin_skip_building_tests=False, mixin_files=None, mixin=None, verb_parser=<colcon_mixin.mixin.mixin_argument.MixinArgumentDecorator object at 0x71daec73c2f0>, verb_extension=<colcon_core.verb.build.BuildVerb object at 0x71daec71bf20>, main=<bound method BuildVerb.main of <colcon_core.verb.build.BuildVerb object at 0x71daec71bf20>>, mixin_verb=('build',))
[0.095s] Level 1:colcon.colcon_core.package_discovery:discover_packages(colcon_meta) check parameters
[0.096s] Level 1:colcon.colcon_core.package_discovery:discover_packages(recursive) check parameters
[0.096s] Level 1:colcon.colcon_core.package_discovery:discover_packages(ignore) check parameters
[0.096s] Level 1:colcon.colcon_core.package_discovery:discover_packages(path) check parameters
[0.097s] Level 1:colcon.colcon_core.package_discovery:discover_packages(colcon_meta) discover
[0.097s] Level 1:colcon.colcon_core.package_discovery:discover_packages(recursive) discover
[0.097s] INFO:colcon.colcon_core.package_discovery:Crawling recursively for packages in '/media/sf_GhostRider/ros2_ws'
[0.098s] Level 1:colcon.colcon_core.package_identification:_identify(.) by extensions ['ignore', 'ignore_ament_install']
[0.099s] Level 1:colcon.colcon_core.package_identification:_identify(.) by extension 'ignore'
[0.099s] Level 1:colcon.colcon_core.package_identification:_identify(.) by extension 'ignore_ament_install'
[0.100s] Level 1:colcon.colcon_core.package_identification:_identify(.) by extensions ['colcon_pkg']
[0.100s] Level 1:colcon.colcon_core.package_identification:_identify(.) by extension 'colcon_pkg'
[0.101s] Level 1:colcon.colcon_core.package_identification:_identify(.) by extensions ['colcon_meta']
[0.101s] Level 1:colcon.colcon_core.package_identification:_identify(.) by extension 'colcon_meta'
[0.102s] Level 1:colcon.colcon_core.package_identification:_identify(.) by extensions ['ros']
[0.102s] Level 1:colcon.colcon_core.package_identification:_identify(.) by extension 'ros'
[0.119s] Level 1:colcon.colcon_core.package_identification:_identify(.) by extensions ['cmake', 'python']
[0.119s] Level 1:colcon.colcon_core.package_identification:_identify(.) by extension 'cmake'
[0.120s] Level 1:colcon.colcon_core.package_identification:_identify(.) by extension 'python'
[0.121s] Level 1:colcon.colcon_core.package_identification:_identify(.) by extensions ['python_setup_py']
[0.121s] Level 1:colcon.colcon_core.package_identification:_identify(.) by extension 'python_setup_py'
[0.122s] Level 1:colcon.colcon_core.package_identification:_identify(build) by extensions ['ignore', 'ignore_ament_install']
[0.122s] Level 1:colcon.colcon_core.package_identification:_identify(build) by extension 'ignore'
[0.122s] Level 1:colcon.colcon_core.package_identification:_identify(build) ignored
[0.123s] Level 1:colcon.colcon_core.package_identification:_identify(install) by extensions ['ignore', 'ignore_ament_install']
[0.123s] Level 1:colcon.colcon_core.package_identification:_identify(install) by extension 'ignore'
[0.124s] Level 1:colcon.colcon_core.package_identification:_identify(install) ignored
[0.124s] Level 1:colcon.colcon_core.package_identification:_identify(log) by extensions ['ignore', 'ignore_ament_install']
[0.124s] Level 1:colcon.colcon_core.package_identification:_identify(log) by extension 'ignore'
[0.125s] Level 1:colcon.colcon_core.package_identification:_identify(log) ignored
[0.125s] Level 1:colcon.colcon_core.package_identification:_identify(src) by extensions ['ignore', 'ignore_ament_install']
[0.126s] Level 1:colcon.colcon_core.package_identification:_identify(src) by extension 'ignore'
[0.126s] Level 1:colcon.colcon_core.package_identification:_identify(src) by extension 'ignore_ament_install'
[0.126s] Level 1:colcon.colcon_core.package_identification:_identify(src) by extensions ['colcon_pkg']
[0.127s] Level 1:colcon.colcon_core.package_identification:_identify(src) by extension 'colcon_pkg'
[0.127s] Level 1:colcon.colcon_core.package_identification:_identify(src) by extensions ['colcon_meta']
[0.127s] Level 1:colcon.colcon_core.package_identification:_identify(src) by extension 'colcon_meta'
[0.127s] Level 1:colcon.colcon_core.package_identification:_identify(src) by extensions ['ros']
[0.127s] Level 1:colcon.colcon_core.package_identification:_identify(src) by extension 'ros'
[0.128s] Level 1:colcon.colcon_core.package_identification:_identify(src) by extensions ['cmake', 'python']
[0.128s] Level 1:colcon.colcon_core.package_identification:_identify(src) by extension 'cmake'
[0.128s] Level 1:colcon.colcon_core.package_identification:_identify(src) by extension 'python'
[0.129s] Level 1:colcon.colcon_core.package_identification:_identify(src) by extensions ['python_setup_py']
[0.129s] Level 1:colcon.colcon_core.package_identification:_identify(src) by extension 'python_setup_py'
[0.130s] Level 1:colcon.colcon_core.package_identification:_identify(src/my_cpp_pkg) by extensions ['ignore', 'ignore_ament_install']
[0.130s] Level 1:colcon.colcon_core.package_identification:_identify(src/my_cpp_pkg) by extension 'ignore'
[0.130s] Level 1:colcon.colcon_core.package_identification:_identify(src/my_cpp_pkg) by extension 'ignore_ament_install'
[0.131s] Level 1:colcon.colcon_core.package_identification:_identify(src/my_cpp_pkg) by extensions ['colcon_pkg']
[0.131s] Level 1:colcon.colcon_core.package_identification:_identify(src/my_cpp_pkg) by extension 'colcon_pkg'
[0.131s] Level 1:colcon.colcon_core.package_identification:_identify(src/my_cpp_pkg) by extensions ['colcon_meta']
[0.131s] Level 1:colcon.colcon_core.package_identification:_identify(src/my_cpp_pkg) by extension 'colcon_meta'
[0.131s] Level 1:colcon.colcon_core.package_identification:_identify(src/my_cpp_pkg) by extensions ['ros']
[0.131s] Level 1:colcon.colcon_core.package_identification:_identify(src/my_cpp_pkg) by extension 'ros'
[0.134s] DEBUG:colcon.colcon_core.package_identification:Package 'src/my_cpp_pkg' with type 'ros.ament_cmake' and name 'my_cpp_pkg'
[0.135s] Level 1:colcon.colcon_core.package_identification:_identify(src/my_py_pkg) by extensions ['ignore', 'ignore_ament_install']
[0.135s] Level 1:colcon.colcon_core.package_identification:_identify(src/my_py_pkg) by extension 'ignore'
[0.136s] Level 1:colcon.colcon_core.package_identification:_identify(src/my_py_pkg) by extension 'ignore_ament_install'
[0.136s] Level 1:colcon.colcon_core.package_identification:_identify(src/my_py_pkg) by extensions ['colcon_pkg']
[0.136s] Level 1:colcon.colcon_core.package_identification:_identify(src/my_py_pkg) by extension 'colcon_pkg'
[0.136s] Level 1:colcon.colcon_core.package_identification:_identify(src/my_py_pkg) by extensions ['colcon_meta']
[0.137s] Level 1:colcon.colcon_core.package_identification:_identify(src/my_py_pkg) by extension 'colcon_meta'
[0.137s] Level 1:colcon.colcon_core.package_identification:_identify(src/my_py_pkg) by extensions ['ros']
[0.137s] Level 1:colcon.colcon_core.package_identification:_identify(src/my_py_pkg) by extension 'ros'
[0.139s] DEBUG:colcon.colcon_core.package_identification:Package 'src/my_py_pkg' with type 'ros.ament_python' and name 'my_py_pkg'
[0.140s] Level 1:colcon.colcon_core.package_identification:_identify(src/my_robot_bringup) by extensions ['ignore', 'ignore_ament_install']
[0.140s] Level 1:colcon.colcon_core.package_identification:_identify(src/my_robot_bringup) by extension 'ignore'
[0.140s] Level 1:colcon.colcon_core.package_identification:_identify(src/my_robot_bringup) by extension 'ignore_ament_install'
[0.141s] Level 1:colcon.colcon_core.package_identification:_identify(src/my_robot_bringup) by extensions ['colcon_pkg']
[0.141s] Level 1:colcon.colcon_core.package_identification:_identify(src/my_robot_bringup) by extension 'colcon_pkg'
[0.141s] Level 1:colcon.colcon_core.package_identification:_identify(src/my_robot_bringup) by extensions ['colcon_meta']
[0.141s] Level 1:colcon.colcon_core.package_identification:_identify(src/my_robot_bringup) by extension 'colcon_meta'
[0.142s] Level 1:colcon.colcon_core.package_identification:_identify(src/my_robot_bringup) by extensions ['ros']
[0.142s] Level 1:colcon.colcon_core.package_identification:_identify(src/my_robot_bringup) by extension 'ros'
[0.143s] DEBUG:colcon.colcon_core.package_identification:Package 'src/my_robot_bringup' with type 'ros.ament_cmake' and name 'my_robot_bringup'
[0.144s] Level 1:colcon.colcon_core.package_identification:_identify(src/my_robot_interfaces) by extensions ['ignore', 'ignore_ament_install']
[0.145s] Level 1:colcon.colcon_core.package_identification:_identify(src/my_robot_interfaces) by extension 'ignore'
[0.145s] Level 1:colcon.colcon_core.package_identification:_identify(src/my_robot_interfaces) by extension 'ignore_ament_install'
[0.146s] Level 1:colcon.colcon_core.package_identification:_identify(src/my_robot_interfaces) by extensions ['colcon_pkg']
[0.146s] Level 1:colcon.colcon_core.package_identification:_identify(src/my_robot_interfaces) by extension 'colcon_pkg'
[0.146s] Level 1:colcon.colcon_core.package_identification:_identify(src/my_robot_interfaces) by extensions ['colcon_meta']
[0.146s] Level 1:colcon.colcon_core.package_identification:_identify(src/my_robot_interfaces) by extension 'colcon_meta'
[0.146s] Level 1:colcon.colcon_core.package_identification:_identify(src/my_robot_interfaces) by extensions ['ros']
[0.147s] Level 1:colcon.colcon_core.package_identification:_identify(src/my_robot_interfaces) by extension 'ros'
[0.148s] DEBUG:colcon.colcon_core.package_identification:Package 'src/my_robot_interfaces' with type 'ros.ament_cmake' and name 'my_robot_interfaces'
[0.149s] Level 1:colcon.colcon_core.package_identification:_identify(src/turtle_catch_all_interfaces) by extensions ['ignore', 'ignore_ament_install']
[0.149s] Level 1:colcon.colcon_core.package_identification:_identify(src/turtle_catch_all_interfaces) by extension 'ignore'
[0.149s] Level 1:colcon.colcon_core.package_identification:_identify(src/turtle_catch_all_interfaces) by extension 'ignore_ament_install'
[0.150s] Level 1:colcon.colcon_core.package_identification:_identify(src/turtle_catch_all_interfaces) by extensions ['colcon_pkg']
[0.150s] Level 1:colcon.colcon_core.package_identification:_identify(src/turtle_catch_all_interfaces) by extension 'colcon_pkg'
[0.150s] Level 1:colcon.colcon_core.package_identification:_identify(src/turtle_catch_all_interfaces) by extensions ['colcon_meta']
[0.150s] Level 1:colcon.colcon_core.package_identification:_identify(src/turtle_catch_all_interfaces) by extension 'colcon_meta'
[0.151s] Level 1:colcon.colcon_core.package_identification:_identify(src/turtle_catch_all_interfaces) by extensions ['ros']
[0.151s] Level 1:colcon.colcon_core.package_identification:_identify(src/turtle_catch_all_interfaces) by extension 'ros'
[0.152s] DEBUG:colcon.colcon_core.package_identification:Package 'src/turtle_catch_all_interfaces' with type 'ros.ament_cmake' and name 'turtle_catch_all_interfaces'
[0.153s] Level 1:colcon.colcon_core.package_identification:_identify(src/turtle_mine_bringup) by extensions ['ignore', 'ignore_ament_install']
[0.153s] Level 1:colcon.colcon_core.package_identification:_identify(src/turtle_mine_bringup) by extension 'ignore'
[0.153s] Level 1:colcon.colcon_core.package_identification:_identify(src/turtle_mine_bringup) by extension 'ignore_ament_install'
[0.154s] Level 1:colcon.colcon_core.package_identification:_identify(src/turtle_mine_bringup) by extensions ['colcon_pkg']
[0.154s] Level 1:colcon.colcon_core.package_identification:_identify(src/turtle_mine_bringup) by extension 'colcon_pkg'
[0.154s] Level 1:colcon.colcon_core.package_identification:_identify(src/turtle_mine_bringup) by extensions ['colcon_meta']
[0.154s] Level 1:colcon.colcon_core.package_identification:_identify(src/turtle_mine_bringup) by extension 'colcon_meta'
[0.154s] Level 1:colcon.colcon_core.package_identification:_identify(src/turtle_mine_bringup) by extensions ['ros']
[0.154s] Level 1:colcon.colcon_core.package_identification:_identify(src/turtle_mine_bringup) by extension 'ros'
[0.155s] DEBUG:colcon.colcon_core.package_identification:Package 'src/turtle_mine_bringup' with type 'ros.ament_cmake' and name 'turtle_mine_bringup'
[0.156s] Level 1:colcon.colcon_core.package_identification:_identify(src/turtlesim_catch_them_all) by extensions ['ignore', 'ignore_ament_install']
[0.156s] Level 1:colcon.colcon_core.package_identification:_identify(src/turtlesim_catch_them_all) by extension 'ignore'
[0.157s] Level 1:colcon.colcon_core.package_identification:_identify(src/turtlesim_catch_them_all) by extension 'ignore_ament_install'
[0.157s] Level 1:colcon.colcon_core.package_identification:_identify(src/turtlesim_catch_them_all) by extensions ['colcon_pkg']
[0.157s] Level 1:colcon.colcon_core.package_identification:_identify(src/turtlesim_catch_them_all) by extension 'colcon_pkg'
[0.157s] Level 1:colcon.colcon_core.package_identification:_identify(src/turtlesim_catch_them_all) by extensions ['colcon_meta']
[0.157s] Level 1:colcon.colcon_core.package_identification:_identify(src/turtlesim_catch_them_all) by extension 'colcon_meta'
[0.158s] Level 1:colcon.colcon_core.package_identification:_identify(src/turtlesim_catch_them_all) by extensions ['ros']
[0.158s] Level 1:colcon.colcon_core.package_identification:_identify(src/turtlesim_catch_them_all) by extension 'ros'
[0.159s] DEBUG:colcon.colcon_core.package_identification:Package 'src/turtlesim_catch_them_all' with type 'ros.ament_python' and name 'turtlesim_catch_them_all'
[0.160s] Level 1:colcon.colcon_core.package_identification:_identify(yaml_params) by extensions ['ignore', 'ignore_ament_install']
[0.160s] Level 1:colcon.colcon_core.package_identification:_identify(yaml_params) by extension 'ignore'
[0.160s] Level 1:colcon.colcon_core.package_identification:_identify(yaml_params) by extension 'ignore_ament_install'
[0.161s] Level 1:colcon.colcon_core.package_identification:_identify(yaml_params) by extensions ['colcon_pkg']
[0.161s] Level 1:colcon.colcon_core.package_identification:_identify(yaml_params) by extension 'colcon_pkg'
[0.161s] Level 1:colcon.colcon_core.package_identification:_identify(yaml_params) by extensions ['colcon_meta']
[0.161s] Level 1:colcon.colcon_core.package_identification:_identify(yaml_params) by extension 'colcon_meta'
[0.161s] Level 1:colcon.colcon_core.package_identification:_identify(yaml_params) by extensions ['ros']
[0.161s] Level 1:colcon.colcon_core.package_identification:_identify(yaml_params) by extension 'ros'
[0.162s] Level 1:colcon.colcon_core.package_identification:_identify(yaml_params) by extensions ['cmake', 'python']
[0.162s] Level 1:colcon.colcon_core.package_identification:_identify(yaml_params) by extension 'cmake'
[0.162s] Level 1:colcon.colcon_core.package_identification:_identify(yaml_params) by extension 'python'
[0.162s] Level 1:colcon.colcon_core.package_identification:_identify(yaml_params) by extensions ['python_setup_py']
[0.163s] Level 1:colcon.colcon_core.package_identification:_identify(yaml_params) by extension 'python_setup_py'
[0.163s] Level 1:colcon.colcon_core.package_discovery:discover_packages(recursive) using defaults
[0.163s] Level 1:colcon.colcon_core.package_discovery:discover_packages(ignore) discover
[0.163s] Level 1:colcon.colcon_core.package_discovery:discover_packages(ignore) using defaults
[0.163s] Level 1:colcon.colcon_core.package_discovery:discover_packages(path) discover
[0.163s] Level 1:colcon.colcon_core.package_discovery:discover_packages(path) using defaults
[0.177s] INFO:colcon.colcon_core.package_selection:Skipping not selected package 'my_robot_interfaces' in 'src/my_robot_interfaces'
[0.177s] INFO:colcon.colcon_core.package_selection:Skipping not selected package 'turtle_catch_all_interfaces' in 'src/turtle_catch_all_interfaces'
[0.177s] INFO:colcon.colcon_core.package_selection:Skipping not selected package 'my_cpp_pkg' in 'src/my_cpp_pkg'
[0.178s] INFO:colcon.colcon_core.package_selection:Skipping not selected package 'my_py_pkg' in 'src/my_py_pkg'
[0.178s] INFO:colcon.colcon_core.package_selection:Skipping not selected package 'turtlesim_catch_them_all' in 'src/turtlesim_catch_them_all'
[0.178s] INFO:colcon.colcon_core.package_selection:Skipping not selected package 'my_robot_bringup' in 'src/my_robot_bringup'
[0.178s] Level 1:colcon.colcon_core.package_discovery:discover_packages(prefix_path) check parameters
[0.178s] Level 1:colcon.colcon_core.package_discovery:discover_packages(prefix_path) discover
[0.195s] DEBUG:colcon.colcon_installed_package_information.package_discovery:Found 7 installed packages in /media/sf_GhostRider/ros2_ws/install
[0.196s] DEBUG:colcon.colcon_installed_package_information.package_discovery:Found 286 installed packages in /opt/ros/jazzy
[0.196s] Level 1:colcon.colcon_core.package_discovery:discover_packages(prefix_path) using defaults
[0.225s] Level 5:colcon.colcon_core.verb:set package 'turtle_mine_bringup' build argument 'cmake_args' from command line to 'None'
[0.225s] Level 5:colcon.colcon_core.verb:set package 'turtle_mine_bringup' build argument 'cmake_target' from command line to 'None'
[0.225s] Level 5:colcon.colcon_core.verb:set package 'turtle_mine_bringup' build argument 'cmake_target_skip_unavailable' from command line to 'False'
[0.225s] Level 5:colcon.colcon_core.verb:set package 'turtle_mine_bringup' build argument 'cmake_clean_cache' from command line to 'True'
[0.225s] Level 5:colcon.colcon_core.verb:set package 'turtle_mine_bringup' build argument 'cmake_clean_first' from command line to 'False'
[0.225s] Level 5:colcon.colcon_core.verb:set package 'turtle_mine_bringup' build argument 'cmake_force_configure' from command line to 'False'
[0.226s] Level 5:colcon.colcon_core.verb:set package 'turtle_mine_bringup' build argument 'ament_cmake_args' from command line to 'None'
[0.226s] Level 5:colcon.colcon_core.verb:set package 'turtle_mine_bringup' build argument 'catkin_cmake_args' from command line to 'None'
[0.226s] Level 5:colcon.colcon_core.verb:set package 'turtle_mine_bringup' build argument 'catkin_skip_building_tests' from command line to 'False'
[0.226s] DEBUG:colcon.colcon_core.verb:Building package 'turtle_mine_bringup' with the following arguments: {'ament_cmake_args': None, 'build_base': '/media/sf_GhostRider/ros2_ws/build/turtle_mine_bringup', 'catkin_cmake_args': None, 'catkin_skip_building_tests': False, 'cmake_args': None, 'cmake_clean_cache': True, 'cmake_clean_first': False, 'cmake_force_configure': False, 'cmake_target': None, 'cmake_target_skip_unavailable': False, 'install_base': '/media/sf_GhostRider/ros2_ws/install/turtle_mine_bringup', 'merge_install': False, 'path': '/media/sf_GhostRider/ros2_ws/src/turtle_mine_bringup', 'symlink_install': False, 'test_result_base': None}
[0.226s] INFO:colcon.colcon_core.executor:Executing jobs using 'parallel' executor
[0.227s] DEBUG:colcon.colcon_parallel_executor.executor.parallel:run_until_complete
[0.227s] INFO:colcon.colcon_ros.task.ament_cmake.build:Building ROS package in '/media/sf_GhostRider/ros2_ws/src/turtle_mine_bringup' with build type 'ament_cmake'
[0.227s] INFO:colcon.colcon_cmake.task.cmake.build:Building CMake package in '/media/sf_GhostRider/ros2_ws/src/turtle_mine_bringup'
[0.230s] INFO:colcon.colcon_core.plugin_system:Skipping extension 'colcon_core.shell.bat': Not used on non-Windows systems
[0.231s] INFO:colcon.colcon_core.shell:Skip shell extension 'powershell' for command environment: Not usable outside of PowerShell
[0.231s] DEBUG:colcon.colcon_core.shell:Skip shell extension 'dsv' for command environment
[0.306s] DEBUG:colcon.colcon_core.event_handler.log_command:Invoking command in '/media/sf_GhostRider/ros2_ws/build/turtle_mine_bringup': AMENT_PREFIX_PATH=/media/sf_GhostRider/ros2_ws/install/turtlesim_catch_them_all:/media/sf_GhostRider/ros2_ws/install/turtle_mine_bringup:/media/sf_GhostRider/ros2_ws/install/turtle_catch_all_interfaces:/media/sf_GhostRider/ros2_ws/install/my_robot_bringup:/media/sf_GhostRider/ros2_ws/install/my_py_pkg:/media/sf_GhostRider/ros2_ws/install/my_cpp_pkg:/media/sf_GhostRider/ros2_ws/install/my_robot_interfaces:/opt/ros/jazzy CMAKE_PREFIX_PATH=/media/sf_GhostRider/ros2_ws/install/turtle_catch_all_interfaces:/media/sf_GhostRider/ros2_ws/install/turtle_mine_bringup:/media/sf_GhostRider/ros2_ws/install/my_robot_bringup:/media/sf_GhostRider/ros2_ws/install/my_cpp_pkg:/media/sf_GhostRider/ros2_ws/install/my_robot_interfaces:/opt/ros/jazzy/opt/gz_math_vendor:/opt/ros/jazzy/opt/gz_utils_vendor:/opt/ros/jazzy/opt/gz_cmake_vendor:/media/sf_GhostRider/ros2_ws/install/turtlesim_catch_them_all:/media/sf_GhostRider/ros2_ws/install/my_py_pkg:/opt/ros/jazzy DEBUGINFOD_URLS=https://debuginfod.ubuntu.com /usr/bin/cmake /media/sf_GhostRider/ros2_ws/src/turtle_mine_bringup -DCMAKE_INSTALL_PREFIX=/media/sf_GhostRider/ros2_ws/install/turtle_mine_bringup
[2.314s] DEBUG:colcon.colcon_core.event_handler.log_command:Invoked command in '/media/sf_GhostRider/ros2_ws/build/turtle_mine_bringup' returned '0': AMENT_PREFIX_PATH=/media/sf_GhostRider/ros2_ws/install/turtlesim_catch_them_all:/media/sf_GhostRider/ros2_ws/install/turtle_mine_bringup:/media/sf_GhostRider/ros2_ws/install/turtle_catch_all_interfaces:/media/sf_GhostRider/ros2_ws/install/my_robot_bringup:/media/sf_GhostRider/ros2_ws/install/my_py_pkg:/media/sf_GhostRider/ros2_ws/install/my_cpp_pkg:/media/sf_GhostRider/ros2_ws/install/my_robot_interfaces:/opt/ros/jazzy CMAKE_PREFIX_PATH=/media/sf_GhostRider/ros2_ws/install/turtle_catch_all_interfaces:/media/sf_GhostRider/ros2_ws/install/turtle_mine_bringup:/media/sf_GhostRider/ros2_ws/install/my_robot_bringup:/media/sf_GhostRider/ros2_ws/install/my_cpp_pkg:/media/sf_GhostRider/ros2_ws/install/my_robot_interfaces:/opt/ros/jazzy/opt/gz_math_vendor:/opt/ros/jazzy/opt/gz_utils_vendor:/opt/ros/jazzy/opt/gz_cmake_vendor:/media/sf_GhostRider/ros2_ws/install/turtlesim_catch_them_all:/media/sf_GhostRider/ros2_ws/install/my_py_pkg:/opt/ros/jazzy DEBUGINFOD_URLS=https://debuginfod.ubuntu.com /usr/bin/cmake /media/sf_GhostRider/ros2_ws/src/turtle_mine_bringup -DCMAKE_INSTALL_PREFIX=/media/sf_GhostRider/ros2_ws/install/turtle_mine_bringup
[2.317s] DEBUG:colcon.colcon_core.event_handler.log_command:Invoking command in '/media/sf_GhostRider/ros2_ws/build/turtle_mine_bringup': AMENT_PREFIX_PATH=/media/sf_GhostRider/ros2_ws/install/turtlesim_catch_them_all:/media/sf_GhostRider/ros2_ws/install/turtle_mine_bringup:/media/sf_GhostRider/ros2_ws/install/turtle_catch_all_interfaces:/media/sf_GhostRider/ros2_ws/install/my_robot_bringup:/media/sf_GhostRider/ros2_ws/install/my_py_pkg:/media/sf_GhostRider/ros2_ws/install/my_cpp_pkg:/media/sf_GhostRider/ros2_ws/install/my_robot_interfaces:/opt/ros/jazzy CMAKE_PREFIX_PATH=/media/sf_GhostRider/ros2_ws/install/turtle_catch_all_interfaces:/media/sf_GhostRider/ros2_ws/install/turtle_mine_bringup:/media/sf_GhostRider/ros2_ws/install/my_robot_bringup:/media/sf_GhostRider/ros2_ws/install/my_cpp_pkg:/media/sf_GhostRider/ros2_ws/install/my_robot_interfaces:/opt/ros/jazzy/opt/gz_math_vendor:/opt/ros/jazzy/opt/gz_utils_vendor:/opt/ros/jazzy/opt/gz_cmake_vendor:/media/sf_GhostRider/ros2_ws/install/turtlesim_catch_them_all:/media/sf_GhostRider/ros2_ws/install/my_py_pkg:/opt/ros/jazzy DEBUGINFOD_URLS=https://debuginfod.ubuntu.com /usr/bin/cmake --build /media/sf_GhostRider/ros2_ws/build/turtle_mine_bringup -- -j20 -l20
[2.429s] DEBUG:colcon.colcon_core.event_handler.log_command:Invoked command in '/media/sf_GhostRider/ros2_ws/build/turtle_mine_bringup' returned '0': AMENT_PREFIX_PATH=/media/sf_GhostRider/ros2_ws/install/turtlesim_catch_them_all:/media/sf_GhostRider/ros2_ws/install/turtle_mine_bringup:/media/sf_GhostRider/ros2_ws/install/turtle_catch_all_interfaces:/media/sf_GhostRider/ros2_ws/install/my_robot_bringup:/media/sf_GhostRider/ros2_ws/install/my_py_pkg:/media/sf_GhostRider/ros2_ws/install/my_cpp_pkg:/media/sf_GhostRider/ros2_ws/install/my_robot_interfaces:/opt/ros/jazzy CMAKE_PREFIX_PATH=/media/sf_GhostRider/ros2_ws/install/turtle_catch_all_interfaces:/media/sf_GhostRider/ros2_ws/install/turtle_mine_bringup:/media/sf_GhostRider/ros2_ws/install/my_robot_bringup:/media/sf_GhostRider/ros2_ws/install/my_cpp_pkg:/media/sf_GhostRider/ros2_ws/install/my_robot_interfaces:/opt/ros/jazzy/opt/gz_math_vendor:/opt/ros/jazzy/opt/gz_utils_vendor:/opt/ros/jazzy/opt/gz_cmake_vendor:/media/sf_GhostRider/ros2_ws/install/turtlesim_catch_them_all:/media/sf_GhostRider/ros2_ws/install/my_py_pkg:/opt/ros/jazzy DEBUGINFOD_URLS=https://debuginfod.ubuntu.com /usr/bin/cmake --build /media/sf_GhostRider/ros2_ws/build/turtle_mine_bringup -- -j20 -l20
[2.451s] DEBUG:colcon.colcon_core.event_handler.log_command:Invoking command in '/media/sf_GhostRider/ros2_ws/build/turtle_mine_bringup': AMENT_PREFIX_PATH=/media/sf_GhostRider/ros2_ws/install/turtlesim_catch_them_all:/media/sf_GhostRider/ros2_ws/install/turtle_mine_bringup:/media/sf_GhostRider/ros2_ws/install/turtle_catch_all_interfaces:/media/sf_GhostRider/ros2_ws/install/my_robot_bringup:/media/sf_GhostRider/ros2_ws/install/my_py_pkg:/media/sf_GhostRider/ros2_ws/install/my_cpp_pkg:/media/sf_GhostRider/ros2_ws/install/my_robot_interfaces:/opt/ros/jazzy CMAKE_PREFIX_PATH=/media/sf_GhostRider/ros2_ws/install/turtle_catch_all_interfaces:/media/sf_GhostRider/ros2_ws/install/turtle_mine_bringup:/media/sf_GhostRider/ros2_ws/install/my_robot_bringup:/media/sf_GhostRider/ros2_ws/install/my_cpp_pkg:/media/sf_GhostRider/ros2_ws/install/my_robot_interfaces:/opt/ros/jazzy/opt/gz_math_vendor:/opt/ros/jazzy/opt/gz_utils_vendor:/opt/ros/jazzy/opt/gz_cmake_vendor:/media/sf_GhostRider/ros2_ws/install/turtlesim_catch_them_all:/media/sf_GhostRider/ros2_ws/install/my_py_pkg:/opt/ros/jazzy DEBUGINFOD_URLS=https://debuginfod.ubuntu.com /usr/bin/cmake --install /media/sf_GhostRider/ros2_ws/build/turtle_mine_bringup
[2.490s] Level 1:colcon.colcon_core.environment:create_environment_scripts_only(turtle_mine_bringup)
[2.492s] DEBUG:colcon.colcon_core.event_handler.log_command:Invoked command in '/media/sf_GhostRider/ros2_ws/build/turtle_mine_bringup' returned '0': AMENT_PREFIX_PATH=/media/sf_GhostRider/ros2_ws/install/turtlesim_catch_them_all:/media/sf_GhostRider/ros2_ws/install/turtle_mine_bringup:/media/sf_GhostRider/ros2_ws/install/turtle_catch_all_interfaces:/media/sf_GhostRider/ros2_ws/install/my_robot_bringup:/media/sf_GhostRider/ros2_ws/install/my_py_pkg:/media/sf_GhostRider/ros2_ws/install/my_cpp_pkg:/media/sf_GhostRider/ros2_ws/install/my_robot_interfaces:/opt/ros/jazzy CMAKE_PREFIX_PATH=/media/sf_GhostRider/ros2_ws/install/turtle_catch_all_interfaces:/media/sf_GhostRider/ros2_ws/install/turtle_mine_bringup:/media/sf_GhostRider/ros2_ws/install/my_robot_bringup:/media/sf_GhostRider/ros2_ws/install/my_cpp_pkg:/media/sf_GhostRider/ros2_ws/install/my_robot_interfaces:/opt/ros/jazzy/opt/gz_math_vendor:/opt/ros/jazzy/opt/gz_utils_vendor:/opt/ros/jazzy/opt/gz_cmake_vendor:/media/sf_GhostRider/ros2_ws/install/turtlesim_catch_them_all:/media/sf_GhostRider/ros2_ws/install/my_py_pkg:/opt/ros/jazzy DEBUGINFOD_URLS=https://debuginfod.ubuntu.com /usr/bin/cmake --install /media/sf_GhostRider/ros2_ws/build/turtle_mine_bringup
[2.495s] Level 1:colcon.colcon_core.environment:checking '/media/sf_GhostRider/ros2_ws/install/turtle_mine_bringup' for CMake module files
[2.516s] Level 1:colcon.colcon_core.environment:checking '/media/sf_GhostRider/ros2_ws/install/turtle_mine_bringup' for CMake config files
[2.522s] Level 1:colcon.colcon_core.shell:create_environment_hook('turtle_mine_bringup', 'cmake_prefix_path')
[2.522s] INFO:colcon.colcon_core.shell:Creating environment hook '/media/sf_GhostRider/ros2_ws/install/turtle_mine_bringup/share/turtle_mine_bringup/hook/cmake_prefix_path.ps1'
[2.523s] INFO:colcon.colcon_core.shell:Creating environment descriptor '/media/sf_GhostRider/ros2_ws/install/turtle_mine_bringup/share/turtle_mine_bringup/hook/cmake_prefix_path.dsv'
[2.525s] INFO:colcon.colcon_core.shell:Creating environment hook '/media/sf_GhostRider/ros2_ws/install/turtle_mine_bringup/share/turtle_mine_bringup/hook/cmake_prefix_path.sh'
[2.527s] Level 1:colcon.colcon_core.environment:checking '/media/sf_GhostRider/ros2_ws/install/turtle_mine_bringup/bin'
[2.527s] Level 1:colcon.colcon_core.environment:checking '/media/sf_GhostRider/ros2_ws/install/turtle_mine_bringup/lib/pkgconfig/turtle_mine_bringup.pc'
[2.527s] Level 1:colcon.colcon_core.environment:checking '/media/sf_GhostRider/ros2_ws/install/turtle_mine_bringup/lib/python3.12/site-packages'
[2.528s] Level 1:colcon.colcon_core.environment:checking '/media/sf_GhostRider/ros2_ws/install/turtle_mine_bringup/bin'
[2.528s] INFO:colcon.colcon_core.shell:Creating package script '/media/sf_GhostRider/ros2_ws/install/turtle_mine_bringup/share/turtle_mine_bringup/package.ps1'
[2.529s] INFO:colcon.colcon_core.shell:Creating package descriptor '/media/sf_GhostRider/ros2_ws/install/turtle_mine_bringup/share/turtle_mine_bringup/package.dsv'
[2.531s] INFO:colcon.colcon_core.shell:Creating package script '/media/sf_GhostRider/ros2_ws/install/turtle_mine_bringup/share/turtle_mine_bringup/package.sh'
[2.532s] INFO:colcon.colcon_core.shell:Creating package script '/media/sf_GhostRider/ros2_ws/install/turtle_mine_bringup/share/turtle_mine_bringup/package.bash'
[2.533s] INFO:colcon.colcon_core.shell:Creating package script '/media/sf_GhostRider/ros2_ws/install/turtle_mine_bringup/share/turtle_mine_bringup/package.zsh'
[2.535s] Level 1:colcon.colcon_core.environment:create_file_with_runtime_dependencies(/media/sf_GhostRider/ros2_ws/install/turtle_mine_bringup/share/colcon-core/packages/turtle_mine_bringup)
[2.537s] Level 1:colcon.colcon_core.environment:create_environment_scripts_only(turtle_mine_bringup)
[2.538s] Level 1:colcon.colcon_core.environment:checking '/media/sf_GhostRider/ros2_ws/install/turtle_mine_bringup' for CMake module files
[2.542s] Level 1:colcon.colcon_core.environment:checking '/media/sf_GhostRider/ros2_ws/install/turtle_mine_bringup' for CMake config files
[2.547s] Level 1:colcon.colcon_core.shell:create_environment_hook('turtle_mine_bringup', 'cmake_prefix_path')
[2.547s] INFO:colcon.colcon_core.shell:Creating environment hook '/media/sf_GhostRider/ros2_ws/install/turtle_mine_bringup/share/turtle_mine_bringup/hook/cmake_prefix_path.ps1'
[2.548s] INFO:colcon.colcon_core.shell:Creating environment descriptor '/media/sf_GhostRider/ros2_ws/install/turtle_mine_bringup/share/turtle_mine_bringup/hook/cmake_prefix_path.dsv'
[2.550s] INFO:colcon.colcon_core.shell:Creating environment hook '/media/sf_GhostRider/ros2_ws/install/turtle_mine_bringup/share/turtle_mine_bringup/hook/cmake_prefix_path.sh'
[2.552s] Level 1:colcon.colcon_core.environment:checking '/media/sf_GhostRider/ros2_ws/install/turtle_mine_bringup/bin'
[2.552s] Level 1:colcon.colcon_core.environment:checking '/media/sf_GhostRider/ros2_ws/install/turtle_mine_bringup/lib/pkgconfig/turtle_mine_bringup.pc'
[2.552s] Level 1:colcon.colcon_core.environment:checking '/media/sf_GhostRider/ros2_ws/install/turtle_mine_bringup/lib/python3.12/site-packages'
[2.553s] Level 1:colcon.colcon_core.environment:checking '/media/sf_GhostRider/ros2_ws/install/turtle_mine_bringup/bin'
[2.553s] INFO:colcon.colcon_core.shell:Creating package script '/media/sf_GhostRider/ros2_ws/install/turtle_mine_bringup/share/turtle_mine_bringup/package.ps1'
[2.555s] INFO:colcon.colcon_core.shell:Creating package descriptor '/media/sf_GhostRider/ros2_ws/install/turtle_mine_bringup/share/turtle_mine_bringup/package.dsv'
[2.556s] INFO:colcon.colcon_core.shell:Creating package script '/media/sf_GhostRider/ros2_ws/install/turtle_mine_bringup/share/turtle_mine_bringup/package.sh'
[2.557s] INFO:colcon.colcon_core.shell:Creating package script '/media/sf_GhostRider/ros2_ws/install/turtle_mine_bringup/share/turtle_mine_bringup/package.bash'
[2.558s] INFO:colcon.colcon_core.shell:Creating package script '/media/sf_GhostRider/ros2_ws/install/turtle_mine_bringup/share/turtle_mine_bringup/package.zsh'
[2.559s] Level 1:colcon.colcon_core.environment:create_file_with_runtime_dependencies(/media/sf_GhostRider/ros2_ws/install/turtle_mine_bringup/share/colcon-core/packages/turtle_mine_bringup)
[2.560s] DEBUG:colcon.colcon_parallel_executor.executor.parallel:closing loop
[2.561s] DEBUG:colcon.colcon_parallel_executor.executor.parallel:loop closed
[2.562s] DEBUG:colcon.colcon_parallel_executor.executor.parallel:run_until_complete finished with '0'
[2.562s] DEBUG:colcon.colcon_core.event_reactor:joining thread
[2.583s] INFO:colcon.colcon_core.plugin_system:Skipping extension 'colcon_notification.desktop_notification.terminal_notifier': Not used on non-Darwin systems
[2.583s] INFO:colcon.colcon_core.plugin_system:Skipping extension 'colcon_notification.desktop_notification.win32': Not used on non-Windows systems
[2.583s] INFO:colcon.colcon_notification.desktop_notification:Sending desktop notification using 'notify2'
[2.600s] DEBUG:colcon.colcon_core.event_reactor:joined thread
[2.600s] INFO:colcon.colcon_core.shell:Creating prefix script '/media/sf_GhostRider/ros2_ws/install/local_setup.ps1'
[2.603s] INFO:colcon.colcon_core.shell:Creating prefix util module '/media/sf_GhostRider/ros2_ws/install/_local_setup_util_ps1.py'
[2.610s] INFO:colcon.colcon_core.shell:Creating prefix chain script '/media/sf_GhostRider/ros2_ws/install/setup.ps1'
[2.636s] INFO:colcon.colcon_core.shell:Creating prefix script '/media/sf_GhostRider/ros2_ws/install/local_setup.sh'
[2.638s] INFO:colcon.colcon_core.shell:Creating prefix util module '/media/sf_GhostRider/ros2_ws/install/_local_setup_util_sh.py'
[2.641s] INFO:colcon.colcon_core.shell:Creating prefix chain script '/media/sf_GhostRider/ros2_ws/install/setup.sh'
[2.655s] INFO:colcon.colcon_core.shell:Creating prefix script '/media/sf_GhostRider/ros2_ws/install/local_setup.bash'
[2.656s] INFO:colcon.colcon_core.shell:Creating prefix chain script '/media/sf_GhostRider/ros2_ws/install/setup.bash'
[2.682s] INFO:colcon.colcon_core.shell:Creating prefix script '/media/sf_GhostRider/ros2_ws/install/local_setup.zsh'
[2.684s] INFO:colcon.colcon_core.shell:Creating prefix chain script '/media/sf_GhostRider/ros2_ws/install/setup.zsh'
