[0.066s] DEBUG:colcon:Command line arguments: ['/usr/bin/colcon', 'build', '--packages-select', 'my_robot_bringup']
[0.066s] DEBUG:colcon:Parsed command line arguments: Namespace(log_base=None, log_level=None, verb_name='build', build_base='build', install_base='install', merge_install=False, symlink_install=False, test_result_base=None, continue_on_error=False, executor='parallel', parallel_workers=20, event_handlers=None, ignore_user_meta=False, metas=['./colcon.meta'], base_paths=['.'], packages_ignore=None, packages_ignore_regex=None, paths=None, packages_up_to=None, packages_up_to_regex=None, packages_above=None, packages_above_and_dependencies=None, packages_above_depth=None, packages_select_by_dep=None, packages_skip_by_dep=None, packages_skip_up_to=None, packages_select_build_failed=False, packages_skip_build_finished=False, packages_select_test_failures=False, packages_skip_test_passed=False, packages_select=['my_robot_bringup'], packages_skip=None, packages_select_regex=None, packages_skip_regex=None, packages_start=None, packages_end=None, allow_overriding=[], cmake_args=None, cmake_target=None, cmake_target_skip_unavailable=False, cmake_clean_cache=False, cmake_clean_first=False, cmake_force_configure=False, ament_cmake_args=None, catkin_cmake_args=None, catkin_skip_building_tests=False, mixin_files=None, mixin=None, verb_parser=<colcon_mixin.mixin.mixin_argument.MixinArgumentDecorator object at 0x757317c1fec0>, verb_extension=<colcon_core.verb.build.BuildVerb object at 0x7573185c90d0>, main=<bound method BuildVerb.main of <colcon_core.verb.build.BuildVerb object at 0x7573185c90d0>>, mixin_verb=('build',))
[0.091s] Level 1:colcon.colcon_core.package_discovery:discover_packages(colcon_meta) check parameters
[0.091s] Level 1:colcon.colcon_core.package_discovery:discover_packages(recursive) check parameters
[0.091s] Level 1:colcon.colcon_core.package_discovery:discover_packages(ignore) check parameters
[0.092s] Level 1:colcon.colcon_core.package_discovery:discover_packages(path) check parameters
[0.092s] Level 1:colcon.colcon_core.package_discovery:discover_packages(colcon_meta) discover
[0.092s] Level 1:colcon.colcon_core.package_discovery:discover_packages(recursive) discover
[0.092s] INFO:colcon.colcon_core.package_discovery:Crawling recursively for packages in '/media/sf_GhostRider/ros2_Ws'
[0.093s] Level 1:colcon.colcon_core.package_identification:_identify(.) by extensions ['ignore', 'ignore_ament_install']
[0.093s] Level 1:colcon.colcon_core.package_identification:_identify(.) by extension 'ignore'
[0.093s] Level 1:colcon.colcon_core.package_identification:_identify(.) by extension 'ignore_ament_install'
[0.094s] Level 1:colcon.colcon_core.package_identification:_identify(.) by extensions ['colcon_pkg']
[0.094s] Level 1:colcon.colcon_core.package_identification:_identify(.) by extension 'colcon_pkg'
[0.094s] Level 1:colcon.colcon_core.package_identification:_identify(.) by extensions ['colcon_meta']
[0.094s] Level 1:colcon.colcon_core.package_identification:_identify(.) by extension 'colcon_meta'
[0.095s] Level 1:colcon.colcon_core.package_identification:_identify(.) by extensions ['ros']
[0.095s] Level 1:colcon.colcon_core.package_identification:_identify(.) by extension 'ros'
[0.110s] Level 1:colcon.colcon_core.package_identification:_identify(.) by extensions ['cmake', 'python']
[0.110s] Level 1:colcon.colcon_core.package_identification:_identify(.) by extension 'cmake'
[0.111s] Level 1:colcon.colcon_core.package_identification:_identify(.) by extension 'python'
[0.111s] Level 1:colcon.colcon_core.package_identification:_identify(.) by extensions ['python_setup_py']
[0.112s] Level 1:colcon.colcon_core.package_identification:_identify(.) by extension 'python_setup_py'
[0.112s] Level 1:colcon.colcon_core.package_identification:_identify(build) by extensions ['ignore', 'ignore_ament_install']
[0.113s] Level 1:colcon.colcon_core.package_identification:_identify(build) by extension 'ignore'
[0.113s] Level 1:colcon.colcon_core.package_identification:_identify(build) ignored
[0.114s] Level 1:colcon.colcon_core.package_identification:_identify(install) by extensions ['ignore', 'ignore_ament_install']
[0.114s] Level 1:colcon.colcon_core.package_identification:_identify(install) by extension 'ignore'
[0.114s] Level 1:colcon.colcon_core.package_identification:_identify(install) ignored
[0.115s] Level 1:colcon.colcon_core.package_identification:_identify(log) by extensions ['ignore', 'ignore_ament_install']
[0.115s] Level 1:colcon.colcon_core.package_identification:_identify(log) by extension 'ignore'
[0.115s] Level 1:colcon.colcon_core.package_identification:_identify(log) ignored
[0.116s] Level 1:colcon.colcon_core.package_identification:_identify(src) by extensions ['ignore', 'ignore_ament_install']
[0.116s] Level 1:colcon.colcon_core.package_identification:_identify(src) by extension 'ignore'
[0.117s] Level 1:colcon.colcon_core.package_identification:_identify(src) by extension 'ignore_ament_install'
[0.117s] Level 1:colcon.colcon_core.package_identification:_identify(src) by extensions ['colcon_pkg']
[0.117s] Level 1:colcon.colcon_core.package_identification:_identify(src) by extension 'colcon_pkg'
[0.118s] Level 1:colcon.colcon_core.package_identification:_identify(src) by extensions ['colcon_meta']
[0.118s] Level 1:colcon.colcon_core.package_identification:_identify(src) by extension 'colcon_meta'
[0.118s] Level 1:colcon.colcon_core.package_identification:_identify(src) by extensions ['ros']
[0.118s] Level 1:colcon.colcon_core.package_identification:_identify(src) by extension 'ros'
[0.119s] Level 1:colcon.colcon_core.package_identification:_identify(src) by extensions ['cmake', 'python']
[0.119s] Level 1:colcon.colcon_core.package_identification:_identify(src) by extension 'cmake'
[0.120s] Level 1:colcon.colcon_core.package_identification:_identify(src) by extension 'python'
[0.120s] Level 1:colcon.colcon_core.package_identification:_identify(src) by extensions ['python_setup_py']
[0.120s] Level 1:colcon.colcon_core.package_identification:_identify(src) by extension 'python_setup_py'
[0.121s] Level 1:colcon.colcon_core.package_identification:_identify(src/build) by extensions ['ignore', 'ignore_ament_install']
[0.121s] Level 1:colcon.colcon_core.package_identification:_identify(src/build) by extension 'ignore'
[0.122s] Level 1:colcon.colcon_core.package_identification:_identify(src/build) by extension 'ignore_ament_install'
[0.122s] Level 1:colcon.colcon_core.package_identification:_identify(src/build) by extensions ['colcon_pkg']
[0.122s] Level 1:colcon.colcon_core.package_identification:_identify(src/build) by extension 'colcon_pkg'
[0.123s] Level 1:colcon.colcon_core.package_identification:_identify(src/build) by extensions ['colcon_meta']
[0.123s] Level 1:colcon.colcon_core.package_identification:_identify(src/build) by extension 'colcon_meta'
[0.123s] Level 1:colcon.colcon_core.package_identification:_identify(src/build) by extensions ['ros']
[0.123s] Level 1:colcon.colcon_core.package_identification:_identify(src/build) by extension 'ros'
[0.124s] Level 1:colcon.colcon_core.package_identification:_identify(src/build) by extensions ['cmake', 'python']
[0.124s] Level 1:colcon.colcon_core.package_identification:_identify(src/build) by extension 'cmake'
[0.124s] Level 1:colcon.colcon_core.package_identification:_identify(src/build) by extension 'python'
[0.125s] Level 1:colcon.colcon_core.package_identification:_identify(src/build) by extensions ['python_setup_py']
[0.125s] Level 1:colcon.colcon_core.package_identification:_identify(src/build) by extension 'python_setup_py'
[0.126s] Level 1:colcon.colcon_core.package_identification:_identify(src/build/CMakeFiles) by extensions ['ignore', 'ignore_ament_install']
[0.126s] Level 1:colcon.colcon_core.package_identification:_identify(src/build/CMakeFiles) by extension 'ignore'
[0.126s] Level 1:colcon.colcon_core.package_identification:_identify(src/build/CMakeFiles) by extension 'ignore_ament_install'
[0.127s] Level 1:colcon.colcon_core.package_identification:_identify(src/build/CMakeFiles) by extensions ['colcon_pkg']
[0.127s] Level 1:colcon.colcon_core.package_identification:_identify(src/build/CMakeFiles) by extension 'colcon_pkg'
[0.127s] Level 1:colcon.colcon_core.package_identification:_identify(src/build/CMakeFiles) by extensions ['colcon_meta']
[0.128s] Level 1:colcon.colcon_core.package_identification:_identify(src/build/CMakeFiles) by extension 'colcon_meta'
[0.128s] Level 1:colcon.colcon_core.package_identification:_identify(src/build/CMakeFiles) by extensions ['ros']
[0.128s] Level 1:colcon.colcon_core.package_identification:_identify(src/build/CMakeFiles) by extension 'ros'
[0.129s] Level 1:colcon.colcon_core.package_identification:_identify(src/build/CMakeFiles) by extensions ['cmake', 'python']
[0.129s] Level 1:colcon.colcon_core.package_identification:_identify(src/build/CMakeFiles) by extension 'cmake'
[0.129s] Level 1:colcon.colcon_core.package_identification:_identify(src/build/CMakeFiles) by extension 'python'
[0.130s] Level 1:colcon.colcon_core.package_identification:_identify(src/build/CMakeFiles) by extensions ['python_setup_py']
[0.130s] Level 1:colcon.colcon_core.package_identification:_identify(src/build/CMakeFiles) by extension 'python_setup_py'
[0.131s] Level 1:colcon.colcon_core.package_identification:_identify(src/build/CMakeFiles/4.1.2-msvc8) by extensions ['ignore', 'ignore_ament_install']
[0.131s] Level 1:colcon.colcon_core.package_identification:_identify(src/build/CMakeFiles/4.1.2-msvc8) by extension 'ignore'
[0.131s] Level 1:colcon.colcon_core.package_identification:_identify(src/build/CMakeFiles/4.1.2-msvc8) by extension 'ignore_ament_install'
[0.132s] Level 1:colcon.colcon_core.package_identification:_identify(src/build/CMakeFiles/4.1.2-msvc8) by extensions ['colcon_pkg']
[0.132s] Level 1:colcon.colcon_core.package_identification:_identify(src/build/CMakeFiles/4.1.2-msvc8) by extension 'colcon_pkg'
[0.132s] Level 1:colcon.colcon_core.package_identification:_identify(src/build/CMakeFiles/4.1.2-msvc8) by extensions ['colcon_meta']
[0.132s] Level 1:colcon.colcon_core.package_identification:_identify(src/build/CMakeFiles/4.1.2-msvc8) by extension 'colcon_meta'
[0.132s] Level 1:colcon.colcon_core.package_identification:_identify(src/build/CMakeFiles/4.1.2-msvc8) by extensions ['ros']
[0.132s] Level 1:colcon.colcon_core.package_identification:_identify(src/build/CMakeFiles/4.1.2-msvc8) by extension 'ros'
[0.133s] Level 1:colcon.colcon_core.package_identification:_identify(src/build/CMakeFiles/4.1.2-msvc8) by extensions ['cmake', 'python']
[0.134s] Level 1:colcon.colcon_core.package_identification:_identify(src/build/CMakeFiles/4.1.2-msvc8) by extension 'cmake'
[0.134s] Level 1:colcon.colcon_core.package_identification:_identify(src/build/CMakeFiles/4.1.2-msvc8) by extension 'python'
[0.135s] Level 1:colcon.colcon_core.package_identification:_identify(src/build/CMakeFiles/4.1.2-msvc8) by extensions ['python_setup_py']
[0.135s] Level 1:colcon.colcon_core.package_identification:_identify(src/build/CMakeFiles/4.1.2-msvc8) by extension 'python_setup_py'
[0.136s] Level 1:colcon.colcon_core.package_identification:_identify(src/build/CMakeFiles/4.1.2-msvc8/CompilerIdC) by extensions ['ignore', 'ignore_ament_install']
[0.136s] Level 1:colcon.colcon_core.package_identification:_identify(src/build/CMakeFiles/4.1.2-msvc8/CompilerIdC) by extension 'ignore'
[0.136s] Level 1:colcon.colcon_core.package_identification:_identify(src/build/CMakeFiles/4.1.2-msvc8/CompilerIdC) by extension 'ignore_ament_install'
[0.137s] Level 1:colcon.colcon_core.package_identification:_identify(src/build/CMakeFiles/4.1.2-msvc8/CompilerIdC) by extensions ['colcon_pkg']
[0.137s] Level 1:colcon.colcon_core.package_identification:_identify(src/build/CMakeFiles/4.1.2-msvc8/CompilerIdC) by extension 'colcon_pkg'
[0.137s] Level 1:colcon.colcon_core.package_identification:_identify(src/build/CMakeFiles/4.1.2-msvc8/CompilerIdC) by extensions ['colcon_meta']
[0.137s] Level 1:colcon.colcon_core.package_identification:_identify(src/build/CMakeFiles/4.1.2-msvc8/CompilerIdC) by extension 'colcon_meta'
[0.138s] Level 1:colcon.colcon_core.package_identification:_identify(src/build/CMakeFiles/4.1.2-msvc8/CompilerIdC) by extensions ['ros']
[0.138s] Level 1:colcon.colcon_core.package_identification:_identify(src/build/CMakeFiles/4.1.2-msvc8/CompilerIdC) by extension 'ros'
[0.139s] Level 1:colcon.colcon_core.package_identification:_identify(src/build/CMakeFiles/4.1.2-msvc8/CompilerIdC) by extensions ['cmake', 'python']
[0.139s] Level 1:colcon.colcon_core.package_identification:_identify(src/build/CMakeFiles/4.1.2-msvc8/CompilerIdC) by extension 'cmake'
[0.140s] Level 1:colcon.colcon_core.package_identification:_identify(src/build/CMakeFiles/4.1.2-msvc8/CompilerIdC) by extension 'python'
[0.140s] Level 1:colcon.colcon_core.package_identification:_identify(src/build/CMakeFiles/4.1.2-msvc8/CompilerIdC) by extensions ['python_setup_py']
[0.141s] Level 1:colcon.colcon_core.package_identification:_identify(src/build/CMakeFiles/4.1.2-msvc8/CompilerIdC) by extension 'python_setup_py'
[0.142s] Level 1:colcon.colcon_core.package_identification:_identify(src/build/CMakeFiles/4.1.2-msvc8/CompilerIdC/tmp) by extensions ['ignore', 'ignore_ament_install']
[0.142s] Level 1:colcon.colcon_core.package_identification:_identify(src/build/CMakeFiles/4.1.2-msvc8/CompilerIdC/tmp) by extension 'ignore'
[0.142s] Level 1:colcon.colcon_core.package_identification:_identify(src/build/CMakeFiles/4.1.2-msvc8/CompilerIdC/tmp) by extension 'ignore_ament_install'
[0.143s] Level 1:colcon.colcon_core.package_identification:_identify(src/build/CMakeFiles/4.1.2-msvc8/CompilerIdC/tmp) by extensions ['colcon_pkg']
[0.143s] Level 1:colcon.colcon_core.package_identification:_identify(src/build/CMakeFiles/4.1.2-msvc8/CompilerIdC/tmp) by extension 'colcon_pkg'
[0.144s] Level 1:colcon.colcon_core.package_identification:_identify(src/build/CMakeFiles/4.1.2-msvc8/CompilerIdC/tmp) by extensions ['colcon_meta']
[0.144s] Level 1:colcon.colcon_core.package_identification:_identify(src/build/CMakeFiles/4.1.2-msvc8/CompilerIdC/tmp) by extension 'colcon_meta'
[0.144s] Level 1:colcon.colcon_core.package_identification:_identify(src/build/CMakeFiles/4.1.2-msvc8/CompilerIdC/tmp) by extensions ['ros']
[0.144s] Level 1:colcon.colcon_core.package_identification:_identify(src/build/CMakeFiles/4.1.2-msvc8/CompilerIdC/tmp) by extension 'ros'
[0.145s] Level 1:colcon.colcon_core.package_identification:_identify(src/build/CMakeFiles/4.1.2-msvc8/CompilerIdC/tmp) by extensions ['cmake', 'python']
[0.145s] Level 1:colcon.colcon_core.package_identification:_identify(src/build/CMakeFiles/4.1.2-msvc8/CompilerIdC/tmp) by extension 'cmake'
[0.145s] Level 1:colcon.colcon_core.package_identification:_identify(src/build/CMakeFiles/4.1.2-msvc8/CompilerIdC/tmp) by extension 'python'
[0.146s] Level 1:colcon.colcon_core.package_identification:_identify(src/build/CMakeFiles/4.1.2-msvc8/CompilerIdC/tmp) by extensions ['python_setup_py']
[0.146s] Level 1:colcon.colcon_core.package_identification:_identify(src/build/CMakeFiles/4.1.2-msvc8/CompilerIdC/tmp) by extension 'python_setup_py'
[0.147s] Level 1:colcon.colcon_core.package_identification:_identify(src/build/CMakeFiles/4.1.2-msvc8/CompilerIdCXX) by extensions ['ignore', 'ignore_ament_install']
[0.147s] Level 1:colcon.colcon_core.package_identification:_identify(src/build/CMakeFiles/4.1.2-msvc8/CompilerIdCXX) by extension 'ignore'
[0.147s] Level 1:colcon.colcon_core.package_identification:_identify(src/build/CMakeFiles/4.1.2-msvc8/CompilerIdCXX) by extension 'ignore_ament_install'
[0.148s] Level 1:colcon.colcon_core.package_identification:_identify(src/build/CMakeFiles/4.1.2-msvc8/CompilerIdCXX) by extensions ['colcon_pkg']
[0.148s] Level 1:colcon.colcon_core.package_identification:_identify(src/build/CMakeFiles/4.1.2-msvc8/CompilerIdCXX) by extension 'colcon_pkg'
[0.148s] Level 1:colcon.colcon_core.package_identification:_identify(src/build/CMakeFiles/4.1.2-msvc8/CompilerIdCXX) by extensions ['colcon_meta']
[0.149s] Level 1:colcon.colcon_core.package_identification:_identify(src/build/CMakeFiles/4.1.2-msvc8/CompilerIdCXX) by extension 'colcon_meta'
[0.149s] Level 1:colcon.colcon_core.package_identification:_identify(src/build/CMakeFiles/4.1.2-msvc8/CompilerIdCXX) by extensions ['ros']
[0.149s] Level 1:colcon.colcon_core.package_identification:_identify(src/build/CMakeFiles/4.1.2-msvc8/CompilerIdCXX) by extension 'ros'
[0.150s] Level 1:colcon.colcon_core.package_identification:_identify(src/build/CMakeFiles/4.1.2-msvc8/CompilerIdCXX) by extensions ['cmake', 'python']
[0.150s] Level 1:colcon.colcon_core.package_identification:_identify(src/build/CMakeFiles/4.1.2-msvc8/CompilerIdCXX) by extension 'cmake'
[0.150s] Level 1:colcon.colcon_core.package_identification:_identify(src/build/CMakeFiles/4.1.2-msvc8/CompilerIdCXX) by extension 'python'
[0.151s] Level 1:colcon.colcon_core.package_identification:_identify(src/build/CMakeFiles/4.1.2-msvc8/CompilerIdCXX) by extensions ['python_setup_py']
[0.151s] Level 1:colcon.colcon_core.package_identification:_identify(src/build/CMakeFiles/4.1.2-msvc8/CompilerIdCXX) by extension 'python_setup_py'
[0.152s] Level 1:colcon.colcon_core.package_identification:_identify(src/build/CMakeFiles/4.1.2-msvc8/CompilerIdCXX/tmp) by extensions ['ignore', 'ignore_ament_install']
[0.152s] Level 1:colcon.colcon_core.package_identification:_identify(src/build/CMakeFiles/4.1.2-msvc8/CompilerIdCXX/tmp) by extension 'ignore'
[0.153s] Level 1:colcon.colcon_core.package_identification:_identify(src/build/CMakeFiles/4.1.2-msvc8/CompilerIdCXX/tmp) by extension 'ignore_ament_install'
[0.153s] Level 1:colcon.colcon_core.package_identification:_identify(src/build/CMakeFiles/4.1.2-msvc8/CompilerIdCXX/tmp) by extensions ['colcon_pkg']
[0.153s] Level 1:colcon.colcon_core.package_identification:_identify(src/build/CMakeFiles/4.1.2-msvc8/CompilerIdCXX/tmp) by extension 'colcon_pkg'
[0.154s] Level 1:colcon.colcon_core.package_identification:_identify(src/build/CMakeFiles/4.1.2-msvc8/CompilerIdCXX/tmp) by extensions ['colcon_meta']
[0.154s] Level 1:colcon.colcon_core.package_identification:_identify(src/build/CMakeFiles/4.1.2-msvc8/CompilerIdCXX/tmp) by extension 'colcon_meta'
[0.154s] Level 1:colcon.colcon_core.package_identification:_identify(src/build/CMakeFiles/4.1.2-msvc8/CompilerIdCXX/tmp) by extensions ['ros']
[0.154s] Level 1:colcon.colcon_core.package_identification:_identify(src/build/CMakeFiles/4.1.2-msvc8/CompilerIdCXX/tmp) by extension 'ros'
[0.155s] Level 1:colcon.colcon_core.package_identification:_identify(src/build/CMakeFiles/4.1.2-msvc8/CompilerIdCXX/tmp) by extensions ['cmake', 'python']
[0.155s] Level 1:colcon.colcon_core.package_identification:_identify(src/build/CMakeFiles/4.1.2-msvc8/CompilerIdCXX/tmp) by extension 'cmake'
[0.156s] Level 1:colcon.colcon_core.package_identification:_identify(src/build/CMakeFiles/4.1.2-msvc8/CompilerIdCXX/tmp) by extension 'python'
[0.156s] Level 1:colcon.colcon_core.package_identification:_identify(src/build/CMakeFiles/4.1.2-msvc8/CompilerIdCXX/tmp) by extensions ['python_setup_py']
[0.156s] Level 1:colcon.colcon_core.package_identification:_identify(src/build/CMakeFiles/4.1.2-msvc8/CompilerIdCXX/tmp) by extension 'python_setup_py'
[0.157s] Level 1:colcon.colcon_core.package_identification:_identify(src/build/CMakeFiles/ShowIncludes) by extensions ['ignore', 'ignore_ament_install']
[0.157s] Level 1:colcon.colcon_core.package_identification:_identify(src/build/CMakeFiles/ShowIncludes) by extension 'ignore'
[0.157s] Level 1:colcon.colcon_core.package_identification:_identify(src/build/CMakeFiles/ShowIncludes) by extension 'ignore_ament_install'
[0.158s] Level 1:colcon.colcon_core.package_identification:_identify(src/build/CMakeFiles/ShowIncludes) by extensions ['colcon_pkg']
[0.158s] Level 1:colcon.colcon_core.package_identification:_identify(src/build/CMakeFiles/ShowIncludes) by extension 'colcon_pkg'
[0.158s] Level 1:colcon.colcon_core.package_identification:_identify(src/build/CMakeFiles/ShowIncludes) by extensions ['colcon_meta']
[0.158s] Level 1:colcon.colcon_core.package_identification:_identify(src/build/CMakeFiles/ShowIncludes) by extension 'colcon_meta'
[0.159s] Level 1:colcon.colcon_core.package_identification:_identify(src/build/CMakeFiles/ShowIncludes) by extensions ['ros']
[0.159s] Level 1:colcon.colcon_core.package_identification:_identify(src/build/CMakeFiles/ShowIncludes) by extension 'ros'
[0.159s] Level 1:colcon.colcon_core.package_identification:_identify(src/build/CMakeFiles/ShowIncludes) by extensions ['cmake', 'python']
[0.160s] Level 1:colcon.colcon_core.package_identification:_identify(src/build/CMakeFiles/ShowIncludes) by extension 'cmake'
[0.160s] Level 1:colcon.colcon_core.package_identification:_identify(src/build/CMakeFiles/ShowIncludes) by extension 'python'
[0.160s] Level 1:colcon.colcon_core.package_identification:_identify(src/build/CMakeFiles/ShowIncludes) by extensions ['python_setup_py']
[0.161s] Level 1:colcon.colcon_core.package_identification:_identify(src/build/CMakeFiles/ShowIncludes) by extension 'python_setup_py'
[0.162s] Level 1:colcon.colcon_core.package_identification:_identify(src/build/CMakeFiles/pkgRedirects) by extensions ['ignore', 'ignore_ament_install']
[0.162s] Level 1:colcon.colcon_core.package_identification:_identify(src/build/CMakeFiles/pkgRedirects) by extension 'ignore'
[0.162s] Level 1:colcon.colcon_core.package_identification:_identify(src/build/CMakeFiles/pkgRedirects) by extension 'ignore_ament_install'
[0.163s] Level 1:colcon.colcon_core.package_identification:_identify(src/build/CMakeFiles/pkgRedirects) by extensions ['colcon_pkg']
[0.163s] Level 1:colcon.colcon_core.package_identification:_identify(src/build/CMakeFiles/pkgRedirects) by extension 'colcon_pkg'
[0.163s] Level 1:colcon.colcon_core.package_identification:_identify(src/build/CMakeFiles/pkgRedirects) by extensions ['colcon_meta']
[0.163s] Level 1:colcon.colcon_core.package_identification:_identify(src/build/CMakeFiles/pkgRedirects) by extension 'colcon_meta'
[0.164s] Level 1:colcon.colcon_core.package_identification:_identify(src/build/CMakeFiles/pkgRedirects) by extensions ['ros']
[0.164s] Level 1:colcon.colcon_core.package_identification:_identify(src/build/CMakeFiles/pkgRedirects) by extension 'ros'
[0.165s] Level 1:colcon.colcon_core.package_identification:_identify(src/build/CMakeFiles/pkgRedirects) by extensions ['cmake', 'python']
[0.165s] Level 1:colcon.colcon_core.package_identification:_identify(src/build/CMakeFiles/pkgRedirects) by extension 'cmake'
[0.165s] Level 1:colcon.colcon_core.package_identification:_identify(src/build/CMakeFiles/pkgRedirects) by extension 'python'
[0.166s] Level 1:colcon.colcon_core.package_identification:_identify(src/build/CMakeFiles/pkgRedirects) by extensions ['python_setup_py']
[0.166s] Level 1:colcon.colcon_core.package_identification:_identify(src/build/CMakeFiles/pkgRedirects) by extension 'python_setup_py'
[0.167s] Level 1:colcon.colcon_core.package_identification:_identify(src/my_cpp_pkg) by extensions ['ignore', 'ignore_ament_install']
[0.167s] Level 1:colcon.colcon_core.package_identification:_identify(src/my_cpp_pkg) by extension 'ignore'
[0.167s] Level 1:colcon.colcon_core.package_identification:_identify(src/my_cpp_pkg) by extension 'ignore_ament_install'
[0.168s] Level 1:colcon.colcon_core.package_identification:_identify(src/my_cpp_pkg) by extensions ['colcon_pkg']
[0.168s] Level 1:colcon.colcon_core.package_identification:_identify(src/my_cpp_pkg) by extension 'colcon_pkg'
[0.169s] Level 1:colcon.colcon_core.package_identification:_identify(src/my_cpp_pkg) by extensions ['colcon_meta']
[0.169s] Level 1:colcon.colcon_core.package_identification:_identify(src/my_cpp_pkg) by extension 'colcon_meta'
[0.169s] Level 1:colcon.colcon_core.package_identification:_identify(src/my_cpp_pkg) by extensions ['ros']
[0.169s] Level 1:colcon.colcon_core.package_identification:_identify(src/my_cpp_pkg) by extension 'ros'
[0.172s] DEBUG:colcon.colcon_core.package_identification:Package 'src/my_cpp_pkg' with type 'ros.ament_cmake' and name 'my_cpp_pkg'
[0.173s] Level 1:colcon.colcon_core.package_identification:_identify(src/my_py_pkg) by extensions ['ignore', 'ignore_ament_install']
[0.173s] Level 1:colcon.colcon_core.package_identification:_identify(src/my_py_pkg) by extension 'ignore'
[0.173s] Level 1:colcon.colcon_core.package_identification:_identify(src/my_py_pkg) by extension 'ignore_ament_install'
[0.174s] Level 1:colcon.colcon_core.package_identification:_identify(src/my_py_pkg) by extensions ['colcon_pkg']
[0.174s] Level 1:colcon.colcon_core.package_identification:_identify(src/my_py_pkg) by extension 'colcon_pkg'
[0.174s] Level 1:colcon.colcon_core.package_identification:_identify(src/my_py_pkg) by extensions ['colcon_meta']
[0.174s] Level 1:colcon.colcon_core.package_identification:_identify(src/my_py_pkg) by extension 'colcon_meta'
[0.174s] Level 1:colcon.colcon_core.package_identification:_identify(src/my_py_pkg) by extensions ['ros']
[0.175s] Level 1:colcon.colcon_core.package_identification:_identify(src/my_py_pkg) by extension 'ros'
[0.176s] DEBUG:colcon.colcon_core.package_identification:Package 'src/my_py_pkg' with type 'ros.ament_python' and name 'my_py_pkg'
[0.177s] Level 1:colcon.colcon_core.package_identification:_identify(src/my_robot_bringup) by extensions ['ignore', 'ignore_ament_install']
[0.177s] Level 1:colcon.colcon_core.package_identification:_identify(src/my_robot_bringup) by extension 'ignore'
[0.178s] Level 1:colcon.colcon_core.package_identification:_identify(src/my_robot_bringup) by extension 'ignore_ament_install'
[0.178s] Level 1:colcon.colcon_core.package_identification:_identify(src/my_robot_bringup) by extensions ['colcon_pkg']
[0.178s] Level 1:colcon.colcon_core.package_identification:_identify(src/my_robot_bringup) by extension 'colcon_pkg'
[0.178s] Level 1:colcon.colcon_core.package_identification:_identify(src/my_robot_bringup) by extensions ['colcon_meta']
[0.179s] Level 1:colcon.colcon_core.package_identification:_identify(src/my_robot_bringup) by extension 'colcon_meta'
[0.179s] Level 1:colcon.colcon_core.package_identification:_identify(src/my_robot_bringup) by extensions ['ros']
[0.179s] Level 1:colcon.colcon_core.package_identification:_identify(src/my_robot_bringup) by extension 'ros'
[0.181s] DEBUG:colcon.colcon_core.package_identification:Package 'src/my_robot_bringup' with type 'ros.ament_cmake' and name 'my_robot_bringup'
[0.182s] Level 1:colcon.colcon_core.package_identification:_identify(src/my_robot_interfaces) by extensions ['ignore', 'ignore_ament_install']
[0.182s] Level 1:colcon.colcon_core.package_identification:_identify(src/my_robot_interfaces) by extension 'ignore'
[0.183s] Level 1:colcon.colcon_core.package_identification:_identify(src/my_robot_interfaces) by extension 'ignore_ament_install'
[0.183s] Level 1:colcon.colcon_core.package_identification:_identify(src/my_robot_interfaces) by extensions ['colcon_pkg']
[0.183s] Level 1:colcon.colcon_core.package_identification:_identify(src/my_robot_interfaces) by extension 'colcon_pkg'
[0.184s] Level 1:colcon.colcon_core.package_identification:_identify(src/my_robot_interfaces) by extensions ['colcon_meta']
[0.184s] Level 1:colcon.colcon_core.package_identification:_identify(src/my_robot_interfaces) by extension 'colcon_meta'
[0.184s] Level 1:colcon.colcon_core.package_identification:_identify(src/my_robot_interfaces) by extensions ['ros']
[0.184s] Level 1:colcon.colcon_core.package_identification:_identify(src/my_robot_interfaces) by extension 'ros'
[0.185s] DEBUG:colcon.colcon_core.package_identification:Package 'src/my_robot_interfaces' with type 'ros.ament_cmake' and name 'my_robot_interfaces'
[0.186s] Level 1:colcon.colcon_core.package_identification:_identify(yaml_params) by extensions ['ignore', 'ignore_ament_install']
[0.187s] Level 1:colcon.colcon_core.package_identification:_identify(yaml_params) by extension 'ignore'
[0.187s] Level 1:colcon.colcon_core.package_identification:_identify(yaml_params) by extension 'ignore_ament_install'
[0.187s] Level 1:colcon.colcon_core.package_identification:_identify(yaml_params) by extensions ['colcon_pkg']
[0.187s] Level 1:colcon.colcon_core.package_identification:_identify(yaml_params) by extension 'colcon_pkg'
[0.188s] Level 1:colcon.colcon_core.package_identification:_identify(yaml_params) by extensions ['colcon_meta']
[0.188s] Level 1:colcon.colcon_core.package_identification:_identify(yaml_params) by extension 'colcon_meta'
[0.188s] Level 1:colcon.colcon_core.package_identification:_identify(yaml_params) by extensions ['ros']
[0.188s] Level 1:colcon.colcon_core.package_identification:_identify(yaml_params) by extension 'ros'
[0.189s] Level 1:colcon.colcon_core.package_identification:_identify(yaml_params) by extensions ['cmake', 'python']
[0.189s] Level 1:colcon.colcon_core.package_identification:_identify(yaml_params) by extension 'cmake'
[0.189s] Level 1:colcon.colcon_core.package_identification:_identify(yaml_params) by extension 'python'
[0.190s] Level 1:colcon.colcon_core.package_identification:_identify(yaml_params) by extensions ['python_setup_py']
[0.190s] Level 1:colcon.colcon_core.package_identification:_identify(yaml_params) by extension 'python_setup_py'
[0.190s] Level 1:colcon.colcon_core.package_discovery:discover_packages(recursive) using defaults
[0.191s] Level 1:colcon.colcon_core.package_discovery:discover_packages(ignore) discover
[0.191s] Level 1:colcon.colcon_core.package_discovery:discover_packages(ignore) using defaults
[0.191s] Level 1:colcon.colcon_core.package_discovery:discover_packages(path) discover
[0.191s] Level 1:colcon.colcon_core.package_discovery:discover_packages(path) using defaults
[0.204s] INFO:colcon.colcon_core.package_selection:Skipping not selected package 'my_robot_interfaces' in 'src/my_robot_interfaces'
[0.204s] INFO:colcon.colcon_core.package_selection:Skipping not selected package 'my_cpp_pkg' in 'src/my_cpp_pkg'
[0.204s] INFO:colcon.colcon_core.package_selection:Skipping not selected package 'my_py_pkg' in 'src/my_py_pkg'
[0.205s] Level 1:colcon.colcon_core.package_discovery:discover_packages(prefix_path) check parameters
[0.205s] Level 1:colcon.colcon_core.package_discovery:discover_packages(prefix_path) discover
[0.217s] DEBUG:colcon.colcon_installed_package_information.package_discovery:Found 4 installed packages in /media/sf_GhostRider/ros2_ws/install
[0.218s] DEBUG:colcon.colcon_installed_package_information.package_discovery:Found 286 installed packages in /opt/ros/jazzy
[0.219s] Level 1:colcon.colcon_core.package_discovery:discover_packages(prefix_path) using defaults
[0.245s] Level 5:colcon.colcon_core.verb:set package 'my_robot_bringup' build argument 'cmake_args' from command line to 'None'
[0.245s] Level 5:colcon.colcon_core.verb:set package 'my_robot_bringup' build argument 'cmake_target' from command line to 'None'
[0.245s] Level 5:colcon.colcon_core.verb:set package 'my_robot_bringup' build argument 'cmake_target_skip_unavailable' from command line to 'False'
[0.245s] Level 5:colcon.colcon_core.verb:set package 'my_robot_bringup' build argument 'cmake_clean_cache' from command line to 'False'
[0.246s] Level 5:colcon.colcon_core.verb:set package 'my_robot_bringup' build argument 'cmake_clean_first' from command line to 'False'
[0.246s] Level 5:colcon.colcon_core.verb:set package 'my_robot_bringup' build argument 'cmake_force_configure' from command line to 'False'
[0.246s] Level 5:colcon.colcon_core.verb:set package 'my_robot_bringup' build argument 'ament_cmake_args' from command line to 'None'
[0.246s] Level 5:colcon.colcon_core.verb:set package 'my_robot_bringup' build argument 'catkin_cmake_args' from command line to 'None'
[0.246s] Level 5:colcon.colcon_core.verb:set package 'my_robot_bringup' build argument 'catkin_skip_building_tests' from command line to 'False'
[0.246s] DEBUG:colcon.colcon_core.verb:Building package 'my_robot_bringup' with the following arguments: {'ament_cmake_args': None, 'build_base': '/media/sf_GhostRider/ros2_Ws/build/my_robot_bringup', 'catkin_cmake_args': None, 'catkin_skip_building_tests': False, 'cmake_args': None, 'cmake_clean_cache': False, 'cmake_clean_first': False, 'cmake_force_configure': False, 'cmake_target': None, 'cmake_target_skip_unavailable': False, 'install_base': '/media/sf_GhostRider/ros2_Ws/install/my_robot_bringup', 'merge_install': False, 'path': '/media/sf_GhostRider/ros2_Ws/src/my_robot_bringup', 'symlink_install': False, 'test_result_base': None}
[0.247s] INFO:colcon.colcon_core.executor:Executing jobs using 'parallel' executor
[0.248s] DEBUG:colcon.colcon_parallel_executor.executor.parallel:run_until_complete
[0.248s] INFO:colcon.colcon_ros.task.ament_cmake.build:Building ROS package in '/media/sf_GhostRider/ros2_Ws/src/my_robot_bringup' with build type 'ament_cmake'
[0.248s] INFO:colcon.colcon_cmake.task.cmake.build:Building CMake package in '/media/sf_GhostRider/ros2_Ws/src/my_robot_bringup'
[0.253s] INFO:colcon.colcon_core.plugin_system:Skipping extension 'colcon_core.shell.bat': Not used on non-Windows systems
[0.254s] INFO:colcon.colcon_core.shell:Skip shell extension 'powershell' for command environment: Not usable outside of PowerShell
[0.254s] DEBUG:colcon.colcon_core.shell:Skip shell extension 'dsv' for command environment
[0.328s] DEBUG:colcon.colcon_core.event_handler.log_command:Invoking command in '/media/sf_GhostRider/ros2_Ws/build/my_robot_bringup': CMAKE_PREFIX_PATH=${CMAKE_PREFIX_PATH}:/media/sf_GhostRider/ros2_ws/install/my_py_pkg:/opt/ros/jazzy DEBUGINFOD_URLS=https://debuginfod.ubuntu.com /usr/bin/cmake --build /media/sf_GhostRider/ros2_Ws/build/my_robot_bringup -- -j20 -l20
[0.896s] DEBUG:colcon.colcon_core.event_handler.log_command:Invoked command in '/media/sf_GhostRider/ros2_Ws/build/my_robot_bringup' returned '0': CMAKE_PREFIX_PATH=${CMAKE_PREFIX_PATH}:/media/sf_GhostRider/ros2_ws/install/my_py_pkg:/opt/ros/jazzy DEBUGINFOD_URLS=https://debuginfod.ubuntu.com /usr/bin/cmake --build /media/sf_GhostRider/ros2_Ws/build/my_robot_bringup -- -j20 -l20
[0.916s] DEBUG:colcon.colcon_core.event_handler.log_command:Invoking command in '/media/sf_GhostRider/ros2_Ws/build/my_robot_bringup': CMAKE_PREFIX_PATH=${CMAKE_PREFIX_PATH}:/media/sf_GhostRider/ros2_ws/install/my_py_pkg:/opt/ros/jazzy DEBUGINFOD_URLS=https://debuginfod.ubuntu.com /usr/bin/cmake --install /media/sf_GhostRider/ros2_Ws/build/my_robot_bringup
[0.975s] Level 1:colcon.colcon_core.environment:create_environment_scripts_only(my_robot_bringup)
[0.977s] DEBUG:colcon.colcon_core.event_handler.log_command:Invoked command in '/media/sf_GhostRider/ros2_Ws/build/my_robot_bringup' returned '0': CMAKE_PREFIX_PATH=${CMAKE_PREFIX_PATH}:/media/sf_GhostRider/ros2_ws/install/my_py_pkg:/opt/ros/jazzy DEBUGINFOD_URLS=https://debuginfod.ubuntu.com /usr/bin/cmake --install /media/sf_GhostRider/ros2_Ws/build/my_robot_bringup
[0.979s] Level 1:colcon.colcon_core.environment:checking '/media/sf_GhostRider/ros2_Ws/install/my_robot_bringup' for CMake module files
[0.986s] Level 1:colcon.colcon_core.environment:checking '/media/sf_GhostRider/ros2_Ws/install/my_robot_bringup' for CMake config files
[1.001s] Level 1:colcon.colcon_core.shell:create_environment_hook('my_robot_bringup', 'cmake_prefix_path')
[1.002s] INFO:colcon.colcon_core.shell:Creating environment hook '/media/sf_GhostRider/ros2_Ws/install/my_robot_bringup/share/my_robot_bringup/hook/cmake_prefix_path.ps1'
[1.004s] INFO:colcon.colcon_core.shell:Creating environment descriptor '/media/sf_GhostRider/ros2_Ws/install/my_robot_bringup/share/my_robot_bringup/hook/cmake_prefix_path.dsv'
[1.005s] INFO:colcon.colcon_core.shell:Creating environment hook '/media/sf_GhostRider/ros2_Ws/install/my_robot_bringup/share/my_robot_bringup/hook/cmake_prefix_path.sh'
[1.008s] Level 1:colcon.colcon_core.environment:checking '/media/sf_GhostRider/ros2_Ws/install/my_robot_bringup/bin'
[1.009s] Level 1:colcon.colcon_core.environment:checking '/media/sf_GhostRider/ros2_Ws/install/my_robot_bringup/lib/pkgconfig/my_robot_bringup.pc'
[1.009s] Level 1:colcon.colcon_core.environment:checking '/media/sf_GhostRider/ros2_Ws/install/my_robot_bringup/lib/python3.12/site-packages'
[1.009s] Level 1:colcon.colcon_core.environment:checking '/media/sf_GhostRider/ros2_Ws/install/my_robot_bringup/bin'
[1.010s] INFO:colcon.colcon_core.shell:Creating package script '/media/sf_GhostRider/ros2_Ws/install/my_robot_bringup/share/my_robot_bringup/package.ps1'
[1.011s] INFO:colcon.colcon_core.shell:Creating package descriptor '/media/sf_GhostRider/ros2_Ws/install/my_robot_bringup/share/my_robot_bringup/package.dsv'
[1.013s] INFO:colcon.colcon_core.shell:Creating package script '/media/sf_GhostRider/ros2_Ws/install/my_robot_bringup/share/my_robot_bringup/package.sh'
[1.015s] INFO:colcon.colcon_core.shell:Creating package script '/media/sf_GhostRider/ros2_Ws/install/my_robot_bringup/share/my_robot_bringup/package.bash'
[1.016s] INFO:colcon.colcon_core.shell:Creating package script '/media/sf_GhostRider/ros2_Ws/install/my_robot_bringup/share/my_robot_bringup/package.zsh'
[1.018s] Level 1:colcon.colcon_core.environment:create_file_with_runtime_dependencies(/media/sf_GhostRider/ros2_Ws/install/my_robot_bringup/share/colcon-core/packages/my_robot_bringup)
[1.022s] Level 1:colcon.colcon_core.environment:create_environment_scripts_only(my_robot_bringup)
[1.023s] Level 1:colcon.colcon_core.environment:checking '/media/sf_GhostRider/ros2_Ws/install/my_robot_bringup' for CMake module files
[1.027s] Level 1:colcon.colcon_core.environment:checking '/media/sf_GhostRider/ros2_Ws/install/my_robot_bringup' for CMake config files
[1.035s] Level 1:colcon.colcon_core.shell:create_environment_hook('my_robot_bringup', 'cmake_prefix_path')
[1.035s] INFO:colcon.colcon_core.shell:Creating environment hook '/media/sf_GhostRider/ros2_Ws/install/my_robot_bringup/share/my_robot_bringup/hook/cmake_prefix_path.ps1'
[1.036s] INFO:colcon.colcon_core.shell:Creating environment descriptor '/media/sf_GhostRider/ros2_Ws/install/my_robot_bringup/share/my_robot_bringup/hook/cmake_prefix_path.dsv'
[1.038s] INFO:colcon.colcon_core.shell:Creating environment hook '/media/sf_GhostRider/ros2_Ws/install/my_robot_bringup/share/my_robot_bringup/hook/cmake_prefix_path.sh'
[1.040s] Level 1:colcon.colcon_core.environment:checking '/media/sf_GhostRider/ros2_Ws/install/my_robot_bringup/bin'
[1.041s] Level 1:colcon.colcon_core.environment:checking '/media/sf_GhostRider/ros2_Ws/install/my_robot_bringup/lib/pkgconfig/my_robot_bringup.pc'
[1.041s] Level 1:colcon.colcon_core.environment:checking '/media/sf_GhostRider/ros2_Ws/install/my_robot_bringup/lib/python3.12/site-packages'
[1.042s] Level 1:colcon.colcon_core.environment:checking '/media/sf_GhostRider/ros2_Ws/install/my_robot_bringup/bin'
[1.042s] INFO:colcon.colcon_core.shell:Creating package script '/media/sf_GhostRider/ros2_Ws/install/my_robot_bringup/share/my_robot_bringup/package.ps1'
[1.043s] INFO:colcon.colcon_core.shell:Creating package descriptor '/media/sf_GhostRider/ros2_Ws/install/my_robot_bringup/share/my_robot_bringup/package.dsv'
[1.045s] INFO:colcon.colcon_core.shell:Creating package script '/media/sf_GhostRider/ros2_Ws/install/my_robot_bringup/share/my_robot_bringup/package.sh'
[1.047s] INFO:colcon.colcon_core.shell:Creating package script '/media/sf_GhostRider/ros2_Ws/install/my_robot_bringup/share/my_robot_bringup/package.bash'
[1.048s] INFO:colcon.colcon_core.shell:Creating package script '/media/sf_GhostRider/ros2_Ws/install/my_robot_bringup/share/my_robot_bringup/package.zsh'
[1.050s] Level 1:colcon.colcon_core.environment:create_file_with_runtime_dependencies(/media/sf_GhostRider/ros2_Ws/install/my_robot_bringup/share/colcon-core/packages/my_robot_bringup)
[1.051s] DEBUG:colcon.colcon_parallel_executor.executor.parallel:closing loop
[1.052s] DEBUG:colcon.colcon_parallel_executor.executor.parallel:loop closed
[1.053s] DEBUG:colcon.colcon_parallel_executor.executor.parallel:run_until_complete finished with '0'
[1.054s] DEBUG:colcon.colcon_core.event_reactor:joining thread
[1.063s] INFO:colcon.colcon_core.plugin_system:Skipping extension 'colcon_notification.desktop_notification.terminal_notifier': Not used on non-Darwin systems
[1.064s] INFO:colcon.colcon_core.plugin_system:Skipping extension 'colcon_notification.desktop_notification.win32': Not used on non-Windows systems
[1.064s] INFO:colcon.colcon_notification.desktop_notification:Sending desktop notification using 'notify2'
[1.094s] DEBUG:colcon.colcon_core.event_reactor:joined thread
[1.094s] INFO:colcon.colcon_core.shell:Creating prefix script '/media/sf_GhostRider/ros2_Ws/install/local_setup.ps1'
[1.097s] INFO:colcon.colcon_core.shell:Creating prefix util module '/media/sf_GhostRider/ros2_Ws/install/_local_setup_util_ps1.py'
[1.099s] INFO:colcon.colcon_core.shell:Creating prefix chain script '/media/sf_GhostRider/ros2_Ws/install/setup.ps1'
[1.119s] INFO:colcon.colcon_core.shell:Creating prefix script '/media/sf_GhostRider/ros2_Ws/install/local_setup.sh'
[1.123s] INFO:colcon.colcon_core.shell:Creating prefix util module '/media/sf_GhostRider/ros2_Ws/install/_local_setup_util_sh.py'
[1.126s] INFO:colcon.colcon_core.shell:Creating prefix chain script '/media/sf_GhostRider/ros2_Ws/install/setup.sh'
[1.133s] INFO:colcon.colcon_core.shell:Creating prefix script '/media/sf_GhostRider/ros2_Ws/install/local_setup.bash'
[1.135s] INFO:colcon.colcon_core.shell:Creating prefix chain script '/media/sf_GhostRider/ros2_Ws/install/setup.bash'
[1.155s] INFO:colcon.colcon_core.shell:Creating prefix script '/media/sf_GhostRider/ros2_Ws/install/local_setup.zsh'
[1.157s] INFO:colcon.colcon_core.shell:Creating prefix chain script '/media/sf_GhostRider/ros2_Ws/install/setup.zsh'
