[0.062s] Invoking command in '/media/sf_GhostRider/ros2_ws/build/my_robot_bringup': AMENT_PREFIX_PATH=/media/sf_GhostRider/ros2_ws/install/my_py_pkg:/media/sf_GhostRider/ros2_ws/install/my_robot_bringup:/media/sf_GhostRider/ros2_ws/install/my_cpp_pkg:/media/sf_GhostRider/ros2_ws/install/my_robot_interfaces:/opt/ros/jazzy CMAKE_PREFIX_PATH=/media/sf_GhostRider/ros2_ws/install/my_cpp_pkg:/media/sf_GhostRider/ros2_ws/install/my_robot_interfaces:/media/sf_GhostRider/ros2_ws/install/my_robot_bringup:/opt/ros/jazzy/opt/gz_math_vendor:/opt/ros/jazzy/opt/gz_utils_vendor:/opt/ros/jazzy/opt/gz_cmake_vendor:/media/sf_GhostRider/ros2_ws/install/my_py_pkg:/opt/ros/jazzy DEBUGINFOD_URLS=https://debuginfod.ubuntu.com /usr/bin/cmake --build /media/sf_GhostRider/ros2_ws/build/my_robot_bringup -- -j20 -l20
[0.074s] [0mCMake Error: The current CMakeCache.txt directory /media/sf_GhostRider/ros2_ws/build/my_robot_bringup/CMakeCache.txt is different than the directory /media/sf_GhostRider/ros2_Ws/build/my_robot_bringup where CMakeCache.txt was created. This may result in binaries being created in the wrong place. If you are not sure, reedit the CMakeCache.txt[0m
[0.149s] Invoked command in '/media/sf_GhostRider/ros2_ws/build/my_robot_bringup' returned '0': AMENT_PREFIX_PATH=/media/sf_GhostRider/ros2_ws/install/my_py_pkg:/media/sf_GhostRider/ros2_ws/install/my_robot_bringup:/media/sf_GhostRider/ros2_ws/install/my_cpp_pkg:/media/sf_GhostRider/ros2_ws/install/my_robot_interfaces:/opt/ros/jazzy CMAKE_PREFIX_PATH=/media/sf_GhostRider/ros2_ws/install/my_cpp_pkg:/media/sf_GhostRider/ros2_ws/install/my_robot_interfaces:/media/sf_GhostRider/ros2_ws/install/my_robot_bringup:/opt/ros/jazzy/opt/gz_math_vendor:/opt/ros/jazzy/opt/gz_utils_vendor:/opt/ros/jazzy/opt/gz_cmake_vendor:/media/sf_GhostRider/ros2_ws/install/my_py_pkg:/opt/ros/jazzy DEBUGINFOD_URLS=https://debuginfod.ubuntu.com /usr/bin/cmake --build /media/sf_GhostRider/ros2_ws/build/my_robot_bringup -- -j20 -l20
[0.168s] Invoking command in '/media/sf_GhostRider/ros2_ws/build/my_robot_bringup': AMENT_PREFIX_PATH=/media/sf_GhostRider/ros2_ws/install/my_py_pkg:/media/sf_GhostRider/ros2_ws/install/my_robot_bringup:/media/sf_GhostRider/ros2_ws/install/my_cpp_pkg:/media/sf_GhostRider/ros2_ws/install/my_robot_interfaces:/opt/ros/jazzy CMAKE_PREFIX_PATH=/media/sf_GhostRider/ros2_ws/install/my_cpp_pkg:/media/sf_GhostRider/ros2_ws/install/my_robot_interfaces:/media/sf_GhostRider/ros2_ws/install/my_robot_bringup:/opt/ros/jazzy/opt/gz_math_vendor:/opt/ros/jazzy/opt/gz_utils_vendor:/opt/ros/jazzy/opt/gz_cmake_vendor:/media/sf_GhostRider/ros2_ws/install/my_py_pkg:/opt/ros/jazzy DEBUGINFOD_URLS=https://debuginfod.ubuntu.com /usr/bin/cmake --install /media/sf_GhostRider/ros2_ws/build/my_robot_bringup
[0.180s] -- Install configuration: ""
[0.181s] -- Up-to-date: /media/sf_GhostRider/ros2_Ws/install/my_robot_bringup/share/my_robot_bringup//launch
[0.183s] -- Up-to-date: /media/sf_GhostRider/ros2_Ws/install/my_robot_bringup/share/my_robot_bringup//launch/number_app.launch.xml
[0.184s] -- Up-to-date: /media/sf_GhostRider/ros2_Ws/install/my_robot_bringup/share/my_robot_bringup//launch/radio.launch.xml
[0.184s] -- Up-to-date: /media/sf_GhostRider/ros2_Ws/install/my_robot_bringup/share/my_robot_bringup//config
[0.186s] -- Up-to-date: /media/sf_GhostRider/ros2_Ws/install/my_robot_bringup/share/my_robot_bringup//config/radio_config.yaml
[0.188s] -- Up-to-date: /media/sf_GhostRider/ros2_Ws/install/my_robot_bringup/share/ament_index/resource_index/package_run_dependencies/my_robot_bringup
[0.189s] -- Up-to-date: /media/sf_GhostRider/ros2_Ws/install/my_robot_bringup/share/ament_index/resource_index/parent_prefix_path/my_robot_bringup
[0.190s] -- Up-to-date: /media/sf_GhostRider/ros2_Ws/install/my_robot_bringup/share/my_robot_bringup/environment/ament_prefix_path.sh
[0.191s] -- Up-to-date: /media/sf_GhostRider/ros2_Ws/install/my_robot_bringup/share/my_robot_bringup/environment/ament_prefix_path.dsv
[0.191s] -- Up-to-date: /media/sf_GhostRider/ros2_Ws/install/my_robot_bringup/share/my_robot_bringup/environment/path.sh
[0.192s] -- Up-to-date: /media/sf_GhostRider/ros2_Ws/install/my_robot_bringup/share/my_robot_bringup/environment/path.dsv
[0.193s] -- Up-to-date: /media/sf_GhostRider/ros2_Ws/install/my_robot_bringup/share/my_robot_bringup/local_setup.bash
[0.194s] -- Up-to-date: /media/sf_GhostRider/ros2_Ws/install/my_robot_bringup/share/my_robot_bringup/local_setup.sh
[0.195s] -- Up-to-date: /media/sf_GhostRider/ros2_Ws/install/my_robot_bringup/share/my_robot_bringup/local_setup.zsh
[0.196s] -- Up-to-date: /media/sf_GhostRider/ros2_Ws/install/my_robot_bringup/share/my_robot_bringup/local_setup.dsv
[0.197s] -- Installing: /media/sf_GhostRider/ros2_Ws/install/my_robot_bringup/share/my_robot_bringup/package.dsv
[0.206s] -- Up-to-date: /media/sf_GhostRider/ros2_Ws/install/my_robot_bringup/share/ament_index/resource_index/packages/my_robot_bringup
[0.207s] -- Up-to-date: /media/sf_GhostRider/ros2_Ws/install/my_robot_bringup/share/my_robot_bringup/cmake/my_robot_bringupConfig.cmake
[0.209s] -- Up-to-date: /media/sf_GhostRider/ros2_Ws/install/my_robot_bringup/share/my_robot_bringup/cmake/my_robot_bringupConfig-version.cmake
[0.210s] -- Up-to-date: /media/sf_GhostRider/ros2_Ws/install/my_robot_bringup/share/my_robot_bringup/package.xml
[0.212s] Invoked command in '/media/sf_GhostRider/ros2_ws/build/my_robot_bringup' returned '0': AMENT_PREFIX_PATH=/media/sf_GhostRider/ros2_ws/install/my_py_pkg:/media/sf_GhostRider/ros2_ws/install/my_robot_bringup:/media/sf_GhostRider/ros2_ws/install/my_cpp_pkg:/media/sf_GhostRider/ros2_ws/install/my_robot_interfaces:/opt/ros/jazzy CMAKE_PREFIX_PATH=/media/sf_GhostRider/ros2_ws/install/my_cpp_pkg:/media/sf_GhostRider/ros2_ws/install/my_robot_interfaces:/media/sf_GhostRider/ros2_ws/install/my_robot_bringup:/opt/ros/jazzy/opt/gz_math_vendor:/opt/ros/jazzy/opt/gz_utils_vendor:/opt/ros/jazzy/opt/gz_cmake_vendor:/media/sf_GhostRider/ros2_ws/install/my_py_pkg:/opt/ros/jazzy DEBUGINFOD_URLS=https://debuginfod.ubuntu.com /usr/bin/cmake --install /media/sf_GhostRider/ros2_ws/build/my_robot_bringup
