[0.913s] Invoking command in '/media/sf_GhostRider/ros2_ws/src/turtlesim_catch_them_all': DEBUGINFOD_URLS=https://debuginfod.ubuntu.com PYTHONPATH=/media/sf_GhostRider/ros2_ws/build/turtlesim_catch_them_all/prefix_override:/usr/lib/python3/dist-packages/colcon_core/task/python/colcon_distutils_commands:/media/sf_GhostRider/ros2_ws/install/turtlesim_catch_them_all/lib/python3.12/site-packages:${PYTHONPATH} /usr/bin/python3 -W ignore:setup.py install is deprecated -W ignore:easy_install command is deprecated setup.py egg_info --egg-base ../../build/turtlesim_catch_them_all build --build-base /media/sf_GhostRider/ros2_ws/build/turtlesim_catch_them_all/build install --record /media/sf_GhostRider/ros2_ws/build/turtlesim_catch_them_all/install.log --single-version-externally-managed install_data
[1.118s] running egg_info
[1.119s] creating ../../build/turtlesim_catch_them_all/turtlesim_catch_them_all.egg-info
[1.132s] writing ../../build/turtlesim_catch_them_all/turtlesim_catch_them_all.egg-info/PKG-INFO
[1.134s] writing dependency_links to ../../build/turtlesim_catch_them_all/turtlesim_catch_them_all.egg-info/dependency_links.txt
[1.135s] writing entry points to ../../build/turtlesim_catch_them_all/turtlesim_catch_them_all.egg-info/entry_points.txt
[1.137s] writing requirements to ../../build/turtlesim_catch_them_all/turtlesim_catch_them_all.egg-info/requires.txt
[1.138s] writing top-level names to ../../build/turtlesim_catch_them_all/turtlesim_catch_them_all.egg-info/top_level.txt
[1.139s] writing manifest file '../../build/turtlesim_catch_them_all/turtlesim_catch_them_all.egg-info/SOURCES.txt'
[1.167s] reading manifest file '../../build/turtlesim_catch_them_all/turtlesim_catch_them_all.egg-info/SOURCES.txt'
[1.172s] writing manifest file '../../build/turtlesim_catch_them_all/turtlesim_catch_them_all.egg-info/SOURCES.txt'
[1.177s] running build
[1.198s] running build_py
[1.206s] creating /media/sf_GhostRider/ros2_ws/build/turtlesim_catch_them_all/build
[1.220s] creating /media/sf_GhostRider/ros2_ws/build/turtlesim_catch_them_all/build/lib
[1.235s] creating /media/sf_GhostRider/ros2_ws/build/turtlesim_catch_them_all/build/lib/turtlesim_catch_them_all
[1.236s] copying turtlesim_catch_them_all/turtle_controller.py -> /media/sf_GhostRider/ros2_ws/build/turtlesim_catch_them_all/build/lib/turtlesim_catch_them_all
[1.243s] copying turtlesim_catch_them_all/__init__.py -> /media/sf_GhostRider/ros2_ws/build/turtlesim_catch_them_all/build/lib/turtlesim_catch_them_all
[1.246s] running install
[1.251s] running install_lib
[1.266s] creating /media/sf_GhostRider/ros2_ws/install/turtlesim_catch_them_all/lib/python3.12/site-packages/turtlesim_catch_them_all
[1.267s] copying /media/sf_GhostRider/ros2_ws/build/turtlesim_catch_them_all/build/lib/turtlesim_catch_them_all/turtle_controller.py -> /media/sf_GhostRider/ros2_ws/install/turtlesim_catch_them_all/lib/python3.12/site-packages/turtlesim_catch_them_all
[1.271s] copying /media/sf_GhostRider/ros2_ws/build/turtlesim_catch_them_all/build/lib/turtlesim_catch_them_all/__init__.py -> /media/sf_GhostRider/ros2_ws/install/turtlesim_catch_them_all/lib/python3.12/site-packages/turtlesim_catch_them_all
[1.285s] byte-compiling /media/sf_GhostRider/ros2_ws/install/turtlesim_catch_them_all/lib/python3.12/site-packages/turtlesim_catch_them_all/turtle_controller.py to turtle_controller.cpython-312.pyc
[1.288s] byte-compiling /media/sf_GhostRider/ros2_ws/install/turtlesim_catch_them_all/lib/python3.12/site-packages/turtlesim_catch_them_all/__init__.py to __init__.cpython-312.pyc
[1.295s] running install_data
[1.302s] creating /media/sf_GhostRider/ros2_ws/install/turtlesim_catch_them_all/share/ament_index
[1.307s] creating /media/sf_GhostRider/ros2_ws/install/turtlesim_catch_them_all/share/ament_index/resource_index
[1.308s] creating /media/sf_GhostRider/ros2_ws/install/turtlesim_catch_them_all/share/ament_index/resource_index/packages
[1.309s] copying resource/turtlesim_catch_them_all -> /media/sf_GhostRider/ros2_ws/install/turtlesim_catch_them_all/share/ament_index/resource_index/packages
[1.312s] copying package.xml -> /media/sf_GhostRider/ros2_ws/install/turtlesim_catch_them_all/share/turtlesim_catch_them_all
[1.315s] running install_egg_info
[1.328s] Copying ../../build/turtlesim_catch_them_all/turtlesim_catch_them_all.egg-info to /media/sf_GhostRider/ros2_ws/install/turtlesim_catch_them_all/lib/python3.12/site-packages/turtlesim_catch_them_all-0.0.0-py3.12.egg-info
[1.354s] running install_scripts
[1.451s] Installing controller script to /media/sf_GhostRider/ros2_ws/install/turtlesim_catch_them_all/lib/turtlesim_catch_them_all
[1.455s] writing list of installed files to '/media/sf_GhostRider/ros2_ws/build/turtlesim_catch_them_all/install.log'
[1.471s] Invoked command in '/media/sf_GhostRider/ros2_ws/src/turtlesim_catch_them_all' returned '0': DEBUGINFOD_URLS=https://debuginfod.ubuntu.com PYTHONPATH=/media/sf_GhostRider/ros2_ws/build/turtlesim_catch_them_all/prefix_override:/usr/lib/python3/dist-packages/colcon_core/task/python/colcon_distutils_commands:/media/sf_GhostRider/ros2_ws/install/turtlesim_catch_them_all/lib/python3.12/site-packages:${PYTHONPATH} /usr/bin/python3 -W ignore:setup.py install is deprecated -W ignore:easy_install command is deprecated setup.py egg_info --egg-base ../../build/turtlesim_catch_them_all build --build-base /media/sf_GhostRider/ros2_ws/build/turtlesim_catch_them_all/build install --record /media/sf_GhostRider/ros2_ws/build/turtlesim_catch_them_all/install.log --single-version-externally-managed install_data
