-- Found ament_cmake: 2.5.5 (/opt/ros/jazzy/share/ament_cmake/cmake)
-- Found rclcpp: 28.1.16 (/opt/ros/jazzy/share/rclcpp/cmake)
-- Found rosidl_generator_c: 4.6.7 (/opt/ros/jazzy/share/rosidl_generator_c/cmake)
-- Found rosidl_generator_cpp: 4.6.7 (/opt/ros/jazzy/share/rosidl_generator_cpp/cmake)
-- Using all available rosidl_typesupport_c: rosidl_typesupport_fastrtps_c;rosidl_typesupport_introspection_c
-- Using all available rosidl_typesupport_cpp: rosidl_typesupport_fastrtps_cpp;rosidl_typesupport_introspection_cpp
-- Found rmw_implementation_cmake: 7.3.3 (/opt/ros/jazzy/share/rmw_implementation_cmake/cmake)
-- Found rmw_fastrtps_cpp: 8.4.3 (/opt/ros/jazzy/share/rmw_fastrtps_cpp/cmake)
-- Using RMW implementation 'rmw_fastrtps_cpp' as default
-- Found example_interfaces: 0.12.0 (/opt/ros/jazzy/share/example_interfaces/cmake)
-- Configuring done (0.7s)
-- Generating done (0.3s)
-- Build files have been written to: /media/sf_GhostRider/ros2_ws/build/my_cpp_pkg
gmake[1]: Warning: File 'CMakeFiles/Makefile2' has modification time 0.71 s in the future
gmake[2]: Warning: File 'CMakeFiles/cpp_node_test.dir/progress.make' has modification time 0.66 s in the future
gmake[2]: Warning: File 'CMakeFiles/number_counter.dir/flags.make' has modification time 0.63 s in the future
gmake[2]: Warning: File 'CMakeFiles/robot_news_station.dir/progress.make' has modification time 0.65 s in the future
gmake[2]: Warning: File 'CMakeFiles/number_publisher.dir/progress.make' has modification time 0.64 s in the future
gmake[2]: Warning: File 'CMakeFiles/smartphone.dir/progress.make' has modification time 0.63 s in the future
gmake[2]: warning:  Clock skew detected.  Your build may be incomplete.
[ 10%] [32mBuilding CXX object CMakeFiles/number_counter.dir/src/number_counter.cpp.o[0m
[01m[K/media/sf_GhostRider/ros2_ws/src/my_cpp_pkg/src/number_counter.cpp:[m[K In member function ‘[01m[Kvoid NumberCounterNode::[01;32m[KcallbackNumber[m[K(example_interfaces::msg::Int64_<std::allocator<void> >::SharedPtr)[m[K’:
[01m[K/media/sf_GhostRider/ros2_ws/src/my_cpp_pkg/src/number_counter.cpp:25:13:[m[K [01;31m[Kerror: [m[K‘[01m[Kcounter_[m[K’ was not declared in this scope
   25 |             [01;31m[Kcounter_[m[K += msg->data; // Increment the received number
      |             [01;31m[K^~~~~~~~[m[K
[01m[K/media/sf_GhostRider/ros2_ws/src/my_cpp_pkg/src/number_counter.cpp:[m[K In member function ‘[01m[Kvoid NumberCounterNode::[01;32m[KpublishCounter[m[K()[m[K’:
[01m[K/media/sf_GhostRider/ros2_ws/src/my_cpp_pkg/src/number_counter.cpp:30:28:[m[K [01;31m[Kerror: [m[K‘[01m[Kcounter_[m[K’ was not declared in this scope
   30 |             message.data = [01;31m[Kcounter_[m[K;
      |                            [01;31m[K^~~~~~~~[m[K
gmake[2]: warning:  Clock skew detected.  Your build may be incomplete.
gmake[2]: warning:  Clock skew detected.  Your build may be incomplete.
gmake[2]: warning:  Clock skew detected.  Your build may be incomplete.
gmake[2]: Warning: File 'CMakeFiles/robot_news_station.dir/compiler_depend.make' has modification time 0.062 s in the future
gmake[2]: warning:  Clock skew detected.  Your build may be incomplete.
gmake[2]: Warning: File 'CMakeFiles/cpp_node_test.dir/compiler_depend.make' has modification time 0.023 s in the future
gmake[2]: Warning: File 'CMakeFiles/number_publisher.dir/compiler_depend.make' has modification time 0.08 s in the future
gmake[2]: warning:  Clock skew detected.  Your build may be incomplete.
gmake[2]: warning:  Clock skew detected.  Your build may be incomplete.
[ 30%] Built target robot_news_station
gmake[2]: warning:  Clock skew detected.  Your build may be incomplete.
[ 70%] Built target cpp_node_test
[ 70%] Built target number_publisher
gmake[2]: Warning: File 'CMakeFiles/smartphone.dir/compiler_depend.make' has modification time 0.065 s in the future
gmake[2]: warning:  Clock skew detected.  Your build may be incomplete.
[ 90%] Built target smartphone
gmake[2]: *** [CMakeFiles/number_counter.dir/build.make:76: CMakeFiles/number_counter.dir/src/number_counter.cpp.o] Error 1
gmake[1]: *** [CMakeFiles/Makefile2:249: CMakeFiles/number_counter.dir/all] Error 2
gmake: *** [Makefile:146: all] Error 2
