[0.058s] Invoking command in '/media/sf_GhostRider/ros2_ws/build/my_cpp_pkg': CMAKE_PREFIX_PATH=${CMAKE_PREFIX_PATH}:/media/sf_GhostRider/ros2_ws/install/my_py_pkg:/opt/ros/jazzy DEBUGINFOD_URLS=https://debuginfod.ubuntu.com /usr/bin/cmake --build /media/sf_GhostRider/ros2_ws/build/my_cpp_pkg -- -j20 -l20
[0.102s] -- Found ament_cmake: 2.5.5 (/opt/ros/jazzy/share/ament_cmake/cmake)
[0.348s] -- Found rclcpp: 28.1.16 (/opt/ros/jazzy/share/rclcpp/cmake)
[0.378s] -- Found rosidl_generator_c: 4.6.7 (/opt/ros/jazzy/share/rosidl_generator_c/cmake)
[0.388s] -- Found rosidl_generator_cpp: 4.6.7 (/opt/ros/jazzy/share/rosidl_generator_cpp/cmake)
[0.401s] -- Using all available rosidl_typesupport_c: rosidl_typesupport_fastrtps_c;rosidl_typesupport_introspection_c
[0.421s] -- Using all available rosidl_typesupport_cpp: rosidl_typesupport_fastrtps_cpp;rosidl_typesupport_introspection_cpp
[0.479s] -- Found rmw_implementation_cmake: 7.3.3 (/opt/ros/jazzy/share/rmw_implementation_cmake/cmake)
[0.482s] -- Found rmw_fastrtps_cpp: 8.4.3 (/opt/ros/jazzy/share/rmw_fastrtps_cpp/cmake)
[0.556s] -- Using RMW implementation 'rmw_fastrtps_cpp' as default
[0.612s] -- Found example_interfaces: 0.12.0 (/opt/ros/jazzy/share/example_interfaces/cmake)
[0.779s] -- Configuring done (0.7s)
[1.067s] -- Generating done (0.3s)
[1.181s] -- Build files have been written to: /media/sf_GhostRider/ros2_ws/build/my_cpp_pkg
[1.202s] gmake[1]: Warning: File 'CMakeFiles/Makefile2' has modification time 0.71 s in the future
[1.265s] gmake[2]: Warning: File 'CMakeFiles/cpp_node_test.dir/progress.make' has modification time 0.66 s in the future
[1.295s] gmake[2]: Warning: File 'CMakeFiles/number_counter.dir/flags.make' has modification time 0.63 s in the future
[1.335s] gmake[2]: Warning: File 'CMakeFiles/robot_news_station.dir/progress.make' has modification time 0.65 s in the future
[1.419s] gmake[2]: Warning: File 'CMakeFiles/number_publisher.dir/progress.make' has modification time 0.64 s in the future
[1.444s] gmake[2]: Warning: File 'CMakeFiles/smartphone.dir/progress.make' has modification time 0.63 s in the future
[1.589s] gmake[2]: warning:  Clock skew detected.  Your build may be incomplete.
[2.374s] [ 10%] [32mBuilding CXX object CMakeFiles/number_counter.dir/src/number_counter.cpp.o[0m
[5.109s] [01m[K/media/sf_GhostRider/ros2_ws/src/my_cpp_pkg/src/number_counter.cpp:[m[K In member function ‘[01m[Kvoid NumberCounterNode::[01;32m[KcallbackNumber[m[K(example_interfaces::msg::Int64_<std::allocator<void> >::SharedPtr)[m[K’:
[5.109s] [01m[K/media/sf_GhostRider/ros2_ws/src/my_cpp_pkg/src/number_counter.cpp:25:13:[m[K [01;31m[Kerror: [m[K‘[01m[Kcounter_[m[K’ was not declared in this scope
[5.111s]    25 |             [01;31m[Kcounter_[m[K += msg->data; // Increment the received number
[5.115s]       |             [01;31m[K^~~~~~~~[m[K
[5.118s] [01m[K/media/sf_GhostRider/ros2_ws/src/my_cpp_pkg/src/number_counter.cpp:[m[K In member function ‘[01m[Kvoid NumberCounterNode::[01;32m[KpublishCounter[m[K()[m[K’:
[5.122s] [01m[K/media/sf_GhostRider/ros2_ws/src/my_cpp_pkg/src/number_counter.cpp:30:28:[m[K [01;31m[Kerror: [m[K‘[01m[Kcounter_[m[K’ was not declared in this scope
[5.130s]    30 |             message.data = [01;31m[Kcounter_[m[K;
[5.133s]       |                            [01;31m[K^~~~~~~~[m[K
[5.259s] gmake[2]: warning:  Clock skew detected.  Your build may be incomplete.
[5.266s] gmake[2]: warning:  Clock skew detected.  Your build may be incomplete.
[5.273s] gmake[2]: warning:  Clock skew detected.  Your build may be incomplete.
[5.298s] gmake[2]: Warning: File 'CMakeFiles/robot_news_station.dir/compiler_depend.make' has modification time 0.062 s in the future
[5.310s] gmake[2]: warning:  Clock skew detected.  Your build may be incomplete.
[5.314s] gmake[2]: Warning: File 'CMakeFiles/cpp_node_test.dir/compiler_depend.make' has modification time 0.023 s in the future
[5.318s] gmake[2]: Warning: File 'CMakeFiles/number_publisher.dir/compiler_depend.make' has modification time 0.08 s in the future
[5.319s] gmake[2]: warning:  Clock skew detected.  Your build may be incomplete.
[5.322s] gmake[2]: warning:  Clock skew detected.  Your build may be incomplete.
[5.322s] [ 30%] Built target robot_news_station
[5.324s] gmake[2]: warning:  Clock skew detected.  Your build may be incomplete.
[5.340s] [ 70%] Built target cpp_node_test
[5.351s] [ 70%] Built target number_publisher
[5.359s] gmake[2]: Warning: File 'CMakeFiles/smartphone.dir/compiler_depend.make' has modification time 0.065 s in the future
[5.364s] gmake[2]: warning:  Clock skew detected.  Your build may be incomplete.
[5.378s] [ 90%] Built target smartphone
[6.794s] gmake[2]: *** [CMakeFiles/number_counter.dir/build.make:76: CMakeFiles/number_counter.dir/src/number_counter.cpp.o] Error 1
[6.795s] gmake[1]: *** [CMakeFiles/Makefile2:249: CMakeFiles/number_counter.dir/all] Error 2
[6.795s] gmake: *** [Makefile:146: all] Error 2
[6.797s] Invoked command in '/media/sf_GhostRider/ros2_ws/build/my_cpp_pkg' returned '2': CMAKE_PREFIX_PATH=${CMAKE_PREFIX_PATH}:/media/sf_GhostRider/ros2_ws/install/my_py_pkg:/opt/ros/jazzy DEBUGINFOD_URLS=https://debuginfod.ubuntu.com /usr/bin/cmake --build /media/sf_GhostRider/ros2_ws/build/my_cpp_pkg -- -j20 -l20
