[1.502s] Invoking command in '/media/sf_GhostRider/ros2_ws/src/turtlesim_catch_them_all': CMAKE_PREFIX_PATH=/media/sf_GhostRider/ros2_ws/install/turtle_catch_all_interfaces:/media/sf_GhostRider/ros2_ws/install/turtle_mine_bringup:/media/sf_GhostRider/ros2_ws/install/my_robot_bringup:/media/sf_GhostRider/ros2_ws/install/my_cpp_pkg:/media/sf_GhostRider/ros2_ws/install/my_robot_interfaces:/opt/ros/jazzy/opt/gz_math_vendor:/opt/ros/jazzy/opt/gz_utils_vendor:/opt/ros/jazzy/opt/gz_cmake_vendor DEBUGINFOD_URLS=https://debuginfod.ubuntu.com PYTHONPATH=/media/sf_GhostRider/ros2_ws/build/turtlesim_catch_them_all/prefix_override:/usr/lib/python3/dist-packages/colcon_core/task/python/colcon_distutils_commands:/media/sf_GhostRider/ros2_ws/install/turtlesim_catch_them_all/lib/python3.12/site-packages:/media/sf_GhostRider/ros2_ws/install/turtle_catch_all_interfaces/lib/python3.12/site-packages:/media/sf_GhostRider/ros2_ws/install/turtlesim_catch_them_all/lib/python3.12/site-packages:/media/sf_GhostRider/ros2_ws/install/my_py_pkg/lib/python3.12/site-packages:/media/sf_GhostRider/ros2_ws/install/my_robot_interfaces/lib/python3.12/site-packages:/opt/ros/jazzy/lib/python3.12/site-packages /usr/bin/python3 -W ignore:setup.py install is deprecated -W ignore:easy_install command is deprecated setup.py egg_info --egg-base ../../build/turtlesim_catch_them_all build --build-base /media/sf_GhostRider/ros2_ws/build/turtlesim_catch_them_all/build install --record /media/sf_GhostRider/ros2_ws/build/turtlesim_catch_them_all/install.log --single-version-externally-managed install_data
[1.827s] running egg_info
[1.830s] creating ../../build/turtlesim_catch_them_all/turtlesim_catch_them_all.egg-info
[1.846s] writing ../../build/turtlesim_catch_them_all/turtlesim_catch_them_all.egg-info/PKG-INFO
[1.850s] writing dependency_links to ../../build/turtlesim_catch_them_all/turtlesim_catch_them_all.egg-info/dependency_links.txt
[1.851s] writing entry points to ../../build/turtlesim_catch_them_all/turtlesim_catch_them_all.egg-info/entry_points.txt
[1.852s] writing requirements to ../../build/turtlesim_catch_them_all/turtlesim_catch_them_all.egg-info/requires.txt
[1.853s] writing top-level names to ../../build/turtlesim_catch_them_all/turtlesim_catch_them_all.egg-info/top_level.txt
[1.855s] writing manifest file '../../build/turtlesim_catch_them_all/turtlesim_catch_them_all.egg-info/SOURCES.txt'
[1.893s] reading manifest file '../../build/turtlesim_catch_them_all/turtlesim_catch_them_all.egg-info/SOURCES.txt'
[1.896s] writing manifest file '../../build/turtlesim_catch_them_all/turtlesim_catch_them_all.egg-info/SOURCES.txt'
[1.897s] running build
[1.898s] running build_py
[1.899s] creating /media/sf_GhostRider/ros2_ws/build/turtlesim_catch_them_all/build
[1.900s] creating /media/sf_GhostRider/ros2_ws/build/turtlesim_catch_them_all/build/lib
[1.902s] creating /media/sf_GhostRider/ros2_ws/build/turtlesim_catch_them_all/build/lib/turtlesim_catch_them_all
[1.902s] copying turtlesim_catch_them_all/turtle_controller.py -> /media/sf_GhostRider/ros2_ws/build/turtlesim_catch_them_all/build/lib/turtlesim_catch_them_all
[1.907s] copying turtlesim_catch_them_all/turtle_spawner.py -> /media/sf_GhostRider/ros2_ws/build/turtlesim_catch_them_all/build/lib/turtlesim_catch_them_all
[1.910s] copying turtlesim_catch_them_all/__init__.py -> /media/sf_GhostRider/ros2_ws/build/turtlesim_catch_them_all/build/lib/turtlesim_catch_them_all
[1.913s] running install
[1.922s] running install_lib
[1.944s] creating /media/sf_GhostRider/ros2_ws/install/turtlesim_catch_them_all/lib/python3.12/site-packages/turtlesim_catch_them_all
[1.945s] copying /media/sf_GhostRider/ros2_ws/build/turtlesim_catch_them_all/build/lib/turtlesim_catch_them_all/turtle_controller.py -> /media/sf_GhostRider/ros2_ws/install/turtlesim_catch_them_all/lib/python3.12/site-packages/turtlesim_catch_them_all
[1.949s] copying /media/sf_GhostRider/ros2_ws/build/turtlesim_catch_them_all/build/lib/turtlesim_catch_them_all/turtle_spawner.py -> /media/sf_GhostRider/ros2_ws/install/turtlesim_catch_them_all/lib/python3.12/site-packages/turtlesim_catch_them_all
[1.952s] copying /media/sf_GhostRider/ros2_ws/build/turtlesim_catch_them_all/build/lib/turtlesim_catch_them_all/__init__.py -> /media/sf_GhostRider/ros2_ws/install/turtlesim_catch_them_all/lib/python3.12/site-packages/turtlesim_catch_them_all
[1.956s] byte-compiling /media/sf_GhostRider/ros2_ws/install/turtlesim_catch_them_all/lib/python3.12/site-packages/turtlesim_catch_them_all/turtle_controller.py to turtle_controller.cpython-312.pyc
[1.960s] byte-compiling /media/sf_GhostRider/ros2_ws/install/turtlesim_catch_them_all/lib/python3.12/site-packages/turtlesim_catch_them_all/turtle_spawner.py to turtle_spawner.cpython-312.pyc
[1.963s] byte-compiling /media/sf_GhostRider/ros2_ws/install/turtlesim_catch_them_all/lib/python3.12/site-packages/turtlesim_catch_them_all/__init__.py to __init__.cpython-312.pyc
[1.965s] running install_data
[1.966s] creating /media/sf_GhostRider/ros2_ws/install/turtlesim_catch_them_all/share/ament_index
[1.967s] creating /media/sf_GhostRider/ros2_ws/install/turtlesim_catch_them_all/share/ament_index/resource_index
[1.967s] creating /media/sf_GhostRider/ros2_ws/install/turtlesim_catch_them_all/share/ament_index/resource_index/packages
[1.969s] copying resource/turtlesim_catch_them_all -> /media/sf_GhostRider/ros2_ws/install/turtlesim_catch_them_all/share/ament_index/resource_index/packages
[1.972s] copying package.xml -> /media/sf_GhostRider/ros2_ws/install/turtlesim_catch_them_all/share/turtlesim_catch_them_all
[1.975s] running install_egg_info
[1.989s] Copying ../../build/turtlesim_catch_them_all/turtlesim_catch_them_all.egg-info to /media/sf_GhostRider/ros2_ws/install/turtlesim_catch_them_all/lib/python3.12/site-packages/turtlesim_catch_them_all-0.0.0-py3.12.egg-info
[2.026s] running install_scripts
[2.196s] Installing controller script to /media/sf_GhostRider/ros2_ws/install/turtlesim_catch_them_all/lib/turtlesim_catch_them_all
[2.203s] Installing spawner script to /media/sf_GhostRider/ros2_ws/install/turtlesim_catch_them_all/lib/turtlesim_catch_them_all
[2.206s] writing list of installed files to '/media/sf_GhostRider/ros2_ws/build/turtlesim_catch_them_all/install.log'
[2.227s] Invoked command in '/media/sf_GhostRider/ros2_ws/src/turtlesim_catch_them_all' returned '0': CMAKE_PREFIX_PATH=/media/sf_GhostRider/ros2_ws/install/turtle_catch_all_interfaces:/media/sf_GhostRider/ros2_ws/install/turtle_mine_bringup:/media/sf_GhostRider/ros2_ws/install/my_robot_bringup:/media/sf_GhostRider/ros2_ws/install/my_cpp_pkg:/media/sf_GhostRider/ros2_ws/install/my_robot_interfaces:/opt/ros/jazzy/opt/gz_math_vendor:/opt/ros/jazzy/opt/gz_utils_vendor:/opt/ros/jazzy/opt/gz_cmake_vendor DEBUGINFOD_URLS=https://debuginfod.ubuntu.com PYTHONPATH=/media/sf_GhostRider/ros2_ws/build/turtlesim_catch_them_all/prefix_override:/usr/lib/python3/dist-packages/colcon_core/task/python/colcon_distutils_commands:/media/sf_GhostRider/ros2_ws/install/turtlesim_catch_them_all/lib/python3.12/site-packages:/media/sf_GhostRider/ros2_ws/install/turtle_catch_all_interfaces/lib/python3.12/site-packages:/media/sf_GhostRider/ros2_ws/install/turtlesim_catch_them_all/lib/python3.12/site-packages:/media/sf_GhostRider/ros2_ws/install/my_py_pkg/lib/python3.12/site-packages:/media/sf_GhostRider/ros2_ws/install/my_robot_interfaces/lib/python3.12/site-packages:/opt/ros/jazzy/lib/python3.12/site-packages /usr/bin/python3 -W ignore:setup.py install is deprecated -W ignore:easy_install command is deprecated setup.py egg_info --egg-base ../../build/turtlesim_catch_them_all build --build-base /media/sf_GhostRider/ros2_ws/build/turtlesim_catch_them_all/build install --record /media/sf_GhostRider/ros2_ws/build/turtlesim_catch_them_all/install.log --single-version-externally-managed install_data
