-- The C compiler identification is GNU 13.3.0
-- The CXX compiler identification is GNU 13.3.0
-- Detecting C compiler ABI info
-- Detecting C compiler ABI info - done
-- Check for working C compiler: /usr/bin/cc - skipped
-- Detecting C compile features
-- Detecting C compile features - done
-- Detecting CXX compiler ABI info
-- Detecting CXX compiler ABI info - done
-- Check for working CXX compiler: /usr/bin/c++ - skipped
-- Detecting CXX compile features
-- Detecting CXX compile features - done
-- Found ament_cmake: 2.5.5 (/opt/ros/jazzy/share/ament_cmake/cmake)
-- Found Python3: /usr/bin/python3 (found version "3.12.3") found components: Interpreter 
-- Configuring done (1.9s)
-- Generating done (0.0s)
-- Build files have been written to: /media/sf_GhostRider/ros2_ws/build/turtle_mine_bringup
gmake: Warning: File 'Makefile' has modification time 0.25 s in the future
gmake[1]: Warning: File 'CMakeFiles/Makefile2' has modification time 0.22 s in the future
gmake[1]: warning:  Clock skew detected.  Your build may be incomplete.
gmake: warning:  Clock skew detected.  Your build may be incomplete.
-- Install configuration: ""
-- Up-to-date: /media/sf_GhostRider/ros2_ws/install/turtle_mine_bringup/share/ament_index/resource_index/package_run_dependencies/turtle_mine_bringup
-- Up-to-date: /media/sf_GhostRider/ros2_ws/install/turtle_mine_bringup/share/ament_index/resource_index/parent_prefix_path/turtle_mine_bringup
-- Up-to-date: /media/sf_GhostRider/ros2_ws/install/turtle_mine_bringup/share/turtle_mine_bringup/environment/ament_prefix_path.sh
-- Up-to-date: /media/sf_GhostRider/ros2_ws/install/turtle_mine_bringup/share/turtle_mine_bringup/environment/ament_prefix_path.dsv
-- Up-to-date: /media/sf_GhostRider/ros2_ws/install/turtle_mine_bringup/share/turtle_mine_bringup/environment/path.sh
-- Up-to-date: /media/sf_GhostRider/ros2_ws/install/turtle_mine_bringup/share/turtle_mine_bringup/environment/path.dsv
-- Up-to-date: /media/sf_GhostRider/ros2_ws/install/turtle_mine_bringup/share/turtle_mine_bringup/local_setup.bash
-- Up-to-date: /media/sf_GhostRider/ros2_ws/install/turtle_mine_bringup/share/turtle_mine_bringup/local_setup.sh
-- Up-to-date: /media/sf_GhostRider/ros2_ws/install/turtle_mine_bringup/share/turtle_mine_bringup/local_setup.zsh
-- Up-to-date: /media/sf_GhostRider/ros2_ws/install/turtle_mine_bringup/share/turtle_mine_bringup/local_setup.dsv
-- Installing: /media/sf_GhostRider/ros2_ws/install/turtle_mine_bringup/share/turtle_mine_bringup/package.dsv
-- Up-to-date: /media/sf_GhostRider/ros2_ws/install/turtle_mine_bringup/share/ament_index/resource_index/packages/turtle_mine_bringup
-- Up-to-date: /media/sf_GhostRider/ros2_ws/install/turtle_mine_bringup/share/turtle_mine_bringup/cmake/turtle_mine_bringupConfig.cmake
-- Up-to-date: /media/sf_GhostRider/ros2_ws/install/turtle_mine_bringup/share/turtle_mine_bringup/cmake/turtle_mine_bringupConfig-version.cmake
-- Up-to-date: /media/sf_GhostRider/ros2_ws/install/turtle_mine_bringup/share/turtle_mine_bringup/package.xml
