[0.075s] Invoking command in '/media/sf_GhostRider/ros2_ws/build/turtle_mine_bringup': AMENT_PREFIX_PATH=/media/sf_GhostRider/ros2_ws/install/turtlesim_catch_them_all:/media/sf_GhostRider/ros2_ws/install/turtle_mine_bringup:/media/sf_GhostRider/ros2_ws/install/turtle_catch_all_interfaces:/media/sf_GhostRider/ros2_ws/install/my_robot_bringup:/media/sf_GhostRider/ros2_ws/install/my_py_pkg:/media/sf_GhostRider/ros2_ws/install/my_cpp_pkg:/media/sf_GhostRider/ros2_ws/install/my_robot_interfaces:/opt/ros/jazzy CMAKE_PREFIX_PATH=/media/sf_GhostRider/ros2_ws/install/turtle_catch_all_interfaces:/media/sf_GhostRider/ros2_ws/install/turtle_mine_bringup:/media/sf_GhostRider/ros2_ws/install/my_robot_bringup:/media/sf_GhostRider/ros2_ws/install/my_cpp_pkg:/media/sf_GhostRider/ros2_ws/install/my_robot_interfaces:/opt/ros/jazzy/opt/gz_math_vendor:/opt/ros/jazzy/opt/gz_utils_vendor:/opt/ros/jazzy/opt/gz_cmake_vendor:/media/sf_GhostRider/ros2_ws/install/turtlesim_catch_them_all:/media/sf_GhostRider/ros2_ws/install/my_py_pkg:/opt/ros/jazzy DEBUGINFOD_URLS=https://debuginfod.ubuntu.com /usr/bin/cmake /media/sf_GhostRider/ros2_ws/src/turtle_mine_bringup -DCMAKE_INSTALL_PREFIX=/media/sf_GhostRider/ros2_ws/install/turtle_mine_bringup
[0.200s] -- The C compiler identification is GNU 13.3.0
[0.285s] -- The CXX compiler identification is GNU 13.3.0
[0.322s] -- Detecting C compiler ABI info
[0.574s] -- Detecting C compiler ABI info - done
[0.600s] -- Check for working C compiler: /usr/bin/cc - skipped
[0.601s] -- Detecting C compile features
[0.602s] -- Detecting C compile features - done
[0.623s] -- Detecting CXX compiler ABI info
[0.883s] -- Detecting CXX compiler ABI info - done
[0.921s] -- Check for working CXX compiler: /usr/bin/c++ - skipped
[0.922s] -- Detecting CXX compile features
[0.923s] -- Detecting CXX compile features - done
[0.972s] -- Found ament_cmake: 2.5.5 (/opt/ros/jazzy/share/ament_cmake/cmake)
[1.220s] -- Found Python3: /usr/bin/python3 (found version "3.12.3") found components: Interpreter 
[2.004s] -- Configuring done (1.9s)
[2.050s] -- Generating done (0.0s)
[2.080s] -- Build files have been written to: /media/sf_GhostRider/ros2_ws/build/turtle_mine_bringup
[2.083s] Invoked command in '/media/sf_GhostRider/ros2_ws/build/turtle_mine_bringup' returned '0': AMENT_PREFIX_PATH=/media/sf_GhostRider/ros2_ws/install/turtlesim_catch_them_all:/media/sf_GhostRider/ros2_ws/install/turtle_mine_bringup:/media/sf_GhostRider/ros2_ws/install/turtle_catch_all_interfaces:/media/sf_GhostRider/ros2_ws/install/my_robot_bringup:/media/sf_GhostRider/ros2_ws/install/my_py_pkg:/media/sf_GhostRider/ros2_ws/install/my_cpp_pkg:/media/sf_GhostRider/ros2_ws/install/my_robot_interfaces:/opt/ros/jazzy CMAKE_PREFIX_PATH=/media/sf_GhostRider/ros2_ws/install/turtle_catch_all_interfaces:/media/sf_GhostRider/ros2_ws/install/turtle_mine_bringup:/media/sf_GhostRider/ros2_ws/install/my_robot_bringup:/media/sf_GhostRider/ros2_ws/install/my_cpp_pkg:/media/sf_GhostRider/ros2_ws/install/my_robot_interfaces:/opt/ros/jazzy/opt/gz_math_vendor:/opt/ros/jazzy/opt/gz_utils_vendor:/opt/ros/jazzy/opt/gz_cmake_vendor:/media/sf_GhostRider/ros2_ws/install/turtlesim_catch_them_all:/media/sf_GhostRider/ros2_ws/install/my_py_pkg:/opt/ros/jazzy DEBUGINFOD_URLS=https://debuginfod.ubuntu.com /usr/bin/cmake /media/sf_GhostRider/ros2_ws/src/turtle_mine_bringup -DCMAKE_INSTALL_PREFIX=/media/sf_GhostRider/ros2_ws/install/turtle_mine_bringup
[2.085s] Invoking command in '/media/sf_GhostRider/ros2_ws/build/turtle_mine_bringup': AMENT_PREFIX_PATH=/media/sf_GhostRider/ros2_ws/install/turtlesim_catch_them_all:/media/sf_GhostRider/ros2_ws/install/turtle_mine_bringup:/media/sf_GhostRider/ros2_ws/install/turtle_catch_all_interfaces:/media/sf_GhostRider/ros2_ws/install/my_robot_bringup:/media/sf_GhostRider/ros2_ws/install/my_py_pkg:/media/sf_GhostRider/ros2_ws/install/my_cpp_pkg:/media/sf_GhostRider/ros2_ws/install/my_robot_interfaces:/opt/ros/jazzy CMAKE_PREFIX_PATH=/media/sf_GhostRider/ros2_ws/install/turtle_catch_all_interfaces:/media/sf_GhostRider/ros2_ws/install/turtle_mine_bringup:/media/sf_GhostRider/ros2_ws/install/my_robot_bringup:/media/sf_GhostRider/ros2_ws/install/my_cpp_pkg:/media/sf_GhostRider/ros2_ws/install/my_robot_interfaces:/opt/ros/jazzy/opt/gz_math_vendor:/opt/ros/jazzy/opt/gz_utils_vendor:/opt/ros/jazzy/opt/gz_cmake_vendor:/media/sf_GhostRider/ros2_ws/install/turtlesim_catch_them_all:/media/sf_GhostRider/ros2_ws/install/my_py_pkg:/opt/ros/jazzy DEBUGINFOD_URLS=https://debuginfod.ubuntu.com /usr/bin/cmake --build /media/sf_GhostRider/ros2_ws/build/turtle_mine_bringup -- -j20 -l20
[2.126s] gmake: Warning: File 'Makefile' has modification time 0.25 s in the future
[2.178s] gmake[1]: Warning: File 'CMakeFiles/Makefile2' has modification time 0.22 s in the future
[2.179s] gmake[1]: warning:  Clock skew detected.  Your build may be incomplete.
[2.196s] gmake: warning:  Clock skew detected.  Your build may be incomplete.
[2.197s] Invoked command in '/media/sf_GhostRider/ros2_ws/build/turtle_mine_bringup' returned '0': AMENT_PREFIX_PATH=/media/sf_GhostRider/ros2_ws/install/turtlesim_catch_them_all:/media/sf_GhostRider/ros2_ws/install/turtle_mine_bringup:/media/sf_GhostRider/ros2_ws/install/turtle_catch_all_interfaces:/media/sf_GhostRider/ros2_ws/install/my_robot_bringup:/media/sf_GhostRider/ros2_ws/install/my_py_pkg:/media/sf_GhostRider/ros2_ws/install/my_cpp_pkg:/media/sf_GhostRider/ros2_ws/install/my_robot_interfaces:/opt/ros/jazzy CMAKE_PREFIX_PATH=/media/sf_GhostRider/ros2_ws/install/turtle_catch_all_interfaces:/media/sf_GhostRider/ros2_ws/install/turtle_mine_bringup:/media/sf_GhostRider/ros2_ws/install/my_robot_bringup:/media/sf_GhostRider/ros2_ws/install/my_cpp_pkg:/media/sf_GhostRider/ros2_ws/install/my_robot_interfaces:/opt/ros/jazzy/opt/gz_math_vendor:/opt/ros/jazzy/opt/gz_utils_vendor:/opt/ros/jazzy/opt/gz_cmake_vendor:/media/sf_GhostRider/ros2_ws/install/turtlesim_catch_them_all:/media/sf_GhostRider/ros2_ws/install/my_py_pkg:/opt/ros/jazzy DEBUGINFOD_URLS=https://debuginfod.ubuntu.com /usr/bin/cmake --build /media/sf_GhostRider/ros2_ws/build/turtle_mine_bringup -- -j20 -l20
[2.219s] Invoking command in '/media/sf_GhostRider/ros2_ws/build/turtle_mine_bringup': AMENT_PREFIX_PATH=/media/sf_GhostRider/ros2_ws/install/turtlesim_catch_them_all:/media/sf_GhostRider/ros2_ws/install/turtle_mine_bringup:/media/sf_GhostRider/ros2_ws/install/turtle_catch_all_interfaces:/media/sf_GhostRider/ros2_ws/install/my_robot_bringup:/media/sf_GhostRider/ros2_ws/install/my_py_pkg:/media/sf_GhostRider/ros2_ws/install/my_cpp_pkg:/media/sf_GhostRider/ros2_ws/install/my_robot_interfaces:/opt/ros/jazzy CMAKE_PREFIX_PATH=/media/sf_GhostRider/ros2_ws/install/turtle_catch_all_interfaces:/media/sf_GhostRider/ros2_ws/install/turtle_mine_bringup:/media/sf_GhostRider/ros2_ws/install/my_robot_bringup:/media/sf_GhostRider/ros2_ws/install/my_cpp_pkg:/media/sf_GhostRider/ros2_ws/install/my_robot_interfaces:/opt/ros/jazzy/opt/gz_math_vendor:/opt/ros/jazzy/opt/gz_utils_vendor:/opt/ros/jazzy/opt/gz_cmake_vendor:/media/sf_GhostRider/ros2_ws/install/turtlesim_catch_them_all:/media/sf_GhostRider/ros2_ws/install/my_py_pkg:/opt/ros/jazzy DEBUGINFOD_URLS=https://debuginfod.ubuntu.com /usr/bin/cmake --install /media/sf_GhostRider/ros2_ws/build/turtle_mine_bringup
[2.238s] -- Install configuration: ""
[2.240s] -- Up-to-date: /media/sf_GhostRider/ros2_ws/install/turtle_mine_bringup/share/ament_index/resource_index/package_run_dependencies/turtle_mine_bringup
[2.241s] -- Up-to-date: /media/sf_GhostRider/ros2_ws/install/turtle_mine_bringup/share/ament_index/resource_index/parent_prefix_path/turtle_mine_bringup
[2.242s] -- Up-to-date: /media/sf_GhostRider/ros2_ws/install/turtle_mine_bringup/share/turtle_mine_bringup/environment/ament_prefix_path.sh
[2.243s] -- Up-to-date: /media/sf_GhostRider/ros2_ws/install/turtle_mine_bringup/share/turtle_mine_bringup/environment/ament_prefix_path.dsv
[2.244s] -- Up-to-date: /media/sf_GhostRider/ros2_ws/install/turtle_mine_bringup/share/turtle_mine_bringup/environment/path.sh
[2.245s] -- Up-to-date: /media/sf_GhostRider/ros2_ws/install/turtle_mine_bringup/share/turtle_mine_bringup/environment/path.dsv
[2.245s] -- Up-to-date: /media/sf_GhostRider/ros2_ws/install/turtle_mine_bringup/share/turtle_mine_bringup/local_setup.bash
[2.246s] -- Up-to-date: /media/sf_GhostRider/ros2_ws/install/turtle_mine_bringup/share/turtle_mine_bringup/local_setup.sh
[2.246s] -- Up-to-date: /media/sf_GhostRider/ros2_ws/install/turtle_mine_bringup/share/turtle_mine_bringup/local_setup.zsh
[2.247s] -- Up-to-date: /media/sf_GhostRider/ros2_ws/install/turtle_mine_bringup/share/turtle_mine_bringup/local_setup.dsv
[2.248s] -- Installing: /media/sf_GhostRider/ros2_ws/install/turtle_mine_bringup/share/turtle_mine_bringup/package.dsv
[2.254s] -- Up-to-date: /media/sf_GhostRider/ros2_ws/install/turtle_mine_bringup/share/ament_index/resource_index/packages/turtle_mine_bringup
[2.255s] -- Up-to-date: /media/sf_GhostRider/ros2_ws/install/turtle_mine_bringup/share/turtle_mine_bringup/cmake/turtle_mine_bringupConfig.cmake
[2.255s] -- Up-to-date: /media/sf_GhostRider/ros2_ws/install/turtle_mine_bringup/share/turtle_mine_bringup/cmake/turtle_mine_bringupConfig-version.cmake
[2.257s] -- Up-to-date: /media/sf_GhostRider/ros2_ws/install/turtle_mine_bringup/share/turtle_mine_bringup/package.xml
[2.260s] Invoked command in '/media/sf_GhostRider/ros2_ws/build/turtle_mine_bringup' returned '0': AMENT_PREFIX_PATH=/media/sf_GhostRider/ros2_ws/install/turtlesim_catch_them_all:/media/sf_GhostRider/ros2_ws/install/turtle_mine_bringup:/media/sf_GhostRider/ros2_ws/install/turtle_catch_all_interfaces:/media/sf_GhostRider/ros2_ws/install/my_robot_bringup:/media/sf_GhostRider/ros2_ws/install/my_py_pkg:/media/sf_GhostRider/ros2_ws/install/my_cpp_pkg:/media/sf_GhostRider/ros2_ws/install/my_robot_interfaces:/opt/ros/jazzy CMAKE_PREFIX_PATH=/media/sf_GhostRider/ros2_ws/install/turtle_catch_all_interfaces:/media/sf_GhostRider/ros2_ws/install/turtle_mine_bringup:/media/sf_GhostRider/ros2_ws/install/my_robot_bringup:/media/sf_GhostRider/ros2_ws/install/my_cpp_pkg:/media/sf_GhostRider/ros2_ws/install/my_robot_interfaces:/opt/ros/jazzy/opt/gz_math_vendor:/opt/ros/jazzy/opt/gz_utils_vendor:/opt/ros/jazzy/opt/gz_cmake_vendor:/media/sf_GhostRider/ros2_ws/install/turtlesim_catch_them_all:/media/sf_GhostRider/ros2_ws/install/my_py_pkg:/opt/ros/jazzy DEBUGINFOD_URLS=https://debuginfod.ubuntu.com /usr/bin/cmake --install /media/sf_GhostRider/ros2_ws/build/turtle_mine_bringup
