[0.737s] Invoking command in '/media/sf_GhostRider/ros2_ws/src/my_py_pkg': DEBUGINFOD_URLS=https://debuginfod.ubuntu.com PYTHONPATH=/media/sf_GhostRider/ros2_ws/build/my_py_pkg/prefix_override:/usr/lib/python3/dist-packages/colcon_core/task/python/colcon_distutils_commands:/media/sf_GhostRider/ros2_ws/install/my_py_pkg/lib/python3.12/site-packages:${PYTHONPATH} /usr/bin/python3 -W ignore:setup.py install is deprecated -W ignore:easy_install command is deprecated setup.py egg_info --egg-base ../../build/my_py_pkg build --build-base /media/sf_GhostRider/ros2_ws/build/my_py_pkg/build install --record /media/sf_GhostRider/ros2_ws/build/my_py_pkg/install.log --single-version-externally-managed install_data
[0.938s] running egg_info
[0.939s] creating ../../build/my_py_pkg/my_py_pkg.egg-info
[0.960s] writing ../../build/my_py_pkg/my_py_pkg.egg-info/PKG-INFO
[0.962s] writing dependency_links to ../../build/my_py_pkg/my_py_pkg.egg-info/dependency_links.txt
[0.964s] writing requirements to ../../build/my_py_pkg/my_py_pkg.egg-info/requires.txt
[0.965s] writing top-level names to ../../build/my_py_pkg/my_py_pkg.egg-info/top_level.txt
[0.967s] writing manifest file '../../build/my_py_pkg/my_py_pkg.egg-info/SOURCES.txt'
[0.998s] reading manifest file '../../build/my_py_pkg/my_py_pkg.egg-info/SOURCES.txt'
[1.004s] writing manifest file '../../build/my_py_pkg/my_py_pkg.egg-info/SOURCES.txt'
[1.005s] running build
[1.006s] running build_py
[1.006s] creating /media/sf_GhostRider/ros2_ws/build/my_py_pkg/build
[1.007s] creating /media/sf_GhostRider/ros2_ws/build/my_py_pkg/build/lib
[1.009s] creating /media/sf_GhostRider/ros2_ws/build/my_py_pkg/build/lib/my_py_pkg
[1.010s] copying my_py_pkg/__init__.py -> /media/sf_GhostRider/ros2_ws/build/my_py_pkg/build/lib/my_py_pkg
[1.012s] running install
[1.018s] running install_lib
[1.031s] creating /media/sf_GhostRider/ros2_ws/install/my_py_pkg/lib/python3.12/site-packages/my_py_pkg
[1.032s] copying /media/sf_GhostRider/ros2_ws/build/my_py_pkg/build/lib/my_py_pkg/__init__.py -> /media/sf_GhostRider/ros2_ws/install/my_py_pkg/lib/python3.12/site-packages/my_py_pkg
[1.036s] byte-compiling /media/sf_GhostRider/ros2_ws/install/my_py_pkg/lib/python3.12/site-packages/my_py_pkg/__init__.py to __init__.cpython-312.pyc
[1.040s] running install_data
[1.041s] creating /media/sf_GhostRider/ros2_ws/install/my_py_pkg/share/ament_index
[1.042s] creating /media/sf_GhostRider/ros2_ws/install/my_py_pkg/share/ament_index/resource_index
[1.043s] creating /media/sf_GhostRider/ros2_ws/install/my_py_pkg/share/ament_index/resource_index/packages
[1.044s] copying resource/my_py_pkg -> /media/sf_GhostRider/ros2_ws/install/my_py_pkg/share/ament_index/resource_index/packages
[1.057s] copying package.xml -> /media/sf_GhostRider/ros2_ws/install/my_py_pkg/share/my_py_pkg
[1.061s] running install_egg_info
[1.073s] Copying ../../build/my_py_pkg/my_py_pkg.egg-info to /media/sf_GhostRider/ros2_ws/install/my_py_pkg/lib/python3.12/site-packages/my_py_pkg-0.0.0-py3.12.egg-info
[1.098s] running install_scripts
[1.181s] writing list of installed files to '/media/sf_GhostRider/ros2_ws/build/my_py_pkg/install.log'
[1.201s] Invoked command in '/media/sf_GhostRider/ros2_ws/src/my_py_pkg' returned '0': DEBUGINFOD_URLS=https://debuginfod.ubuntu.com PYTHONPATH=/media/sf_GhostRider/ros2_ws/build/my_py_pkg/prefix_override:/usr/lib/python3/dist-packages/colcon_core/task/python/colcon_distutils_commands:/media/sf_GhostRider/ros2_ws/install/my_py_pkg/lib/python3.12/site-packages:${PYTHONPATH} /usr/bin/python3 -W ignore:setup.py install is deprecated -W ignore:easy_install command is deprecated setup.py egg_info --egg-base ../../build/my_py_pkg build --build-base /media/sf_GhostRider/ros2_ws/build/my_py_pkg/build install --record /media/sf_GhostRider/ros2_ws/build/my_py_pkg/install.log --single-version-externally-managed install_data
