[0.043s] Invoking command in '/media/sf_GhostRider/ros2_ws/build/turtle_catch_all_interfaces': CMAKE_PREFIX_PATH=${CMAKE_PREFIX_PATH}:/media/sf_GhostRider/ros2_ws/install/my_py_pkg:/opt/ros/jazzy DEBUGINFOD_URLS=https://debuginfod.ubuntu.com /usr/bin/cmake /media/sf_GhostRider/ros2_ws/src/turtle_catch_all_interfaces -DCMAKE_INSTALL_PREFIX=/media/sf_GhostRider/ros2_ws/install/turtle_catch_all_interfaces
[0.215s] -- The C compiler identification is GNU 13.3.0
[0.342s] -- The CXX compiler identification is GNU 13.3.0
[0.377s] -- Detecting C compiler ABI info
[0.629s] -- Detecting C compiler ABI info - done
[0.655s] -- Check for working C compiler: /usr/bin/cc - skipped
[0.656s] -- Detecting C compile features
[0.657s] -- Detecting C compile features - done
[0.678s] -- Detecting CXX compiler ABI info
[0.931s] -- Detecting CXX compiler ABI info - done
[0.961s] -- Check for working CXX compiler: /usr/bin/c++ - skipped
[0.963s] -- Detecting CXX compile features
[0.963s] -- Detecting CXX compile features - done
[1.002s] -- Found ament_cmake: 2.5.5 (/opt/ros/jazzy/share/ament_cmake/cmake)
[1.216s] -- Found Python3: /usr/bin/python3 (found version "3.12.3") found components: Interpreter 
[1.689s] -- Found rosidl_default_generators: 1.6.0 (/opt/ros/jazzy/share/rosidl_default_generators/cmake)
[1.771s] -- Using all available rosidl_typesupport_c: rosidl_typesupport_fastrtps_c;rosidl_typesupport_introspection_c
[2.148s] -- Using all available rosidl_typesupport_cpp: rosidl_typesupport_fastrtps_cpp;rosidl_typesupport_introspection_cpp
[2.424s] -- Found rosidl_adapter: 4.6.7 (/opt/ros/jazzy/share/rosidl_adapter/cmake)
[3.070s] -- Found ament_cmake_ros: 0.12.0 (/opt/ros/jazzy/share/ament_cmake_ros/cmake)
[3.628s] -- Using all available rosidl_typesupport_c: rosidl_typesupport_fastrtps_c;rosidl_typesupport_introspection_c
[4.274s] -- Using all available rosidl_typesupport_cpp: rosidl_typesupport_fastrtps_cpp;rosidl_typesupport_introspection_cpp
[4.300s] -- Found python_cmake_module: 0.11.1 (/opt/ros/jazzy/share/python_cmake_module/cmake)
[4.412s] -- Found PythonExtra: /usr/bin/python3  
[4.790s] -- Found Python3: /usr/bin/python3 (found version "3.12.3") found components: Interpreter Development NumPy Development.Module Development.Embed 
[5.005s] -- Configuring done (4.9s)
[5.464s] -- Generating done (0.4s)
[5.590s] -- Build files have been written to: /media/sf_GhostRider/ros2_ws/build/turtle_catch_all_interfaces
[5.597s] Invoked command in '/media/sf_GhostRider/ros2_ws/build/turtle_catch_all_interfaces' returned '0': CMAKE_PREFIX_PATH=${CMAKE_PREFIX_PATH}:/media/sf_GhostRider/ros2_ws/install/my_py_pkg:/opt/ros/jazzy DEBUGINFOD_URLS=https://debuginfod.ubuntu.com /usr/bin/cmake /media/sf_GhostRider/ros2_ws/src/turtle_catch_all_interfaces -DCMAKE_INSTALL_PREFIX=/media/sf_GhostRider/ros2_ws/install/turtle_catch_all_interfaces
[5.598s] Invoking command in '/media/sf_GhostRider/ros2_ws/build/turtle_catch_all_interfaces': CMAKE_PREFIX_PATH=${CMAKE_PREFIX_PATH}:/media/sf_GhostRider/ros2_ws/install/my_py_pkg:/opt/ros/jazzy DEBUGINFOD_URLS=https://debuginfod.ubuntu.com /usr/bin/cmake --build /media/sf_GhostRider/ros2_ws/build/turtle_catch_all_interfaces -- -j20 -l20
[5.884s] [  2%] [34m[1mGenerating type hashes for ROS interfaces[0m
[5.926s] [  2%] Built target ament_cmake_python_copy_turtle_catch_all_interfaces
[6.100s] [  2%] Built target turtle_catch_all_interfaces__rosidl_generator_type_description
[6.162s] [  4%] [34m[1mGenerating C code for ROS interfaces[0m
[6.163s] running egg_info
[6.165s] creating turtle_catch_all_interfaces.egg-info
[6.182s] writing turtle_catch_all_interfaces.egg-info/PKG-INFO
[6.187s] writing dependency_links to turtle_catch_all_interfaces.egg-info/dependency_links.txt
[6.191s] writing top-level names to turtle_catch_all_interfaces.egg-info/top_level.txt
[6.261s] writing manifest file 'turtle_catch_all_interfaces.egg-info/SOURCES.txt'
[6.269s] [  6%] [34m[1mGenerating C++ code for ROS interfaces[0m
[6.354s] reading manifest file 'turtle_catch_all_interfaces.egg-info/SOURCES.txt'
[6.358s] writing manifest file 'turtle_catch_all_interfaces.egg-info/SOURCES.txt'
[6.431s] [  6%] Built target ament_cmake_python_build_turtle_catch_all_interfaces_egg
[7.141s] [  6%] Built target turtle_catch_all_interfaces__cpp
[7.309s] [  9%] [32mBuilding C object CMakeFiles/turtle_catch_all_interfaces__rosidl_generator_c.dir/rosidl_generator_c/turtle_catch_all_interfaces/msg/detail/turtle__description.c.o[0m
[7.324s] [ 18%] [32mBuilding C object CMakeFiles/turtle_catch_all_interfaces__rosidl_generator_c.dir/rosidl_generator_c/turtle_catch_all_interfaces/msg/detail/turtle_array__description.c.o[0m
[7.326s] [ 20%] [32mBuilding C object CMakeFiles/turtle_catch_all_interfaces__rosidl_generator_c.dir/rosidl_generator_c/turtle_catch_all_interfaces/msg/detail/turtle_array__functions.c.o[0m
[7.344s] [ 18%] [32mBuilding C object CMakeFiles/turtle_catch_all_interfaces__rosidl_generator_c.dir/rosidl_generator_c/turtle_catch_all_interfaces/msg/detail/turtle_array__type_support.c.o[0m
[7.356s] [ 20%] [32mBuilding C object CMakeFiles/turtle_catch_all_interfaces__rosidl_generator_c.dir/rosidl_generator_c/turtle_catch_all_interfaces/msg/detail/turtle__type_support.c.o[0m
[7.373s] [ 20%] [32mBuilding C object CMakeFiles/turtle_catch_all_interfaces__rosidl_generator_c.dir/rosidl_generator_c/turtle_catch_all_interfaces/msg/detail/turtle__functions.c.o[0m
[7.828s] [ 22%] [32m[1mLinking C shared library libturtle_catch_all_interfaces__rosidl_generator_c.so[0m
[8.012s] [ 22%] Built target turtle_catch_all_interfaces__rosidl_generator_c
[8.151s] [ 31%] [34m[1mGenerating C type support dispatch for ROS interfaces[0m
[8.181s] [ 34%] [34m[1mGenerating C type support for eProsima Fast-RTPS[0m
[8.248s] [ 31%] [34m[1mGenerating C++ introspection for ROS interfaces[0m
[8.283s] [ 36%] [34m[1mGenerating C introspection for ROS interfaces[0m
[8.304s] [ 36%] [34m[1mGenerating C++ type support dispatch for ROS interfaces[0m
[8.327s] [ 36%] [34m[1mGenerating C++ type support for eProsima Fast-RTPS[0m
[10.407s] [ 40%] [32mBuilding CXX object CMakeFiles/turtle_catch_all_interfaces__rosidl_typesupport_cpp.dir/rosidl_typesupport_cpp/turtle_catch_all_interfaces/msg/turtle__type_support.cpp.o[0m
[10.415s] [ 40%] [32mBuilding CXX object CMakeFiles/turtle_catch_all_interfaces__rosidl_typesupport_cpp.dir/rosidl_typesupport_cpp/turtle_catch_all_interfaces/msg/turtle_array__type_support.cpp.o[0m
[10.483s] [ 45%] [32mBuilding CXX object CMakeFiles/turtle_catch_all_interfaces__rosidl_typesupport_c.dir/rosidl_typesupport_c/turtle_catch_all_interfaces/msg/turtle__type_support.cpp.o[0m
[10.513s] [ 45%] [32mBuilding CXX object CMakeFiles/turtle_catch_all_interfaces__rosidl_typesupport_introspection_cpp.dir/rosidl_typesupport_introspection_cpp/turtle_catch_all_interfaces/msg/detail/turtle__type_support.cpp.o[0m
[10.521s] [ 47%] [32mBuilding CXX object CMakeFiles/turtle_catch_all_interfaces__rosidl_typesupport_c.dir/rosidl_typesupport_c/turtle_catch_all_interfaces/msg/turtle_array__type_support.cpp.o[0m
[10.536s] [ 50%] [32mBuilding CXX object CMakeFiles/turtle_catch_all_interfaces__rosidl_typesupport_introspection_cpp.dir/rosidl_typesupport_introspection_cpp/turtle_catch_all_interfaces/msg/detail/turtle_array__type_support.cpp.o[0m
[10.681s] [ 63%] [32mBuilding C object CMakeFiles/turtle_catch_all_interfaces__rosidl_typesupport_introspection_c.dir/rosidl_typesupport_introspection_c/turtle_catch_all_interfaces/msg/detail/turtle_array__type_support.c.o[0m
[10.710s] [ 63%] [32mBuilding CXX object CMakeFiles/turtle_catch_all_interfaces__rosidl_typesupport_fastrtps_cpp.dir/rosidl_typesupport_fastrtps_cpp/turtle_catch_all_interfaces/msg/detail/dds_fastrtps/turtle__type_support.cpp.o[0m
[10.720s] [ 63%] [32mBuilding CXX object CMakeFiles/turtle_catch_all_interfaces__rosidl_typesupport_fastrtps_c.dir/rosidl_typesupport_fastrtps_c/turtle_catch_all_interfaces/msg/detail/turtle__type_support_c.cpp.o[0m
[10.739s] [ 63%] [32mBuilding C object CMakeFiles/turtle_catch_all_interfaces__rosidl_typesupport_introspection_c.dir/rosidl_typesupport_introspection_c/turtle_catch_all_interfaces/msg/detail/turtle__type_support.c.o[0m
[10.774s] [ 63%] [32mBuilding CXX object CMakeFiles/turtle_catch_all_interfaces__rosidl_typesupport_fastrtps_cpp.dir/rosidl_typesupport_fastrtps_cpp/turtle_catch_all_interfaces/msg/detail/dds_fastrtps/turtle_array__type_support.cpp.o[0m
[10.783s] [ 63%] [32mBuilding CXX object CMakeFiles/turtle_catch_all_interfaces__rosidl_typesupport_fastrtps_c.dir/rosidl_typesupport_fastrtps_c/turtle_catch_all_interfaces/msg/detail/turtle_array__type_support_c.cpp.o[0m
[11.634s] [ 65%] [32m[1mLinking CXX shared library libturtle_catch_all_interfaces__rosidl_typesupport_c.so[0m
[12.401s] [ 68%] [32m[1mLinking C shared library libturtle_catch_all_interfaces__rosidl_typesupport_introspection_c.so[0m
[13.722s] [ 68%] Built target turtle_catch_all_interfaces__rosidl_typesupport_c
[14.081s] [ 68%] Built target turtle_catch_all_interfaces__rosidl_typesupport_introspection_c
[14.710s] [ 70%] [32m[1mLinking CXX shared library libturtle_catch_all_interfaces__rosidl_typesupport_cpp.so[0m
[14.849s] [ 70%] Built target turtle_catch_all_interfaces__rosidl_typesupport_cpp
[14.947s] [ 72%] [32m[1mLinking CXX shared library libturtle_catch_all_interfaces__rosidl_typesupport_fastrtps_c.so[0m
[14.971s] [ 75%] [32m[1mLinking CXX shared library libturtle_catch_all_interfaces__rosidl_typesupport_introspection_cpp.so[0m
[15.128s] [ 75%] Built target turtle_catch_all_interfaces__rosidl_typesupport_fastrtps_c
[15.198s] [ 77%] [32m[1mLinking CXX shared library libturtle_catch_all_interfaces__rosidl_typesupport_fastrtps_cpp.so[0m
[15.218s] [ 77%] Built target turtle_catch_all_interfaces__rosidl_typesupport_introspection_cpp
[15.353s] [ 77%] Built target turtle_catch_all_interfaces__rosidl_typesupport_fastrtps_cpp
[15.409s] [ 77%] Built target turtle_catch_all_interfaces
[15.461s] [ 79%] [34m[1mGenerating Python code for ROS interfaces[0m
[15.773s] [ 79%] Built target turtle_catch_all_interfaces__py
[15.847s] [ 84%] [32mBuilding C object CMakeFiles/turtle_catch_all_interfaces__rosidl_generator_py.dir/rosidl_generator_py/turtle_catch_all_interfaces/msg/_turtle_array_s.c.o[0m
[15.847s] [ 84%] [32mBuilding C object CMakeFiles/turtle_catch_all_interfaces__rosidl_generator_py.dir/rosidl_generator_py/turtle_catch_all_interfaces/msg/_turtle_s.c.o[0m
[16.182s] [ 86%] [32m[1mLinking C shared library libturtle_catch_all_interfaces__rosidl_generator_py.so[0m
[16.277s] [ 86%] Built target turtle_catch_all_interfaces__rosidl_generator_py
[16.441s] [ 93%] [32mBuilding C object CMakeFiles/turtle_catch_all_interfaces_s__rosidl_typesupport_introspection_c.dir/rosidl_generator_py/turtle_catch_all_interfaces/_turtle_catch_all_interfaces_s.ep.rosidl_typesupport_introspection_c.c.o[0m
[16.457s] [ 93%] [32mBuilding C object CMakeFiles/turtle_catch_all_interfaces_s__rosidl_typesupport_c.dir/rosidl_generator_py/turtle_catch_all_interfaces/_turtle_catch_all_interfaces_s.ep.rosidl_typesupport_c.c.o[0m
[16.458s] [ 93%] [32mBuilding C object CMakeFiles/turtle_catch_all_interfaces_s__rosidl_typesupport_fastrtps_c.dir/rosidl_generator_py/turtle_catch_all_interfaces/_turtle_catch_all_interfaces_s.ep.rosidl_typesupport_fastrtps_c.c.o[0m
[16.620s] [ 97%] [32m[1mLinking C shared module rosidl_generator_py/turtle_catch_all_interfaces/turtle_catch_all_interfaces_s__rosidl_typesupport_fastrtps_c.so[0m
[16.621s] [100%] [32m[1mLinking C shared module rosidl_generator_py/turtle_catch_all_interfaces/turtle_catch_all_interfaces_s__rosidl_typesupport_introspection_c.so[0m
[16.622s] [100%] [32m[1mLinking C shared module rosidl_generator_py/turtle_catch_all_interfaces/turtle_catch_all_interfaces_s__rosidl_typesupport_c.so[0m
[16.803s] [100%] Built target turtle_catch_all_interfaces_s__rosidl_typesupport_introspection_c
[16.803s] [100%] Built target turtle_catch_all_interfaces_s__rosidl_typesupport_c
[16.807s] [100%] Built target turtle_catch_all_interfaces_s__rosidl_typesupport_fastrtps_c
[16.924s] Invoked command in '/media/sf_GhostRider/ros2_ws/build/turtle_catch_all_interfaces' returned '0': CMAKE_PREFIX_PATH=${CMAKE_PREFIX_PATH}:/media/sf_GhostRider/ros2_ws/install/my_py_pkg:/opt/ros/jazzy DEBUGINFOD_URLS=https://debuginfod.ubuntu.com /usr/bin/cmake --build /media/sf_GhostRider/ros2_ws/build/turtle_catch_all_interfaces -- -j20 -l20
[16.950s] Invoking command in '/media/sf_GhostRider/ros2_ws/build/turtle_catch_all_interfaces': CMAKE_PREFIX_PATH=${CMAKE_PREFIX_PATH}:/media/sf_GhostRider/ros2_ws/install/my_py_pkg:/opt/ros/jazzy DEBUGINFOD_URLS=https://debuginfod.ubuntu.com /usr/bin/cmake --install /media/sf_GhostRider/ros2_ws/build/turtle_catch_all_interfaces
[16.969s] -- Install configuration: ""
[16.982s] -- Installing: /media/sf_GhostRider/ros2_ws/install/turtle_catch_all_interfaces/share/ament_index/resource_index/rosidl_interfaces/turtle_catch_all_interfaces
[16.991s] -- Installing: /media/sf_GhostRider/ros2_ws/install/turtle_catch_all_interfaces/share/turtle_catch_all_interfaces/msg/Turtle.json
[16.996s] -- Installing: /media/sf_GhostRider/ros2_ws/install/turtle_catch_all_interfaces/share/turtle_catch_all_interfaces/msg/TurtleArray.json
[17.003s] -- Installing: /media/sf_GhostRider/ros2_ws/install/turtle_catch_all_interfaces/include/turtle_catch_all_interfaces/turtle_catch_all_interfaces
[17.007s] -- Installing: /media/sf_GhostRider/ros2_ws/install/turtle_catch_all_interfaces/include/turtle_catch_all_interfaces/turtle_catch_all_interfaces/msg
[17.009s] -- Installing: /media/sf_GhostRider/ros2_ws/install/turtle_catch_all_interfaces/include/turtle_catch_all_interfaces/turtle_catch_all_interfaces/msg/detail
[17.011s] -- Installing: /media/sf_GhostRider/ros2_ws/install/turtle_catch_all_interfaces/include/turtle_catch_all_interfaces/turtle_catch_all_interfaces/msg/detail/turtle_array__description.c
[17.015s] -- Installing: /media/sf_GhostRider/ros2_ws/install/turtle_catch_all_interfaces/include/turtle_catch_all_interfaces/turtle_catch_all_interfaces/msg/detail/turtle_array__functions.c
[17.020s] -- Installing: /media/sf_GhostRider/ros2_ws/install/turtle_catch_all_interfaces/include/turtle_catch_all_interfaces/turtle_catch_all_interfaces/msg/detail/turtle_array__functions.h
[17.026s] -- Installing: /media/sf_GhostRider/ros2_ws/install/turtle_catch_all_interfaces/include/turtle_catch_all_interfaces/turtle_catch_all_interfaces/msg/detail/turtle_array__struct.h
[17.031s] -- Installing: /media/sf_GhostRider/ros2_ws/install/turtle_catch_all_interfaces/include/turtle_catch_all_interfaces/turtle_catch_all_interfaces/msg/detail/turtle_array__type_support.c
[17.037s] -- Installing: /media/sf_GhostRider/ros2_ws/install/turtle_catch_all_interfaces/include/turtle_catch_all_interfaces/turtle_catch_all_interfaces/msg/detail/turtle_array__type_support.h
[17.041s] -- Installing: /media/sf_GhostRider/ros2_ws/install/turtle_catch_all_interfaces/include/turtle_catch_all_interfaces/turtle_catch_all_interfaces/msg/detail/turtle__description.c
[17.047s] -- Installing: /media/sf_GhostRider/ros2_ws/install/turtle_catch_all_interfaces/include/turtle_catch_all_interfaces/turtle_catch_all_interfaces/msg/detail/turtle__functions.c
[17.052s] -- Installing: /media/sf_GhostRider/ros2_ws/install/turtle_catch_all_interfaces/include/turtle_catch_all_interfaces/turtle_catch_all_interfaces/msg/detail/turtle__functions.h
[17.057s] -- Installing: /media/sf_GhostRider/ros2_ws/install/turtle_catch_all_interfaces/include/turtle_catch_all_interfaces/turtle_catch_all_interfaces/msg/detail/turtle__struct.h
[17.062s] -- Installing: /media/sf_GhostRider/ros2_ws/install/turtle_catch_all_interfaces/include/turtle_catch_all_interfaces/turtle_catch_all_interfaces/msg/detail/turtle__type_support.c
[17.067s] -- Installing: /media/sf_GhostRider/ros2_ws/install/turtle_catch_all_interfaces/include/turtle_catch_all_interfaces/turtle_catch_all_interfaces/msg/detail/turtle__type_support.h
[17.074s] -- Installing: /media/sf_GhostRider/ros2_ws/install/turtle_catch_all_interfaces/include/turtle_catch_all_interfaces/turtle_catch_all_interfaces/msg/rosidl_generator_c__visibility_control.h
[17.079s] -- Installing: /media/sf_GhostRider/ros2_ws/install/turtle_catch_all_interfaces/include/turtle_catch_all_interfaces/turtle_catch_all_interfaces/msg/turtle.h
[17.084s] -- Installing: /media/sf_GhostRider/ros2_ws/install/turtle_catch_all_interfaces/include/turtle_catch_all_interfaces/turtle_catch_all_interfaces/msg/turtle_array.h
[17.090s] -- Installing: /media/sf_GhostRider/ros2_ws/install/turtle_catch_all_interfaces/share/turtle_catch_all_interfaces/environment/library_path.sh
[17.094s] -- Installing: /media/sf_GhostRider/ros2_ws/install/turtle_catch_all_interfaces/share/turtle_catch_all_interfaces/environment/library_path.dsv
[17.099s] -- Installing: /media/sf_GhostRider/ros2_ws/install/turtle_catch_all_interfaces/lib/libturtle_catch_all_interfaces__rosidl_generator_c.so
[17.121s] -- Set non-toolchain portion of runtime path of "/media/sf_GhostRider/ros2_ws/install/turtle_catch_all_interfaces/lib/libturtle_catch_all_interfaces__rosidl_generator_c.so" to ""
[17.121s] -- Up-to-date: /media/sf_GhostRider/ros2_ws/install/turtle_catch_all_interfaces/include/turtle_catch_all_interfaces/turtle_catch_all_interfaces
[17.123s] -- Up-to-date: /media/sf_GhostRider/ros2_ws/install/turtle_catch_all_interfaces/include/turtle_catch_all_interfaces/turtle_catch_all_interfaces/msg
[17.124s] -- Up-to-date: /media/sf_GhostRider/ros2_ws/install/turtle_catch_all_interfaces/include/turtle_catch_all_interfaces/turtle_catch_all_interfaces/msg/detail
[17.125s] -- Installing: /media/sf_GhostRider/ros2_ws/install/turtle_catch_all_interfaces/include/turtle_catch_all_interfaces/turtle_catch_all_interfaces/msg/detail/turtle_array__rosidl_typesupport_fastrtps_c.h
[17.130s] -- Installing: /media/sf_GhostRider/ros2_ws/install/turtle_catch_all_interfaces/include/turtle_catch_all_interfaces/turtle_catch_all_interfaces/msg/detail/turtle__rosidl_typesupport_fastrtps_c.h
[17.134s] -- Installing: /media/sf_GhostRider/ros2_ws/install/turtle_catch_all_interfaces/include/turtle_catch_all_interfaces/turtle_catch_all_interfaces/msg/rosidl_typesupport_fastrtps_c__visibility_control.h
[17.139s] -- Installing: /media/sf_GhostRider/ros2_ws/install/turtle_catch_all_interfaces/lib/libturtle_catch_all_interfaces__rosidl_typesupport_fastrtps_c.so
[17.162s] -- Set non-toolchain portion of runtime path of "/media/sf_GhostRider/ros2_ws/install/turtle_catch_all_interfaces/lib/libturtle_catch_all_interfaces__rosidl_typesupport_fastrtps_c.so" to ""
[17.163s] -- Up-to-date: /media/sf_GhostRider/ros2_ws/install/turtle_catch_all_interfaces/include/turtle_catch_all_interfaces/turtle_catch_all_interfaces
[17.164s] -- Up-to-date: /media/sf_GhostRider/ros2_ws/install/turtle_catch_all_interfaces/include/turtle_catch_all_interfaces/turtle_catch_all_interfaces/msg
[17.165s] -- Up-to-date: /media/sf_GhostRider/ros2_ws/install/turtle_catch_all_interfaces/include/turtle_catch_all_interfaces/turtle_catch_all_interfaces/msg/detail
[17.166s] -- Installing: /media/sf_GhostRider/ros2_ws/install/turtle_catch_all_interfaces/include/turtle_catch_all_interfaces/turtle_catch_all_interfaces/msg/detail/turtle_array__rosidl_typesupport_introspection_c.h
[17.181s] -- Installing: /media/sf_GhostRider/ros2_ws/install/turtle_catch_all_interfaces/include/turtle_catch_all_interfaces/turtle_catch_all_interfaces/msg/detail/turtle_array__type_support.c
[17.187s] -- Installing: /media/sf_GhostRider/ros2_ws/install/turtle_catch_all_interfaces/include/turtle_catch_all_interfaces/turtle_catch_all_interfaces/msg/detail/turtle__rosidl_typesupport_introspection_c.h
[17.192s] -- Installing: /media/sf_GhostRider/ros2_ws/install/turtle_catch_all_interfaces/include/turtle_catch_all_interfaces/turtle_catch_all_interfaces/msg/detail/turtle__type_support.c
[17.198s] -- Installing: /media/sf_GhostRider/ros2_ws/install/turtle_catch_all_interfaces/include/turtle_catch_all_interfaces/turtle_catch_all_interfaces/msg/rosidl_typesupport_introspection_c__visibility_control.h
[17.203s] -- Installing: /media/sf_GhostRider/ros2_ws/install/turtle_catch_all_interfaces/lib/libturtle_catch_all_interfaces__rosidl_typesupport_introspection_c.so
[17.223s] -- Set non-toolchain portion of runtime path of "/media/sf_GhostRider/ros2_ws/install/turtle_catch_all_interfaces/lib/libturtle_catch_all_interfaces__rosidl_typesupport_introspection_c.so" to ""
[17.225s] -- Installing: /media/sf_GhostRider/ros2_ws/install/turtle_catch_all_interfaces/lib/libturtle_catch_all_interfaces__rosidl_typesupport_c.so
[17.247s] -- Set non-toolchain portion of runtime path of "/media/sf_GhostRider/ros2_ws/install/turtle_catch_all_interfaces/lib/libturtle_catch_all_interfaces__rosidl_typesupport_c.so" to ""
[17.248s] -- Up-to-date: /media/sf_GhostRider/ros2_ws/install/turtle_catch_all_interfaces/include/turtle_catch_all_interfaces/turtle_catch_all_interfaces
[17.249s] -- Up-to-date: /media/sf_GhostRider/ros2_ws/install/turtle_catch_all_interfaces/include/turtle_catch_all_interfaces/turtle_catch_all_interfaces/msg
[17.251s] -- Up-to-date: /media/sf_GhostRider/ros2_ws/install/turtle_catch_all_interfaces/include/turtle_catch_all_interfaces/turtle_catch_all_interfaces/msg/detail
[17.253s] -- Installing: /media/sf_GhostRider/ros2_ws/install/turtle_catch_all_interfaces/include/turtle_catch_all_interfaces/turtle_catch_all_interfaces/msg/detail/turtle_array__builder.hpp
[17.258s] -- Installing: /media/sf_GhostRider/ros2_ws/install/turtle_catch_all_interfaces/include/turtle_catch_all_interfaces/turtle_catch_all_interfaces/msg/detail/turtle_array__struct.hpp
[17.262s] -- Installing: /media/sf_GhostRider/ros2_ws/install/turtle_catch_all_interfaces/include/turtle_catch_all_interfaces/turtle_catch_all_interfaces/msg/detail/turtle_array__traits.hpp
[17.268s] -- Installing: /media/sf_GhostRider/ros2_ws/install/turtle_catch_all_interfaces/include/turtle_catch_all_interfaces/turtle_catch_all_interfaces/msg/detail/turtle_array__type_support.hpp
[17.276s] -- Installing: /media/sf_GhostRider/ros2_ws/install/turtle_catch_all_interfaces/include/turtle_catch_all_interfaces/turtle_catch_all_interfaces/msg/detail/turtle__builder.hpp
[17.281s] -- Installing: /media/sf_GhostRider/ros2_ws/install/turtle_catch_all_interfaces/include/turtle_catch_all_interfaces/turtle_catch_all_interfaces/msg/detail/turtle__struct.hpp
[17.288s] -- Installing: /media/sf_GhostRider/ros2_ws/install/turtle_catch_all_interfaces/include/turtle_catch_all_interfaces/turtle_catch_all_interfaces/msg/detail/turtle__traits.hpp
[17.292s] -- Installing: /media/sf_GhostRider/ros2_ws/install/turtle_catch_all_interfaces/include/turtle_catch_all_interfaces/turtle_catch_all_interfaces/msg/detail/turtle__type_support.hpp
[17.298s] -- Installing: /media/sf_GhostRider/ros2_ws/install/turtle_catch_all_interfaces/include/turtle_catch_all_interfaces/turtle_catch_all_interfaces/msg/rosidl_generator_cpp__visibility_control.hpp
[17.303s] -- Installing: /media/sf_GhostRider/ros2_ws/install/turtle_catch_all_interfaces/include/turtle_catch_all_interfaces/turtle_catch_all_interfaces/msg/turtle.hpp
[17.308s] -- Installing: /media/sf_GhostRider/ros2_ws/install/turtle_catch_all_interfaces/include/turtle_catch_all_interfaces/turtle_catch_all_interfaces/msg/turtle_array.hpp
[17.313s] -- Up-to-date: /media/sf_GhostRider/ros2_ws/install/turtle_catch_all_interfaces/include/turtle_catch_all_interfaces/turtle_catch_all_interfaces
[17.315s] -- Up-to-date: /media/sf_GhostRider/ros2_ws/install/turtle_catch_all_interfaces/include/turtle_catch_all_interfaces/turtle_catch_all_interfaces/msg
[17.317s] -- Up-to-date: /media/sf_GhostRider/ros2_ws/install/turtle_catch_all_interfaces/include/turtle_catch_all_interfaces/turtle_catch_all_interfaces/msg/detail
[17.318s] -- Installing: /media/sf_GhostRider/ros2_ws/install/turtle_catch_all_interfaces/include/turtle_catch_all_interfaces/turtle_catch_all_interfaces/msg/detail/dds_fastrtps
[17.320s] -- Installing: /media/sf_GhostRider/ros2_ws/install/turtle_catch_all_interfaces/include/turtle_catch_all_interfaces/turtle_catch_all_interfaces/msg/detail/turtle_array__rosidl_typesupport_fastrtps_cpp.hpp
[17.326s] -- Installing: /media/sf_GhostRider/ros2_ws/install/turtle_catch_all_interfaces/include/turtle_catch_all_interfaces/turtle_catch_all_interfaces/msg/detail/turtle__rosidl_typesupport_fastrtps_cpp.hpp
[17.331s] -- Installing: /media/sf_GhostRider/ros2_ws/install/turtle_catch_all_interfaces/include/turtle_catch_all_interfaces/turtle_catch_all_interfaces/msg/rosidl_typesupport_fastrtps_cpp__visibility_control.h
[17.336s] -- Installing: /media/sf_GhostRider/ros2_ws/install/turtle_catch_all_interfaces/lib/libturtle_catch_all_interfaces__rosidl_typesupport_fastrtps_cpp.so
[17.360s] -- Set non-toolchain portion of runtime path of "/media/sf_GhostRider/ros2_ws/install/turtle_catch_all_interfaces/lib/libturtle_catch_all_interfaces__rosidl_typesupport_fastrtps_cpp.so" to ""
[17.361s] -- Up-to-date: /media/sf_GhostRider/ros2_ws/install/turtle_catch_all_interfaces/include/turtle_catch_all_interfaces/turtle_catch_all_interfaces
[17.363s] -- Up-to-date: /media/sf_GhostRider/ros2_ws/install/turtle_catch_all_interfaces/include/turtle_catch_all_interfaces/turtle_catch_all_interfaces/msg
[17.365s] -- Up-to-date: /media/sf_GhostRider/ros2_ws/install/turtle_catch_all_interfaces/include/turtle_catch_all_interfaces/turtle_catch_all_interfaces/msg/detail
[17.366s] -- Installing: /media/sf_GhostRider/ros2_ws/install/turtle_catch_all_interfaces/include/turtle_catch_all_interfaces/turtle_catch_all_interfaces/msg/detail/turtle_array__rosidl_typesupport_introspection_cpp.hpp
[17.374s] -- Installing: /media/sf_GhostRider/ros2_ws/install/turtle_catch_all_interfaces/include/turtle_catch_all_interfaces/turtle_catch_all_interfaces/msg/detail/turtle_array__type_support.cpp
[17.380s] -- Installing: /media/sf_GhostRider/ros2_ws/install/turtle_catch_all_interfaces/include/turtle_catch_all_interfaces/turtle_catch_all_interfaces/msg/detail/turtle__rosidl_typesupport_introspection_cpp.hpp
[17.386s] -- Installing: /media/sf_GhostRider/ros2_ws/install/turtle_catch_all_interfaces/include/turtle_catch_all_interfaces/turtle_catch_all_interfaces/msg/detail/turtle__type_support.cpp
[17.392s] -- Installing: /media/sf_GhostRider/ros2_ws/install/turtle_catch_all_interfaces/lib/libturtle_catch_all_interfaces__rosidl_typesupport_introspection_cpp.so
[17.417s] -- Set non-toolchain portion of runtime path of "/media/sf_GhostRider/ros2_ws/install/turtle_catch_all_interfaces/lib/libturtle_catch_all_interfaces__rosidl_typesupport_introspection_cpp.so" to ""
[17.419s] -- Installing: /media/sf_GhostRider/ros2_ws/install/turtle_catch_all_interfaces/lib/libturtle_catch_all_interfaces__rosidl_typesupport_cpp.so
[17.442s] -- Set non-toolchain portion of runtime path of "/media/sf_GhostRider/ros2_ws/install/turtle_catch_all_interfaces/lib/libturtle_catch_all_interfaces__rosidl_typesupport_cpp.so" to ""
[17.445s] -- Installing: /media/sf_GhostRider/ros2_ws/install/turtle_catch_all_interfaces/share/turtle_catch_all_interfaces/environment/pythonpath.sh
[17.450s] -- Installing: /media/sf_GhostRider/ros2_ws/install/turtle_catch_all_interfaces/share/turtle_catch_all_interfaces/environment/pythonpath.dsv
[17.456s] -- Installing: /media/sf_GhostRider/ros2_ws/install/turtle_catch_all_interfaces/lib/python3.12/site-packages/turtle_catch_all_interfaces-0.0.0-py3.12.egg-info
[17.460s] -- Installing: /media/sf_GhostRider/ros2_ws/install/turtle_catch_all_interfaces/lib/python3.12/site-packages/turtle_catch_all_interfaces-0.0.0-py3.12.egg-info/dependency_links.txt
[17.465s] -- Installing: /media/sf_GhostRider/ros2_ws/install/turtle_catch_all_interfaces/lib/python3.12/site-packages/turtle_catch_all_interfaces-0.0.0-py3.12.egg-info/PKG-INFO
[17.470s] -- Installing: /media/sf_GhostRider/ros2_ws/install/turtle_catch_all_interfaces/lib/python3.12/site-packages/turtle_catch_all_interfaces-0.0.0-py3.12.egg-info/SOURCES.txt
[17.477s] -- Installing: /media/sf_GhostRider/ros2_ws/install/turtle_catch_all_interfaces/lib/python3.12/site-packages/turtle_catch_all_interfaces-0.0.0-py3.12.egg-info/top_level.txt
[17.483s] -- Installing: /media/sf_GhostRider/ros2_ws/install/turtle_catch_all_interfaces/lib/python3.12/site-packages/turtle_catch_all_interfaces
[17.485s] -- Installing: /media/sf_GhostRider/ros2_ws/install/turtle_catch_all_interfaces/lib/python3.12/site-packages/turtle_catch_all_interfaces/msg
[17.487s] -- Installing: /media/sf_GhostRider/ros2_ws/install/turtle_catch_all_interfaces/lib/python3.12/site-packages/turtle_catch_all_interfaces/msg/_turtle.py
[17.491s] -- Installing: /media/sf_GhostRider/ros2_ws/install/turtle_catch_all_interfaces/lib/python3.12/site-packages/turtle_catch_all_interfaces/msg/_turtle_array.py
[17.497s] -- Installing: /media/sf_GhostRider/ros2_ws/install/turtle_catch_all_interfaces/lib/python3.12/site-packages/turtle_catch_all_interfaces/msg/_turtle_array_s.c
[17.503s] -- Installing: /media/sf_GhostRider/ros2_ws/install/turtle_catch_all_interfaces/lib/python3.12/site-packages/turtle_catch_all_interfaces/msg/_turtle_s.c
[17.508s] -- Installing: /media/sf_GhostRider/ros2_ws/install/turtle_catch_all_interfaces/lib/python3.12/site-packages/turtle_catch_all_interfaces/msg/__init__.py
[17.514s] -- Installing: /media/sf_GhostRider/ros2_ws/install/turtle_catch_all_interfaces/lib/python3.12/site-packages/turtle_catch_all_interfaces/turtle_catch_all_interfaces_s__rosidl_typesupport_c.so
[17.520s] -- Installing: /media/sf_GhostRider/ros2_ws/install/turtle_catch_all_interfaces/lib/python3.12/site-packages/turtle_catch_all_interfaces/turtle_catch_all_interfaces_s__rosidl_typesupport_fastrtps_c.so
[17.526s] -- Installing: /media/sf_GhostRider/ros2_ws/install/turtle_catch_all_interfaces/lib/python3.12/site-packages/turtle_catch_all_interfaces/turtle_catch_all_interfaces_s__rosidl_typesupport_introspection_c.so
[17.533s] -- Installing: /media/sf_GhostRider/ros2_ws/install/turtle_catch_all_interfaces/lib/python3.12/site-packages/turtle_catch_all_interfaces/_turtle_catch_all_interfaces_s.ep.rosidl_typesupport_c.c
[17.539s] -- Installing: /media/sf_GhostRider/ros2_ws/install/turtle_catch_all_interfaces/lib/python3.12/site-packages/turtle_catch_all_interfaces/_turtle_catch_all_interfaces_s.ep.rosidl_typesupport_fastrtps_c.c
[17.545s] -- Installing: /media/sf_GhostRider/ros2_ws/install/turtle_catch_all_interfaces/lib/python3.12/site-packages/turtle_catch_all_interfaces/_turtle_catch_all_interfaces_s.ep.rosidl_typesupport_introspection_c.c
[17.551s] -- Installing: /media/sf_GhostRider/ros2_ws/install/turtle_catch_all_interfaces/lib/python3.12/site-packages/turtle_catch_all_interfaces/__init__.py
[17.612s] Listing '/media/sf_GhostRider/ros2_ws/install/turtle_catch_all_interfaces/lib/python3.12/site-packages/turtle_catch_all_interfaces'...
[17.613s] Compiling '/media/sf_GhostRider/ros2_ws/install/turtle_catch_all_interfaces/lib/python3.12/site-packages/turtle_catch_all_interfaces/__init__.py'...
[17.613s] Listing '/media/sf_GhostRider/ros2_ws/install/turtle_catch_all_interfaces/lib/python3.12/site-packages/turtle_catch_all_interfaces/msg'...
[17.614s] Compiling '/media/sf_GhostRider/ros2_ws/install/turtle_catch_all_interfaces/lib/python3.12/site-packages/turtle_catch_all_interfaces/msg/__init__.py'...
[17.615s] Compiling '/media/sf_GhostRider/ros2_ws/install/turtle_catch_all_interfaces/lib/python3.12/site-packages/turtle_catch_all_interfaces/msg/_turtle.py'...
[17.616s] Compiling '/media/sf_GhostRider/ros2_ws/install/turtle_catch_all_interfaces/lib/python3.12/site-packages/turtle_catch_all_interfaces/msg/_turtle_array.py'...
[17.625s] -- Installing: /media/sf_GhostRider/ros2_ws/install/turtle_catch_all_interfaces/lib/python3.12/site-packages/turtle_catch_all_interfaces/turtle_catch_all_interfaces_s__rosidl_typesupport_fastrtps_c.so
[17.650s] -- Set non-toolchain portion of runtime path of "/media/sf_GhostRider/ros2_ws/install/turtle_catch_all_interfaces/lib/python3.12/site-packages/turtle_catch_all_interfaces/turtle_catch_all_interfaces_s__rosidl_typesupport_fastrtps_c.so" to ""
[17.659s] -- Installing: /media/sf_GhostRider/ros2_ws/install/turtle_catch_all_interfaces/lib/python3.12/site-packages/turtle_catch_all_interfaces/turtle_catch_all_interfaces_s__rosidl_typesupport_introspection_c.so
[17.681s] -- Set non-toolchain portion of runtime path of "/media/sf_GhostRider/ros2_ws/install/turtle_catch_all_interfaces/lib/python3.12/site-packages/turtle_catch_all_interfaces/turtle_catch_all_interfaces_s__rosidl_typesupport_introspection_c.so" to ""
[17.697s] -- Installing: /media/sf_GhostRider/ros2_ws/install/turtle_catch_all_interfaces/lib/python3.12/site-packages/turtle_catch_all_interfaces/turtle_catch_all_interfaces_s__rosidl_typesupport_c.so
[17.716s] -- Set non-toolchain portion of runtime path of "/media/sf_GhostRider/ros2_ws/install/turtle_catch_all_interfaces/lib/python3.12/site-packages/turtle_catch_all_interfaces/turtle_catch_all_interfaces_s__rosidl_typesupport_c.so" to ""
[17.718s] -- Installing: /media/sf_GhostRider/ros2_ws/install/turtle_catch_all_interfaces/lib/libturtle_catch_all_interfaces__rosidl_generator_py.so
[17.741s] -- Set non-toolchain portion of runtime path of "/media/sf_GhostRider/ros2_ws/install/turtle_catch_all_interfaces/lib/libturtle_catch_all_interfaces__rosidl_generator_py.so" to ""
[17.744s] -- Installing: /media/sf_GhostRider/ros2_ws/install/turtle_catch_all_interfaces/share/turtle_catch_all_interfaces/msg/Turtle.idl
[17.750s] -- Installing: /media/sf_GhostRider/ros2_ws/install/turtle_catch_all_interfaces/share/turtle_catch_all_interfaces/msg/TurtleArray.idl
[17.755s] -- Installing: /media/sf_GhostRider/ros2_ws/install/turtle_catch_all_interfaces/share/turtle_catch_all_interfaces/msg/Turtle.msg
[17.760s] -- Installing: /media/sf_GhostRider/ros2_ws/install/turtle_catch_all_interfaces/share/turtle_catch_all_interfaces/msg/TurtleArray.msg
[17.768s] -- Installing: /media/sf_GhostRider/ros2_ws/install/turtle_catch_all_interfaces/share/ament_index/resource_index/package_run_dependencies/turtle_catch_all_interfaces
[17.775s] -- Installing: /media/sf_GhostRider/ros2_ws/install/turtle_catch_all_interfaces/share/ament_index/resource_index/parent_prefix_path/turtle_catch_all_interfaces
[17.780s] -- Installing: /media/sf_GhostRider/ros2_ws/install/turtle_catch_all_interfaces/share/turtle_catch_all_interfaces/environment/ament_prefix_path.sh
[17.787s] -- Installing: /media/sf_GhostRider/ros2_ws/install/turtle_catch_all_interfaces/share/turtle_catch_all_interfaces/environment/ament_prefix_path.dsv
[17.802s] -- Installing: /media/sf_GhostRider/ros2_ws/install/turtle_catch_all_interfaces/share/turtle_catch_all_interfaces/environment/path.sh
[17.807s] -- Installing: /media/sf_GhostRider/ros2_ws/install/turtle_catch_all_interfaces/share/turtle_catch_all_interfaces/environment/path.dsv
[17.815s] -- Installing: /media/sf_GhostRider/ros2_ws/install/turtle_catch_all_interfaces/share/turtle_catch_all_interfaces/local_setup.bash
[17.825s] -- Installing: /media/sf_GhostRider/ros2_ws/install/turtle_catch_all_interfaces/share/turtle_catch_all_interfaces/local_setup.sh
[17.832s] -- Installing: /media/sf_GhostRider/ros2_ws/install/turtle_catch_all_interfaces/share/turtle_catch_all_interfaces/local_setup.zsh
[17.839s] -- Installing: /media/sf_GhostRider/ros2_ws/install/turtle_catch_all_interfaces/share/turtle_catch_all_interfaces/local_setup.dsv
[17.845s] -- Installing: /media/sf_GhostRider/ros2_ws/install/turtle_catch_all_interfaces/share/turtle_catch_all_interfaces/package.dsv
[17.851s] -- Installing: /media/sf_GhostRider/ros2_ws/install/turtle_catch_all_interfaces/share/ament_index/resource_index/packages/turtle_catch_all_interfaces
[17.859s] -- Installing: /media/sf_GhostRider/ros2_ws/install/turtle_catch_all_interfaces/share/turtle_catch_all_interfaces/cmake/export_turtle_catch_all_interfaces__rosidl_generator_cExport.cmake
[17.864s] -- Installing: /media/sf_GhostRider/ros2_ws/install/turtle_catch_all_interfaces/share/turtle_catch_all_interfaces/cmake/export_turtle_catch_all_interfaces__rosidl_generator_cExport-noconfig.cmake
[17.869s] -- Installing: /media/sf_GhostRider/ros2_ws/install/turtle_catch_all_interfaces/share/turtle_catch_all_interfaces/cmake/export_turtle_catch_all_interfaces__rosidl_typesupport_fastrtps_cExport.cmake
[17.874s] -- Installing: /media/sf_GhostRider/ros2_ws/install/turtle_catch_all_interfaces/share/turtle_catch_all_interfaces/cmake/export_turtle_catch_all_interfaces__rosidl_typesupport_fastrtps_cExport-noconfig.cmake
[17.879s] -- Installing: /media/sf_GhostRider/ros2_ws/install/turtle_catch_all_interfaces/share/turtle_catch_all_interfaces/cmake/turtle_catch_all_interfaces__rosidl_typesupport_introspection_cExport.cmake
[17.886s] -- Installing: /media/sf_GhostRider/ros2_ws/install/turtle_catch_all_interfaces/share/turtle_catch_all_interfaces/cmake/turtle_catch_all_interfaces__rosidl_typesupport_introspection_cExport-noconfig.cmake
[17.895s] -- Installing: /media/sf_GhostRider/ros2_ws/install/turtle_catch_all_interfaces/share/turtle_catch_all_interfaces/cmake/turtle_catch_all_interfaces__rosidl_typesupport_cExport.cmake
[17.902s] -- Installing: /media/sf_GhostRider/ros2_ws/install/turtle_catch_all_interfaces/share/turtle_catch_all_interfaces/cmake/turtle_catch_all_interfaces__rosidl_typesupport_cExport-noconfig.cmake
[17.910s] -- Installing: /media/sf_GhostRider/ros2_ws/install/turtle_catch_all_interfaces/share/turtle_catch_all_interfaces/cmake/export_turtle_catch_all_interfaces__rosidl_generator_cppExport.cmake
[17.916s] -- Installing: /media/sf_GhostRider/ros2_ws/install/turtle_catch_all_interfaces/share/turtle_catch_all_interfaces/cmake/export_turtle_catch_all_interfaces__rosidl_typesupport_fastrtps_cppExport.cmake
[17.921s] -- Installing: /media/sf_GhostRider/ros2_ws/install/turtle_catch_all_interfaces/share/turtle_catch_all_interfaces/cmake/export_turtle_catch_all_interfaces__rosidl_typesupport_fastrtps_cppExport-noconfig.cmake
[17.926s] -- Installing: /media/sf_GhostRider/ros2_ws/install/turtle_catch_all_interfaces/share/turtle_catch_all_interfaces/cmake/turtle_catch_all_interfaces__rosidl_typesupport_introspection_cppExport.cmake
[17.932s] -- Installing: /media/sf_GhostRider/ros2_ws/install/turtle_catch_all_interfaces/share/turtle_catch_all_interfaces/cmake/turtle_catch_all_interfaces__rosidl_typesupport_introspection_cppExport-noconfig.cmake
[17.937s] -- Installing: /media/sf_GhostRider/ros2_ws/install/turtle_catch_all_interfaces/share/turtle_catch_all_interfaces/cmake/turtle_catch_all_interfaces__rosidl_typesupport_cppExport.cmake
[17.944s] -- Installing: /media/sf_GhostRider/ros2_ws/install/turtle_catch_all_interfaces/share/turtle_catch_all_interfaces/cmake/turtle_catch_all_interfaces__rosidl_typesupport_cppExport-noconfig.cmake
[17.949s] -- Installing: /media/sf_GhostRider/ros2_ws/install/turtle_catch_all_interfaces/share/turtle_catch_all_interfaces/cmake/export_turtle_catch_all_interfaces__rosidl_generator_pyExport.cmake
[17.954s] -- Installing: /media/sf_GhostRider/ros2_ws/install/turtle_catch_all_interfaces/share/turtle_catch_all_interfaces/cmake/export_turtle_catch_all_interfaces__rosidl_generator_pyExport-noconfig.cmake
[17.960s] -- Installing: /media/sf_GhostRider/ros2_ws/install/turtle_catch_all_interfaces/share/turtle_catch_all_interfaces/cmake/rosidl_cmake-extras.cmake
[17.966s] -- Installing: /media/sf_GhostRider/ros2_ws/install/turtle_catch_all_interfaces/share/turtle_catch_all_interfaces/cmake/ament_cmake_export_include_directories-extras.cmake
[17.971s] -- Installing: /media/sf_GhostRider/ros2_ws/install/turtle_catch_all_interfaces/share/turtle_catch_all_interfaces/cmake/ament_cmake_export_libraries-extras.cmake
[17.976s] -- Installing: /media/sf_GhostRider/ros2_ws/install/turtle_catch_all_interfaces/share/turtle_catch_all_interfaces/cmake/ament_cmake_export_targets-extras.cmake
[17.981s] -- Installing: /media/sf_GhostRider/ros2_ws/install/turtle_catch_all_interfaces/share/turtle_catch_all_interfaces/cmake/rosidl_cmake_export_typesupport_targets-extras.cmake
[17.987s] -- Installing: /media/sf_GhostRider/ros2_ws/install/turtle_catch_all_interfaces/share/turtle_catch_all_interfaces/cmake/ament_cmake_export_dependencies-extras.cmake
[17.995s] -- Installing: /media/sf_GhostRider/ros2_ws/install/turtle_catch_all_interfaces/share/turtle_catch_all_interfaces/cmake/rosidl_cmake_export_typesupport_libraries-extras.cmake
[18.008s] -- Installing: /media/sf_GhostRider/ros2_ws/install/turtle_catch_all_interfaces/share/turtle_catch_all_interfaces/cmake/turtle_catch_all_interfacesConfig.cmake
[18.013s] -- Installing: /media/sf_GhostRider/ros2_ws/install/turtle_catch_all_interfaces/share/turtle_catch_all_interfaces/cmake/turtle_catch_all_interfacesConfig-version.cmake
[18.019s] -- Installing: /media/sf_GhostRider/ros2_ws/install/turtle_catch_all_interfaces/share/turtle_catch_all_interfaces/package.xml
[18.027s] Invoked command in '/media/sf_GhostRider/ros2_ws/build/turtle_catch_all_interfaces' returned '0': CMAKE_PREFIX_PATH=${CMAKE_PREFIX_PATH}:/media/sf_GhostRider/ros2_ws/install/my_py_pkg:/opt/ros/jazzy DEBUGINFOD_URLS=https://debuginfod.ubuntu.com /usr/bin/cmake --install /media/sf_GhostRider/ros2_ws/build/turtle_catch_all_interfaces
